In file included from [01m[K/home/matheuswagner/repos/adaptive-cubesat-adcs/cubesat-simulation/src/smartdata_test/src/smartdata_test.cpp:1:0[m[K:
[01m[K/home/matheuswagner/repos/adaptive-cubesat-adcs/cubesat-simulation/src/smartdata_test/src/../../../include/responsiveSmartData.h:[m[K In constructor â€˜[01m[KResponsiveSmartData<Transducer, Value, Message>::ResponsiveSmartData(unsigned int, int, int, int, Interest<Message>*)[m[Kâ€™:
[01m[K/home/matheuswagner/repos/adaptive-cubesat-adcs/cubesat-simulation/src/smartdata_test/src/../../../include/responsiveSmartData.h:60:112:[m[K [01;31m[Kerror: [m[Kclass â€˜[01m[KResponsiveSmartData<Transducer, Value, Message>[m[Kâ€™ does not have any field named â€˜[01m[KNode[m[Kâ€™
         ResponsiveSmartData(unsigned int dev, int expiry, int mode, int period, Interest<Message>* interest) : [01;31m[KNode[m[K("smartdata")
                                                                                                                [01;31m[K^~~~[m[K
make[2]: *** [CMakeFiles/smartdata_test.dir/src/smartdata_test.cpp.o] Error 1
make[1]: *** [CMakeFiles/smartdata_test.dir/all] Error 2
make: *** [all] Error 2
