[35m[1mScanning dependencies of target smartdata_test[0m
[ 50%] [32mBuilding CXX object CMakeFiles/smartdata_test.dir/src/smartdata_test.cpp.o[0m
In file included from [01m[K/home/matheuswagner/repos/adaptive-cubesat-adcs/cubesat-simulation/src/smartdata_test/src/smartdata_test.cpp:1:0[m[K:
[01m[K/home/matheuswagner/repos/adaptive-cubesat-adcs/cubesat-simulation/src/smartdata_test/src/../../../include/responsiveSmartData.h:[m[K In constructor â€˜[01m[KResponsiveSmartData<Transducer, Value, Message>::ResponsiveSmartData(unsigned int, int, int, int, Interest<Message>*)[m[Kâ€™:
[01m[K/home/matheuswagner/repos/adaptive-cubesat-adcs/cubesat-simulation/src/smartdata_test/src/../../../include/responsiveSmartData.h:65:92:[m[K [01;31m[Kerror: [m[Kno matching function for call to â€˜[01m[KResponsiveSmartData<Transducer, Value, Message>::create_wall_timer(std::chrono::milliseconds)[m[Kâ€™
             testTimer = this->create_wall_timer(std::chrono::milliseconds(refreshPeriod*10)[01;31m[K)[m[K;
                                                                                            [01;31m[K^[m[K
In file included from [01m[K/home/matheuswagner/ros2_dashing/ros2-linux/include/rclcpp/executors/single_threaded_executor.hpp:28:0[m[K,
                 from [01m[K/home/matheuswagner/ros2_dashing/ros2-linux/include/rclcpp/executors.hpp:22[m[K,
                 from [01m[K/home/matheuswagner/ros2_dashing/ros2-linux/include/rclcpp/rclcpp.hpp:144[m[K,
                 from [01m[K/home/matheuswagner/repos/adaptive-cubesat-adcs/cubesat-simulation/src/smartdata_test/src/../../../include/responsiveSmartData.h:8[m[K,
                 from [01m[K/home/matheuswagner/repos/adaptive-cubesat-adcs/cubesat-simulation/src/smartdata_test/src/smartdata_test.cpp:1[m[K:
[01m[K/home/matheuswagner/ros2_dashing/ros2-linux/include/rclcpp/node.hpp:335:3:[m[K [01;36m[Knote: [m[Kcandidate: template<class DurationRepT, class DurationT, class CallbackT> typename rclcpp::WallTimer<CallbackT>::SharedPtr rclcpp::Node::create_wall_timer(std::chrono::duration<_Rep1, _Period1>, CallbackT, rclcpp::callback_group::CallbackGroup::SharedPtr)
   [01;36m[Kcreate_wall_timer[m[K(
   [01;36m[K^~~~~~~~~~~~~~~~~[m[K
[01m[K/home/matheuswagner/ros2_dashing/ros2-linux/include/rclcpp/node.hpp:335:3:[m[K [01;36m[Knote: [m[K  template argument deduction/substitution failed:
In file included from [01m[K/home/matheuswagner/repos/adaptive-cubesat-adcs/cubesat-simulation/src/smartdata_test/src/smartdata_test.cpp:1:0[m[K:
[01m[K/home/matheuswagner/repos/adaptive-cubesat-adcs/cubesat-simulation/src/smartdata_test/src/../../../include/responsiveSmartData.h:65:92:[m[K [01;36m[Knote: [m[K  candidate expects 3 arguments, 1 provided
             testTimer = this->create_wall_timer(std::chrono::milliseconds(refreshPeriod*10)[01;36m[K)[m[K;
                                                                                            [01;36m[K^[m[K
In file included from [01m[K/home/matheuswagner/repos/adaptive-cubesat-adcs/cubesat-simulation/src/smartdata_test/src/smartdata_test.cpp:1:0[m[K:
/home/matheuswagner/repos/adaptive-cubesat-adcs/cubesat-simulation/src/smartdata_test/src/../../../include/responsiveSmartData.h: In instantiation of â€˜[01m[KInterest<Message>::Interest(int, std::__cxx11::string) [with Message = std_msgs::msg::Float32_<std::allocator<void> >; std::__cxx11::string = std::__cxx11::basic_string<char>][m[Kâ€™:
[01m[K/home/matheuswagner/repos/adaptive-cubesat-adcs/cubesat-simulation/src/smartdata_test/src/smartdata_test.cpp:35:58:[m[K   required from here
[01m[K/home/matheuswagner/repos/adaptive-cubesat-adcs/cubesat-simulation/src/smartdata_test/src/../../../include/responsiveSmartData.h:23:17:[m[K [01;35m[Kwarning: [m[Kunused variable â€˜[01m[Kqueue_size[m[Kâ€™ [[01;35m[K-Wunused-variable[m[K]
             int [01;35m[Kqueue_size[m[K = 10;
                 [01;35m[K^~~~~~~~~~[m[K
In file included from [01m[K/home/matheuswagner/repos/adaptive-cubesat-adcs/cubesat-simulation/src/smartdata_test/src/smartdata_test.cpp:2:0[m[K:
/home/matheuswagner/repos/adaptive-cubesat-adcs/cubesat-simulation/src/smartdata_test/src/../../../include/transducer.h: In instantiation of â€˜[01m[Kvoid Transducer<_UNIT, Value>::actuate(const Value&) [with long unsigned int _UNIT = 1; Value = float][m[Kâ€™:
[01m[K/home/matheuswagner/repos/adaptive-cubesat-adcs/cubesat-simulation/src/smartdata_test/src/smartdata_test.cpp:44:1:[m[K   required from here
[01m[K/home/matheuswagner/repos/adaptive-cubesat-adcs/cubesat-simulation/src/smartdata_test/src/../../../include/transducer.h:18:43:[m[K [01;35m[Kwarning: [m[Kunused parameter â€˜[01m[Kvalue[m[Kâ€™ [[01;35m[K-Wunused-parameter[m[K]
         virtual void actuate(const Value &[01;35m[Kvalue[m[K){}
                                           [01;35m[K^~~~~[m[K
CMakeFiles/smartdata_test.dir/build.make:81: recipe for target 'CMakeFiles/smartdata_test.dir/src/smartdata_test.cpp.o' failed
CMakeFiles/Makefile2:95: recipe for target 'CMakeFiles/smartdata_test.dir/all' failed
Makefile:159: recipe for target 'all' failed
make[2]: *** [CMakeFiles/smartdata_test.dir/src/smartdata_test.cpp.o] Error 1
make[1]: *** [CMakeFiles/smartdata_test.dir/all] Error 2
make: *** [all] Error 2
