[0.057s] Invoking command in '/home/matheuswagner/repos/adaptive-cubesat-adcs/cubesat-simulation/build/smartdata_test': CMAKE_PREFIX_PATH=${CMAKE_PREFIX_PATH}:/home/matheuswagner/repos/adaptive-cubesat-adcs/cubesat-simulation/install/cubesat_description:/opt/ros/dashing /usr/local/bin/cmake --build /home/matheuswagner/repos/adaptive-cubesat-adcs/cubesat-simulation/build/smartdata_test -- -j8 -l8
[0.094s] [ 50%] Built target smartdata_test
[0.105s] [ 75%] [32mBuilding CXX object CMakeFiles/remote_smartdata_test.dir/src/remote_smartdata_test.cpp.o[0m
[0.139s] In file included from [01m[K/home/matheuswagner/repos/adaptive-cubesat-adcs/cubesat-simulation/src/smartdata_test/src/remote_smartdata_test.cpp:1:0[m[K:
[0.139s] [01m[K/home/matheuswagner/repos/adaptive-cubesat-adcs/cubesat-simulation/src/smartdata_test/src/../../../include/responsiveSmartdata.h:5:10:[m[K [01;31m[Kfatal error: [m[Krclcpp/rclcpp.hpp: No such file or directory
[0.140s]  #include [01;31m[K"rclcpp/rclcpp.hpp"[m[K
[0.140s]           [01;31m[K^~~~~~~~~~~~~~~~~~~[m[K
[0.140s] compilation terminated.
[0.140s] CMakeFiles/remote_smartdata_test.dir/build.make:81: recipe for target 'CMakeFiles/remote_smartdata_test.dir/src/remote_smartdata_test.cpp.o' failed
[0.140s] make[2]: *** [CMakeFiles/remote_smartdata_test.dir/src/remote_smartdata_test.cpp.o] Error 1
[0.140s] CMakeFiles/Makefile2:151: recipe for target 'CMakeFiles/remote_smartdata_test.dir/all' failed
[0.141s] make[1]: *** [CMakeFiles/remote_smartdata_test.dir/all] Error 2
[0.141s] Makefile:159: recipe for target 'all' failed
[0.141s] make: *** [all] Error 2
[0.142s] Invoked command in '/home/matheuswagner/repos/adaptive-cubesat-adcs/cubesat-simulation/build/smartdata_test' returned '2': CMAKE_PREFIX_PATH=${CMAKE_PREFIX_PATH}:/home/matheuswagner/repos/adaptive-cubesat-adcs/cubesat-simulation/install/cubesat_description:/opt/ros/dashing /usr/local/bin/cmake --build /home/matheuswagner/repos/adaptive-cubesat-adcs/cubesat-simulation/build/smartdata_test -- -j8 -l8
