[01m[K/home/matheuswagner/repos/adaptive-cubesat-adcs/cubesat-simulation/src/smartdata_test/src/actuator_smartdata_test.cpp:1:10:[m[K [01;31m[Kfatal error: [m[K../../../include/responsiveSmartdata.h: No such file or directory
    1 | #include [01;31m[K"../../../include/responsiveSmartdata.h"[m[K
      |          [01;31m[K^~~~~~~~~~~~~~~~~~~~~~~~~~~~~~~~~~~~~~~~[m[K
compilation terminated.
make[2]: *** [CMakeFiles/actuator_smartdata_test.dir/build.make:63: CMakeFiles/actuator_smartdata_test.dir/src/actuator_smartdata_test.cpp.o] Error 1
[01m[K/home/matheuswagner/repos/adaptive-cubesat-adcs/cubesat-simulation/src/smartdata_test/src/smartdata_test.cpp:1:10:[m[K [01;31m[Kfatal error: [m[K../../../include/responsiveSmartdata.h: No such file or directory
    1 | #include [01;31m[K"../../../include/responsiveSmartdata.h"[m[K
      |          [01;31m[K^~~~~~~~~~~~~~~~~~~~~~~~~~~~~~~~~~~~~~~~[m[K
compilation terminated.
make[1]: *** [CMakeFiles/Makefile2:82: CMakeFiles/actuator_smartdata_test.dir/all] Error 2
make[1]: *** Waiting for unfinished jobs....
make[2]: *** [CMakeFiles/smartdata_test.dir/build.make:63: CMakeFiles/smartdata_test.dir/src/smartdata_test.cpp.o] Error 1
make[1]: *** [CMakeFiles/Makefile2:136: CMakeFiles/smartdata_test.dir/all] Error 2
[01m[K/home/matheuswagner/repos/adaptive-cubesat-adcs/cubesat-simulation/src/smartdata_test/src/remote_smartdata_test.cpp:1:10:[m[K [01;31m[Kfatal error: [m[K../../../include/responsiveSmartdata.h: No such file or directory
    1 | #include [01;31m[K"../../../include/responsiveSmartdata.h"[m[K
      |          [01;31m[K^~~~~~~~~~~~~~~~~~~~~~~~~~~~~~~~~~~~~~~~[m[K
compilation terminated.
make[2]: *** [CMakeFiles/remote_smartdata_test.dir/build.make:63: CMakeFiles/remote_smartdata_test.dir/src/remote_smartdata_test.cpp.o] Error 1
make[1]: *** [CMakeFiles/Makefile2:109: CMakeFiles/remote_smartdata_test.dir/all] Error 2
make: *** [Makefile:141: all] Error 2
