[0.438s] Invoking command in '/home/matheuswagner/repos/adaptive-cubesat-adcs/cubesat-simulation/build/smartdata_test': CMAKE_PREFIX_PATH=${CMAKE_PREFIX_PATH}:/home/matheuswagner/repos/adaptive-cubesat-adcs/cubesat-simulation/install/cubesat_description:/opt/ros/foxy /usr/bin/cmake /home/matheuswagner/repos/adaptive-cubesat-adcs/cubesat-simulation/src/smartdata_test -DCMAKE_INSTALL_PREFIX=/home/matheuswagner/repos/adaptive-cubesat-adcs/cubesat-simulation/install/smartdata_test
[0.551s] -- The C compiler identification is GNU 9.4.0
[0.657s] -- The CXX compiler identification is GNU 9.4.0
[0.665s] -- Check for working C compiler: /usr/bin/cc
[0.813s] -- Check for working C compiler: /usr/bin/cc -- works
[0.815s] -- Detecting C compiler ABI info
[0.963s] -- Detecting C compiler ABI info - done
[0.985s] -- Detecting C compile features
[0.986s] -- Detecting C compile features - done
[0.990s] -- Check for working CXX compiler: /usr/bin/c++
[1.143s] -- Check for working CXX compiler: /usr/bin/c++ -- works
[1.145s] -- Detecting CXX compiler ABI info
[1.487s] -- Detecting CXX compiler ABI info - done
[1.513s] -- Detecting CXX compile features
[1.514s] -- Detecting CXX compile features - done
[1.518s] -- Found ament_cmake: 0.9.9 (/opt/ros/foxy/share/ament_cmake/cmake)
[1.560s] -- Found PythonInterp: /usr/bin/python3 (found suitable version "3.8.10", minimum required is "3") 
[1.560s] -- Using PYTHON_EXECUTABLE: /usr/bin/python3
[1.977s] -- Found rclcpp: 2.4.1 (/opt/ros/foxy/share/rclcpp/cmake)
[2.050s] -- Using all available rosidl_typesupport_c: rosidl_typesupport_fastrtps_c;rosidl_typesupport_introspection_c
[2.067s] -- Found rosidl_adapter: 1.2.1 (/opt/ros/foxy/share/rosidl_adapter/cmake)
[2.231s] -- Found OpenSSL: /usr/lib/x86_64-linux-gnu/libcrypto.so (found version "1.1.1f")  
[2.271s] -- Found FastRTPS: /opt/ros/foxy/include  
[2.381s] -- Using all available rosidl_typesupport_cpp: rosidl_typesupport_fastrtps_cpp;rosidl_typesupport_introspection_cpp
[2.464s] -- Found rmw_implementation_cmake: 1.0.3 (/opt/ros/foxy/share/rmw_implementation_cmake/cmake)
[2.466s] -- Using RMW implementation 'rmw_fastrtps_cpp' as default
[2.467s] -- Looking for pthread.h
[2.566s] -- Looking for pthread.h - found
[2.566s] -- Performing Test CMAKE_HAVE_LIBC_PTHREAD
[2.658s] -- Performing Test CMAKE_HAVE_LIBC_PTHREAD - Failed
[2.658s] -- Looking for pthread_create in pthreads
[2.758s] -- Looking for pthread_create in pthreads - not found
[2.758s] -- Looking for pthread_create in pthread
[2.878s] -- Looking for pthread_create in pthread - found
[2.880s] -- Found Threads: TRUE  
[3.268s] -- Found ament_lint_auto: 0.9.6 (/opt/ros/foxy/share/ament_lint_auto/cmake)
[3.369s] -- Added test 'copyright' to check source files copyright and LICENSE
[3.370s] -- Added test 'cppcheck' to perform static code analysis on C / C++ code
[3.370s] -- Configured cppcheck include dirs: 
[3.370s] -- Configured cppcheck exclude dirs and/or files: 
[3.371s] -- Added test 'cpplint' to check C / C++ code against the Google style
[3.371s] -- Configured cpplint exclude dirs and/or files: 
[3.372s] -- Added test 'lint_cmake' to check CMake code style
[3.373s] -- Added test 'uncrustify' to check C / C++ code style
[3.373s] -- Configured uncrustify additional arguments: 
[3.374s] -- Added test 'xmllint' to check XML markup files
[3.378s] -- Configuring done
[3.397s] -- Generating done
[3.400s] -- Build files have been written to: /home/matheuswagner/repos/adaptive-cubesat-adcs/cubesat-simulation/build/smartdata_test
[3.413s] Invoked command in '/home/matheuswagner/repos/adaptive-cubesat-adcs/cubesat-simulation/build/smartdata_test' returned '0': CMAKE_PREFIX_PATH=${CMAKE_PREFIX_PATH}:/home/matheuswagner/repos/adaptive-cubesat-adcs/cubesat-simulation/install/cubesat_description:/opt/ros/foxy /usr/bin/cmake /home/matheuswagner/repos/adaptive-cubesat-adcs/cubesat-simulation/src/smartdata_test -DCMAKE_INSTALL_PREFIX=/home/matheuswagner/repos/adaptive-cubesat-adcs/cubesat-simulation/install/smartdata_test
[3.415s] Invoking command in '/home/matheuswagner/repos/adaptive-cubesat-adcs/cubesat-simulation/build/smartdata_test': CMAKE_PREFIX_PATH=${CMAKE_PREFIX_PATH}:/home/matheuswagner/repos/adaptive-cubesat-adcs/cubesat-simulation/install/cubesat_description:/opt/ros/foxy /usr/bin/cmake --build /home/matheuswagner/repos/adaptive-cubesat-adcs/cubesat-simulation/build/smartdata_test -- -j8 -l8
[3.473s] [35m[1mScanning dependencies of target actuator_smartdata_test[0m
[3.473s] [35m[1mScanning dependencies of target smartdata_test[0m
[3.477s] [35m[1mScanning dependencies of target remote_smartdata_test[0m
[3.552s] [ 16%] [32mBuilding CXX object CMakeFiles/actuator_smartdata_test.dir/src/actuator_smartdata_test.cpp.o[0m
[3.559s] [01m[K/home/matheuswagner/repos/adaptive-cubesat-adcs/cubesat-simulation/src/smartdata_test/src/actuator_smartdata_test.cpp:1:10:[m[K [01;31m[Kfatal error: [m[K../../../include/responsiveSmartdata.h: No such file or directory
[3.560s]     1 | #include [01;31m[K"../../../include/responsiveSmartdata.h"[m[K
[3.560s]       |          [01;31m[K^~~~~~~~~~~~~~~~~~~~~~~~~~~~~~~~~~~~~~~~[m[K
[3.560s] compilation terminated.
[3.569s] [ 33%] [32mBuilding CXX object CMakeFiles/smartdata_test.dir/src/smartdata_test.cpp.o[0m
[3.578s] make[2]: *** [CMakeFiles/actuator_smartdata_test.dir/build.make:63: CMakeFiles/actuator_smartdata_test.dir/src/actuator_smartdata_test.cpp.o] Error 1
[3.579s] [01m[K/home/matheuswagner/repos/adaptive-cubesat-adcs/cubesat-simulation/src/smartdata_test/src/smartdata_test.cpp:1:10:[m[K [01;31m[Kfatal error: [m[K../../../include/responsiveSmartdata.h: No such file or directory
[3.579s]     1 | #include [01;31m[K"../../../include/responsiveSmartdata.h"[m[K
[3.579s]       |          [01;31m[K^~~~~~~~~~~~~~~~~~~~~~~~~~~~~~~~~~~~~~~~[m[K
[3.580s] compilation terminated.
[3.580s] make[1]: *** [CMakeFiles/Makefile2:82: CMakeFiles/actuator_smartdata_test.dir/all] Error 2
[3.580s] make[1]: *** Waiting for unfinished jobs....
[3.580s] make[2]: *** [CMakeFiles/smartdata_test.dir/build.make:63: CMakeFiles/smartdata_test.dir/src/smartdata_test.cpp.o] Error 1
[3.580s] make[1]: *** [CMakeFiles/Makefile2:136: CMakeFiles/smartdata_test.dir/all] Error 2
[3.583s] [ 50%] [32mBuilding CXX object CMakeFiles/remote_smartdata_test.dir/src/remote_smartdata_test.cpp.o[0m
[3.595s] [01m[K/home/matheuswagner/repos/adaptive-cubesat-adcs/cubesat-simulation/src/smartdata_test/src/remote_smartdata_test.cpp:1:10:[m[K [01;31m[Kfatal error: [m[K../../../include/responsiveSmartdata.h: No such file or directory
[3.595s]     1 | #include [01;31m[K"../../../include/responsiveSmartdata.h"[m[K
[3.595s]       |          [01;31m[K^~~~~~~~~~~~~~~~~~~~~~~~~~~~~~~~~~~~~~~~[m[K
[3.595s] compilation terminated.
[3.596s] make[2]: *** [CMakeFiles/remote_smartdata_test.dir/build.make:63: CMakeFiles/remote_smartdata_test.dir/src/remote_smartdata_test.cpp.o] Error 1
[3.596s] make[1]: *** [CMakeFiles/Makefile2:109: CMakeFiles/remote_smartdata_test.dir/all] Error 2
[3.596s] make: *** [Makefile:141: all] Error 2
