[0.071s] Invoking command in '/home/matheuswagner/repos/adaptive-cubesat-adcs/cubesat-simulation/src/build/smartdata_test': CMAKE_PREFIX_PATH=${CMAKE_PREFIX_PATH}:/home/matheuswagner/repos/adaptive-cubesat-adcs/cubesat-simulation/src/install/cubesat_description:/opt/ros/dashing /usr/local/bin/cmake --build /home/matheuswagner/repos/adaptive-cubesat-adcs/cubesat-simulation/src/build/smartdata_test -- -j8 -l8
[0.097s] [35m[1mScanning dependencies of target smartdata_test[0m
[0.111s] [ 50%] [32mBuilding CXX object CMakeFiles/smartdata_test.dir/src/smartdata_test.cpp.o[0m
[1.165s] In file included from [01m[K/home/matheuswagner/repos/adaptive-cubesat-adcs/cubesat-simulation/src/smartdata_test/src/smartdata_test.cpp:1:0[m[K:
[1.165s] [01m[K/home/matheuswagner/repos/adaptive-cubesat-adcs/cubesat-simulation/src/smartdata_test/src/../../../include/responsiveSmartData.h:[m[K In constructor â€˜[01m[KInterest<Message>::Interest(int, std::__cxx11::string)[m[Kâ€™:
[1.165s] [01m[K/home/matheuswagner/repos/adaptive-cubesat-adcs/cubesat-simulation/src/smartdata_test/src/../../../include/responsiveSmartData.h:25:13:[m[K [01;31m[Kerror: [m[Kâ€˜[01m[Kpublisher[m[Kâ€™ was not declared in this scope
[1.165s]              [01;31m[Kpublisher[m[K = this->create_publisher<Message>(topicIdentifier, queue_size);
[1.165s]              [01;31m[K^~~~~~~~~[m[K
[1.167s] [01m[K/home/matheuswagner/repos/adaptive-cubesat-adcs/cubesat-simulation/src/smartdata_test/src/../../../include/responsiveSmartData.h:25:55:[m[K [01;31m[Kerror: [m[Kexpected primary-expression before â€˜[01m[K>[m[Kâ€™ token
[1.167s]              publisher = this->create_publisher<Message[01;31m[K>[m[K(topicIdentifier, queue_size);
[1.167s]                                                        [01;31m[K^[m[K
[1.167s] [01m[K/home/matheuswagner/repos/adaptive-cubesat-adcs/cubesat-simulation/src/smartdata_test/src/../../../include/responsiveSmartData.h:26:13:[m[K [01;31m[Kerror: [m[Kâ€˜[01m[Ktimer[m[Kâ€™ was not declared in this scope
[1.167s]              [01;31m[Ktimer[m[K = this->create_wall_timer(std::chrono::milliseconds(period), std::bind(&Interest::publish, this));
[1.168s]              [01;31m[K^~~~~[m[K
[1.168s] [01m[K/home/matheuswagner/repos/adaptive-cubesat-adcs/cubesat-simulation/src/smartdata_test/src/../../../include/responsiveSmartData.h:26:13:[m[K [01;36m[Knote: [m[Ksuggested alternative: â€˜[01m[Ktime[m[Kâ€™
[1.168s]              [01;36m[Ktimer[m[K = this->create_wall_timer(std::chrono::milliseconds(period), std::bind(&Interest::publish, this));
[1.168s]              [01;36m[K^~~~~[m[K
[1.168s]              [32m[Ktime[m[K
[1.169s] In file included from [01m[K/home/matheuswagner/ros2_dashing/ros2-linux/include/rclcpp/client.hpp:39:0[m[K,
[1.169s]                  from [01m[K/home/matheuswagner/ros2_dashing/ros2-linux/include/rclcpp/callback_group.hpp:23[m[K,
[1.169s]                  from [01m[K/home/matheuswagner/ros2_dashing/ros2-linux/include/rclcpp/any_executable.hpp:20[m[K,
[1.169s]                  from [01m[K/home/matheuswagner/ros2_dashing/ros2-linux/include/rclcpp/memory_strategy.hpp:24[m[K,
[1.170s]                  from [01m[K/home/matheuswagner/ros2_dashing/ros2-linux/include/rclcpp/memory_strategies.hpp:18[m[K,
[1.170s]                  from [01m[K/home/matheuswagner/ros2_dashing/ros2-linux/include/rclcpp/executor.hpp:33[m[K,
[1.170s]                  from [01m[K/home/matheuswagner/ros2_dashing/ros2-linux/include/rclcpp/executors/multi_threaded_executor.hpp:24[m[K,
[1.170s]                  from [01m[K/home/matheuswagner/ros2_dashing/ros2-linux/include/rclcpp/executors.hpp:21[m[K,
[1.170s]                  from [01m[K/home/matheuswagner/ros2_dashing/ros2-linux/include/rclcpp/rclcpp.hpp:144[m[K,
[1.171s]                  from [01m[K/home/matheuswagner/repos/adaptive-cubesat-adcs/cubesat-simulation/src/smartdata_test/src/../../../include/responsiveSmartData.h:7[m[K,
[1.171s]                  from [01m[K/home/matheuswagner/repos/adaptive-cubesat-adcs/cubesat-simulation/src/smartdata_test/src/smartdata_test.cpp:1[m[K:
[1.171s] [01m[K/home/matheuswagner/repos/adaptive-cubesat-adcs/cubesat-simulation/src/smartdata_test/src/../../../include/responsiveSmartData.h:[m[K In member function â€˜[01m[Kvoid ResponsiveSmartData<Transducer, Value, Message>::update()[m[Kâ€™:
[1.171s] [01m[K/home/matheuswagner/ros2_dashing/ros2-linux/include/rclcpp/logging.hpp:220:61:[m[K [01;31m[Kerror: [m[Kno matching function for call to â€˜[01m[Kget_c_string(std::chrono::nanoseconds)[m[Kâ€™
[1.171s]        rclcpp::get_c_string(RCLCPP_FIRST_ARG(__VA_ARGS__, "")[01;31m[K)[m[K, \
[1.171s]                                                              [01;31m[K^[m[K
[1.172s] [01m[K/home/matheuswagner/ros2_dashing/ros2-linux/include/rcutils/logging_macros.h:72:64:[m[K [01;36m[Knote: [m[Kin definition of macro â€˜[01m[KRCUTILS_LOG_COND_NAMED[m[Kâ€™
[1.172s]        rcutils_log(&__rcutils_logging_location, severity, name, [01;36m[K__VA_ARGS__[m[K); \
[1.172s]                                                                 [01;36m[K^~~~~~~~~~~[m[K
[1.172s] [01m[K/home/matheuswagner/ros2_dashing/ros2-linux/include/rclcpp/logging.hpp:218:5:[m[K [01;36m[Knote: [m[Kin expansion of macro â€˜[01m[KRCUTILS_LOG_INFO_NAMED[m[Kâ€™
[1.172s]      [01;36m[KRCUTILS_LOG_INFO_NAMED[m[K( \
[1.172s]      [01;36m[K^~~~~~~~~~~~~~~~~~~~~~[m[K
[1.173s] [01m[K/home/matheuswagner/repos/adaptive-cubesat-adcs/cubesat-simulation/src/smartdata_test/src/../../../include/responsiveSmartData.h:73:13:[m[K [01;36m[Knote: [m[Kin expansion of macro â€˜[01m[KRCLCPP_INFO[m[Kâ€™
[1.173s]              [01;36m[KRCLCPP_INFO[m[K(this->get_logger(), this->refreshTimer->time_until_trigger());
[1.173s]              [01;36m[K^~~~~~~~~~~[m[K
[1.173s] In file included from [01m[K/home/matheuswagner/ros2_dashing/ros2-linux/include/rclcpp/client.hpp:35:0[m[K,
[1.173s]                  from [01m[K/home/matheuswagner/ros2_dashing/ros2-linux/include/rclcpp/callback_group.hpp:23[m[K,
[1.173s]                  from [01m[K/home/matheuswagner/ros2_dashing/ros2-linux/include/rclcpp/any_executable.hpp:20[m[K,
[1.174s]                  from [01m[K/home/matheuswagner/ros2_dashing/ros2-linux/include/rclcpp/memory_strategy.hpp:24[m[K,
[1.174s]                  from [01m[K/home/matheuswagner/ros2_dashing/ros2-linux/include/rclcpp/memory_strategies.hpp:18[m[K,
[1.174s]                  from [01m[K/home/matheuswagner/ros2_dashing/ros2-linux/include/rclcpp/executor.hpp:33[m[K,
[1.174s]                  from [01m[K/home/matheuswagner/ros2_dashing/ros2-linux/include/rclcpp/executors/multi_threaded_executor.hpp:24[m[K,
[1.174s]                  from [01m[K/home/matheuswagner/ros2_dashing/ros2-linux/include/rclcpp/executors.hpp:21[m[K,
[1.175s]                  from [01m[K/home/matheuswagner/ros2_dashing/ros2-linux/include/rclcpp/rclcpp.hpp:144[m[K,
[1.175s]                  from [01m[K/home/matheuswagner/repos/adaptive-cubesat-adcs/cubesat-simulation/src/smartdata_test/src/../../../include/responsiveSmartData.h:7[m[K,
[1.175s]                  from [01m[K/home/matheuswagner/repos/adaptive-cubesat-adcs/cubesat-simulation/src/smartdata_test/src/smartdata_test.cpp:1[m[K:
[1.175s] [01m[K/home/matheuswagner/ros2_dashing/ros2-linux/include/rclcpp/utilities.hpp:294:1:[m[K [01;36m[Knote: [m[Kcandidate: const char* rclcpp::get_c_string(const char*)
[1.175s]  [01;36m[Kget_c_string[m[K(const char * string_in);
[1.175s]  [01;36m[K^~~~~~~~~~~~[m[K
[1.176s] [01m[K/home/matheuswagner/ros2_dashing/ros2-linux/include/rclcpp/utilities.hpp:294:1:[m[K [01;36m[Knote: [m[K  no known conversion for argument 1 from â€˜[01m[Kstd::chrono::nanoseconds {aka std::chrono::duration<long int, std::ratio<1, 1000000000> >}[m[Kâ€™ to â€˜[01m[Kconst char*[m[Kâ€™
[1.176s] [01m[K/home/matheuswagner/ros2_dashing/ros2-linux/include/rclcpp/utilities.hpp:303:1:[m[K [01;36m[Knote: [m[Kcandidate: const char* rclcpp::get_c_string(const string&)
[1.176s]  [01;36m[Kget_c_string[m[K(const std::string & string_in);
[1.176s]  [01;36m[K^~~~~~~~~~~~[m[K
[1.176s] [01m[K/home/matheuswagner/ros2_dashing/ros2-linux/include/rclcpp/utilities.hpp:303:1:[m[K [01;36m[Knote: [m[K  no known conversion for argument 1 from â€˜[01m[Kstd::chrono::nanoseconds {aka std::chrono::duration<long int, std::ratio<1, 1000000000> >}[m[Kâ€™ to â€˜[01m[Kconst string& {aka const std::__cxx11::basic_string<char>&}[m[Kâ€™
[1.242s] In file included from [01m[K/home/matheuswagner/repos/adaptive-cubesat-adcs/cubesat-simulation/src/smartdata_test/src/smartdata_test.cpp:1:0[m[K:
[1.242s] /home/matheuswagner/repos/adaptive-cubesat-adcs/cubesat-simulation/src/smartdata_test/src/../../../include/responsiveSmartData.h: In instantiation of â€˜[01m[KInterest<Message>::Interest(int, std::__cxx11::string) [with Message = std_msgs::msg::Float32_<std::allocator<void> >; std::__cxx11::string = std::__cxx11::basic_string<char>][m[Kâ€™:
[1.242s] [01m[K/home/matheuswagner/repos/adaptive-cubesat-adcs/cubesat-simulation/src/smartdata_test/src/smartdata_test.cpp:35:58:[m[K   required from here
[1.242s] [01m[K/home/matheuswagner/repos/adaptive-cubesat-adcs/cubesat-simulation/src/smartdata_test/src/../../../include/responsiveSmartData.h:25:31:[m[K [01;31m[Kerror: [m[Kâ€˜[01m[Kclass Interest<std_msgs::msg::Float32_<std::allocator<void> > >[m[Kâ€™ has no member named â€˜[01m[Kcreate_publisher[m[Kâ€™
[1.242s]              publisher = [01;31m[Kthis->create_publisher[m[K<Message>(topicIdentifier, queue_size);
[1.243s]                          [01;31m[K~~~~~~^~~~~~~~~~~~~~~~[m[K
[1.243s] [01m[K/home/matheuswagner/repos/adaptive-cubesat-adcs/cubesat-simulation/src/smartdata_test/src/../../../include/responsiveSmartData.h:25:72:[m[K [01;35m[Kwarning: [m[Kleft operand of comma operator has no effect [[01;35m[K-Wunused-value[m[K]
[1.243s]              publisher = this->create_publisher<Message>[01;35m[K(topicIdentifier, queue_size)[m[K;
[1.243s]                                                         [01;35m[K~~~~~~~~~~~~~~~~^~~~~~~~~~~~~[m[K
[1.243s] [01m[K/home/matheuswagner/repos/adaptive-cubesat-adcs/cubesat-simulation/src/smartdata_test/src/../../../include/responsiveSmartData.h:26:27:[m[K [01;31m[Kerror: [m[Kâ€˜[01m[Kclass Interest<std_msgs::msg::Float32_<std::allocator<void> > >[m[Kâ€™ has no member named â€˜[01m[Kcreate_wall_timer[m[Kâ€™
[1.244s]              timer = [01;31m[Kthis->create_wall_timer[m[K(std::chrono::milliseconds(period), std::bind(&Interest::publish, this));
[1.244s]                      [01;31m[K~~~~~~^~~~~~~~~~~~~~~~~[m[K
[1.244s] [01m[K/home/matheuswagner/repos/adaptive-cubesat-adcs/cubesat-simulation/src/smartdata_test/src/../../../include/responsiveSmartData.h:26:90:[m[K [01;31m[Kerror: [m[Kâ€˜[01m[Kpublish[m[Kâ€™ is not a member of â€˜[01m[KInterest<std_msgs::msg::Float32_<std::allocator<void> > >[m[Kâ€™
[1.244s]              timer = this->create_wall_timer(std::chrono::milliseconds(period), std::bind([01;31m[K&Interest[m[K::publish, this));
[1.244s]                                                                                           [01;31m[K^~~~~~~~~[m[K
[1.371s] In file included from [01m[K/home/matheuswagner/repos/adaptive-cubesat-adcs/cubesat-simulation/src/smartdata_test/src/smartdata_test.cpp:2:0[m[K:
[1.371s] /home/matheuswagner/repos/adaptive-cubesat-adcs/cubesat-simulation/src/smartdata_test/src/../../../include/transducer.h: In instantiation of â€˜[01m[Kvoid Transducer<_UNIT, Value>::actuate(const Value&) [with long unsigned int _UNIT = 1; Value = float][m[Kâ€™:
[1.372s] [01m[K/home/matheuswagner/repos/adaptive-cubesat-adcs/cubesat-simulation/src/smartdata_test/src/smartdata_test.cpp:44:1:[m[K   required from here
[1.372s] [01m[K/home/matheuswagner/repos/adaptive-cubesat-adcs/cubesat-simulation/src/smartdata_test/src/../../../include/transducer.h:18:43:[m[K [01;35m[Kwarning: [m[Kunused parameter â€˜[01m[Kvalue[m[Kâ€™ [[01;35m[K-Wunused-parameter[m[K]
[1.372s]          virtual void actuate(const Value &[01;35m[Kvalue[m[K){}
[1.372s]                                            [01;35m[K^~~~~[m[K
[1.418s] make[2]: *** [CMakeFiles/smartdata_test.dir/src/smartdata_test.cpp.o] Error 1
[1.418s] CMakeFiles/smartdata_test.dir/build.make:81: recipe for target 'CMakeFiles/smartdata_test.dir/src/smartdata_test.cpp.o' failed
[1.418s] make[1]: *** [CMakeFiles/smartdata_test.dir/all] Error 2
[1.418s] CMakeFiles/Makefile2:95: recipe for target 'CMakeFiles/smartdata_test.dir/all' failed
[1.419s] Makefile:159: recipe for target 'all' failed
[1.419s] make: *** [all] Error 2
[1.420s] Invoked command in '/home/matheuswagner/repos/adaptive-cubesat-adcs/cubesat-simulation/src/build/smartdata_test' returned '2': CMAKE_PREFIX_PATH=${CMAKE_PREFIX_PATH}:/home/matheuswagner/repos/adaptive-cubesat-adcs/cubesat-simulation/src/install/cubesat_description:/opt/ros/dashing /usr/local/bin/cmake --build /home/matheuswagner/repos/adaptive-cubesat-adcs/cubesat-simulation/src/build/smartdata_test -- -j8 -l8
