[0.060s] Invoking command in '/home/matheuswagner/repos/adaptive-cubesat-adcs/cubesat-simulation/build/smartdata_test': CMAKE_PREFIX_PATH=${CMAKE_PREFIX_PATH}:/home/matheuswagner/repos/adaptive-cubesat-adcs/cubesat-simulation/install/cubesat_description:/opt/ros/dashing /usr/local/bin/cmake --build /home/matheuswagner/repos/adaptive-cubesat-adcs/cubesat-simulation/build/smartdata_test -- -j8 -l8
[0.084s] [35m[1mScanning dependencies of target smartdata_test[0m
[0.095s] [ 25%] [32mBuilding CXX object CMakeFiles/smartdata_test.dir/src/smartdata_test.cpp.o[0m
[1.173s] In file included from [01m[K/home/matheuswagner/repos/adaptive-cubesat-adcs/cubesat-simulation/src/smartdata_test/src/../../../include/responsiveSmartdata.h:5:0[m[K,
[1.173s]                  from [01m[K/home/matheuswagner/repos/adaptive-cubesat-adcs/cubesat-simulation/src/smartdata_test/src/smartdata_test.cpp:1[m[K:
[1.173s] [01m[K/home/matheuswagner/repos/adaptive-cubesat-adcs/cubesat-simulation/src/smartdata_test/src/../../../include/transformerSmartdata.h:25:9:[m[K [01;31m[Kerror: [m[Kâ€˜[01m[KValueList[m[Kâ€™ does not name a type; did you mean â€˜[01m[KValue[m[Kâ€™?
[1.173s]          [01;31m[KValueList[m[K inputSmartData;
[1.173s]          [01;31m[K^~~~~~~~~[m[K
[1.174s]          [32m[KValue[m[K
[1.174s] [01m[K/home/matheuswagner/repos/adaptive-cubesat-adcs/cubesat-simulation/src/smartdata_test/src/../../../include/transformerSmartdata.h:26:9:[m[K [01;31m[Kerror: [m[Kâ€˜[01m[KValueList[m[Kâ€™ does not name a type; did you mean â€˜[01m[KValue[m[Kâ€™?
[1.174s]          [01;31m[KValueList[m[K outputSmartData;
[1.175s]          [01;31m[K^~~~~~~~~[m[K
[1.175s]          [32m[KValue[m[K
[1.175s] In file included from [01m[K/home/matheuswagner/repos/adaptive-cubesat-adcs/cubesat-simulation/src/smartdata_test/src/../../../include/responsiveSmartdata.h:5:0[m[K,
[1.175s]                  from [01m[K/home/matheuswagner/repos/adaptive-cubesat-adcs/cubesat-simulation/src/smartdata_test/src/smartdata_test.cpp:1[m[K:
[1.175s] [01m[K/home/matheuswagner/repos/adaptive-cubesat-adcs/cubesat-simulation/src/smartdata_test/src/../../../include/transformerSmartdata.h:[m[K In constructor â€˜[01m[KTransformerSmartData<Transformation, Value>::TransformerSmartData(int, std::__cxx11::string, Coordinates*, std::__cxx11::list<SmartData>*, std::__cxx11::list<SmartData>*)[m[Kâ€™:
[1.175s] [01m[K/home/matheuswagner/repos/adaptive-cubesat-adcs/cubesat-simulation/src/smartdata_test/src/../../../include/transformerSmartdata.h:35:53:[m[K [01;31m[Kerror: [m[Kâ€˜[01m[KTransducer[m[Kâ€™ was not declared in this scope
[1.175s]              this->outputSmartData = outputSmartData;[01;31m[KTransducer[m[K
[1.175s]                                                      [01;31m[K^~~~~~~~~~[m[K
[1.176s] [01m[K/home/matheuswagner/repos/adaptive-cubesat-adcs/cubesat-simulation/src/smartdata_test/src/../../../include/transformerSmartdata.h:35:53:[m[K [01;36m[Knote: [m[Ksuggested alternative: â€˜[01m[Ksrand48_r[m[Kâ€™
[1.176s]              this->outputSmartData = outputSmartData;[01;36m[KTransducer[m[K
[1.177s]                                                      [01;36m[K^~~~~~~~~~[m[K
[1.177s]                                                      [32m[Ksrand48_r[m[K
[1.177s] [01m[K/home/matheuswagner/repos/adaptive-cubesat-adcs/cubesat-simulation/src/smartdata_test/src/../../../include/transformerSmartdata.h:[m[K In member function â€˜[01m[KValue TransformerSmartData<Transformation, Value>::update()[m[Kâ€™:
[1.177s] [01m[K/home/matheuswagner/repos/adaptive-cubesat-adcs/cubesat-simulation/src/smartdata_test/src/../../../include/transformerSmartdata.h:51:44:[m[K [01;31m[Kerror: [m[Kâ€˜[01m[KinputSmartData[m[Kâ€™ was not declared in this scope
[1.177s]              this->transfomation->transform([01;31m[KinputSmartData[m[K,outputSmartData);
[1.177s]                                             [01;31m[K^~~~~~~~~~~~~~[m[K
[1.179s] [01m[K/home/matheuswagner/repos/adaptive-cubesat-adcs/cubesat-simulation/src/smartdata_test/src/../../../include/transformerSmartdata.h:51:44:[m[K [01;36m[Knote: [m[Ksuggested alternative: â€˜[01m[K_vptr.SmartData[m[Kâ€™
[1.179s]              this->transfomation->transform([01;36m[KinputSmartData[m[K,outputSmartData);
[1.179s]                                             [01;36m[K^~~~~~~~~~~~~~[m[K
[1.179s]                                             [32m[K_vptr.SmartData[m[K
[1.179s] [01m[K/home/matheuswagner/repos/adaptive-cubesat-adcs/cubesat-simulation/src/smartdata_test/src/../../../include/transformerSmartdata.h:51:59:[m[K [01;31m[Kerror: [m[Kâ€˜[01m[KoutputSmartData[m[Kâ€™ was not declared in this scope
[1.179s]              this->transfomation->transform(inputSmartData,[01;31m[KoutputSmartData[m[K);
[1.179s]                                                            [01;31m[K^~~~~~~~~~~~~~~[m[K
[1.181s] [01m[K/home/matheuswagner/repos/adaptive-cubesat-adcs/cubesat-simulation/src/smartdata_test/src/../../../include/transformerSmartdata.h:51:59:[m[K [01;36m[Knote: [m[Ksuggested alternative: â€˜[01m[K_vptr.SmartData[m[Kâ€™
[1.181s]              this->transfomation->transform(inputSmartData,[01;36m[KoutputSmartData[m[K);
[1.181s]                                                            [01;36m[K^~~~~~~~~~~~~~~[m[K
[1.182s]                                                            [32m[K_vptr.SmartData[m[K
[1.377s] In file included from [01m[K/home/matheuswagner/repos/adaptive-cubesat-adcs/cubesat-simulation/src/smartdata_test/src/smartdata_test.cpp:1:0[m[K:
[1.377s] /home/matheuswagner/repos/adaptive-cubesat-adcs/cubesat-simulation/src/smartdata_test/src/../../../include/responsiveSmartdata.h: In instantiation of â€˜[01m[KResponsiveSmartData<Transducer, Value>::ResponsiveSmartData(unsigned int, int, int, int, std::__cxx11::string, Coordinates*) [with Transducer = Dummy_Transducer<1, float>; Value = float; std::__cxx11::string = std::__cxx11::basic_string<char>][m[Kâ€™:
[1.377s] [01m[K/usr/include/c++/7/ext/new_allocator.h:136:4:[m[K   required from â€˜[01m[Kvoid __gnu_cxx::new_allocator<_Tp>::construct(_Up*, _Args&& ...) [with _Up = ResponsiveSmartData<Dummy_Transducer<1, float>, float>; _Args = {int, int, int, int, const char (&)[15], Coordinates*}; _Tp = ResponsiveSmartData<Dummy_Transducer<1, float>, float>][m[Kâ€™
[1.378s] [01m[K/usr/include/c++/7/bits/alloc_traits.h:475:4:[m[K   required from â€˜[01m[Kstatic void std::allocator_traits<std::allocator<_Tp1> >::construct(std::allocator_traits<std::allocator<_Tp1> >::allocator_type&, _Up*, _Args&& ...) [with _Up = ResponsiveSmartData<Dummy_Transducer<1, float>, float>; _Args = {int, int, int, int, const char (&)[15], Coordinates*}; _Tp = ResponsiveSmartData<Dummy_Transducer<1, float>, float>; std::allocator_traits<std::allocator<_Tp1> >::allocator_type = std::allocator<ResponsiveSmartData<Dummy_Transducer<1, float>, float> >][m[Kâ€™
[1.378s] [01m[K/usr/include/c++/7/bits/shared_ptr_base.h:526:39:[m[K   required from â€˜[01m[Kstd::_Sp_counted_ptr_inplace<_Tp, _Alloc, _Lp>::_Sp_counted_ptr_inplace(_Alloc, _Args&& ...) [with _Args = {int, int, int, int, const char (&)[15], Coordinates*}; _Tp = ResponsiveSmartData<Dummy_Transducer<1, float>, float>; _Alloc = std::allocator<ResponsiveSmartData<Dummy_Transducer<1, float>, float> >; __gnu_cxx::_Lock_policy _Lp = (__gnu_cxx::_Lock_policy)2][m[Kâ€™
[1.378s] [01m[K/usr/include/c++/7/bits/shared_ptr_base.h:637:4:[m[K   required from â€˜[01m[Kstd::__shared_count<_Lp>::__shared_count(std::_Sp_make_shared_tag, _Tp*, const _Alloc&, _Args&& ...) [with _Tp = ResponsiveSmartData<Dummy_Transducer<1, float>, float>; _Alloc = std::allocator<ResponsiveSmartData<Dummy_Transducer<1, float>, float> >; _Args = {int, int, int, int, const char (&)[15], Coordinates*}; __gnu_cxx::_Lock_policy _Lp = (__gnu_cxx::_Lock_policy)2][m[Kâ€™
[1.378s] [01m[K/usr/include/c++/7/bits/shared_ptr_base.h:1295:35:[m[K   required from â€˜[01m[Kstd::__shared_ptr<_Tp, _Lp>::__shared_ptr(std::_Sp_make_shared_tag, const _Alloc&, _Args&& ...) [with _Alloc = std::allocator<ResponsiveSmartData<Dummy_Transducer<1, float>, float> >; _Args = {int, int, int, int, const char (&)[15], Coordinates*}; _Tp = ResponsiveSmartData<Dummy_Transducer<1, float>, float>; __gnu_cxx::_Lock_policy _Lp = (__gnu_cxx::_Lock_policy)2][m[Kâ€™
[1.378s] [01m[K/usr/include/c++/7/bits/shared_ptr.h:344:64:[m[K   required from â€˜[01m[Kstd::shared_ptr<_Tp>::shared_ptr(std::_Sp_make_shared_tag, const _Alloc&, _Args&& ...) [with _Alloc = std::allocator<ResponsiveSmartData<Dummy_Transducer<1, float>, float> >; _Args = {int, int, int, int, const char (&)[15], Coordinates*}; _Tp = ResponsiveSmartData<Dummy_Transducer<1, float>, float>][m[Kâ€™
[1.378s] [01m[K/usr/include/c++/7/bits/shared_ptr.h:690:14:[m[K   required from â€˜[01m[Kstd::shared_ptr<_Tp> std::allocate_shared(const _Alloc&, _Args&& ...) [with _Tp = ResponsiveSmartData<Dummy_Transducer<1, float>, float>; _Alloc = std::allocator<ResponsiveSmartData<Dummy_Transducer<1, float>, float> >; _Args = {int, int, int, int, const char (&)[15], Coordinates*}][m[Kâ€™
[1.378s] [01m[K/usr/include/c++/7/bits/shared_ptr.h:706:39:[m[K   required from â€˜[01m[Kstd::shared_ptr<_Tp> std::make_shared(_Args&& ...) [with _Tp = ResponsiveSmartData<Dummy_Transducer<1, float>, float>; _Args = {int, int, int, int, const char (&)[15], Coordinates*}][m[Kâ€™
[1.378s] [01m[K/home/matheuswagner/repos/adaptive-cubesat-adcs/cubesat-simulation/src/smartdata_test/src/smartdata_test.cpp:34:139:[m[K   required from here
[1.378s] [01m[K/home/matheuswagner/repos/adaptive-cubesat-adcs/cubesat-simulation/src/smartdata_test/src/../../../include/responsiveSmartdata.h:43:19:[m[K [01;31m[Kerror: [m[Kâ€˜[01m[Kunsigned int SmartData::period[m[Kâ€™ is private within this context
[1.378s]              [01;31m[Kthis->period[m[K = period;
[1.378s]              [01;31m[K~~~~~~^~~~~~[m[K
[1.379s] In file included from [01m[K/home/matheuswagner/repos/adaptive-cubesat-adcs/cubesat-simulation/src/smartdata_test/src/../../../include/responsiveSmartdata.h:4:0[m[K,
[1.379s]                  from [01m[K/home/matheuswagner/repos/adaptive-cubesat-adcs/cubesat-simulation/src/smartdata_test/src/smartdata_test.cpp:1[m[K:
[1.379s] [01m[K/home/matheuswagner/repos/adaptive-cubesat-adcs/cubesat-simulation/src/smartdata_test/src/../../../include/smartdata.h:47:22:[m[K [01;36m[Knote: [m[Kdeclared private here
[1.379s]          unsigned int [01;36m[Kperiod[m[K;
[1.379s]                       [01;36m[K^~~~~~[m[K
[1.379s] In file included from [01m[K/home/matheuswagner/repos/adaptive-cubesat-adcs/cubesat-simulation/src/smartdata_test/src/smartdata_test.cpp:1:0[m[K:
[1.379s] [01m[K/home/matheuswagner/repos/adaptive-cubesat-adcs/cubesat-simulation/src/smartdata_test/src/../../../include/responsiveSmartdata.h:44:19:[m[K [01;31m[Kerror: [m[Kâ€˜[01m[KCoordinates* SmartData::locationCoordinates[m[Kâ€™ is private within this context
[1.379s]              [01;31m[Kthis->locationCoordinates[m[K = location;
[1.379s]              [01;31m[K~~~~~~^~~~~~~~~~~~~~~~~~~[m[K
[1.379s] In file included from [01m[K/home/matheuswagner/repos/adaptive-cubesat-adcs/cubesat-simulation/src/smartdata_test/src/../../../include/responsiveSmartdata.h:4:0[m[K,
[1.379s]                  from [01m[K/home/matheuswagner/repos/adaptive-cubesat-adcs/cubesat-simulation/src/smartdata_test/src/smartdata_test.cpp:1[m[K:
[1.379s] [01m[K/home/matheuswagner/repos/adaptive-cubesat-adcs/cubesat-simulation/src/smartdata_test/src/../../../include/smartdata.h:46:22:[m[K [01;36m[Knote: [m[Kdeclared private here
[1.380s]          Coordinates* [01;36m[KlocationCoordinates[m[K;
[1.380s]                       [01;36m[K^~~~~~~~~~~~~~~~~~~[m[K
[1.380s] In file included from [01m[K/home/matheuswagner/repos/adaptive-cubesat-adcs/cubesat-simulation/src/smartdata_test/src/smartdata_test.cpp:1:0[m[K:
[1.380s] [01m[K/home/matheuswagner/repos/adaptive-cubesat-adcs/cubesat-simulation/src/smartdata_test/src/../../../include/responsiveSmartdata.h:46:90:[m[K [01;31m[Kerror: [m[Kâ€˜[01m[Kunsigned int SmartData::period[m[Kâ€™ is private within this context
[1.380s]              this->refreshTimer = this->create_wall_timer(std::chrono::milliseconds([01;31m[Kthis->period[m[K), std::bind(&ResponsiveSmartData<Transducer, Value>::update, this));
[1.380s]                                                                                     [01;31m[K~~~~~~^~~~~~[m[K
[1.380s] In file included from [01m[K/home/matheuswagner/repos/adaptive-cubesat-adcs/cubesat-simulation/src/smartdata_test/src/../../../include/responsiveSmartdata.h:4:0[m[K,
[1.380s]                  from [01m[K/home/matheuswagner/repos/adaptive-cubesat-adcs/cubesat-simulation/src/smartdata_test/src/smartdata_test.cpp:1[m[K:
[1.380s] [01m[K/home/matheuswagner/repos/adaptive-cubesat-adcs/cubesat-simulation/src/smartdata_test/src/../../../include/smartdata.h:47:22:[m[K [01;36m[Knote: [m[Kdeclared private here
[1.380s]          unsigned int [01;36m[Kperiod[m[K;
[1.380s]                       [01;36m[K^~~~~~[m[K
[1.402s] In file included from [01m[K/home/matheuswagner/repos/adaptive-cubesat-adcs/cubesat-simulation/src/smartdata_test/src/smartdata_test.cpp:2:0[m[K:
[1.402s] /home/matheuswagner/repos/adaptive-cubesat-adcs/cubesat-simulation/src/smartdata_test/src/../../../include/transducer.h: In instantiation of â€˜[01m[Kvoid Transducer<_UNIT, Value>::actuate(const Value&) [with long unsigned int _UNIT = 1; Value = float][m[Kâ€™:
[1.402s] [01m[K/home/matheuswagner/repos/adaptive-cubesat-adcs/cubesat-simulation/src/smartdata_test/src/smartdata_test.cpp:37:1:[m[K   required from here
[1.402s] [01m[K/home/matheuswagner/repos/adaptive-cubesat-adcs/cubesat-simulation/src/smartdata_test/src/../../../include/transducer.h:18:43:[m[K [01;35m[Kwarning: [m[Kunused parameter â€˜[01m[Kvalue[m[Kâ€™ [[01;35m[K-Wunused-parameter[m[K]
[1.402s]          virtual void actuate(const Value &[01;35m[Kvalue[m[K){}
[1.402s]                                            [01;35m[K^~~~~[m[K
[1.442s] CMakeFiles/smartdata_test.dir/build.make:81: recipe for target 'CMakeFiles/smartdata_test.dir/src/smartdata_test.cpp.o' failed
[1.442s] make[2]: *** [CMakeFiles/smartdata_test.dir/src/smartdata_test.cpp.o] Error 1
[1.442s] make[1]: *** [CMakeFiles/smartdata_test.dir/all] Error 2
[1.442s] CMakeFiles/Makefile2:97: recipe for target 'CMakeFiles/smartdata_test.dir/all' failed
[1.443s] Makefile:159: recipe for target 'all' failed
[1.443s] make: *** [all] Error 2
[1.444s] Invoked command in '/home/matheuswagner/repos/adaptive-cubesat-adcs/cubesat-simulation/build/smartdata_test' returned '2': CMAKE_PREFIX_PATH=${CMAKE_PREFIX_PATH}:/home/matheuswagner/repos/adaptive-cubesat-adcs/cubesat-simulation/install/cubesat_description:/opt/ros/dashing /usr/local/bin/cmake --build /home/matheuswagner/repos/adaptive-cubesat-adcs/cubesat-simulation/build/smartdata_test -- -j8 -l8
