[0.101s] Invoking command in '/home/matheuswagner/repos/adaptive-cubesat-adcs/cubesat-simulation/build/smartdata_test': CMAKE_PREFIX_PATH=${CMAKE_PREFIX_PATH}:/opt/ros/dashing /usr/local/bin/cmake /home/matheuswagner/repos/adaptive-cubesat-adcs/cubesat-simulation/src/smartdata_test -DCMAKE_INSTALL_PREFIX=/home/matheuswagner/repos/adaptive-cubesat-adcs/cubesat-simulation/install/smartdata_test
[1.577s] -- The C compiler identification is GNU 7.5.0
[2.636s] -- The CXX compiler identification is GNU 7.5.0
[2.652s] -- Detecting C compiler ABI info
[2.902s] -- Detecting C compiler ABI info - done
[2.927s] -- Check for working C compiler: /usr/bin/cc - skipped
[2.927s] -- Detecting C compile features
[3.087s] -- Detecting C compile features - done
[3.092s] -- Detecting CXX compiler ABI info
[3.200s] -- Detecting CXX compiler ABI info - done
[3.208s] -- Check for working CXX compiler: /usr/bin/c++ - skipped
[3.208s] -- Detecting CXX compile features
[3.209s] -- Detecting CXX compile features - done
[3.319s] -- Found ament_cmake: 0.7.6 (/home/matheuswagner/ros2_dashing/ros2-linux/share/ament_cmake/cmake)
[3.421s] -- Found PythonInterp: /usr/bin/python3 (found suitable version "3.6.9", minimum required is "3") 
[3.421s] -- Using PYTHON_EXECUTABLE: /usr/bin/python3
[4.177s] -- Found rclcpp: 0.7.16 (/home/matheuswagner/ros2_dashing/ros2-linux/share/rclcpp/cmake)
[4.580s] -- Found rosidl_adapter: 0.7.10 (/home/matheuswagner/ros2_dashing/ros2-linux/share/rosidl_adapter/cmake)
[4.884s] -- Found rmw_implementation_cmake: 0.7.2 (/home/matheuswagner/ros2_dashing/ros2-linux/share/rmw_implementation_cmake/cmake)
[4.894s] -- Using RMW implementation 'rmw_fastrtps_cpp' as default
[4.939s] -- Looking for pthread.h
[5.029s] -- Looking for pthread.h - found
[5.029s] -- Performing Test CMAKE_HAVE_LIBC_PTHREAD
[5.123s] -- Performing Test CMAKE_HAVE_LIBC_PTHREAD - Failed
[5.123s] -- Looking for pthread_create in pthreads
[5.197s] -- Looking for pthread_create in pthreads - not found
[5.197s] -- Looking for pthread_create in pthread
[5.280s] -- Looking for pthread_create in pthread - found
[5.280s] -- Found Threads: TRUE  
[5.353s] -- Found std_msgs: 0.7.1 (/home/matheuswagner/ros2_dashing/ros2-linux/share/std_msgs/cmake)
[5.380s] -- Found ament_lint_auto: 0.7.12 (/home/matheuswagner/ros2_dashing/ros2-linux/share/ament_lint_auto/cmake)
[5.733s] -- Added test 'copyright' to check for copyright in CMake / C / C++ / Python code
[5.735s] -- Added test 'cppcheck' to perform static code analysis on C / C++ code
[5.735s] -- Configured cppcheck include dirs: 
[5.736s] -- Added test 'cpplint' to check C / C++ code against the Google style
[5.738s] -- Added test 'lint_cmake' to check CMake code style
[5.740s] -- Added test 'uncrustify' to check C / C++ code style
[5.741s] -- Added test 'xmllint' to check XML markup files
[5.743s] -- Configuring done
[6.280s] -- Generating done
[6.281s] -- Build files have been written to: /home/matheuswagner/repos/adaptive-cubesat-adcs/cubesat-simulation/build/smartdata_test
[6.286s] Invoked command in '/home/matheuswagner/repos/adaptive-cubesat-adcs/cubesat-simulation/build/smartdata_test' returned '0': CMAKE_PREFIX_PATH=${CMAKE_PREFIX_PATH}:/opt/ros/dashing /usr/local/bin/cmake /home/matheuswagner/repos/adaptive-cubesat-adcs/cubesat-simulation/src/smartdata_test -DCMAKE_INSTALL_PREFIX=/home/matheuswagner/repos/adaptive-cubesat-adcs/cubesat-simulation/install/smartdata_test
[6.291s] Invoking command in '/home/matheuswagner/repos/adaptive-cubesat-adcs/cubesat-simulation/build/smartdata_test': CMAKE_PREFIX_PATH=${CMAKE_PREFIX_PATH}:/opt/ros/dashing /usr/local/bin/cmake --build /home/matheuswagner/repos/adaptive-cubesat-adcs/cubesat-simulation/build/smartdata_test -- -j8 -l8
[6.316s] [35m[1mScanning dependencies of target smartdata_test[0m
[7.265s] [ 50%] [32mBuilding CXX object CMakeFiles/smartdata_test.dir/src/smartdata_test.cpp.o[0m
[7.313s] [01m[K/home/matheuswagner/repos/adaptive-cubesat-adcs/cubesat-simulation/src/smartdata_test/src/smartdata_test.cpp:1:10:[m[K [01;31m[Kfatal error: [m[K../../../include/responsiveSmartData.h: No such file or directory
[7.313s]  #include [01;31m[K"../../../include/responsiveSmartData.h"[m[K
[7.314s]           [01;31m[K^~~~~~~~~~~~~~~~~~~~~~~~~~~~~~~~~~~~~~~~[m[K
[7.314s] compilation terminated.
[7.316s] CMakeFiles/smartdata_test.dir/build.make:81: recipe for target 'CMakeFiles/smartdata_test.dir/src/smartdata_test.cpp.o' failed
[7.317s] make[2]: *** [CMakeFiles/smartdata_test.dir/src/smartdata_test.cpp.o] Error 1
[7.318s] CMakeFiles/Makefile2:95: recipe for target 'CMakeFiles/smartdata_test.dir/all' failed
[7.318s] make[1]: *** [CMakeFiles/smartdata_test.dir/all] Error 2
[7.319s] Makefile:159: recipe for target 'all' failed
[7.320s] make: *** [all] Error 2
[7.323s] Invoked command in '/home/matheuswagner/repos/adaptive-cubesat-adcs/cubesat-simulation/build/smartdata_test' returned '2': CMAKE_PREFIX_PATH=${CMAKE_PREFIX_PATH}:/opt/ros/dashing /usr/local/bin/cmake --build /home/matheuswagner/repos/adaptive-cubesat-adcs/cubesat-simulation/build/smartdata_test -- -j8 -l8
