[0.060s] Invoking command in '/home/matheuswagner/repos/adaptive-cubesat-adcs/cubesat-simulation/build/smartdata_test': CMAKE_PREFIX_PATH=${CMAKE_PREFIX_PATH}:/home/matheuswagner/repos/adaptive-cubesat-adcs/cubesat-simulation/install/cubesat_description:/opt/ros/dashing /usr/local/bin/cmake --build /home/matheuswagner/repos/adaptive-cubesat-adcs/cubesat-simulation/build/smartdata_test -- -j8 -l8
[0.092s] [ 50%] Built target smartdata_test
[0.101s] [35m[1mScanning dependencies of target remote_smartdata_test[0m
[0.113s] [ 75%] [32mBuilding CXX object CMakeFiles/remote_smartdata_test.dir/src/remote_smartdata_test.cpp.o[0m
[1.197s] [01m[K/home/matheuswagner/repos/adaptive-cubesat-adcs/cubesat-simulation/src/smartdata_test/src/remote_smartdata_test.cpp:[m[K In function â€˜[01m[Kint main(int, char**)[m[Kâ€™:
[1.197s] [01m[K/home/matheuswagner/repos/adaptive-cubesat-adcs/cubesat-simulation/src/smartdata_test/src/remote_smartdata_test.cpp:65:19:[m[K [01;31m[Kerror: [m[Kâ€˜[01m[Kshared_ptr[m[Kâ€™ is not a member of â€˜[01m[Krclcpp::Node[m[Kâ€™
[1.197s]      rclcpp::Node::[01;31m[Kshared_ptr[m[K sensor = std::make_shared<RemoteSmartData<Dummy_Transducer<1,float>,float>>(new Region(0.0,0.0,0.0,0.0,0,0),1,1000,"testing_sensor_remote",new Coordinates(0,0,0),"testing_sensor","sensor");
[1.197s]                    [01;31m[K^~~~~~~~~~[m[K
[1.197s] [01m[K/home/matheuswagner/repos/adaptive-cubesat-adcs/cubesat-simulation/src/smartdata_test/src/remote_smartdata_test.cpp:74:18:[m[K [01;31m[Kerror: [m[Kâ€˜[01m[Ksensor[m[Kâ€™ was not declared in this scope
[1.198s]      rclcpp::spin([01;31m[Ksensor[m[K);
[1.198s]                   [01;31m[K^~~~~~[m[K
[1.198s] [01m[K/home/matheuswagner/repos/adaptive-cubesat-adcs/cubesat-simulation/src/smartdata_test/src/remote_smartdata_test.cpp:74:18:[m[K [01;36m[Knote: [m[Ksuggested alternative: â€˜[01m[Kstrstr[m[Kâ€™
[1.198s]      rclcpp::spin([01;36m[Ksensor[m[K);
[1.198s]                   [01;36m[K^~~~~~[m[K
[1.198s]                   [32m[Kstrstr[m[K
[1.379s] CMakeFiles/remote_smartdata_test.dir/build.make:81: recipe for target 'CMakeFiles/remote_smartdata_test.dir/src/remote_smartdata_test.cpp.o' failed
[1.379s] make[2]: *** [CMakeFiles/remote_smartdata_test.dir/src/remote_smartdata_test.cpp.o] Error 1
[1.379s] make[1]: *** [CMakeFiles/remote_smartdata_test.dir/all] Error 2
[1.380s] CMakeFiles/Makefile2:151: recipe for target 'CMakeFiles/remote_smartdata_test.dir/all' failed
[1.380s] Makefile:159: recipe for target 'all' failed
[1.380s] make: *** [all] Error 2
[1.382s] Invoked command in '/home/matheuswagner/repos/adaptive-cubesat-adcs/cubesat-simulation/build/smartdata_test' returned '2': CMAKE_PREFIX_PATH=${CMAKE_PREFIX_PATH}:/home/matheuswagner/repos/adaptive-cubesat-adcs/cubesat-simulation/install/cubesat_description:/opt/ros/dashing /usr/local/bin/cmake --build /home/matheuswagner/repos/adaptive-cubesat-adcs/cubesat-simulation/build/smartdata_test -- -j8 -l8
