[0.052s] Invoking command in '/home/matheuswagner/repos/adaptive-cubesat-adcs/cubesat-simulation/src/build/smartdata_test': CMAKE_PREFIX_PATH=${CMAKE_PREFIX_PATH}:/opt/ros/dashing /usr/local/bin/cmake --build /home/matheuswagner/repos/adaptive-cubesat-adcs/cubesat-simulation/src/build/smartdata_test -- -j8 -l8
[0.080s] [35m[1mScanning dependencies of target smartdata_test[0m
[0.091s] [ 50%] [32mBuilding CXX object CMakeFiles/smartdata_test.dir/src/smartdata_test.cpp.o[0m
[1.336s] In file included from [01m[K/home/matheuswagner/repos/adaptive-cubesat-adcs/cubesat-simulation/src/smartdata_test/src/smartdata_test.cpp:1:0[m[K:
[1.336s] [01m[K/home/matheuswagner/repos/adaptive-cubesat-adcs/cubesat-simulation/src/smartdata_test/src/../../../include/responsiveSmartData.h:12:12:[m[K [01;31m[Kerror: [m[Kâ€˜[01m[KResponsiveSmartData[m[Kâ€™ does not name a type; did you mean â€˜[01m[K__responsive_smartdata_h[m[Kâ€™?
[1.336s]      friend [01;31m[KResponsiveSmartData[m[K;
[1.336s]             [01;31m[K^~~~~~~~~~~~~~~~~~~[m[K
[1.337s]             [32m[K__responsive_smartdata_h[m[K
[1.337s] [01m[K/home/matheuswagner/repos/adaptive-cubesat-adcs/cubesat-simulation/src/smartdata_test/src/../../../include/responsiveSmartData.h:31:2:[m[K [01;31m[Kerror: [m[Kexpected â€˜[01m[K;[m[Kâ€™ after class definition
[1.337s]  }
[1.337s]   [01;31m[K^[m[K
[1.337s]   [32m[K;[m[K
[1.337s] [01m[K/home/matheuswagner/repos/adaptive-cubesat-adcs/cubesat-simulation/src/smartdata_test/src/../../../include/responsiveSmartData.h:[m[K In member function â€˜[01m[Kvoid Interest<Message>::publish()[m[Kâ€™:
[1.338s] [01m[K/home/matheuswagner/repos/adaptive-cubesat-adcs/cubesat-simulation/src/smartdata_test/src/../../../include/responsiveSmartData.h:29:13:[m[K [01;31m[Kerror: [m[Kâ€˜[01m[Kpublisher_[m[Kâ€™ was not declared in this scope
[1.338s]              [01;31m[Kpublisher_[m[K->publish(message);
[1.338s]              [01;31m[K^~~~~~~~~~[m[K
[1.339s] [01m[K/home/matheuswagner/repos/adaptive-cubesat-adcs/cubesat-simulation/src/smartdata_test/src/../../../include/responsiveSmartData.h:29:13:[m[K [01;36m[Knote: [m[Ksuggested alternative: â€˜[01m[Kpublish[m[Kâ€™
[1.339s]              [01;36m[Kpublisher_[m[K->publish(message);
[1.339s]              [01;36m[K^~~~~~~~~~[m[K
[1.339s]              [32m[Kpublish[m[K
[1.339s] [01m[K/home/matheuswagner/repos/adaptive-cubesat-adcs/cubesat-simulation/src/smartdata_test/src/../../../include/responsiveSmartData.h:[m[K At global scope:
[1.339s] [01m[K/home/matheuswagner/repos/adaptive-cubesat-adcs/cubesat-simulation/src/smartdata_test/src/../../../include/responsiveSmartData.h:49:27:[m[K [01;31m[Kerror: [m[Ktype/value mismatch at argument 1 in template parameter list for â€˜[01m[Ktemplate<class _Tp, class _Alloc> class std::__cxx11::list[m[Kâ€™
[1.339s]          std::list<Interest[01;31m[K>[m[K* interests;
[1.339s]                            [01;31m[K^[m[K
[1.339s] [01m[K/home/matheuswagner/repos/adaptive-cubesat-adcs/cubesat-simulation/src/smartdata_test/src/../../../include/responsiveSmartData.h:49:27:[m[K [01;36m[Knote: [m[K  expected a type, got â€˜[01m[KInterest[m[Kâ€™
[1.340s] [01m[K/home/matheuswagner/repos/adaptive-cubesat-adcs/cubesat-simulation/src/smartdata_test/src/../../../include/responsiveSmartData.h:49:27:[m[K [01;31m[Kerror: [m[Ktemplate argument 2 is invalid
[1.340s] [01m[K/home/matheuswagner/repos/adaptive-cubesat-adcs/cubesat-simulation/src/smartdata_test/src/../../../include/responsiveSmartData.h:51:56:[m[K [01;31m[Kerror: [m[Ktype/value mismatch at argument 1 in template parameter list for â€˜[01m[Ktemplate<class _Tp, class _Alloc> class std::__cxx11::list[m[Kâ€™
[1.340s]          std::list<rclcpp::Publisher<Message>::SharedPtr[01;31m[K>[m[K* interestPublishers;
[1.340s]                                                         [01;31m[K^[m[K
[1.340s] [01m[K/home/matheuswagner/repos/adaptive-cubesat-adcs/cubesat-simulation/src/smartdata_test/src/../../../include/responsiveSmartData.h:51:56:[m[K [01;36m[Knote: [m[K  expected a type, got â€˜[01m[Krclcpp::Publisher<Message>::SharedPtr[m[Kâ€™
[1.340s] [01m[K/home/matheuswagner/repos/adaptive-cubesat-adcs/cubesat-simulation/src/smartdata_test/src/../../../include/responsiveSmartData.h:51:56:[m[K [01;31m[Kerror: [m[Ktemplate argument 2 is invalid
[1.340s] [01m[K/home/matheuswagner/repos/adaptive-cubesat-adcs/cubesat-simulation/src/smartdata_test/src/../../../include/responsiveSmartData.h:57:99:[m[K [01;31m[Kerror: [m[Ktype/value mismatch at argument 1 in template parameter list for â€˜[01m[Ktemplate<class _Tp, class _Alloc> class std::__cxx11::list[m[Kâ€™
[1.341s]          ResponsiveSmartData(unsigned int dev, int expiry, int mode, int period, std::list<Interest[01;31m[K>[m[K* interests)
[1.341s]                                                                                                    [01;31m[K^[m[K
[1.341s] [01m[K/home/matheuswagner/repos/adaptive-cubesat-adcs/cubesat-simulation/src/smartdata_test/src/../../../include/responsiveSmartData.h:57:99:[m[K [01;36m[Knote: [m[K  expected a type, got â€˜[01m[KInterest[m[Kâ€™
[1.341s] [01m[K/home/matheuswagner/repos/adaptive-cubesat-adcs/cubesat-simulation/src/smartdata_test/src/../../../include/responsiveSmartData.h:57:99:[m[K [01;31m[Kerror: [m[Ktemplate argument 2 is invalid
[1.341s] In file included from [01m[K/home/matheuswagner/repos/adaptive-cubesat-adcs/cubesat-simulation/src/smartdata_test/src/smartdata_test.cpp:1:0[m[K:
[1.341s] [01m[K/home/matheuswagner/repos/adaptive-cubesat-adcs/cubesat-simulation/src/smartdata_test/src/../../../include/responsiveSmartData.h:88:30:[m[K [01;31m[Kerror: [m[Kâ€˜[01m[KInterest[m[Kâ€™ is not a type
[1.342s]          void bindNewInterest([01;31m[KInterest[m[K* interest)
[1.342s]                               [01;31m[K^~~~~~~~[m[K
[1.342s] [01m[K/home/matheuswagner/repos/adaptive-cubesat-adcs/cubesat-simulation/src/smartdata_test/src/../../../include/responsiveSmartData.h:[m[K In constructor â€˜[01m[KResponsiveSmartData<Transducer, Value, Message>::ResponsiveSmartData(unsigned int, int, int, int, int*)[m[Kâ€™:
[1.342s] [01m[K/home/matheuswagner/repos/adaptive-cubesat-adcs/cubesat-simulation/src/smartdata_test/src/../../../include/responsiveSmartData.h:68:85:[m[K [01;31m[Kerror: [m[Ktype/value mismatch at argument 1 in template parameter list for â€˜[01m[Ktemplate<class _Tp, class _Alloc> class std::__cxx11::list[m[Kâ€™
[1.342s]              interestPublishers = new std::list<rclcpp::Publisher<Message>::SharedPtr[01;31m[K>[m[K;
[1.342s]                                                                                      [01;31m[K^[m[K
[1.342s] [01m[K/home/matheuswagner/repos/adaptive-cubesat-adcs/cubesat-simulation/src/smartdata_test/src/../../../include/responsiveSmartData.h:68:85:[m[K [01;36m[Knote: [m[K  expected a type, got â€˜[01m[Krclcpp::Publisher<Message>::SharedPtr[m[Kâ€™
[1.342s] [01m[K/home/matheuswagner/repos/adaptive-cubesat-adcs/cubesat-simulation/src/smartdata_test/src/../../../include/responsiveSmartData.h:68:85:[m[K [01;31m[Kerror: [m[Ktemplate argument 2 is invalid
[1.342s] [01m[K/home/matheuswagner/repos/adaptive-cubesat-adcs/cubesat-simulation/src/smartdata_test/src/../../../include/responsiveSmartData.h:70:13:[m[K [01;31m[Kerror: [m[Kâ€˜[01m[Klist[m[Kâ€™ was not declared in this scope
[1.343s]              [01;31m[Klist[m[K<Interest>::iterator it;
[1.343s]              [01;31m[K^~~~[m[K
[1.343s] [01m[K/home/matheuswagner/repos/adaptive-cubesat-adcs/cubesat-simulation/src/smartdata_test/src/../../../include/responsiveSmartData.h:70:13:[m[K [01;36m[Knote: [m[Ksuggested alternatives:
[1.343s] In file included from [01m[K/usr/include/c++/7/list:63:0[m[K,
[1.343s]                  from [01m[K/home/matheuswagner/repos/adaptive-cubesat-adcs/cubesat-simulation/src/smartdata_test/src/../../../include/responsiveSmartData.h:4[m[K,
[1.343s]                  from [01m[K/home/matheuswagner/repos/adaptive-cubesat-adcs/cubesat-simulation/src/smartdata_test/src/smartdata_test.cpp:1[m[K:
[1.343s] [01m[K/usr/include/c++/7/bits/stl_list.h:503:11:[m[K [01;36m[Knote: [m[K  â€˜[01m[Kstd::__cxx11::list[m[Kâ€™
[1.343s]      class [01;36m[Klist[m[K : protected _List_base<_Tp, _Alloc>
[1.343s]            [01;36m[K^~~~[m[K
[1.343s] [01m[K/usr/include/c++/7/bits/stl_list.h:503:11:[m[K [01;36m[Knote: [m[K  â€˜[01m[Kstd::__cxx11::list[m[Kâ€™
[1.344s] In file included from [01m[K/home/matheuswagner/repos/adaptive-cubesat-adcs/cubesat-simulation/src/smartdata_test/src/smartdata_test.cpp:1:0[m[K:
[1.344s] [01m[K/home/matheuswagner/repos/adaptive-cubesat-adcs/cubesat-simulation/src/smartdata_test/src/../../../include/responsiveSmartData.h:70:26:[m[K [01;31m[Kerror: [m[Kmissing template arguments before â€˜[01m[K>[m[Kâ€™ token
[1.344s]              list<Interest[01;31m[K>[m[K::iterator it;
[1.344s]                           [01;31m[K^[m[K
[1.344s] [01m[K/home/matheuswagner/repos/adaptive-cubesat-adcs/cubesat-simulation/src/smartdata_test/src/../../../include/responsiveSmartData.h:70:29:[m[K [01;31m[Kerror: [m[Kâ€˜[01m[K::iterator[m[Kâ€™ has not been declared
[1.344s]              list<Interest>::[01;31m[Kiterator[m[K it;
[1.344s]                              [01;31m[K^~~~~~~~[m[K
[1.345s] [01m[K/home/matheuswagner/repos/adaptive-cubesat-adcs/cubesat-simulation/src/smartdata_test/src/../../../include/responsiveSmartData.h:70:29:[m[K [01;36m[Knote: [m[Ksuggested alternatives:
[1.345s] In file included from [01m[K/usr/include/c++/7/bits/stl_algobase.h:65:0[m[K,
[1.345s]                  from [01m[K/usr/include/c++/7/list:60[m[K,
[1.345s]                  from [01m[K/home/matheuswagner/repos/adaptive-cubesat-adcs/cubesat-simulation/src/smartdata_test/src/../../../include/responsiveSmartData.h:4[m[K,
[1.345s]                  from [01m[K/home/matheuswagner/repos/adaptive-cubesat-adcs/cubesat-simulation/src/smartdata_test/src/smartdata_test.cpp:1[m[K:
[1.345s] [01m[K/usr/include/c++/7/bits/stl_iterator_base_types.h:118:12:[m[K [01;36m[Knote: [m[K  â€˜[01m[Kstd::iterator[m[Kâ€™
[1.345s]      struct [01;36m[Kiterator[m[K
[1.345s]             [01;36m[K^~~~~~~~[m[K
[1.346s] [01m[K/usr/include/c++/7/bits/stl_iterator_base_types.h:118:12:[m[K [01;36m[Knote: [m[K  â€˜[01m[Kstd::iterator[m[Kâ€™
[1.346s] In file included from [01m[K/home/matheuswagner/repos/adaptive-cubesat-adcs/cubesat-simulation/src/smartdata_test/src/smartdata_test.cpp:1:0[m[K:
[1.346s] [01m[K/home/matheuswagner/repos/adaptive-cubesat-adcs/cubesat-simulation/src/smartdata_test/src/../../../include/responsiveSmartData.h:71:18:[m[K [01;31m[Kerror: [m[Kâ€˜[01m[Kit[m[Kâ€™ was not declared in this scope
[1.346s]              for ([01;31m[Kit[m[K = interests.begin(); it != interests.end(); ++it)
[1.346s]                   [01;31m[K^~[m[K
[1.346s] [01m[K/home/matheuswagner/repos/adaptive-cubesat-adcs/cubesat-simulation/src/smartdata_test/src/../../../include/responsiveSmartData.h:71:18:[m[K [01;36m[Knote: [m[Ksuggested alternative: â€˜[01m[Kint[m[Kâ€™
[1.346s]              for ([01;36m[Kit[m[K = interests.begin(); it != interests.end(); ++it)
[1.346s]                   [01;36m[K^~[m[K
[1.347s]                   [32m[Kint[m[K
[1.347s] [01m[K/home/matheuswagner/repos/adaptive-cubesat-adcs/cubesat-simulation/src/smartdata_test/src/../../../include/responsiveSmartData.h:71:33:[m[K [01;31m[Kerror: [m[Krequest for member â€˜[01m[Kbegin[m[Kâ€™ in â€˜[01m[Kinterests[m[Kâ€™, which is of non-class type â€˜[01m[Kint*[m[Kâ€™
[1.347s]              for (it = interests.[01;31m[Kbegin[m[K(); it != interests.end(); ++it)
[1.347s]                                  [01;31m[K^~~~~[m[K
[1.347s] [01m[K/home/matheuswagner/repos/adaptive-cubesat-adcs/cubesat-simulation/src/smartdata_test/src/../../../include/responsiveSmartData.h:71:58:[m[K [01;31m[Kerror: [m[Krequest for member â€˜[01m[Kend[m[Kâ€™ in â€˜[01m[Kinterests[m[Kâ€™, which is of non-class type â€˜[01m[Kint*[m[Kâ€™
[1.347s]              for (it = interests.begin(); it != interests.[01;31m[Kend[m[K(); ++it)
[1.347s]                                                           [01;31m[K^~~[m[K
[1.347s] [01m[K/home/matheuswagner/repos/adaptive-cubesat-adcs/cubesat-simulation/src/smartdata_test/src/../../../include/responsiveSmartData.h:[m[K In member function â€˜[01m[Kvoid ResponsiveSmartData<Transducer, Value, Message>::bindNewInterest(int*)[m[Kâ€™:
[1.348s] [01m[K/home/matheuswagner/repos/adaptive-cubesat-adcs/cubesat-simulation/src/smartdata_test/src/../../../include/responsiveSmartData.h:91:33:[m[K [01;31m[Kerror: [m[Krequest for member â€˜[01m[Kpush_front[m[Kâ€™ in â€˜[01m[K((ResponsiveSmartData<Transducer, Value, Message>*)this)->ResponsiveSmartData<Transducer, Value, Message>::interestPublishers->[m[Kâ€™, which is of non-class type â€˜[01m[Kint[m[Kâ€™
[1.348s]              interestPublishers->[01;31m[Kpush_front[m[K(this->create_publisher<MESSAGE>(interest->topicIdentifier, queue_size));
[1.348s]                                  [01;31m[K^~~~~~~~~~[m[K
[1.348s] [01m[K/home/matheuswagner/repos/adaptive-cubesat-adcs/cubesat-simulation/src/smartdata_test/src/../../../include/responsiveSmartData.h:91:67:[m[K [01;31m[Kerror: [m[Kâ€˜[01m[KMESSAGE[m[Kâ€™ was not declared in this scope
[1.348s]              interestPublishers->push_front(this->create_publisher<[01;31m[KMESSAGE[m[K>(interest->topicIdentifier, queue_size));
[1.348s]                                                                    [01;31m[K^~~~~~~[m[K
[1.348s] [01m[K/home/matheuswagner/repos/adaptive-cubesat-adcs/cubesat-simulation/src/smartdata_test/src/../../../include/responsiveSmartData.h:91:67:[m[K [01;36m[Knote: [m[Ksuggested alternative: â€˜[01m[KESTALE[m[Kâ€™
[1.349s]              interestPublishers->push_front(this->create_publisher<[01;36m[KMESSAGE[m[K>(interest->topicIdentifier, queue_size));
[1.349s]                                                                    [01;36m[K^~~~~~~[m[K
[1.349s]                                                                    [32m[KESTALE[m[K
[1.349s] [01m[K/home/matheuswagner/repos/adaptive-cubesat-adcs/cubesat-simulation/src/smartdata_test/src/../../../include/responsiveSmartData.h:91:86:[m[K [01;31m[Kerror: [m[Krequest for member â€˜[01m[KtopicIdentifier[m[Kâ€™ in â€˜[01m[Kinterest->[m[Kâ€™, which is of non-class type â€˜[01m[Kint[m[Kâ€™
[1.349s]              interestPublishers->push_front(this->create_publisher<MESSAGE>(interest->[01;31m[KtopicIdentifier[m[K, queue_size));
[1.349s]                                                                                       [01;31m[K^~~~~~~~~~~~~~~[m[K
[1.350s] [01m[K/home/matheuswagner/repos/adaptive-cubesat-adcs/cubesat-simulation/src/smartdata_test/src/../../../include/responsiveSmartData.h:92:100:[m[K [01;31m[Kerror: [m[Krequest for member â€˜[01m[Kperiod[m[Kâ€™ in â€˜[01m[Kinterest->[m[Kâ€™, which is of non-class type â€˜[01m[Kint[m[Kâ€™
[1.350s]              interestTimers->push_front(this->create_wall_timer(std::chrono::milliseconds(interest->[01;31m[Kperiod[m[K), std::bind(interest->publish, this)));
[1.350s]                                                                                                     [01;31m[K^~~~~~[m[K
[1.350s] [01m[K/home/matheuswagner/repos/adaptive-cubesat-adcs/cubesat-simulation/src/smartdata_test/src/../../../include/responsiveSmartData.h:92:129:[m[K [01;31m[Kerror: [m[Krequest for member â€˜[01m[Kpublish[m[Kâ€™ in â€˜[01m[Kinterest->[m[Kâ€™, which is of non-class type â€˜[01m[Kint[m[Kâ€™
[1.350s]              interestTimers->push_front(this->create_wall_timer(std::chrono::milliseconds(interest->period), std::bind(interest->[01;31m[Kpublish[m[K, this)));
[1.350s]                                                                                                                                  [01;31m[K^~~~~~~[m[K
[1.350s] [01m[K/home/matheuswagner/repos/adaptive-cubesat-adcs/cubesat-simulation/src/smartdata_test/src/smartdata_test.cpp:[m[K At global scope:
[1.350s] [01m[K/home/matheuswagner/repos/adaptive-cubesat-adcs/cubesat-simulation/src/smartdata_test/src/smartdata_test.cpp:7:42:[m[K [01;31m[Kerror: [m[Kexpected template-name before â€˜[01m[K<[m[Kâ€™ token
[1.351s]  class Dummy_Transducer: public Transducer[01;31m[K<[m[KUNIT,Value>
[1.351s]                                           [01;31m[K^[m[K
[1.351s] [01m[K/home/matheuswagner/repos/adaptive-cubesat-adcs/cubesat-simulation/src/smartdata_test/src/smartdata_test.cpp:7:42:[m[K [01;31m[Kerror: [m[Kexpected â€˜[01m[K{[m[Kâ€™ before â€˜[01m[K<[m[Kâ€™ token
[1.351s] [01m[K/home/matheuswagner/repos/adaptive-cubesat-adcs/cubesat-simulation/src/smartdata_test/src/smartdata_test.cpp:30:2:[m[K [01;35m[Kwarning: [m[Kextra â€˜[01m[K;[m[Kâ€™ [[01;35m[K-Wpedantic[m[K]
[1.351s]  }[01;35m[K;[m[K
[1.351s]   [01;35m[K^[m[K
[1.351s] [01m[K/home/matheuswagner/repos/adaptive-cubesat-adcs/cubesat-simulation/src/smartdata_test/src/smartdata_test.cpp:[m[K In function â€˜[01m[Kint main(int, char**)[m[Kâ€™:
[1.351s] [01m[K/home/matheuswagner/repos/adaptive-cubesat-adcs/cubesat-simulation/src/smartdata_test/src/smartdata_test.cpp:34:44:[m[K [01;31m[Kerror: [m[Kinvalid use of incomplete type â€˜[01m[Kclass Dummy_Transducer<1, float>[m[Kâ€™
[1.351s]      Dummy_Transducer<1,float>* dummy = new [01;31m[KDummy_Transducer<1,float>[m[K;
[1.351s]                                             [01;31m[K^~~~~~~~~~~~~~~~~~~~~~~~~[m[K
[1.351s] [01m[K/home/matheuswagner/repos/adaptive-cubesat-adcs/cubesat-simulation/src/smartdata_test/src/smartdata_test.cpp:7:7:[m[K [01;36m[Knote: [m[Kdeclaration of â€˜[01m[Kclass Dummy_Transducer<1, float>[m[Kâ€™
[1.351s]  class [01;36m[KDummy_Transducer[m[K: public Transducer<UNIT,Value>
[1.352s]        [01;36m[K^~~~~~~~~~~~~~~~[m[K
[1.352s] [01m[K/home/matheuswagner/repos/adaptive-cubesat-adcs/cubesat-simulation/src/smartdata_test/src/smartdata_test.cpp:39:78:[m[K [01;31m[Kerror: [m[Kno matching function for call to â€˜[01m[Kmake_shared<template<class Transducer, class Value, class Message> class ResponsiveSmartData>(int, int, int, int, std::__cxx11::list<Interest<std_msgs::msg::Float32_<std::allocator<void> > > >*)[m[Kâ€™
[1.352s]      rclcpp::spin(std::make_shared<ResponsiveSmartData>(1,1,1,10,&interestList[01;31m[K)[m[K);
[1.352s]                                                                               [01;31m[K^[m[K
[1.352s] In file included from [01m[K/usr/include/c++/7/memory:81:0[m[K,
[1.352s]                  from [01m[K/home/matheuswagner/ros2_dashing/ros2-linux/include/rclcpp/rclcpp.hpp:142[m[K,
[1.352s]                  from [01m[K/home/matheuswagner/repos/adaptive-cubesat-adcs/cubesat-simulation/src/smartdata_test/src/../../../include/responsiveSmartData.h:7[m[K,
[1.352s]                  from [01m[K/home/matheuswagner/repos/adaptive-cubesat-adcs/cubesat-simulation/src/smartdata_test/src/smartdata_test.cpp:1[m[K:
[1.352s] [01m[K/usr/include/c++/7/bits/shared_ptr.h:703:5:[m[K [01;36m[Knote: [m[Kcandidate: template<class _Tp, class ... _Args> std::shared_ptr<_Tp> std::make_shared(_Args&& ...)
[1.353s]      [01;36m[Kmake_shared[m[K(_Args&&... __args)
[1.353s]      [01;36m[K^~~~~~~~~~~[m[K
[1.353s] [01m[K/usr/include/c++/7/bits/shared_ptr.h:703:5:[m[K [01;36m[Knote: [m[K  template argument deduction/substitution failed:
[1.353s] [01m[K/home/matheuswagner/repos/adaptive-cubesat-adcs/cubesat-simulation/src/smartdata_test/src/smartdata_test.cpp:34:32:[m[K [01;35m[Kwarning: [m[Kunused variable â€˜[01m[Kdummy[m[Kâ€™ [[01;35m[K-Wunused-variable[m[K]
[1.353s]      Dummy_Transducer<1,float>* [01;35m[Kdummy[m[K = new Dummy_Transducer<1,float>;
[1.353s]                                 [01;35m[K^~~~~[m[K
[1.572s] CMakeFiles/smartdata_test.dir/build.make:81: recipe for target 'CMakeFiles/smartdata_test.dir/src/smartdata_test.cpp.o' failed
[1.572s] make[2]: *** [CMakeFiles/smartdata_test.dir/src/smartdata_test.cpp.o] Error 1
[1.573s] make[1]: *** [CMakeFiles/smartdata_test.dir/all] Error 2
[1.573s] CMakeFiles/Makefile2:95: recipe for target 'CMakeFiles/smartdata_test.dir/all' failed
[1.573s] Makefile:159: recipe for target 'all' failed
[1.573s] make: *** [all] Error 2
[1.574s] Invoked command in '/home/matheuswagner/repos/adaptive-cubesat-adcs/cubesat-simulation/src/build/smartdata_test' returned '2': CMAKE_PREFIX_PATH=${CMAKE_PREFIX_PATH}:/opt/ros/dashing /usr/local/bin/cmake --build /home/matheuswagner/repos/adaptive-cubesat-adcs/cubesat-simulation/src/build/smartdata_test -- -j8 -l8
