[35m[1mScanning dependencies of target smartdata_test[0m
[ 50%] [32mBuilding CXX object CMakeFiles/smartdata_test.dir/src/smartdata_test.cpp.o[0m
[01m[K/home/matheuswagner/repos/adaptive-cubesat-adcs/cubesat-simulation/src/smartdata_test/src/smartdata_test.cpp:2:10:[m[K [01;31m[Kerror: [m[K#include expects "FILENAME" or <FILENAME>
 #include [01;31m[K"../../../include/remoteSmartdata.h"s[m[K
          [01;31m[K^~~~~~~~~~~~~~~~~~~~~~~~~~~~~~~~~~~~~[m[K
In file included from [01m[K/home/matheuswagner/repos/adaptive-cubesat-adcs/cubesat-simulation/src/smartdata_test/src/../../../include/responsiveSmartdata.h:4:0[m[K,
                 from [01m[K/home/matheuswagner/repos/adaptive-cubesat-adcs/cubesat-simulation/src/smartdata_test/src/smartdata_test.cpp:1[m[K:
[01m[K/home/matheuswagner/repos/adaptive-cubesat-adcs/cubesat-simulation/src/smartdata_test/src/../../../include/smartdata.h:47:18:[m[K [01;31m[Kerror: [m[Kusing template type parameter â€˜[01m[KTransducer[m[Kâ€™ after â€˜[01m[Kclass[m[Kâ€™
     friend class [01;31m[KTransducer[m[K;
                  [01;31m[K^~~~~~~~~~[m[K
[01m[K/home/matheuswagner/repos/adaptive-cubesat-adcs/cubesat-simulation/src/smartdata_test/src/../../../include/smartdata.h:47:5:[m[K [01;31m[Kerror: [m[Kfriend declaration does not name a class or function
     [01;31m[Kfriend[m[K class Transducer;
     [01;31m[K^~~~~~[m[K
In file included from [01m[K/home/matheuswagner/repos/adaptive-cubesat-adcs/cubesat-simulation/src/smartdata_test/src/smartdata_test.cpp:1:0[m[K:
[01m[K/home/matheuswagner/repos/adaptive-cubesat-adcs/cubesat-simulation/src/smartdata_test/src/../../../include/responsiveSmartdata.h:12:18:[m[K [01;31m[Kerror: [m[Kusing template type parameter â€˜[01m[KTransducer[m[Kâ€™ after â€˜[01m[Kclass[m[Kâ€™
     friend class [01;31m[KTransducer[m[K;
                  [01;31m[K^~~~~~~~~~[m[K
[01m[K/home/matheuswagner/repos/adaptive-cubesat-adcs/cubesat-simulation/src/smartdata_test/src/../../../include/responsiveSmartdata.h:12:5:[m[K [01;31m[Kerror: [m[Kfriend declaration does not name a class or function
     [01;31m[Kfriend[m[K class Transducer;
     [01;31m[K^~~~~~[m[K
[01m[K/home/matheuswagner/repos/adaptive-cubesat-adcs/cubesat-simulation/src/smartdata_test/src/smartdata_test.cpp:[m[K In function â€˜[01m[Kint main(int, char**)[m[Kâ€™:
[01m[K/home/matheuswagner/repos/adaptive-cubesat-adcs/cubesat-simulation/src/smartdata_test/src/smartdata_test.cpp:36:35:[m[K [01;31m[Kerror: [m[Kâ€˜[01m[KRemoteSmartData[m[Kâ€™ was not declared in this scope
     rclcpp::spin(std::make_shared<[01;31m[KRemoteSmartData[m[K<Dummy_Transducer<1,float>,float>>(new Region(0,0,0,0,0,0,0),1,1000,"testing2",new Coordinates(0,0,0),"testing","sensor"));
                                   [01;31m[K^~~~~~~~~~~~~~~[m[K
[01m[K/home/matheuswagner/repos/adaptive-cubesat-adcs/cubesat-simulation/src/smartdata_test/src/smartdata_test.cpp:36:35:[m[K [01;36m[Knote: [m[Ksuggested alternative: â€˜[01m[KResponsiveSmartData[m[Kâ€™
     rclcpp::spin(std::make_shared<[01;36m[KRemoteSmartData[m[K<Dummy_Transducer<1,float>,float>>(new Region(0,0,0,0,0,0,0),1,1000,"testing2",new Coordinates(0,0,0),"testing","sensor"));
                                   [01;36m[K^~~~~~~~~~~~~~~[m[K
                                   [32m[KResponsiveSmartData[m[K
[01m[K/home/matheuswagner/repos/adaptive-cubesat-adcs/cubesat-simulation/src/smartdata_test/src/smartdata_test.cpp:36:23:[m[K [01;31m[Kerror: [m[Kparse error in template argument list
     rclcpp::spin(std::[01;31m[Kmake_shared<RemoteSmartData<Dummy_Transducer<1,float>,float[m[K>>(new Region(0,0,0,0,0,0,0),1,1000,"testing2",new Coordinates(0,0,0),"testing","sensor"));
                       [01;31m[K^~~~~~~~~~~~~~~~~~~~~~~~~~~~~~~~~~~~~~~~~~~~~~~~~~~~~~~~~~~[m[K
[01m[K/home/matheuswagner/repos/adaptive-cubesat-adcs/cubesat-simulation/src/smartdata_test/src/smartdata_test.cpp:36:109:[m[K [01;31m[Kerror: [m[Kno matching function for call to â€˜[01m[KRegion::Region(int, int, int, int, int, int, int)[m[Kâ€™
     rclcpp::spin(std::make_shared<RemoteSmartData<Dummy_Transducer<1,float>,float>>(new Region(0,0,0,0,0,0,0[01;31m[K)[m[K,1,1000,"testing2",new Coordinates(0,0,0),"testing","sensor"));
                                                                                                             [01;31m[K^[m[K
In file included from [01m[K/home/matheuswagner/repos/adaptive-cubesat-adcs/cubesat-simulation/src/smartdata_test/src/../../../include/responsiveSmartdata.h:4:0[m[K,
                 from [01m[K/home/matheuswagner/repos/adaptive-cubesat-adcs/cubesat-simulation/src/smartdata_test/src/smartdata_test.cpp:1[m[K:
[01m[K/home/matheuswagner/repos/adaptive-cubesat-adcs/cubesat-simulation/src/smartdata_test/src/../../../include/smartdata.h:33:9:[m[K [01;36m[Knote: [m[Kcandidate: Region::Region(float, float, float, float, long unsigned int, long unsigned int)
         [01;36m[KRegion[m[K(float x, float y, float z, float radius, unsigned long initialTime, unsigned long finalTime)
         [01;36m[K^~~~~~[m[K
[01m[K/home/matheuswagner/repos/adaptive-cubesat-adcs/cubesat-simulation/src/smartdata_test/src/../../../include/smartdata.h:33:9:[m[K [01;36m[Knote: [m[K  candidate expects 6 arguments, 7 provided
[01m[K/home/matheuswagner/repos/adaptive-cubesat-adcs/cubesat-simulation/src/smartdata_test/src/../../../include/smartdata.h:23:7:[m[K [01;36m[Knote: [m[Kcandidate: constexpr Region::Region(const Region&)
 class [01;36m[KRegion[m[K
       [01;36m[K^~~~~~[m[K
[01m[K/home/matheuswagner/repos/adaptive-cubesat-adcs/cubesat-simulation/src/smartdata_test/src/../../../include/smartdata.h:23:7:[m[K [01;36m[Knote: [m[K  candidate expects 1 argument, 7 provided
[01m[K/home/matheuswagner/repos/adaptive-cubesat-adcs/cubesat-simulation/src/smartdata_test/src/../../../include/smartdata.h:23:7:[m[K [01;36m[Knote: [m[Kcandidate: constexpr Region::Region(Region&&)
[01m[K/home/matheuswagner/repos/adaptive-cubesat-adcs/cubesat-simulation/src/smartdata_test/src/../../../include/smartdata.h:23:7:[m[K [01;36m[Knote: [m[K  candidate expects 1 argument, 7 provided
In file included from [01m[K/home/matheuswagner/repos/adaptive-cubesat-adcs/cubesat-simulation/src/smartdata_test/src/smartdata_test.cpp:3:0[m[K:
/home/matheuswagner/repos/adaptive-cubesat-adcs/cubesat-simulation/src/smartdata_test/src/../../../include/transducer.h: In instantiation of â€˜[01m[Kvoid Transducer<_UNIT, Value>::actuate(const Value&) [with long unsigned int _UNIT = 1; Value = float][m[Kâ€™:
[01m[K/home/matheuswagner/repos/adaptive-cubesat-adcs/cubesat-simulation/src/smartdata_test/src/smartdata_test.cpp:39:1:[m[K   required from here
[01m[K/home/matheuswagner/repos/adaptive-cubesat-adcs/cubesat-simulation/src/smartdata_test/src/../../../include/transducer.h:18:43:[m[K [01;35m[Kwarning: [m[Kunused parameter â€˜[01m[Kvalue[m[Kâ€™ [[01;35m[K-Wunused-parameter[m[K]
         virtual void actuate(const Value &[01;35m[Kvalue[m[K){}
                                           [01;35m[K^~~~~[m[K
CMakeFiles/smartdata_test.dir/build.make:81: recipe for target 'CMakeFiles/smartdata_test.dir/src/smartdata_test.cpp.o' failed
make[2]: *** [CMakeFiles/smartdata_test.dir/src/smartdata_test.cpp.o] Error 1
make[1]: *** [CMakeFiles/smartdata_test.dir/all] Error 2
CMakeFiles/Makefile2:95: recipe for target 'CMakeFiles/smartdata_test.dir/all' failed
Makefile:159: recipe for target 'all' failed
make: *** [all] Error 2
