[35m[1mScanning dependencies of target smartdata_test[0m
[ 25%] [32mBuilding CXX object CMakeFiles/smartdata_test.dir/src/smartdata_test.cpp.o[0m
In file included from [01m[K/home/matheuswagner/repos/adaptive-cubesat-adcs/cubesat-simulation/src/smartdata_test/src/smartdata_test.cpp:2:0[m[K:
/home/matheuswagner/repos/adaptive-cubesat-adcs/cubesat-simulation/src/smartdata_test/src/../../../include/transducer.h: In instantiation of â€˜[01m[Kvoid Transducer<_UNIT, Value>::actuate(const Value&) [with long unsigned int _UNIT = 1; Value = float][m[Kâ€™:
[01m[K/home/matheuswagner/repos/adaptive-cubesat-adcs/cubesat-simulation/src/smartdata_test/src/smartdata_test.cpp:37:1:[m[K   required from here
[01m[K/home/matheuswagner/repos/adaptive-cubesat-adcs/cubesat-simulation/src/smartdata_test/src/../../../include/transducer.h:18:43:[m[K [01;35m[Kwarning: [m[Kunused parameter â€˜[01m[Kvalue[m[Kâ€™ [[01;35m[K-Wunused-parameter[m[K]
         virtual void actuate(const Value &[01;35m[Kvalue[m[K){}
                                           [01;35m[K^~~~~[m[K
[ 50%] [32m[1mLinking CXX executable smartdata_test[0m
[ 50%] Built target smartdata_test
[ 75%] [32mBuilding CXX object CMakeFiles/remote_smartdata_test.dir/src/remote_smartdata_test.cpp.o[0m
In file included from [01m[K/home/matheuswagner/repos/adaptive-cubesat-adcs/cubesat-simulation/src/smartdata_test/src/remote_smartdata_test.cpp:1:0[m[K:
[01m[K/home/matheuswagner/repos/adaptive-cubesat-adcs/cubesat-simulation/src/smartdata_test/src/../../../include/responsiveSmartdata.h:5:10:[m[K [01;31m[Kfatal error: [m[Krclcpp/rclcpp.hpp: No such file or directory
 #include [01;31m[K"rclcpp/rclcpp.hpp"[m[K
          [01;31m[K^~~~~~~~~~~~~~~~~~~[m[K
compilation terminated.
make[2]: *** [CMakeFiles/remote_smartdata_test.dir/src/remote_smartdata_test.cpp.o] Error 1
make[1]: *** [CMakeFiles/remote_smartdata_test.dir/all] Error 2
CMakeFiles/remote_smartdata_test.dir/build.make:81: recipe for target 'CMakeFiles/remote_smartdata_test.dir/src/remote_smartdata_test.cpp.o' failed
CMakeFiles/Makefile2:151: recipe for target 'CMakeFiles/remote_smartdata_test.dir/all' failed
Makefile:159: recipe for target 'all' failed
make: *** [all] Error 2
