[0.049s] Invoking command in '/home/matheuswagner/repos/adaptive-cubesat-adcs/cubesat-simulation/src/build/smartdata_test': CMAKE_PREFIX_PATH=${CMAKE_PREFIX_PATH}:/opt/ros/dashing /usr/local/bin/cmake --build /home/matheuswagner/repos/adaptive-cubesat-adcs/cubesat-simulation/src/build/smartdata_test -- -j8 -l8
[0.073s] [35m[1mScanning dependencies of target smartdata_test[0m
[0.084s] [ 50%] [32mBuilding CXX object CMakeFiles/smartdata_test.dir/src/smartdata_test.cpp.o[0m
[1.158s] In file included from [01m[K/home/matheuswagner/repos/adaptive-cubesat-adcs/cubesat-simulation/src/smartdata_test/src/smartdata_test.cpp:1:0[m[K:
[1.158s] [01m[K/home/matheuswagner/repos/adaptive-cubesat-adcs/cubesat-simulation/src/smartdata_test/src/../../../include/responsiveSmartData.h:91:30:[m[K [01;31m[Kerror: [m[Kâ€˜[01m[KInterest[m[Kâ€™ is not a type
[1.158s]          void bindNewInterest([01;31m[KInterest[m[K* interest)
[1.159s]                               [01;31m[K^~~~~~~~[m[K
[1.160s] [01m[K/home/matheuswagner/repos/adaptive-cubesat-adcs/cubesat-simulation/src/smartdata_test/src/../../../include/responsiveSmartData.h:[m[K In constructor â€˜[01m[KResponsiveSmartData<Transducer, Value, Message>::ResponsiveSmartData(unsigned int, int, int, int, std::__cxx11::list<Interest<Message> >*)[m[Kâ€™:
[1.160s] [01m[K/home/matheuswagner/repos/adaptive-cubesat-adcs/cubesat-simulation/src/smartdata_test/src/../../../include/responsiveSmartData.h:71:85:[m[K [01;31m[Kerror: [m[Ktype/value mismatch at argument 1 in template parameter list for â€˜[01m[Ktemplate<class _Tp, class _Alloc> class std::__cxx11::list[m[Kâ€™
[1.160s]              interestPublishers = new std::list<rclcpp::Publisher<Message>::SharedPtr[01;31m[K>[m[K;
[1.161s]                                                                                      [01;31m[K^[m[K
[1.161s] [01m[K/home/matheuswagner/repos/adaptive-cubesat-adcs/cubesat-simulation/src/smartdata_test/src/../../../include/responsiveSmartData.h:71:85:[m[K [01;36m[Knote: [m[K  expected a type, got â€˜[01m[Krclcpp::Publisher<Message>::SharedPtr[m[Kâ€™
[1.161s] [01m[K/home/matheuswagner/repos/adaptive-cubesat-adcs/cubesat-simulation/src/smartdata_test/src/../../../include/responsiveSmartData.h:71:85:[m[K [01;31m[Kerror: [m[Ktemplate argument 2 is invalid
[1.161s] [01m[K/home/matheuswagner/repos/adaptive-cubesat-adcs/cubesat-simulation/src/smartdata_test/src/../../../include/responsiveSmartData.h:73:13:[m[K [01;31m[Kerror: [m[Kâ€˜[01m[Klist[m[Kâ€™ was not declared in this scope
[1.161s]              [01;31m[Klist[m[K<Interest>::iterator it;
[1.161s]              [01;31m[K^~~~[m[K
[1.161s] [01m[K/home/matheuswagner/repos/adaptive-cubesat-adcs/cubesat-simulation/src/smartdata_test/src/../../../include/responsiveSmartData.h:73:13:[m[K [01;36m[Knote: [m[Ksuggested alternatives:
[1.161s] In file included from [01m[K/usr/include/c++/7/list:63:0[m[K,
[1.162s]                  from [01m[K/home/matheuswagner/repos/adaptive-cubesat-adcs/cubesat-simulation/src/smartdata_test/src/../../../include/responsiveSmartData.h:4[m[K,
[1.162s]                  from [01m[K/home/matheuswagner/repos/adaptive-cubesat-adcs/cubesat-simulation/src/smartdata_test/src/smartdata_test.cpp:1[m[K:
[1.162s] [01m[K/usr/include/c++/7/bits/stl_list.h:503:11:[m[K [01;36m[Knote: [m[K  â€˜[01m[Kstd::__cxx11::list[m[Kâ€™
[1.162s]      class [01;36m[Klist[m[K : protected _List_base<_Tp, _Alloc>
[1.162s]            [01;36m[K^~~~[m[K
[1.162s] [01m[K/usr/include/c++/7/bits/stl_list.h:503:11:[m[K [01;36m[Knote: [m[K  â€˜[01m[Kstd::__cxx11::list[m[Kâ€™
[1.162s] In file included from [01m[K/home/matheuswagner/repos/adaptive-cubesat-adcs/cubesat-simulation/src/smartdata_test/src/smartdata_test.cpp:1:0[m[K:
[1.162s] [01m[K/home/matheuswagner/repos/adaptive-cubesat-adcs/cubesat-simulation/src/smartdata_test/src/../../../include/responsiveSmartData.h:73:26:[m[K [01;31m[Kerror: [m[Kmissing template arguments before â€˜[01m[K>[m[Kâ€™ token
[1.162s]              list<Interest[01;31m[K>[m[K::iterator it;
[1.163s]                           [01;31m[K^[m[K
[1.163s] [01m[K/home/matheuswagner/repos/adaptive-cubesat-adcs/cubesat-simulation/src/smartdata_test/src/../../../include/responsiveSmartData.h:73:29:[m[K [01;31m[Kerror: [m[Kâ€˜[01m[K::iterator[m[Kâ€™ has not been declared
[1.163s]              list<Interest>::[01;31m[Kiterator[m[K it;
[1.163s]                              [01;31m[K^~~~~~~~[m[K
[1.163s] [01m[K/home/matheuswagner/repos/adaptive-cubesat-adcs/cubesat-simulation/src/smartdata_test/src/../../../include/responsiveSmartData.h:73:29:[m[K [01;36m[Knote: [m[Ksuggested alternatives:
[1.163s] In file included from [01m[K/usr/include/c++/7/bits/stl_algobase.h:65:0[m[K,
[1.163s]                  from [01m[K/usr/include/c++/7/list:60[m[K,
[1.163s]                  from [01m[K/home/matheuswagner/repos/adaptive-cubesat-adcs/cubesat-simulation/src/smartdata_test/src/../../../include/responsiveSmartData.h:4[m[K,
[1.163s]                  from [01m[K/home/matheuswagner/repos/adaptive-cubesat-adcs/cubesat-simulation/src/smartdata_test/src/smartdata_test.cpp:1[m[K:
[1.163s] [01m[K/usr/include/c++/7/bits/stl_iterator_base_types.h:118:12:[m[K [01;36m[Knote: [m[K  â€˜[01m[Kstd::iterator[m[Kâ€™
[1.163s]      struct [01;36m[Kiterator[m[K
[1.163s]             [01;36m[K^~~~~~~~[m[K
[1.164s] [01m[K/usr/include/c++/7/bits/stl_iterator_base_types.h:118:12:[m[K [01;36m[Knote: [m[K  â€˜[01m[Kstd::iterator[m[Kâ€™
[1.164s] In file included from [01m[K/home/matheuswagner/repos/adaptive-cubesat-adcs/cubesat-simulation/src/smartdata_test/src/smartdata_test.cpp:1:0[m[K:
[1.164s] [01m[K/home/matheuswagner/repos/adaptive-cubesat-adcs/cubesat-simulation/src/smartdata_test/src/../../../include/responsiveSmartData.h:74:18:[m[K [01;31m[Kerror: [m[Kâ€˜[01m[Kit[m[Kâ€™ was not declared in this scope
[1.164s]              for ([01;31m[Kit[m[K = interests.begin(); it != interests.end(); ++it)
[1.164s]                   [01;31m[K^~[m[K
[1.164s] [01m[K/home/matheuswagner/repos/adaptive-cubesat-adcs/cubesat-simulation/src/smartdata_test/src/../../../include/responsiveSmartData.h:74:18:[m[K [01;36m[Knote: [m[Ksuggested alternative: â€˜[01m[Kint[m[Kâ€™
[1.164s]              for ([01;36m[Kit[m[K = interests.begin(); it != interests.end(); ++it)
[1.164s]                   [01;36m[K^~[m[K
[1.164s]                   [32m[Kint[m[K
[1.164s] [01m[K/home/matheuswagner/repos/adaptive-cubesat-adcs/cubesat-simulation/src/smartdata_test/src/../../../include/responsiveSmartData.h:[m[K In member function â€˜[01m[Kvoid ResponsiveSmartData<Transducer, Value, Message>::bindNewInterest(int*)[m[Kâ€™:
[1.164s] [01m[K/home/matheuswagner/repos/adaptive-cubesat-adcs/cubesat-simulation/src/smartdata_test/src/../../../include/responsiveSmartData.h:94:54:[m[K [01;31m[Kerror: [m[Krequest for member â€˜[01m[Kpublisher[m[Kâ€™ in â€˜[01m[Kinterest->[m[Kâ€™, which is of non-class type â€˜[01m[Kint[m[Kâ€™
[1.165s]              interestPublishers->push_front(interest->[01;31m[Kpublisher[m[K);
[1.165s]                                                       [01;31m[K^~~~~~~~~[m[K
[1.165s] [01m[K/home/matheuswagner/repos/adaptive-cubesat-adcs/cubesat-simulation/src/smartdata_test/src/../../../include/responsiveSmartData.h:95:100:[m[K [01;31m[Kerror: [m[Krequest for member â€˜[01m[Kperiod[m[Kâ€™ in â€˜[01m[Kinterest->[m[Kâ€™, which is of non-class type â€˜[01m[Kint[m[Kâ€™
[1.165s]              interestTimers->push_front(this->create_wall_timer(std::chrono::milliseconds(interest->[01;31m[Kperiod[m[K), std::bind(interest->publish, this)));
[1.165s]                                                                                                     [01;31m[K^~~~~~[m[K
[1.165s] [01m[K/home/matheuswagner/repos/adaptive-cubesat-adcs/cubesat-simulation/src/smartdata_test/src/../../../include/responsiveSmartData.h:95:129:[m[K [01;31m[Kerror: [m[Krequest for member â€˜[01m[Kpublish[m[Kâ€™ in â€˜[01m[Kinterest->[m[Kâ€™, which is of non-class type â€˜[01m[Kint[m[Kâ€™
[1.165s]              interestTimers->push_front(this->create_wall_timer(std::chrono::milliseconds(interest->period), std::bind(interest->[01;31m[Kpublish[m[K, this)));
[1.166s]                                                                                                                                  [01;31m[K^~~~~~~[m[K
[1.166s] [01m[K/home/matheuswagner/repos/adaptive-cubesat-adcs/cubesat-simulation/src/smartdata_test/src/smartdata_test.cpp:[m[K At global scope:
[1.166s] [01m[K/home/matheuswagner/repos/adaptive-cubesat-adcs/cubesat-simulation/src/smartdata_test/src/smartdata_test.cpp:7:42:[m[K [01;31m[Kerror: [m[Kexpected template-name before â€˜[01m[K<[m[Kâ€™ token
[1.166s]  class Dummy_Transducer: public Transducer[01;31m[K<[m[KUNIT,Value>
[1.166s]                                           [01;31m[K^[m[K
[1.166s] [01m[K/home/matheuswagner/repos/adaptive-cubesat-adcs/cubesat-simulation/src/smartdata_test/src/smartdata_test.cpp:7:42:[m[K [01;31m[Kerror: [m[Kexpected â€˜[01m[K{[m[Kâ€™ before â€˜[01m[K<[m[Kâ€™ token
[1.166s] [01m[K/home/matheuswagner/repos/adaptive-cubesat-adcs/cubesat-simulation/src/smartdata_test/src/smartdata_test.cpp:30:2:[m[K [01;35m[Kwarning: [m[Kextra â€˜[01m[K;[m[Kâ€™ [[01;35m[K-Wpedantic[m[K]
[1.166s]  }[01;35m[K;[m[K
[1.167s]   [01;35m[K^[m[K
[1.167s] [01m[K/home/matheuswagner/repos/adaptive-cubesat-adcs/cubesat-simulation/src/smartdata_test/src/smartdata_test.cpp:[m[K In function â€˜[01m[Kint main(int, char**)[m[Kâ€™:
[1.167s] [01m[K/home/matheuswagner/repos/adaptive-cubesat-adcs/cubesat-simulation/src/smartdata_test/src/smartdata_test.cpp:34:44:[m[K [01;31m[Kerror: [m[Kinvalid use of incomplete type â€˜[01m[Kclass Dummy_Transducer<1, float>[m[Kâ€™
[1.167s]      Dummy_Transducer<1,float>* dummy = new [01;31m[KDummy_Transducer<1,float>[m[K;
[1.167s]                                             [01;31m[K^~~~~~~~~~~~~~~~~~~~~~~~~[m[K
[1.167s] [01m[K/home/matheuswagner/repos/adaptive-cubesat-adcs/cubesat-simulation/src/smartdata_test/src/smartdata_test.cpp:7:7:[m[K [01;36m[Knote: [m[Kdeclaration of â€˜[01m[Kclass Dummy_Transducer<1, float>[m[Kâ€™
[1.167s]  class [01;36m[KDummy_Transducer[m[K: public Transducer<UNIT,Value>
[1.167s]        [01;36m[K^~~~~~~~~~~~~~~~[m[K
[1.173s] [01m[K/home/matheuswagner/repos/adaptive-cubesat-adcs/cubesat-simulation/src/smartdata_test/src/smartdata_test.cpp:39:78:[m[K [01;31m[Kerror: [m[Kno matching function for call to â€˜[01m[Kmake_shared<template<class Transducer, class Value, class Message> class ResponsiveSmartData>(int, int, int, int, std::__cxx11::list<Interest<std_msgs::msg::Float32_<std::allocator<void> > > >*)[m[Kâ€™
[1.173s]      rclcpp::spin(std::make_shared<ResponsiveSmartData>(1,1,1,10,&interestList[01;31m[K)[m[K);
[1.174s]                                                                               [01;31m[K^[m[K
[1.174s] In file included from [01m[K/usr/include/c++/7/memory:81:0[m[K,
[1.174s]                  from [01m[K/home/matheuswagner/ros2_dashing/ros2-linux/include/rclcpp/rclcpp.hpp:142[m[K,
[1.174s]                  from [01m[K/home/matheuswagner/repos/adaptive-cubesat-adcs/cubesat-simulation/src/smartdata_test/src/../../../include/responsiveSmartData.h:7[m[K,
[1.174s]                  from [01m[K/home/matheuswagner/repos/adaptive-cubesat-adcs/cubesat-simulation/src/smartdata_test/src/smartdata_test.cpp:1[m[K:
[1.174s] [01m[K/usr/include/c++/7/bits/shared_ptr.h:703:5:[m[K [01;36m[Knote: [m[Kcandidate: template<class _Tp, class ... _Args> std::shared_ptr<_Tp> std::make_shared(_Args&& ...)
[1.174s]      [01;36m[Kmake_shared[m[K(_Args&&... __args)
[1.175s]      [01;36m[K^~~~~~~~~~~[m[K
[1.175s] [01m[K/usr/include/c++/7/bits/shared_ptr.h:703:5:[m[K [01;36m[Knote: [m[K  template argument deduction/substitution failed:
[1.175s] [01m[K/home/matheuswagner/repos/adaptive-cubesat-adcs/cubesat-simulation/src/smartdata_test/src/smartdata_test.cpp:34:32:[m[K [01;35m[Kwarning: [m[Kunused variable â€˜[01m[Kdummy[m[Kâ€™ [[01;35m[K-Wunused-variable[m[K]
[1.175s]      Dummy_Transducer<1,float>* [01;35m[Kdummy[m[K = new Dummy_Transducer<1,float>;
[1.175s]                                 [01;35m[K^~~~~[m[K
[1.236s] In file included from [01m[K/home/matheuswagner/repos/adaptive-cubesat-adcs/cubesat-simulation/src/smartdata_test/src/smartdata_test.cpp:1:0[m[K:
[1.237s] /home/matheuswagner/repos/adaptive-cubesat-adcs/cubesat-simulation/src/smartdata_test/src/../../../include/responsiveSmartData.h: In instantiation of â€˜[01m[KInterest<Message>::Interest(int, std::__cxx11::string) [with Message = std_msgs::msg::Float32_<std::allocator<void> >; std::__cxx11::string = std::__cxx11::basic_string<char>][m[Kâ€™:
[1.237s] [01m[K/home/matheuswagner/repos/adaptive-cubesat-adcs/cubesat-simulation/src/smartdata_test/src/smartdata_test.cpp:35:57:[m[K   required from here
[1.237s] [01m[K/home/matheuswagner/repos/adaptive-cubesat-adcs/cubesat-simulation/src/smartdata_test/src/../../../include/responsiveSmartData.h:19:9:[m[K [01;31m[Kerror: [m[Kno matching function for call to â€˜[01m[Krclcpp::Node::Node()[m[Kâ€™
[1.237s]          [01;31m[K{[m[K
[1.237s]          [01;31m[K^[m[K
[1.237s] In file included from [01m[K/home/matheuswagner/ros2_dashing/ros2-linux/include/rclcpp/executors/single_threaded_executor.hpp:28:0[m[K,
[1.237s]                  from [01m[K/home/matheuswagner/ros2_dashing/ros2-linux/include/rclcpp/executors.hpp:22[m[K,
[1.238s]                  from [01m[K/home/matheuswagner/ros2_dashing/ros2-linux/include/rclcpp/rclcpp.hpp:144[m[K,
[1.238s]                  from [01m[K/home/matheuswagner/repos/adaptive-cubesat-adcs/cubesat-simulation/src/smartdata_test/src/../../../include/responsiveSmartData.h:7[m[K,
[1.238s]                  from [01m[K/home/matheuswagner/repos/adaptive-cubesat-adcs/cubesat-simulation/src/smartdata_test/src/smartdata_test.cpp:1[m[K:
[1.238s] [01m[K/home/matheuswagner/ros2_dashing/ros2-linux/include/rclcpp/node.hpp:1188:3:[m[K [01;36m[Knote: [m[Kcandidate: rclcpp::Node::Node(const rclcpp::Node&, const string&)
[1.238s]    [01;36m[KNode[m[K(
[1.238s]    [01;36m[K^~~~[m[K
[1.238s] [01m[K/home/matheuswagner/ros2_dashing/ros2-linux/include/rclcpp/node.hpp:1188:3:[m[K [01;36m[Knote: [m[K  candidate expects 2 arguments, 0 provided
[1.238s] [01m[K/home/matheuswagner/ros2_dashing/ros2-linux/include/rclcpp/node.hpp:94:12:[m[K [01;36m[Knote: [m[Kcandidate: rclcpp::Node::Node(const string&, const string&, const rclcpp::NodeOptions&)
[1.239s]    explicit [01;36m[KNode[m[K(
[1.239s]             [01;36m[K^~~~[m[K
[1.239s] [01m[K/home/matheuswagner/ros2_dashing/ros2-linux/include/rclcpp/node.hpp:94:12:[m[K [01;36m[Knote: [m[K  candidate expects 3 arguments, 0 provided
[1.239s] [01m[K/home/matheuswagner/ros2_dashing/ros2-linux/include/rclcpp/node.hpp:83:12:[m[K [01;36m[Knote: [m[Kcandidate: rclcpp::Node::Node(const string&, const rclcpp::NodeOptions&)
[1.239s]    explicit [01;36m[KNode[m[K(
[1.239s]             [01;36m[K^~~~[m[K
[1.239s] [01m[K/home/matheuswagner/ros2_dashing/ros2-linux/include/rclcpp/node.hpp:83:12:[m[K [01;36m[Knote: [m[K  candidate expects 2 arguments, 0 provided
[1.307s] In file included from [01m[K/usr/include/x86_64-linux-gnu/c++/7/bits/c++allocator.h:33:0[m[K,
[1.307s]                  from [01m[K/usr/include/c++/7/bits/allocator.h:46[m[K,
[1.307s]                  from [01m[K/usr/include/c++/7/list:61[m[K,
[1.308s]                  from [01m[K/home/matheuswagner/repos/adaptive-cubesat-adcs/cubesat-simulation/src/smartdata_test/src/../../../include/responsiveSmartData.h:4[m[K,
[1.308s]                  from [01m[K/home/matheuswagner/repos/adaptive-cubesat-adcs/cubesat-simulation/src/smartdata_test/src/smartdata_test.cpp:1[m[K:
[1.308s] /usr/include/c++/7/ext/new_allocator.h: In instantiation of â€˜[01m[Kvoid __gnu_cxx::new_allocator<_Tp>::construct(_Up*, _Args&& ...) [with _Up = Interest<std_msgs::msg::Float32_<std::allocator<void> > >; _Args = {const Interest<std_msgs::msg::Float32_<std::allocator<void> > >&}; _Tp = std::_List_node<Interest<std_msgs::msg::Float32_<std::allocator<void> > > >][m[Kâ€™:
[1.308s] [01m[K/usr/include/c++/7/bits/alloc_traits.h:475:4:[m[K   required from â€˜[01m[Kstatic void std::allocator_traits<std::allocator<_Tp1> >::construct(std::allocator_traits<std::allocator<_Tp1> >::allocator_type&, _Up*, _Args&& ...) [with _Up = Interest<std_msgs::msg::Float32_<std::allocator<void> > >; _Args = {const Interest<std_msgs::msg::Float32_<std::allocator<void> > >&}; _Tp = std::_List_node<Interest<std_msgs::msg::Float32_<std::allocator<void> > > >; std::allocator_traits<std::allocator<_Tp1> >::allocator_type = std::allocator<std::_List_node<Interest<std_msgs::msg::Float32_<std::allocator<void> > > > >][m[Kâ€™
[1.308s] [01m[K/usr/include/c++/7/bits/stl_list.h:575:33:[m[K   required from â€˜[01m[Kstd::__cxx11::list<_Tp, _Alloc>::_Node* std::__cxx11::list<_Tp, _Alloc>::_M_create_node(_Args&& ...) [with _Args = {const Interest<std_msgs::msg::Float32_<std::allocator<void> > >&}; _Tp = Interest<std_msgs::msg::Float32_<std::allocator<void> > >; _Alloc = std::allocator<Interest<std_msgs::msg::Float32_<std::allocator<void> > > >; std::__cxx11::list<_Tp, _Alloc>::_Node = std::_List_node<Interest<std_msgs::msg::Float32_<std::allocator<void> > > >][m[Kâ€™
[1.308s] [01m[K/usr/include/c++/7/bits/stl_list.h:1801:32:[m[K   required from â€˜[01m[Kvoid std::__cxx11::list<_Tp, _Alloc>::_M_insert(std::__cxx11::list<_Tp, _Alloc>::iterator, _Args&& ...) [with _Args = {const Interest<std_msgs::msg::Float32_<std::allocator<void> > >&}; _Tp = Interest<std_msgs::msg::Float32_<std::allocator<void> > >; _Alloc = std::allocator<Interest<std_msgs::msg::Float32_<std::allocator<void> > > >; std::__cxx11::list<_Tp, _Alloc>::iterator = std::_List_iterator<Interest<std_msgs::msg::Float32_<std::allocator<void> > > >][m[Kâ€™
[1.308s] [01m[K/usr/include/c++/7/bits/stl_list.h:1068:9:[m[K   required from â€˜[01m[Kvoid std::__cxx11::list<_Tp, _Alloc>::push_front(const value_type&) [with _Tp = Interest<std_msgs::msg::Float32_<std::allocator<void> > >; _Alloc = std::allocator<Interest<std_msgs::msg::Float32_<std::allocator<void> > > >; std::__cxx11::list<_Tp, _Alloc>::value_type = Interest<std_msgs::msg::Float32_<std::allocator<void> > >][m[Kâ€™
[1.309s] [01m[K/home/matheuswagner/repos/adaptive-cubesat-adcs/cubesat-simulation/src/smartdata_test/src/smartdata_test.cpp:37:37:[m[K   required from here
[1.309s] [01m[K/usr/include/c++/7/ext/new_allocator.h:136:4:[m[K [01;31m[Kerror: [m[Kuse of deleted function â€˜[01m[KInterest<std_msgs::msg::Float32_<std::allocator<void> > >::Interest(const Interest<std_msgs::msg::Float32_<std::allocator<void> > >&)[m[Kâ€™
[1.309s]   { [01;31m[K::new((void *)__p) _Up(std::forward<_Args>(__args)...)[m[K; }
[1.309s]     [01;31m[K^~~~~~~~~~~~~~~~~~~~~~~~~~~~~~~~~~~~~~~~~~~~~~~~~~~~~~[m[K
[1.309s] In file included from [01m[K/home/matheuswagner/repos/adaptive-cubesat-adcs/cubesat-simulation/src/smartdata_test/src/smartdata_test.cpp:1:0[m[K:
[1.309s] [01m[K/home/matheuswagner/repos/adaptive-cubesat-adcs/cubesat-simulation/src/smartdata_test/src/../../../include/responsiveSmartData.h:10:7:[m[K [01;36m[Knote: [m[Kâ€˜[01m[KInterest<std_msgs::msg::Float32_<std::allocator<void> > >::Interest(const Interest<std_msgs::msg::Float32_<std::allocator<void> > >&)[m[Kâ€™ is implicitly deleted because the default definition would be ill-formed:
[1.310s]  class [01;36m[KInterest[m[K :  public rclcpp::Node
[1.310s]        [01;36m[K^~~~~~~~[m[K
[1.310s] [01m[K/home/matheuswagner/repos/adaptive-cubesat-adcs/cubesat-simulation/src/smartdata_test/src/../../../include/responsiveSmartData.h:10:7:[m[K [01;31m[Kerror: [m[Kâ€˜[01m[Krclcpp::Node::Node(const rclcpp::Node&)[m[Kâ€™ is private within this context
[1.310s] In file included from [01m[K/home/matheuswagner/ros2_dashing/ros2-linux/include/rclcpp/context.hpp:33:0[m[K,
[1.310s]                  from [01m[K/home/matheuswagner/ros2_dashing/ros2-linux/include/rclcpp/contexts/default_context.hpp:18[m[K,
[1.310s]                  from [01m[K/home/matheuswagner/ros2_dashing/ros2-linux/include/rclcpp/executor.hpp:32[m[K,
[1.310s]                  from [01m[K/home/matheuswagner/ros2_dashing/ros2-linux/include/rclcpp/executors/multi_threaded_executor.hpp:24[m[K,
[1.310s]                  from [01m[K/home/matheuswagner/ros2_dashing/ros2-linux/include/rclcpp/executors.hpp:21[m[K,
[1.310s]                  from [01m[K/home/matheuswagner/ros2_dashing/ros2-linux/include/rclcpp/rclcpp.hpp:144[m[K,
[1.311s]                  from [01m[K/home/matheuswagner/repos/adaptive-cubesat-adcs/cubesat-simulation/src/smartdata_test/src/../../../include/responsiveSmartData.h:7[m[K,
[1.311s]                  from [01m[K/home/matheuswagner/repos/adaptive-cubesat-adcs/cubesat-simulation/src/smartdata_test/src/smartdata_test.cpp:1[m[K:
[1.311s] [01m[K/home/matheuswagner/ros2_dashing/ros2-linux/include/rclcpp/node.hpp:1193:23:[m[K [01;36m[Knote: [m[Kdeclared private here
[1.311s]    RCLCPP_DISABLE_COPY([01;36m[KN[m[Kode)
[1.311s]                        [01;36m[K^[m[K
[1.311s] [01m[K/home/matheuswagner/ros2_dashing/ros2-linux/include/rclcpp/macros.hpp:27:3:[m[K [01;36m[Knote: [m[Kin definition of macro â€˜[01m[KRCLCPP_DISABLE_COPY[m[Kâ€™
[1.311s]    [01;36m[K__VA_ARGS__[m[K(const __VA_ARGS__ &) = delete; \
[1.311s]    [01;36m[K^~~~~~~~~~~[m[K
[1.312s] In file included from [01m[K/home/matheuswagner/repos/adaptive-cubesat-adcs/cubesat-simulation/src/smartdata_test/src/smartdata_test.cpp:1:0[m[K:
[1.312s] [01m[K/home/matheuswagner/repos/adaptive-cubesat-adcs/cubesat-simulation/src/smartdata_test/src/../../../include/responsiveSmartData.h:10:7:[m[K [01;31m[Kerror: [m[Kuse of deleted function â€˜[01m[Krclcpp::Node::Node(const rclcpp::Node&)[m[Kâ€™
[1.312s]  class [01;31m[KInterest[m[K :  public rclcpp::Node
[1.312s]        [01;31m[K^~~~~~~~[m[K
[1.312s] In file included from [01m[K/home/matheuswagner/ros2_dashing/ros2-linux/include/rclcpp/context.hpp:33:0[m[K,
[1.312s]                  from [01m[K/home/matheuswagner/ros2_dashing/ros2-linux/include/rclcpp/contexts/default_context.hpp:18[m[K,
[1.312s]                  from [01m[K/home/matheuswagner/ros2_dashing/ros2-linux/include/rclcpp/executor.hpp:32[m[K,
[1.312s]                  from [01m[K/home/matheuswagner/ros2_dashing/ros2-linux/include/rclcpp/executors/multi_threaded_executor.hpp:24[m[K,
[1.312s]                  from [01m[K/home/matheuswagner/ros2_dashing/ros2-linux/include/rclcpp/executors.hpp:21[m[K,
[1.312s]                  from [01m[K/home/matheuswagner/ros2_dashing/ros2-linux/include/rclcpp/rclcpp.hpp:144[m[K,
[1.313s]                  from [01m[K/home/matheuswagner/repos/adaptive-cubesat-adcs/cubesat-simulation/src/smartdata_test/src/../../../include/responsiveSmartData.h:7[m[K,
[1.313s]                  from [01m[K/home/matheuswagner/repos/adaptive-cubesat-adcs/cubesat-simulation/src/smartdata_test/src/smartdata_test.cpp:1[m[K:
[1.313s] [01m[K/home/matheuswagner/ros2_dashing/ros2-linux/include/rclcpp/node.hpp:1193:23:[m[K [01;36m[Knote: [m[Kdeclared here
[1.313s]    RCLCPP_DISABLE_COPY([01;36m[KN[m[Kode)
[1.313s]                        [01;36m[K^[m[K
[1.313s] [01m[K/home/matheuswagner/ros2_dashing/ros2-linux/include/rclcpp/macros.hpp:27:3:[m[K [01;36m[Knote: [m[Kin definition of macro â€˜[01m[KRCLCPP_DISABLE_COPY[m[Kâ€™
[1.313s]    [01;36m[K__VA_ARGS__[m[K(const __VA_ARGS__ &) = delete; \
[1.313s]    [01;36m[K^~~~~~~~~~~[m[K
[1.350s] CMakeFiles/smartdata_test.dir/build.make:81: recipe for target 'CMakeFiles/smartdata_test.dir/src/smartdata_test.cpp.o' failed
[1.350s] make[2]: *** [CMakeFiles/smartdata_test.dir/src/smartdata_test.cpp.o] Error 1
[1.350s] CMakeFiles/Makefile2:95: recipe for target 'CMakeFiles/smartdata_test.dir/all' failed
[1.351s] make[1]: *** [CMakeFiles/smartdata_test.dir/all] Error 2
[1.351s] make: *** [all] Error 2
[1.351s] Makefile:159: recipe for target 'all' failed
[1.352s] Invoked command in '/home/matheuswagner/repos/adaptive-cubesat-adcs/cubesat-simulation/src/build/smartdata_test' returned '2': CMAKE_PREFIX_PATH=${CMAKE_PREFIX_PATH}:/opt/ros/dashing /usr/local/bin/cmake --build /home/matheuswagner/repos/adaptive-cubesat-adcs/cubesat-simulation/src/build/smartdata_test -- -j8 -l8
