[0.051s] Invoking command in '/home/matheuswagner/repos/adaptive-cubesat-adcs/cubesat-simulation/src/build/smartdata_test': CMAKE_PREFIX_PATH=${CMAKE_PREFIX_PATH}:/opt/ros/dashing /usr/local/bin/cmake --build /home/matheuswagner/repos/adaptive-cubesat-adcs/cubesat-simulation/src/build/smartdata_test -- -j8 -l8
[0.079s] [35m[1mScanning dependencies of target smartdata_test[0m
[0.095s] [ 50%] [32mBuilding CXX object CMakeFiles/smartdata_test.dir/src/smartdata_test.cpp.o[0m
[1.338s] [01m[K/home/matheuswagner/repos/adaptive-cubesat-adcs/cubesat-simulation/src/smartdata_test/src/smartdata_test.cpp:[m[K In function â€˜[01m[Kint main(int, char**)[m[Kâ€™:
[1.338s] [01m[K/home/matheuswagner/repos/adaptive-cubesat-adcs/cubesat-simulation/src/smartdata_test/src/smartdata_test.cpp:35:57:[m[K [01;31m[Kerror: [m[Kno matching function for call to â€˜[01m[KInterest<std_msgs::msg::Float32_<std::allocator<void> > >::Interest(int, const char [5])[m[Kâ€™
[1.338s]      Interest<std_msgs::msg::Float32> interest(100,"test"[01;31m[K)[m[K;
[1.338s]                                                          [01;31m[K^[m[K
[1.338s] In file included from [01m[K/home/matheuswagner/repos/adaptive-cubesat-adcs/cubesat-simulation/src/smartdata_test/src/smartdata_test.cpp:1:0[m[K:
[1.339s] [01m[K/home/matheuswagner/repos/adaptive-cubesat-adcs/cubesat-simulation/src/smartdata_test/src/../../../include/responsiveSmartData.h:20:9:[m[K [01;36m[Knote: [m[Kcandidate: Interest<Message>::Interest() [with Message = std_msgs::msg::Float32_<std::allocator<void> >]
[1.339s]          [01;36m[KInterest[m[K() : Node("topicIdentifier")
[1.339s]          [01;36m[K^~~~~~~~[m[K
[1.339s] [01m[K/home/matheuswagner/repos/adaptive-cubesat-adcs/cubesat-simulation/src/smartdata_test/src/../../../include/responsiveSmartData.h:20:9:[m[K [01;36m[Knote: [m[K  candidate expects 0 arguments, 2 provided
[1.339s] [01m[K/home/matheuswagner/repos/adaptive-cubesat-adcs/cubesat-simulation/src/smartdata_test/src/smartdata_test.cpp:33:14:[m[K [01;35m[Kwarning: [m[Kunused parameter â€˜[01m[Kargc[m[Kâ€™ [[01;35m[K-Wunused-parameter[m[K]
[1.339s]  int main(int [01;35m[Kargc[m[K, char * argv[])
[1.339s]               [01;35m[K^~~~[m[K
[1.339s] [01m[K/home/matheuswagner/repos/adaptive-cubesat-adcs/cubesat-simulation/src/smartdata_test/src/smartdata_test.cpp:33:32:[m[K [01;35m[Kwarning: [m[Kunused parameter â€˜[01m[Kargv[m[Kâ€™ [[01;35m[K-Wunused-parameter[m[K]
[1.339s]  int main(int argc, char * argv[[01;35m[K][m[K)
[1.339s]                                 [01;35m[K^[m[K
[1.504s] CMakeFiles/smartdata_test.dir/build.make:81: recipe for target 'CMakeFiles/smartdata_test.dir/src/smartdata_test.cpp.o' failed
[1.504s] make[2]: *** [CMakeFiles/smartdata_test.dir/src/smartdata_test.cpp.o] Error 1
[1.504s] CMakeFiles/Makefile2:95: recipe for target 'CMakeFiles/smartdata_test.dir/all' failed
[1.504s] make[1]: *** [CMakeFiles/smartdata_test.dir/all] Error 2
[1.505s] Makefile:159: recipe for target 'all' failed
[1.505s] make: *** [all] Error 2
[1.506s] Invoked command in '/home/matheuswagner/repos/adaptive-cubesat-adcs/cubesat-simulation/src/build/smartdata_test' returned '2': CMAKE_PREFIX_PATH=${CMAKE_PREFIX_PATH}:/opt/ros/dashing /usr/local/bin/cmake --build /home/matheuswagner/repos/adaptive-cubesat-adcs/cubesat-simulation/src/build/smartdata_test -- -j8 -l8
