[01m[K/home/matheuswagner/repos/adaptive-cubesat-adcs/cubesat-simulation/src/smartdata_test/src/remote_smartdata_test.cpp:[m[K In function â€˜[01m[Kint main(int, char**)[m[Kâ€™:
[01m[K/home/matheuswagner/repos/adaptive-cubesat-adcs/cubesat-simulation/src/smartdata_test/src/remote_smartdata_test.cpp:61:25:[m[K [01;31m[Kerror: [m[Ktemplate argument 1 is invalid
     std::list<*SmartData[01;31m[K>[m[K inputData;
                         [01;31m[K^[m[K
[01m[K/home/matheuswagner/repos/adaptive-cubesat-adcs/cubesat-simulation/src/smartdata_test/src/remote_smartdata_test.cpp:61:25:[m[K [01;31m[Kerror: [m[Ktemplate argument 2 is invalid
[01m[K/home/matheuswagner/repos/adaptive-cubesat-adcs/cubesat-simulation/src/smartdata_test/src/remote_smartdata_test.cpp:62:25:[m[K [01;31m[Kerror: [m[Ktemplate argument 1 is invalid
     std::list<*SmartData[01;31m[K>[m[K outputData;
                         [01;31m[K^[m[K
[01m[K/home/matheuswagner/repos/adaptive-cubesat-adcs/cubesat-simulation/src/smartdata_test/src/remote_smartdata_test.cpp:62:25:[m[K [01;31m[Kerror: [m[Ktemplate argument 2 is invalid
[01m[K/home/matheuswagner/repos/adaptive-cubesat-adcs/cubesat-simulation/src/smartdata_test/src/remote_smartdata_test.cpp:67:15:[m[K [01;31m[Kerror: [m[Krequest for member â€˜[01m[Kpush_front[m[Kâ€™ in â€˜[01m[KinputData[m[Kâ€™, which is of non-class type â€˜[01m[Kint[m[Kâ€™
     inputData.[01;31m[Kpush_front[m[K(sensor);
               [01;31m[K^~~~~~~~~~[m[K
[01m[K/home/matheuswagner/repos/adaptive-cubesat-adcs/cubesat-simulation/src/smartdata_test/src/remote_smartdata_test.cpp:68:16:[m[K [01;31m[Kerror: [m[Krequest for member â€˜[01m[Kpush_front[m[Kâ€™ in â€˜[01m[KoutputData[m[Kâ€™, which is of non-class type â€˜[01m[Kint[m[Kâ€™
     outputData.[01;31m[Kpush_front[m[K(actuator);
                [01;31m[K^~~~~~~~~~[m[K
[01m[K/home/matheuswagner/repos/adaptive-cubesat-adcs/cubesat-simulation/src/smartdata_test/src/remote_smartdata_test.cpp:70:126:[m[K [01;31m[Kerror: [m[Ktemplate argument 1 is invalid
     auto transformation = std::make_shared<TransformerSmartData<Dummy_Transformation<1,float,SmartData,SmartData>,std::list<*[01;31m[KSmartData[m[K>>>(1000,"testing_actuator",new Coordinates(0,0,0),&inputData,&outputData);
                                                                                                                              [01;31m[K^~~~~~~~~[m[K
[01m[K/home/matheuswagner/repos/adaptive-cubesat-adcs/cubesat-simulation/src/smartdata_test/src/remote_smartdata_test.cpp:70:126:[m[K [01;31m[Kerror: [m[Ktemplate argument 2 is invalid
[01m[K/home/matheuswagner/repos/adaptive-cubesat-adcs/cubesat-simulation/src/smartdata_test/src/remote_smartdata_test.cpp:70:135:[m[K [01;31m[Kerror: [m[Ktemplate argument 2 is invalid
     auto transformation = std::make_shared<TransformerSmartData<Dummy_Transformation<1,float,SmartData,SmartData>,std::list<*SmartData[01;31m[K>>[m[K>(1000,"testing_actuator",new Coordinates(0,0,0),&inputData,&outputData);
                                                                                                                                       [01;31m[K^~[m[K
[01m[K/home/matheuswagner/repos/adaptive-cubesat-adcs/cubesat-simulation/src/smartdata_test/src/remote_smartdata_test.cpp:70:208:[m[K [01;31m[Kerror: [m[Kno matching function for call to â€˜[01m[Kmake_shared<<expression error> >(int, const char [17], Coordinates*, int*, int*)[m[Kâ€™
 on = std::make_shared<TransformerSmartData<Dummy_Transformation<1,float,SmartData,SmartData>,std::list<*SmartData>>>(1000,"testing_actuator",new Coordinates(0,0,0),&inputData,&outputData[01;31m[K)[m[K;
                                                                                                                                                                                           [01;31m[K^[m[K
In file included from [01m[K/usr/include/c++/7/memory:81:0[m[K,
                 from [01m[K/home/matheuswagner/ros2_dashing/ros2-linux/include/rclcpp/rclcpp.hpp:142[m[K,
                 from [01m[K/home/matheuswagner/repos/adaptive-cubesat-adcs/cubesat-simulation/src/smartdata_test/src/../../../include/transformerSmartdata.h:7[m[K,
                 from [01m[K/home/matheuswagner/repos/adaptive-cubesat-adcs/cubesat-simulation/src/smartdata_test/src/../../../include/responsiveSmartdata.h:5[m[K,
                 from [01m[K/home/matheuswagner/repos/adaptive-cubesat-adcs/cubesat-simulation/src/smartdata_test/src/remote_smartdata_test.cpp:1[m[K:
[01m[K/usr/include/c++/7/bits/shared_ptr.h:703:5:[m[K [01;36m[Knote: [m[Kcandidate: template<class _Tp, class ... _Args> std::shared_ptr<_Tp> std::make_shared(_Args&& ...)
     [01;36m[Kmake_shared[m[K(_Args&&... __args)
     [01;36m[K^~~~~~~~~~~[m[K
[01m[K/usr/include/c++/7/bits/shared_ptr.h:703:5:[m[K [01;36m[Knote: [m[K  template argument deduction/substitution failed:
[01m[K/home/matheuswagner/repos/adaptive-cubesat-adcs/cubesat-simulation/src/smartdata_test/src/remote_smartdata_test.cpp:70:208:[m[K [01;31m[Kerror: [m[Ktemplate argument 1 is invalid
 on = std::make_shared<TransformerSmartData<Dummy_Transformation<1,float,SmartData,SmartData>,std::list<*SmartData>>>(1000,"testing_actuator",new Coordinates(0,0,0),&inputData,&outputData[01;31m[K)[m[K;
                                                                                                                                                                                           [01;31m[K^[m[K
In file included from [01m[K/home/matheuswagner/repos/adaptive-cubesat-adcs/cubesat-simulation/src/smartdata_test/src/remote_smartdata_test.cpp:4:0[m[K:
/home/matheuswagner/repos/adaptive-cubesat-adcs/cubesat-simulation/src/smartdata_test/src/../../../include/transducer.h: In instantiation of â€˜[01m[Kvoid Transducer<_UNIT, Value>::actuate(const Value&) [with long unsigned int _UNIT = 1; Value = float][m[Kâ€™:
[01m[K/home/matheuswagner/repos/adaptive-cubesat-adcs/cubesat-simulation/src/smartdata_test/src/remote_smartdata_test.cpp:85:1:[m[K   required from here
[01m[K/home/matheuswagner/repos/adaptive-cubesat-adcs/cubesat-simulation/src/smartdata_test/src/../../../include/transducer.h:18:43:[m[K [01;35m[Kwarning: [m[Kunused parameter â€˜[01m[Kvalue[m[Kâ€™ [[01;35m[K-Wunused-parameter[m[K]
         virtual void actuate(const Value &[01;35m[Kvalue[m[K){}
                                           [01;35m[K^~~~~[m[K
make[2]: *** [CMakeFiles/remote_smartdata_test.dir/src/remote_smartdata_test.cpp.o] Error 1
make[1]: *** [CMakeFiles/remote_smartdata_test.dir/all] Error 2
make: *** [all] Error 2
