[0.067s] Invoking command in '/home/matheuswagner/repos/adaptive-cubesat-adcs/cubesat-simulation/build/smartdata_test': CMAKE_PREFIX_PATH=${CMAKE_PREFIX_PATH}:/home/matheuswagner/repos/adaptive-cubesat-adcs/cubesat-simulation/install/cubesat_description:/opt/ros/dashing /usr/local/bin/cmake --build /home/matheuswagner/repos/adaptive-cubesat-adcs/cubesat-simulation/build/smartdata_test -- -j8 -l8
[0.096s] [ 50%] Built target smartdata_test
[0.103s] [35m[1mScanning dependencies of target remote_smartdata_test[0m
[0.116s] [ 75%] [32mBuilding CXX object CMakeFiles/remote_smartdata_test.dir/src/remote_smartdata_test.cpp.o[0m
[1.174s] [01m[K/home/matheuswagner/repos/adaptive-cubesat-adcs/cubesat-simulation/src/smartdata_test/src/remote_smartdata_test.cpp:[m[K In function â€˜[01m[Kint main(int, char**)[m[Kâ€™:
[1.174s] [01m[K/home/matheuswagner/repos/adaptive-cubesat-adcs/cubesat-simulation/src/smartdata_test/src/remote_smartdata_test.cpp:61:25:[m[K [01;31m[Kerror: [m[Ktemplate argument 1 is invalid
[1.175s]      std::list<*SmartData[01;31m[K>[m[K inputData;
[1.175s]                          [01;31m[K^[m[K
[1.175s] [01m[K/home/matheuswagner/repos/adaptive-cubesat-adcs/cubesat-simulation/src/smartdata_test/src/remote_smartdata_test.cpp:61:25:[m[K [01;31m[Kerror: [m[Ktemplate argument 2 is invalid
[1.175s] [01m[K/home/matheuswagner/repos/adaptive-cubesat-adcs/cubesat-simulation/src/smartdata_test/src/remote_smartdata_test.cpp:62:25:[m[K [01;31m[Kerror: [m[Ktemplate argument 1 is invalid
[1.175s]      std::list<*SmartData[01;31m[K>[m[K outputData;
[1.175s]                          [01;31m[K^[m[K
[1.175s] [01m[K/home/matheuswagner/repos/adaptive-cubesat-adcs/cubesat-simulation/src/smartdata_test/src/remote_smartdata_test.cpp:62:25:[m[K [01;31m[Kerror: [m[Ktemplate argument 2 is invalid
[1.179s] [01m[K/home/matheuswagner/repos/adaptive-cubesat-adcs/cubesat-simulation/src/smartdata_test/src/remote_smartdata_test.cpp:67:15:[m[K [01;31m[Kerror: [m[Krequest for member â€˜[01m[Kpush_front[m[Kâ€™ in â€˜[01m[KinputData[m[Kâ€™, which is of non-class type â€˜[01m[Kint[m[Kâ€™
[1.179s]      inputData.[01;31m[Kpush_front[m[K(sensor);
[1.179s]                [01;31m[K^~~~~~~~~~[m[K
[1.180s] [01m[K/home/matheuswagner/repos/adaptive-cubesat-adcs/cubesat-simulation/src/smartdata_test/src/remote_smartdata_test.cpp:68:16:[m[K [01;31m[Kerror: [m[Krequest for member â€˜[01m[Kpush_front[m[Kâ€™ in â€˜[01m[KoutputData[m[Kâ€™, which is of non-class type â€˜[01m[Kint[m[Kâ€™
[1.180s]      outputData.[01;31m[Kpush_front[m[K(actuator);
[1.180s]                 [01;31m[K^~~~~~~~~~[m[K
[1.180s] [01m[K/home/matheuswagner/repos/adaptive-cubesat-adcs/cubesat-simulation/src/smartdata_test/src/remote_smartdata_test.cpp:70:126:[m[K [01;31m[Kerror: [m[Ktemplate argument 1 is invalid
[1.180s]      auto transformation = std::make_shared<TransformerSmartData<Dummy_Transformation<1,float,SmartData,SmartData>,std::list<*[01;31m[KSmartData[m[K>>>(1000,"testing_actuator",new Coordinates(0,0,0),&inputData,&outputData);
[1.180s]                                                                                                                               [01;31m[K^~~~~~~~~[m[K
[1.180s] [01m[K/home/matheuswagner/repos/adaptive-cubesat-adcs/cubesat-simulation/src/smartdata_test/src/remote_smartdata_test.cpp:70:126:[m[K [01;31m[Kerror: [m[Ktemplate argument 2 is invalid
[1.180s] [01m[K/home/matheuswagner/repos/adaptive-cubesat-adcs/cubesat-simulation/src/smartdata_test/src/remote_smartdata_test.cpp:70:135:[m[K [01;31m[Kerror: [m[Ktemplate argument 2 is invalid
[1.181s]      auto transformation = std::make_shared<TransformerSmartData<Dummy_Transformation<1,float,SmartData,SmartData>,std::list<*SmartData[01;31m[K>>[m[K>(1000,"testing_actuator",new Coordinates(0,0,0),&inputData,&outputData);
[1.181s]                                                                                                                                        [01;31m[K^~[m[K
[1.181s] [01m[K/home/matheuswagner/repos/adaptive-cubesat-adcs/cubesat-simulation/src/smartdata_test/src/remote_smartdata_test.cpp:70:208:[m[K [01;31m[Kerror: [m[Kno matching function for call to â€˜[01m[Kmake_shared<<expression error> >(int, const char [17], Coordinates*, int*, int*)[m[Kâ€™
[1.181s]  on = std::make_shared<TransformerSmartData<Dummy_Transformation<1,float,SmartData,SmartData>,std::list<*SmartData>>>(1000,"testing_actuator",new Coordinates(0,0,0),&inputData,&outputData[01;31m[K)[m[K;
[1.181s]                                                                                                                                                                                            [01;31m[K^[m[K
[1.181s] In file included from [01m[K/usr/include/c++/7/memory:81:0[m[K,
[1.181s]                  from [01m[K/home/matheuswagner/ros2_dashing/ros2-linux/include/rclcpp/rclcpp.hpp:142[m[K,
[1.181s]                  from [01m[K/home/matheuswagner/repos/adaptive-cubesat-adcs/cubesat-simulation/src/smartdata_test/src/../../../include/transformerSmartdata.h:7[m[K,
[1.182s]                  from [01m[K/home/matheuswagner/repos/adaptive-cubesat-adcs/cubesat-simulation/src/smartdata_test/src/../../../include/responsiveSmartdata.h:5[m[K,
[1.182s]                  from [01m[K/home/matheuswagner/repos/adaptive-cubesat-adcs/cubesat-simulation/src/smartdata_test/src/remote_smartdata_test.cpp:1[m[K:
[1.182s] [01m[K/usr/include/c++/7/bits/shared_ptr.h:703:5:[m[K [01;36m[Knote: [m[Kcandidate: template<class _Tp, class ... _Args> std::shared_ptr<_Tp> std::make_shared(_Args&& ...)
[1.182s]      [01;36m[Kmake_shared[m[K(_Args&&... __args)
[1.182s]      [01;36m[K^~~~~~~~~~~[m[K
[1.182s] [01m[K/usr/include/c++/7/bits/shared_ptr.h:703:5:[m[K [01;36m[Knote: [m[K  template argument deduction/substitution failed:
[1.182s] [01m[K/home/matheuswagner/repos/adaptive-cubesat-adcs/cubesat-simulation/src/smartdata_test/src/remote_smartdata_test.cpp:70:208:[m[K [01;31m[Kerror: [m[Ktemplate argument 1 is invalid
[1.182s]  on = std::make_shared<TransformerSmartData<Dummy_Transformation<1,float,SmartData,SmartData>,std::list<*SmartData>>>(1000,"testing_actuator",new Coordinates(0,0,0),&inputData,&outputData[01;31m[K)[m[K;
[1.183s]                                                                                                                                                                                            [01;31m[K^[m[K
[1.907s] In file included from [01m[K/home/matheuswagner/repos/adaptive-cubesat-adcs/cubesat-simulation/src/smartdata_test/src/remote_smartdata_test.cpp:4:0[m[K:
[1.908s] /home/matheuswagner/repos/adaptive-cubesat-adcs/cubesat-simulation/src/smartdata_test/src/../../../include/transducer.h: In instantiation of â€˜[01m[Kvoid Transducer<_UNIT, Value>::actuate(const Value&) [with long unsigned int _UNIT = 1; Value = float][m[Kâ€™:
[1.908s] [01m[K/home/matheuswagner/repos/adaptive-cubesat-adcs/cubesat-simulation/src/smartdata_test/src/remote_smartdata_test.cpp:85:1:[m[K   required from here
[1.908s] [01m[K/home/matheuswagner/repos/adaptive-cubesat-adcs/cubesat-simulation/src/smartdata_test/src/../../../include/transducer.h:18:43:[m[K [01;35m[Kwarning: [m[Kunused parameter â€˜[01m[Kvalue[m[Kâ€™ [[01;35m[K-Wunused-parameter[m[K]
[1.908s]          virtual void actuate(const Value &[01;35m[Kvalue[m[K){}
[1.908s]                                            [01;35m[K^~~~~[m[K
[2.072s] CMakeFiles/remote_smartdata_test.dir/build.make:81: recipe for target 'CMakeFiles/remote_smartdata_test.dir/src/remote_smartdata_test.cpp.o' failed
[2.072s] make[2]: *** [CMakeFiles/remote_smartdata_test.dir/src/remote_smartdata_test.cpp.o] Error 1
[2.072s] CMakeFiles/Makefile2:151: recipe for target 'CMakeFiles/remote_smartdata_test.dir/all' failed
[2.072s] make[1]: *** [CMakeFiles/remote_smartdata_test.dir/all] Error 2
[2.072s] make: *** [all] Error 2
[2.072s] Makefile:159: recipe for target 'all' failed
[2.073s] Invoked command in '/home/matheuswagner/repos/adaptive-cubesat-adcs/cubesat-simulation/build/smartdata_test' returned '2': CMAKE_PREFIX_PATH=${CMAKE_PREFIX_PATH}:/home/matheuswagner/repos/adaptive-cubesat-adcs/cubesat-simulation/install/cubesat_description:/opt/ros/dashing /usr/local/bin/cmake --build /home/matheuswagner/repos/adaptive-cubesat-adcs/cubesat-simulation/build/smartdata_test -- -j8 -l8
