[0.066s] Invoking command in '/home/matheuswagner/repos/adaptive-cubesat-adcs/cubesat-simulation/build/smartdata_test': CMAKE_PREFIX_PATH=${CMAKE_PREFIX_PATH}:/home/matheuswagner/repos/adaptive-cubesat-adcs/cubesat-simulation/install/cubesat_description:/opt/ros/dashing /usr/local/bin/cmake --build /home/matheuswagner/repos/adaptive-cubesat-adcs/cubesat-simulation/build/smartdata_test -- -j8 -l8
[0.100s] [ 50%] Built target smartdata_test
[0.108s] [35m[1mScanning dependencies of target remote_smartdata_test[0m
[0.122s] [ 75%] [32mBuilding CXX object CMakeFiles/remote_smartdata_test.dir/src/remote_smartdata_test.cpp.o[0m
[1.447s] In file included from [01m[K/home/matheuswagner/repos/adaptive-cubesat-adcs/cubesat-simulation/src/smartdata_test/src/remote_smartdata_test.cpp:3:0[m[K:
[1.447s] [01m[K/home/matheuswagner/repos/adaptive-cubesat-adcs/cubesat-simulation/src/smartdata_test/src/../../../include/transformerSmartdata.h:20:28:[m[K [01;31m[Kerror: [m[Ktype/value mismatch at argument 1 in template parameter list for â€˜[01m[Ktemplate<class _Tp, class _Alloc> class std::__cxx11::list[m[Kâ€™
[1.448s]          std::list<SmartData[01;31m[K>[m[K* inputSmartData;
[1.448s]                             [01;31m[K^[m[K
[1.448s] [01m[K/home/matheuswagner/repos/adaptive-cubesat-adcs/cubesat-simulation/src/smartdata_test/src/../../../include/transformerSmartdata.h:20:28:[m[K [01;36m[Knote: [m[K  expected a type, got â€˜[01m[KSmartData[m[Kâ€™
[1.448s] [01m[K/home/matheuswagner/repos/adaptive-cubesat-adcs/cubesat-simulation/src/smartdata_test/src/../../../include/transformerSmartdata.h:20:28:[m[K [01;31m[Kerror: [m[Ktemplate argument 2 is invalid
[1.448s] [01m[K/home/matheuswagner/repos/adaptive-cubesat-adcs/cubesat-simulation/src/smartdata_test/src/../../../include/transformerSmartdata.h:21:28:[m[K [01;31m[Kerror: [m[Ktype/value mismatch at argument 1 in template parameter list for â€˜[01m[Ktemplate<class _Tp, class _Alloc> class std::__cxx11::list[m[Kâ€™
[1.449s]          std::list<SmartData[01;31m[K>[m[K* outputSmartData;
[1.449s]                             [01;31m[K^[m[K
[1.449s] [01m[K/home/matheuswagner/repos/adaptive-cubesat-adcs/cubesat-simulation/src/smartdata_test/src/../../../include/transformerSmartdata.h:21:28:[m[K [01;36m[Knote: [m[K  expected a type, got â€˜[01m[KSmartData[m[Kâ€™
[1.449s] [01m[K/home/matheuswagner/repos/adaptive-cubesat-adcs/cubesat-simulation/src/smartdata_test/src/../../../include/transformerSmartdata.h:21:28:[m[K [01;31m[Kerror: [m[Ktemplate argument 2 is invalid
[1.449s] [01m[K/home/matheuswagner/repos/adaptive-cubesat-adcs/cubesat-simulation/src/smartdata_test/src/../../../include/transformerSmartdata.h:26:24:[m[K [01;31m[Kerror: [m[Kexpected unqualified-id before â€˜[01m[Kint[m[Kâ€™
[1.449s]          Transformation([01;31m[Kint[m[K period, std::string nodeName, Coordinates* location, std::list<SmartData>* inputSmartData, std::list<SmartData>* outputSmartData) : Node(nodeName)
[1.450s]                         [01;31m[K^~~[m[K
[1.450s] [01m[K/home/matheuswagner/repos/adaptive-cubesat-adcs/cubesat-simulation/src/smartdata_test/src/../../../include/transformerSmartdata.h:26:24:[m[K [01;31m[Kerror: [m[Kexpected â€˜[01m[K)[m[Kâ€™ before â€˜[01m[Kint[m[Kâ€™
[1.450s] [01m[K/home/matheuswagner/repos/adaptive-cubesat-adcs/cubesat-simulation/src/smartdata_test/src/remote_smartdata_test.cpp:42:39:[m[K [01;31m[Kerror: [m[Ktype/value mismatch at argument 1 in template parameter list for â€˜[01m[Ktemplate<class _Tp, class _Alloc> class std::__cxx11::list[m[Kâ€™
[1.451s]      void transform(std::list<SmartData[01;31m[K>[m[K* inputData, std::list<SmartData>* outputData)
[1.451s]                                        [01;31m[K^[m[K
[1.451s] [01m[K/home/matheuswagner/repos/adaptive-cubesat-adcs/cubesat-simulation/src/smartdata_test/src/remote_smartdata_test.cpp:42:39:[m[K [01;36m[Knote: [m[K  expected a type, got â€˜[01m[KSmartData[m[Kâ€™
[1.451s] [01m[K/home/matheuswagner/repos/adaptive-cubesat-adcs/cubesat-simulation/src/smartdata_test/src/remote_smartdata_test.cpp:42:39:[m[K [01;31m[Kerror: [m[Ktemplate argument 2 is invalid
[1.452s] [01m[K/home/matheuswagner/repos/adaptive-cubesat-adcs/cubesat-simulation/src/smartdata_test/src/remote_smartdata_test.cpp:42:72:[m[K [01;31m[Kerror: [m[Ktype/value mismatch at argument 1 in template parameter list for â€˜[01m[Ktemplate<class _Tp, class _Alloc> class std::__cxx11::list[m[Kâ€™
[1.452s]      void transform(std::list<SmartData>* inputData, std::list<SmartData[01;31m[K>[m[K* outputData)
[1.452s]                                                                         [01;31m[K^[m[K
[1.452s] [01m[K/home/matheuswagner/repos/adaptive-cubesat-adcs/cubesat-simulation/src/smartdata_test/src/remote_smartdata_test.cpp:42:72:[m[K [01;36m[Knote: [m[K  expected a type, got â€˜[01m[KSmartData[m[Kâ€™
[1.452s] [01m[K/home/matheuswagner/repos/adaptive-cubesat-adcs/cubesat-simulation/src/smartdata_test/src/remote_smartdata_test.cpp:42:72:[m[K [01;31m[Kerror: [m[Ktemplate argument 2 is invalid
[1.452s] [01m[K/home/matheuswagner/repos/adaptive-cubesat-adcs/cubesat-simulation/src/smartdata_test/src/remote_smartdata_test.cpp:[m[K In member function â€˜[01m[Kvoid Dummy_Transformation<UNIT, Value>::transform(int*, int*)[m[Kâ€™:
[1.453s] [01m[K/home/matheuswagner/repos/adaptive-cubesat-adcs/cubesat-simulation/src/smartdata_test/src/remote_smartdata_test.cpp:45:32:[m[K [01;31m[Kerror: [m[Ktype/value mismatch at argument 1 in template parameter list for â€˜[01m[Ktemplate<class _Tp, class _Alloc> class std::__cxx11::list[m[Kâ€™
[1.453s]          for(std::list<SmartData[01;31m[K>[m[K::iterator it=inputData->beign(); it != inputData->end(); ++it)
[1.453s]                                 [01;31m[K^[m[K
[1.453s] [01m[K/home/matheuswagner/repos/adaptive-cubesat-adcs/cubesat-simulation/src/smartdata_test/src/remote_smartdata_test.cpp:45:32:[m[K [01;36m[Knote: [m[K  expected a type, got â€˜[01m[KSmartData[m[Kâ€™
[1.453s] [01m[K/home/matheuswagner/repos/adaptive-cubesat-adcs/cubesat-simulation/src/smartdata_test/src/remote_smartdata_test.cpp:45:32:[m[K [01;31m[Kerror: [m[Ktemplate argument 2 is invalid
[1.453s] [01m[K/home/matheuswagner/repos/adaptive-cubesat-adcs/cubesat-simulation/src/smartdata_test/src/remote_smartdata_test.cpp:45:44:[m[K [01;31m[Kerror: [m[Kexpected â€˜[01m[K;[m[Kâ€™ before â€˜[01m[Kit[m[Kâ€™
[1.453s]          for(std::list<SmartData>::iterator [01;31m[Kit[m[K=inputData->beign(); it != inputData->end(); ++it)
[1.453s]                                             [01;31m[K^~[m[K
[1.453s] [01m[K/home/matheuswagner/repos/adaptive-cubesat-adcs/cubesat-simulation/src/smartdata_test/src/remote_smartdata_test.cpp:45:44:[m[K [01;31m[Kerror: [m[Kâ€˜[01m[Kit[m[Kâ€™ was not declared in this scope
[1.453s] [01m[K/home/matheuswagner/repos/adaptive-cubesat-adcs/cubesat-simulation/src/smartdata_test/src/remote_smartdata_test.cpp:45:44:[m[K [01;36m[Knote: [m[Ksuggested alternative: â€˜[01m[Kint[m[Kâ€™
[1.453s]          for(std::list<SmartData>::iterator [01;36m[Kit[m[K=inputData->beign(); it != inputData->end(); ++it)
[1.454s]                                             [01;36m[K^~[m[K
[1.454s]                                             [32m[Kint[m[K
[1.454s] [01m[K/home/matheuswagner/repos/adaptive-cubesat-adcs/cubesat-simulation/src/smartdata_test/src/remote_smartdata_test.cpp:45:58:[m[K [01;31m[Kerror: [m[Krequest for member â€˜[01m[Kbeign[m[Kâ€™ in â€˜[01m[KinputData->[m[Kâ€™, which is of non-class type â€˜[01m[Kint[m[Kâ€™
[1.454s]          for(std::list<SmartData>::iterator it=inputData->[01;31m[Kbeign[m[K(); it != inputData->end(); ++it)
[1.454s]                                                           [01;31m[K^~~~~[m[K
[1.454s] [01m[K/home/matheuswagner/repos/adaptive-cubesat-adcs/cubesat-simulation/src/smartdata_test/src/remote_smartdata_test.cpp:45:84:[m[K [01;31m[Kerror: [m[Krequest for member â€˜[01m[Kend[m[Kâ€™ in â€˜[01m[KinputData->[m[Kâ€™, which is of non-class type â€˜[01m[Kint[m[Kâ€™
[1.454s]          for(std::list<SmartData>::iterator it=inputData->beign(); it != inputData->[01;31m[Kend[m[K(); ++it)
[1.454s]                                                                                     [01;31m[K^~~[m[K
[1.454s] [01m[K/home/matheuswagner/repos/adaptive-cubesat-adcs/cubesat-simulation/src/smartdata_test/src/remote_smartdata_test.cpp:45:89:[m[K [01;31m[Kerror: [m[Kexpected â€˜[01m[K)[m[Kâ€™ before â€˜[01m[K;[m[Kâ€™ token
[1.454s]          for(std::list<SmartData>::iterator it=inputData->beign(); it != inputData->end()[01;31m[K;[m[K ++it)
[1.454s]                                                                                          [01;31m[K^[m[K
[1.454s] [01m[K/home/matheuswagner/repos/adaptive-cubesat-adcs/cubesat-simulation/src/smartdata_test/src/remote_smartdata_test.cpp:45:9:[m[K [01;35m[Kwarning: [m[Kthis â€˜[01m[Kfor[m[Kâ€™ clause does not guard... [[01;35m[K-Wmisleading-indentation[m[K]
[1.455s]          [01;35m[Kfor[m[K(std::list<SmartData>::iterator it=inputData->beign(); it != inputData->end(); ++it)
[1.455s]          [01;35m[K^~~[m[K
[1.455s] [01m[K/home/matheuswagner/repos/adaptive-cubesat-adcs/cubesat-simulation/src/smartdata_test/src/remote_smartdata_test.cpp:45:91:[m[K [01;36m[Knote: [m[K...this statement, but the latter is misleadingly indented as if it were guarded by the â€˜[01m[Kfor[m[Kâ€™
[1.455s]          for(std::list<SmartData>::iterator it=inputData->beign(); it != inputData->end(); [01;36m[K++[m[Kit)
[1.455s]                                                                                            [01;36m[K^~[m[K
[1.455s] [01m[K/home/matheuswagner/repos/adaptive-cubesat-adcs/cubesat-simulation/src/smartdata_test/src/remote_smartdata_test.cpp:45:93:[m[K [01;31m[Kerror: [m[Kâ€˜[01m[Kit[m[Kâ€™ was not declared in this scope
[1.455s]          for(std::list<SmartData>::iterator it=inputData->beign(); it != inputData->end(); ++[01;31m[Kit[m[K)
[1.455s]                                                                                              [01;31m[K^~[m[K
[1.455s] [01m[K/home/matheuswagner/repos/adaptive-cubesat-adcs/cubesat-simulation/src/smartdata_test/src/remote_smartdata_test.cpp:45:93:[m[K [01;36m[Knote: [m[Ksuggested alternative: â€˜[01m[Kint[m[Kâ€™
[1.455s]          for(std::list<SmartData>::iterator it=inputData->beign(); it != inputData->end(); ++[01;36m[Kit[m[K)
[1.456s]                                                                                              [01;36m[K^~[m[K
[1.456s]                                                                                              [32m[Kint[m[K
[1.456s] [01m[K/home/matheuswagner/repos/adaptive-cubesat-adcs/cubesat-simulation/src/smartdata_test/src/remote_smartdata_test.cpp:51:32:[m[K [01;31m[Kerror: [m[Ktype/value mismatch at argument 1 in template parameter list for â€˜[01m[Ktemplate<class _Tp, class _Alloc> class std::__cxx11::list[m[Kâ€™
[1.456s]          for(std::list<SmartData[01;31m[K>[m[K::iterator it=outputData->beign(); it != outputData->end(); ++it)
[1.456s]                                 [01;31m[K^[m[K
[1.456s] [01m[K/home/matheuswagner/repos/adaptive-cubesat-adcs/cubesat-simulation/src/smartdata_test/src/remote_smartdata_test.cpp:51:32:[m[K [01;36m[Knote: [m[K  expected a type, got â€˜[01m[KSmartData[m[Kâ€™
[1.456s] [01m[K/home/matheuswagner/repos/adaptive-cubesat-adcs/cubesat-simulation/src/smartdata_test/src/remote_smartdata_test.cpp:51:32:[m[K [01;31m[Kerror: [m[Ktemplate argument 2 is invalid
[1.456s] [01m[K/home/matheuswagner/repos/adaptive-cubesat-adcs/cubesat-simulation/src/smartdata_test/src/remote_smartdata_test.cpp:51:44:[m[K [01;31m[Kerror: [m[Kexpected â€˜[01m[K;[m[Kâ€™ before â€˜[01m[Kit[m[Kâ€™
[1.456s]          for(std::list<SmartData>::iterator [01;31m[Kit[m[K=outputData->beign(); it != outputData->end(); ++it)
[1.456s]                                             [01;31m[K^~[m[K
[1.456s] [01m[K/home/matheuswagner/repos/adaptive-cubesat-adcs/cubesat-simulation/src/smartdata_test/src/remote_smartdata_test.cpp:51:59:[m[K [01;31m[Kerror: [m[Krequest for member â€˜[01m[Kbeign[m[Kâ€™ in â€˜[01m[KoutputData->[m[Kâ€™, which is of non-class type â€˜[01m[Kint[m[Kâ€™
[1.457s]          for(std::list<SmartData>::iterator it=outputData->[01;31m[Kbeign[m[K(); it != outputData->end(); ++it)
[1.457s]                                                            [01;31m[K^~~~~[m[K
[1.457s] [01m[K/home/matheuswagner/repos/adaptive-cubesat-adcs/cubesat-simulation/src/smartdata_test/src/remote_smartdata_test.cpp:51:86:[m[K [01;31m[Kerror: [m[Krequest for member â€˜[01m[Kend[m[Kâ€™ in â€˜[01m[KoutputData->[m[Kâ€™, which is of non-class type â€˜[01m[Kint[m[Kâ€™
[1.457s]          for(std::list<SmartData>::iterator it=outputData->beign(); it != outputData->[01;31m[Kend[m[K(); ++it)
[1.457s]                                                                                       [01;31m[K^~~[m[K
[1.457s] [01m[K/home/matheuswagner/repos/adaptive-cubesat-adcs/cubesat-simulation/src/smartdata_test/src/remote_smartdata_test.cpp:51:91:[m[K [01;31m[Kerror: [m[Kexpected â€˜[01m[K)[m[Kâ€™ before â€˜[01m[K;[m[Kâ€™ token
[1.457s]          for(std::list<SmartData>::iterator it=outputData->beign(); it != outputData->end()[01;31m[K;[m[K ++it)
[1.457s]                                                                                            [01;31m[K^[m[K
[1.457s] [01m[K/home/matheuswagner/repos/adaptive-cubesat-adcs/cubesat-simulation/src/smartdata_test/src/remote_smartdata_test.cpp:51:9:[m[K [01;35m[Kwarning: [m[Kthis â€˜[01m[Kfor[m[Kâ€™ clause does not guard... [[01;35m[K-Wmisleading-indentation[m[K]
[1.457s]          [01;35m[Kfor[m[K(std::list<SmartData>::iterator it=outputData->beign(); it != outputData->end(); ++it)
[1.457s]          [01;35m[K^~~[m[K
[1.458s] [01m[K/home/matheuswagner/repos/adaptive-cubesat-adcs/cubesat-simulation/src/smartdata_test/src/remote_smartdata_test.cpp:51:93:[m[K [01;36m[Knote: [m[K...this statement, but the latter is misleadingly indented as if it were guarded by the â€˜[01m[Kfor[m[Kâ€™
[1.458s]          for(std::list<SmartData>::iterator it=outputData->beign(); it != outputData->end(); [01;36m[K++[m[Kit)
[1.458s]                                                                                              [01;36m[K^~[m[K
[1.458s] [01m[K/home/matheuswagner/repos/adaptive-cubesat-adcs/cubesat-simulation/src/smartdata_test/src/remote_smartdata_test.cpp:[m[K In function â€˜[01m[Kint main(int, char**)[m[Kâ€™:
[1.458s] [01m[K/home/matheuswagner/repos/adaptive-cubesat-adcs/cubesat-simulation/src/smartdata_test/src/remote_smartdata_test.cpp:61:24:[m[K [01;31m[Kerror: [m[Ktype/value mismatch at argument 1 in template parameter list for â€˜[01m[Ktemplate<class _Tp, class _Alloc> class std::__cxx11::list[m[Kâ€™
[1.458s]      std::list<SmartData[01;31m[K>[m[K inputData;
[1.458s]                         [01;31m[K^[m[K
[1.458s] [01m[K/home/matheuswagner/repos/adaptive-cubesat-adcs/cubesat-simulation/src/smartdata_test/src/remote_smartdata_test.cpp:61:24:[m[K [01;36m[Knote: [m[K  expected a type, got â€˜[01m[KSmartData[m[Kâ€™
[1.458s] [01m[K/home/matheuswagner/repos/adaptive-cubesat-adcs/cubesat-simulation/src/smartdata_test/src/remote_smartdata_test.cpp:61:24:[m[K [01;31m[Kerror: [m[Ktemplate argument 2 is invalid
[1.458s] [01m[K/home/matheuswagner/repos/adaptive-cubesat-adcs/cubesat-simulation/src/smartdata_test/src/remote_smartdata_test.cpp:62:24:[m[K [01;31m[Kerror: [m[Ktype/value mismatch at argument 1 in template parameter list for â€˜[01m[Ktemplate<class _Tp, class _Alloc> class std::__cxx11::list[m[Kâ€™
[1.458s]      std::list<SmartData[01;31m[K>[m[K outputData;
[1.458s]                         [01;31m[K^[m[K
[1.459s] [01m[K/home/matheuswagner/repos/adaptive-cubesat-adcs/cubesat-simulation/src/smartdata_test/src/remote_smartdata_test.cpp:62:24:[m[K [01;36m[Knote: [m[K  expected a type, got â€˜[01m[KSmartData[m[Kâ€™
[1.459s] [01m[K/home/matheuswagner/repos/adaptive-cubesat-adcs/cubesat-simulation/src/smartdata_test/src/remote_smartdata_test.cpp:62:24:[m[K [01;31m[Kerror: [m[Ktemplate argument 2 is invalid
[1.459s] [01m[K/home/matheuswagner/repos/adaptive-cubesat-adcs/cubesat-simulation/src/smartdata_test/src/remote_smartdata_test.cpp:64:13:[m[K [01;31m[Kerror: [m[Kâ€˜[01m[Krclcpp::node[m[Kâ€™ has not been declared
[1.459s]      rclcpp::[01;31m[Knode[m[K::Node::SharedPtr sensor = std::make_shared<RemoteSmartData<Dummy_Transducer<1,float>,float>>(new Region(0.0,0.0,0.0,0.0,0,0),1,1000,"testing_sensor",new Coordinates(0,0,0),"testing_sensor","sensor");
[1.459s]              [01;31m[K^~~~[m[K
[1.459s] [01m[K/home/matheuswagner/repos/adaptive-cubesat-adcs/cubesat-simulation/src/smartdata_test/src/remote_smartdata_test.cpp:65:13:[m[K [01;31m[Kerror: [m[Kâ€˜[01m[Krclcpp::node[m[Kâ€™ has not been declared
[1.460s]      rclcpp::[01;31m[Knode[m[K::Node::SharedPtr actuator = std::make_shared<RemoteSmartData<Dummy_Transducer<1,float>,float>>(new Region(0.0,0.0,0.0,0.0,0,0),1,1000,"testing_actuator",new Coordinates(0,0,0),"testing_actuator","actuator");
[1.460s]              [01;31m[K^~~~[m[K
[1.460s] [01m[K/home/matheuswagner/repos/adaptive-cubesat-adcs/cubesat-simulation/src/smartdata_test/src/remote_smartdata_test.cpp:67:15:[m[K [01;31m[Kerror: [m[Krequest for member â€˜[01m[Kpush_front[m[Kâ€™ in â€˜[01m[KinputData[m[Kâ€™, which is of non-class type â€˜[01m[Kint[m[Kâ€™
[1.460s]      inputData.[01;31m[Kpush_front[m[K(*sensor);
[1.460s]                [01;31m[K^~~~~~~~~~[m[K
[1.461s] [01m[K/home/matheuswagner/repos/adaptive-cubesat-adcs/cubesat-simulation/src/smartdata_test/src/remote_smartdata_test.cpp:67:27:[m[K [01;31m[Kerror: [m[Kâ€˜[01m[Ksensor[m[Kâ€™ was not declared in this scope
[1.461s]      inputData.push_front(*[01;31m[Ksensor[m[K);
[1.461s]                            [01;31m[K^~~~~~[m[K
[1.461s] [01m[K/home/matheuswagner/repos/adaptive-cubesat-adcs/cubesat-simulation/src/smartdata_test/src/remote_smartdata_test.cpp:67:27:[m[K [01;36m[Knote: [m[Ksuggested alternative: â€˜[01m[Kstrstr[m[Kâ€™
[1.461s]      inputData.push_front(*[01;36m[Ksensor[m[K);
[1.461s]                            [01;36m[K^~~~~~[m[K
[1.461s]                            [32m[Kstrstr[m[K
[1.461s] [01m[K/home/matheuswagner/repos/adaptive-cubesat-adcs/cubesat-simulation/src/smartdata_test/src/remote_smartdata_test.cpp:68:16:[m[K [01;31m[Kerror: [m[Krequest for member â€˜[01m[Kpush_front[m[Kâ€™ in â€˜[01m[KoutputData[m[Kâ€™, which is of non-class type â€˜[01m[Kint[m[Kâ€™
[1.462s]      outputData.[01;31m[Kpush_front[m[K(*outputData);
[1.462s]                 [01;31m[K^~~~~~~~~~[m[K
[1.462s] [01m[K/home/matheuswagner/repos/adaptive-cubesat-adcs/cubesat-simulation/src/smartdata_test/src/remote_smartdata_test.cpp:68:28:[m[K [01;31m[Kerror: [m[Kinvalid type argument of unary â€˜[01m[K*[m[Kâ€™ (have â€˜[01m[Kint[m[Kâ€™)
[1.462s]      outputData.push_front(*[01;31m[KoutputData[m[K);
[1.462s]                             [01;31m[K^~~~~~~~~~[m[K
[1.462s] [01m[K/home/matheuswagner/repos/adaptive-cubesat-adcs/cubesat-simulation/src/smartdata_test/src/remote_smartdata_test.cpp:71:13:[m[K [01;31m[Kerror: [m[Kâ€˜[01m[Krclcpp::node[m[Kâ€™ has not been declared
[1.462s]      rclcpp::[01;31m[Knode[m[K::Node::SharedPtr transformation = std::make_shared<TransformerSmartData<Dummy_Transformation<1,float>,float>>(500,"testing_transform",&inputData,&outputData );
[1.463s]              [01;31m[K^~~~[m[K
[1.463s] [01m[K/home/matheuswagner/repos/adaptive-cubesat-adcs/cubesat-simulation/src/smartdata_test/src/remote_smartdata_test.cpp:80:27:[m[K [01;31m[Kerror: [m[Kâ€˜[01m[Ktransformation[m[Kâ€™ was not declared in this scope
[1.463s]          rclcpp::spin_some([01;31m[Ktransformation[m[K);
[1.463s]                            [01;31m[K^~~~~~~~~~~~~~[m[K
[1.463s] [01m[K/home/matheuswagner/repos/adaptive-cubesat-adcs/cubesat-simulation/src/smartdata_test/src/remote_smartdata_test.cpp:80:27:[m[K [01;36m[Knote: [m[Ksuggested alternative: â€˜[01m[KDummy_Transformation[m[Kâ€™
[1.463s]          rclcpp::spin_some([01;36m[Ktransformation[m[K);
[1.463s]                            [01;36m[K^~~~~~~~~~~~~~[m[K
[1.463s]                            [32m[KDummy_Transformation[m[K
[1.464s] [01m[K/home/matheuswagner/repos/adaptive-cubesat-adcs/cubesat-simulation/src/smartdata_test/src/remote_smartdata_test.cpp:81:27:[m[K [01;31m[Kerror: [m[Kâ€˜[01m[Kactuator[m[Kâ€™ was not declared in this scope
[1.464s]          rclcpp::spin_some([01;31m[Kactuator[m[K);
[1.464s]                            [01;31m[K^~~~~~~~[m[K
[1.464s] [01m[K/home/matheuswagner/repos/adaptive-cubesat-adcs/cubesat-simulation/src/smartdata_test/src/remote_smartdata_test.cpp:81:27:[m[K [01;36m[Knote: [m[Ksuggested alternative: â€˜[01m[Kauto[m[Kâ€™
[1.464s]          rclcpp::spin_some([01;36m[Kactuator[m[K);
[1.464s]                            [01;36m[K^~~~~~~~[m[K
[1.464s]                            [32m[Kauto[m[K
[1.655s] CMakeFiles/remote_smartdata_test.dir/build.make:81: recipe for target 'CMakeFiles/remote_smartdata_test.dir/src/remote_smartdata_test.cpp.o' failed
[1.656s] make[2]: *** [CMakeFiles/remote_smartdata_test.dir/src/remote_smartdata_test.cpp.o] Error 1
[1.656s] CMakeFiles/Makefile2:151: recipe for target 'CMakeFiles/remote_smartdata_test.dir/all' failed
[1.656s] make[1]: *** [CMakeFiles/remote_smartdata_test.dir/all] Error 2
[1.656s] Makefile:159: recipe for target 'all' failed
[1.656s] make: *** [all] Error 2
[1.658s] Invoked command in '/home/matheuswagner/repos/adaptive-cubesat-adcs/cubesat-simulation/build/smartdata_test' returned '2': CMAKE_PREFIX_PATH=${CMAKE_PREFIX_PATH}:/home/matheuswagner/repos/adaptive-cubesat-adcs/cubesat-simulation/install/cubesat_description:/opt/ros/dashing /usr/local/bin/cmake --build /home/matheuswagner/repos/adaptive-cubesat-adcs/cubesat-simulation/build/smartdata_test -- -j8 -l8
