[35m[1mScanning dependencies of target smartdata_test[0m
[ 16%] [32mBuilding CXX object CMakeFiles/smartdata_test.dir/src/smartdata_test.cpp.o[0m
In file included from [01m[K/home/matheuswagner/repos/adaptive-cubesat-adcs/cubesat-simulation/src/smartdata_test/src/smartdata_test.cpp:1:0[m[K:
[01m[K/home/matheuswagner/repos/adaptive-cubesat-adcs/cubesat-simulation/src/smartdata_test/src/../../../include/responsiveSmartdata.h:[m[K In member function â€˜[01m[KValue ResponsiveSmartData<Transducer, Value>::update()[m[Kâ€™:
[01m[K/home/matheuswagner/repos/adaptive-cubesat-adcs/cubesat-simulation/src/smartdata_test/src/../../../include/responsiveSmartdata.h:76:47:[m[K [01;31m[Kerror: [m[Kâ€˜[01m[Kths[m[Kâ€™ was not declared in this scope
                     this->transducer->actuate([01;31m[Kths[m[K->smartdataValue);
                                               [01;31m[K^~~[m[K
[01m[K/home/matheuswagner/repos/adaptive-cubesat-adcs/cubesat-simulation/src/smartdata_test/src/../../../include/responsiveSmartdata.h:76:47:[m[K [01;36m[Knote: [m[Ksuggested alternative: â€˜[01m[Kthis[m[Kâ€™
                     this->transducer->actuate([01;36m[Kths[m[K->smartdataValue);
                                               [01;36m[K^~~[m[K
                                               [32m[Kthis[m[K
In file included from [01m[K/home/matheuswagner/repos/adaptive-cubesat-adcs/cubesat-simulation/src/smartdata_test/src/smartdata_test.cpp:2:0[m[K:
/home/matheuswagner/repos/adaptive-cubesat-adcs/cubesat-simulation/src/smartdata_test/src/../../../include/transducer.h: In instantiation of â€˜[01m[Kvoid Transducer<_UNIT, Value>::actuate(const Value&) [with long unsigned int _UNIT = 1; Value = float][m[Kâ€™:
[01m[K/home/matheuswagner/repos/adaptive-cubesat-adcs/cubesat-simulation/src/smartdata_test/src/smartdata_test.cpp:36:1:[m[K   required from here
[01m[K/home/matheuswagner/repos/adaptive-cubesat-adcs/cubesat-simulation/src/smartdata_test/src/../../../include/transducer.h:18:43:[m[K [01;35m[Kwarning: [m[Kunused parameter â€˜[01m[Kvalue[m[Kâ€™ [[01;35m[K-Wunused-parameter[m[K]
         virtual void actuate(const Value &[01;35m[Kvalue[m[K){}
                                           [01;35m[K^~~~~[m[K
CMakeFiles/smartdata_test.dir/build.make:81: recipe for target 'CMakeFiles/smartdata_test.dir/src/smartdata_test.cpp.o' failed
make[2]: *** [CMakeFiles/smartdata_test.dir/src/smartdata_test.cpp.o] Error 1
make[1]: *** [CMakeFiles/smartdata_test.dir/all] Error 2
make: *** [all] Error 2
CMakeFiles/Makefile2:99: recipe for target 'CMakeFiles/smartdata_test.dir/all' failed
Makefile:159: recipe for target 'all' failed
