[0.066s] Invoking command in '/home/matheuswagner/repos/adaptive-cubesat-adcs/cubesat-simulation/build/smartdata_test': CMAKE_PREFIX_PATH=${CMAKE_PREFIX_PATH}:/home/matheuswagner/repos/adaptive-cubesat-adcs/cubesat-simulation/install/cubesat_description:/opt/ros/dashing /usr/local/bin/cmake --build /home/matheuswagner/repos/adaptive-cubesat-adcs/cubesat-simulation/build/smartdata_test -- -j8 -l8
[0.096s] [ 50%] [32mBuilding CXX object CMakeFiles/smartdata_test.dir/src/smartdata_test.cpp.o[0m
[0.187s] [01m[K/home/matheuswagner/repos/adaptive-cubesat-adcs/cubesat-simulation/src/smartdata_test/src/smartdata_test.cpp:2:10:[m[K [01;31m[Kerror: [m[K#include expects "FILENAME" or <FILENAME>
[0.187s]  #include [01;31m[K"../../../include/remoteSmartdata.h"s[m[K
[0.187s]           [01;31m[K^~~~~~~~~~~~~~~~~~~~~~~~~~~~~~~~~~~~~[m[K
[0.276s] In file included from [01m[K/home/matheuswagner/repos/adaptive-cubesat-adcs/cubesat-simulation/src/smartdata_test/src/../../../include/responsiveSmartdata.h:4:0[m[K,
[0.276s]                  from [01m[K/home/matheuswagner/repos/adaptive-cubesat-adcs/cubesat-simulation/src/smartdata_test/src/smartdata_test.cpp:1[m[K:
[0.276s] [01m[K/home/matheuswagner/repos/adaptive-cubesat-adcs/cubesat-simulation/src/smartdata_test/src/../../../include/smartdata.h:47:18:[m[K [01;31m[Kerror: [m[Kusing template type parameter â€˜[01m[KTransducer[m[Kâ€™ after â€˜[01m[Kclass[m[Kâ€™
[0.276s]      friend class [01;31m[KTransducer[m[K;
[0.276s]                   [01;31m[K^~~~~~~~~~[m[K
[0.276s] [01m[K/home/matheuswagner/repos/adaptive-cubesat-adcs/cubesat-simulation/src/smartdata_test/src/../../../include/smartdata.h:47:5:[m[K [01;31m[Kerror: [m[Kfriend declaration does not name a class or function
[0.276s]      [01;31m[Kfriend[m[K class Transducer;
[0.276s]      [01;31m[K^~~~~~[m[K
[1.202s] In file included from [01m[K/home/matheuswagner/repos/adaptive-cubesat-adcs/cubesat-simulation/src/smartdata_test/src/smartdata_test.cpp:1:0[m[K:
[1.202s] [01m[K/home/matheuswagner/repos/adaptive-cubesat-adcs/cubesat-simulation/src/smartdata_test/src/../../../include/responsiveSmartdata.h:12:18:[m[K [01;31m[Kerror: [m[Kusing template type parameter â€˜[01m[KTransducer[m[Kâ€™ after â€˜[01m[Kclass[m[Kâ€™
[1.203s]      friend class [01;31m[KTransducer[m[K;
[1.203s]                   [01;31m[K^~~~~~~~~~[m[K
[1.203s] [01m[K/home/matheuswagner/repos/adaptive-cubesat-adcs/cubesat-simulation/src/smartdata_test/src/../../../include/responsiveSmartdata.h:12:5:[m[K [01;31m[Kerror: [m[Kfriend declaration does not name a class or function
[1.203s]      [01;31m[Kfriend[m[K class Transducer;
[1.203s]      [01;31m[K^~~~~~[m[K
[1.239s] [01m[K/home/matheuswagner/repos/adaptive-cubesat-adcs/cubesat-simulation/src/smartdata_test/src/smartdata_test.cpp:[m[K In function â€˜[01m[Kint main(int, char**)[m[Kâ€™:
[1.239s] [01m[K/home/matheuswagner/repos/adaptive-cubesat-adcs/cubesat-simulation/src/smartdata_test/src/smartdata_test.cpp:36:35:[m[K [01;31m[Kerror: [m[Kâ€˜[01m[KRemoteSmartData[m[Kâ€™ was not declared in this scope
[1.239s]      rclcpp::spin(std::make_shared<[01;31m[KRemoteSmartData[m[K<Dummy_Transducer<1,float>,float>>(new Region(0,0,0,0,0,0,0),1,1000,"testing2",new Coordinates(0,0,0),"testing","sensor"));
[1.239s]                                    [01;31m[K^~~~~~~~~~~~~~~[m[K
[1.241s] [01m[K/home/matheuswagner/repos/adaptive-cubesat-adcs/cubesat-simulation/src/smartdata_test/src/smartdata_test.cpp:36:35:[m[K [01;36m[Knote: [m[Ksuggested alternative: â€˜[01m[KResponsiveSmartData[m[Kâ€™
[1.241s]      rclcpp::spin(std::make_shared<[01;36m[KRemoteSmartData[m[K<Dummy_Transducer<1,float>,float>>(new Region(0,0,0,0,0,0,0),1,1000,"testing2",new Coordinates(0,0,0),"testing","sensor"));
[1.241s]                                    [01;36m[K^~~~~~~~~~~~~~~[m[K
[1.241s]                                    [32m[KResponsiveSmartData[m[K
[1.241s] [01m[K/home/matheuswagner/repos/adaptive-cubesat-adcs/cubesat-simulation/src/smartdata_test/src/smartdata_test.cpp:36:23:[m[K [01;31m[Kerror: [m[Kparse error in template argument list
[1.242s]      rclcpp::spin(std::[01;31m[Kmake_shared<RemoteSmartData<Dummy_Transducer<1,float>,float[m[K>>(new Region(0,0,0,0,0,0,0),1,1000,"testing2",new Coordinates(0,0,0),"testing","sensor"));
[1.242s]                        [01;31m[K^~~~~~~~~~~~~~~~~~~~~~~~~~~~~~~~~~~~~~~~~~~~~~~~~~~~~~~~~~~[m[K
[1.242s] [01m[K/home/matheuswagner/repos/adaptive-cubesat-adcs/cubesat-simulation/src/smartdata_test/src/smartdata_test.cpp:36:109:[m[K [01;31m[Kerror: [m[Kno matching function for call to â€˜[01m[KRegion::Region(int, int, int, int, int, int, int)[m[Kâ€™
[1.242s]      rclcpp::spin(std::make_shared<RemoteSmartData<Dummy_Transducer<1,float>,float>>(new Region(0,0,0,0,0,0,0[01;31m[K)[m[K,1,1000,"testing2",new Coordinates(0,0,0),"testing","sensor"));
[1.242s]                                                                                                              [01;31m[K^[m[K
[1.242s] In file included from [01m[K/home/matheuswagner/repos/adaptive-cubesat-adcs/cubesat-simulation/src/smartdata_test/src/../../../include/responsiveSmartdata.h:4:0[m[K,
[1.242s]                  from [01m[K/home/matheuswagner/repos/adaptive-cubesat-adcs/cubesat-simulation/src/smartdata_test/src/smartdata_test.cpp:1[m[K:
[1.242s] [01m[K/home/matheuswagner/repos/adaptive-cubesat-adcs/cubesat-simulation/src/smartdata_test/src/../../../include/smartdata.h:33:9:[m[K [01;36m[Knote: [m[Kcandidate: Region::Region(float, float, float, float, long unsigned int, long unsigned int)
[1.242s]          [01;36m[KRegion[m[K(float x, float y, float z, float radius, unsigned long initialTime, unsigned long finalTime)
[1.242s]          [01;36m[K^~~~~~[m[K
[1.243s] [01m[K/home/matheuswagner/repos/adaptive-cubesat-adcs/cubesat-simulation/src/smartdata_test/src/../../../include/smartdata.h:33:9:[m[K [01;36m[Knote: [m[K  candidate expects 6 arguments, 7 provided
[1.243s] [01m[K/home/matheuswagner/repos/adaptive-cubesat-adcs/cubesat-simulation/src/smartdata_test/src/../../../include/smartdata.h:23:7:[m[K [01;36m[Knote: [m[Kcandidate: constexpr Region::Region(const Region&)
[1.243s]  class [01;36m[KRegion[m[K
[1.243s]        [01;36m[K^~~~~~[m[K
[1.243s] [01m[K/home/matheuswagner/repos/adaptive-cubesat-adcs/cubesat-simulation/src/smartdata_test/src/../../../include/smartdata.h:23:7:[m[K [01;36m[Knote: [m[K  candidate expects 1 argument, 7 provided
[1.243s] [01m[K/home/matheuswagner/repos/adaptive-cubesat-adcs/cubesat-simulation/src/smartdata_test/src/../../../include/smartdata.h:23:7:[m[K [01;36m[Knote: [m[Kcandidate: constexpr Region::Region(Region&&)
[1.243s] [01m[K/home/matheuswagner/repos/adaptive-cubesat-adcs/cubesat-simulation/src/smartdata_test/src/../../../include/smartdata.h:23:7:[m[K [01;36m[Knote: [m[K  candidate expects 1 argument, 7 provided
[1.635s] In file included from [01m[K/home/matheuswagner/repos/adaptive-cubesat-adcs/cubesat-simulation/src/smartdata_test/src/smartdata_test.cpp:3:0[m[K:
[1.636s] /home/matheuswagner/repos/adaptive-cubesat-adcs/cubesat-simulation/src/smartdata_test/src/../../../include/transducer.h: In instantiation of â€˜[01m[Kvoid Transducer<_UNIT, Value>::actuate(const Value&) [with long unsigned int _UNIT = 1; Value = float][m[Kâ€™:
[1.636s] [01m[K/home/matheuswagner/repos/adaptive-cubesat-adcs/cubesat-simulation/src/smartdata_test/src/smartdata_test.cpp:39:1:[m[K   required from here
[1.636s] [01m[K/home/matheuswagner/repos/adaptive-cubesat-adcs/cubesat-simulation/src/smartdata_test/src/../../../include/transducer.h:18:43:[m[K [01;35m[Kwarning: [m[Kunused parameter â€˜[01m[Kvalue[m[Kâ€™ [[01;35m[K-Wunused-parameter[m[K]
[1.636s]          virtual void actuate(const Value &[01;35m[Kvalue[m[K){}
[1.636s]                                            [01;35m[K^~~~~[m[K
[1.751s] CMakeFiles/smartdata_test.dir/build.make:81: recipe for target 'CMakeFiles/smartdata_test.dir/src/smartdata_test.cpp.o' failed
[1.751s] make[2]: *** [CMakeFiles/smartdata_test.dir/src/smartdata_test.cpp.o] Error 1
[1.751s] CMakeFiles/Makefile2:95: recipe for target 'CMakeFiles/smartdata_test.dir/all' failed
[1.751s] make[1]: *** [CMakeFiles/smartdata_test.dir/all] Error 2
[1.751s] Makefile:159: recipe for target 'all' failed
[1.751s] make: *** [all] Error 2
[1.752s] Invoked command in '/home/matheuswagner/repos/adaptive-cubesat-adcs/cubesat-simulation/build/smartdata_test' returned '2': CMAKE_PREFIX_PATH=${CMAKE_PREFIX_PATH}:/home/matheuswagner/repos/adaptive-cubesat-adcs/cubesat-simulation/install/cubesat_description:/opt/ros/dashing /usr/local/bin/cmake --build /home/matheuswagner/repos/adaptive-cubesat-adcs/cubesat-simulation/build/smartdata_test -- -j8 -l8
