[35m[1mScanning dependencies of target smartdata_test[0m
[ 50%] [32mBuilding CXX object CMakeFiles/smartdata_test.dir/src/smartdata_test.cpp.o[0m
In file included from [01m[K/home/matheuswagner/repos/adaptive-cubesat-adcs/cubesat-simulation/src/smartdata_test/src/smartdata_test.cpp:1:0[m[K:
[01m[K/home/matheuswagner/repos/adaptive-cubesat-adcs/cubesat-simulation/src/smartdata_test/src/../../../include/responsiveSmartData.h:[m[K In constructor â€˜[01m[KResponsiveSmartData<Transducer, Value, Message>::ResponsiveSmartData(unsigned int, int, int, int, Interest<Message>*)[m[Kâ€™:
[01m[K/home/matheuswagner/repos/adaptive-cubesat-adcs/cubesat-simulation/src/smartdata_test/src/../../../include/responsiveSmartData.h:59:112:[m[K [01;31m[Kerror: [m[Kclass â€˜[01m[KResponsiveSmartData<Transducer, Value, Message>[m[Kâ€™ does not have any field named â€˜[01m[KNode[m[Kâ€™
         ResponsiveSmartData(unsigned int dev, int expiry, int mode, int period, Interest<Message>* interest) : [01;31m[KNode[m[K("smartdata")
                                                                                                                [01;31m[K^~~~[m[K
In file included from [01m[K/home/matheuswagner/repos/adaptive-cubesat-adcs/cubesat-simulation/src/smartdata_test/src/smartdata_test.cpp:1:0[m[K:
[01m[K/home/matheuswagner/repos/adaptive-cubesat-adcs/cubesat-simulation/src/smartdata_test/src/../../../include/responsiveSmartData.h:68:13:[m[K [01;31m[Kerror: [m[Kâ€˜[01m[Kinterests[m[Kâ€™ was not declared in this scope
             [01;31m[Kinterests[m[K = interest;
             [01;31m[K^~~~~~~~~[m[K
[01m[K/home/matheuswagner/repos/adaptive-cubesat-adcs/cubesat-simulation/src/smartdata_test/src/../../../include/responsiveSmartData.h:68:13:[m[K [01;36m[Knote: [m[Ksuggested alternative: â€˜[01m[Kinterest[m[Kâ€™
             [01;36m[Kinterests[m[K = interest;
             [01;36m[K^~~~~~~~~[m[K
             [32m[Kinterest[m[K
CMakeFiles/smartdata_test.dir/build.make:81: recipe for target 'CMakeFiles/smartdata_test.dir/src/smartdata_test.cpp.o' failed
CMakeFiles/Makefile2:95: recipe for target 'CMakeFiles/smartdata_test.dir/all' failed
make[2]: *** [CMakeFiles/smartdata_test.dir/src/smartdata_test.cpp.o] Error 1
make[1]: *** [CMakeFiles/smartdata_test.dir/all] Error 2
make: *** [all] Error 2
Makefile:159: recipe for target 'all' failed
