[0.070s] Invoking command in '/home/matheuswagner/repos/adaptive-cubesat-adcs/cubesat-simulation/src/build/smartdata_test': CMAKE_PREFIX_PATH=${CMAKE_PREFIX_PATH}:/home/matheuswagner/repos/adaptive-cubesat-adcs/cubesat-simulation/src/install/cubesat_description:/opt/ros/dashing /usr/local/bin/cmake --build /home/matheuswagner/repos/adaptive-cubesat-adcs/cubesat-simulation/src/build/smartdata_test -- -j8 -l8
[0.099s] [35m[1mScanning dependencies of target smartdata_test[0m
[0.109s] [ 50%] [32mBuilding CXX object CMakeFiles/smartdata_test.dir/src/smartdata_test.cpp.o[0m
[1.286s] In file included from [01m[K/home/matheuswagner/repos/adaptive-cubesat-adcs/cubesat-simulation/src/smartdata_test/src/smartdata_test.cpp:1:0[m[K:
[1.287s] [01m[K/home/matheuswagner/repos/adaptive-cubesat-adcs/cubesat-simulation/src/smartdata_test/src/../../../include/responsiveSmartData.h:[m[K In constructor â€˜[01m[KResponsiveSmartData<Transducer, Value, Message>::ResponsiveSmartData(unsigned int, int, int, int, Interest<Message>*)[m[Kâ€™:
[1.287s] [01m[K/home/matheuswagner/repos/adaptive-cubesat-adcs/cubesat-simulation/src/smartdata_test/src/../../../include/responsiveSmartData.h:59:112:[m[K [01;31m[Kerror: [m[Kclass â€˜[01m[KResponsiveSmartData<Transducer, Value, Message>[m[Kâ€™ does not have any field named â€˜[01m[KNode[m[Kâ€™
[1.287s]          ResponsiveSmartData(unsigned int dev, int expiry, int mode, int period, Interest<Message>* interest) : [01;31m[KNode[m[K("smartdata")
[1.287s]                                                                                                                 [01;31m[K^~~~[m[K
[1.287s] In file included from [01m[K/home/matheuswagner/repos/adaptive-cubesat-adcs/cubesat-simulation/src/smartdata_test/src/smartdata_test.cpp:1:0[m[K:
[1.287s] [01m[K/home/matheuswagner/repos/adaptive-cubesat-adcs/cubesat-simulation/src/smartdata_test/src/../../../include/responsiveSmartData.h:68:13:[m[K [01;31m[Kerror: [m[Kâ€˜[01m[Kinterests[m[Kâ€™ was not declared in this scope
[1.287s]              [01;31m[Kinterests[m[K = interest;
[1.287s]              [01;31m[K^~~~~~~~~[m[K
[1.288s] [01m[K/home/matheuswagner/repos/adaptive-cubesat-adcs/cubesat-simulation/src/smartdata_test/src/../../../include/responsiveSmartData.h:68:13:[m[K [01;36m[Knote: [m[Ksuggested alternative: â€˜[01m[Kinterest[m[Kâ€™
[1.288s]              [01;36m[Kinterests[m[K = interest;
[1.288s]              [01;36m[K^~~~~~~~~[m[K
[1.288s]              [32m[Kinterest[m[K
[1.809s] CMakeFiles/smartdata_test.dir/build.make:81: recipe for target 'CMakeFiles/smartdata_test.dir/src/smartdata_test.cpp.o' failed
[1.809s] CMakeFiles/Makefile2:95: recipe for target 'CMakeFiles/smartdata_test.dir/all' failed
[1.809s] make[2]: *** [CMakeFiles/smartdata_test.dir/src/smartdata_test.cpp.o] Error 1
[1.809s] make[1]: *** [CMakeFiles/smartdata_test.dir/all] Error 2
[1.810s] make: *** [all] Error 2
[1.810s] Makefile:159: recipe for target 'all' failed
[1.811s] Invoked command in '/home/matheuswagner/repos/adaptive-cubesat-adcs/cubesat-simulation/src/build/smartdata_test' returned '2': CMAKE_PREFIX_PATH=${CMAKE_PREFIX_PATH}:/home/matheuswagner/repos/adaptive-cubesat-adcs/cubesat-simulation/src/install/cubesat_description:/opt/ros/dashing /usr/local/bin/cmake --build /home/matheuswagner/repos/adaptive-cubesat-adcs/cubesat-simulation/src/build/smartdata_test -- -j8 -l8
