[0.705s] Invoking command in '/home/matheuswagner/repos/adaptive-cubesat-adcs/cubesat-simulation/src/build/smartdata_test': CMAKE_PREFIX_PATH=${CMAKE_PREFIX_PATH}:/opt/ros/dashing /usr/local/bin/cmake --build /home/matheuswagner/repos/adaptive-cubesat-adcs/cubesat-simulation/src/build/smartdata_test -- -j8 -l8
[0.760s] [35m[1mScanning dependencies of target smartdata_test[0m
[0.784s] [ 50%] [32mBuilding CXX object CMakeFiles/smartdata_test.dir/src/smartdata_test.cpp.o[0m
[2.250s] [01m[K/home/matheuswagner/repos/adaptive-cubesat-adcs/cubesat-simulation/src/smartdata_test/src/smartdata_test.cpp:[m[K In function â€˜[01m[Kint main(int, char**)[m[Kâ€™:
[2.250s] [01m[K/home/matheuswagner/repos/adaptive-cubesat-adcs/cubesat-simulation/src/smartdata_test/src/smartdata_test.cpp:35:56:[m[K [01;31m[Kerror: [m[Kno matching function for call to â€˜[01m[KInterest<std_msgs::msg::Float32_<std::allocator<void> > >::Interest(int, const char [5])[m[Kâ€™
[2.250s]      Interest<std_msgs::msg::Float32> interest(10,"test"[01;31m[K)[m[K;
[2.250s]                                                         [01;31m[K^[m[K
[2.250s] In file included from [01m[K/home/matheuswagner/repos/adaptive-cubesat-adcs/cubesat-simulation/src/smartdata_test/src/smartdata_test.cpp:1:0[m[K:
[2.251s] [01m[K/home/matheuswagner/repos/adaptive-cubesat-adcs/cubesat-simulation/src/smartdata_test/src/../../../include/responsiveSmartData.h:19:9:[m[K [01;36m[Knote: [m[Kcandidate: Interest<Message>::Interest() [with Message = std_msgs::msg::Float32_<std::allocator<void> >]
[2.251s]          [01;36m[KInterest[m[K() : Node("topicIdentifier")
[2.251s]          [01;36m[K^~~~~~~~[m[K
[2.251s] [01m[K/home/matheuswagner/repos/adaptive-cubesat-adcs/cubesat-simulation/src/smartdata_test/src/../../../include/responsiveSmartData.h:19:9:[m[K [01;36m[Knote: [m[K  candidate expects 0 arguments, 2 provided
[2.467s] /home/matheuswagner/repos/adaptive-cubesat-adcs/cubesat-simulation/src/smartdata_test/src/../../../include/responsiveSmartData.h: In instantiation of â€˜[01m[KInterest<Message>::Interest() [with Message = std_msgs::msg::Float32_<std::allocator<void> >][m[Kâ€™:
[2.468s] [01m[K/usr/include/c++/7/ext/new_allocator.h:136:4:[m[K   required from â€˜[01m[Kvoid __gnu_cxx::new_allocator<_Tp>::construct(_Up*, _Args&& ...) [with _Up = Interest<std_msgs::msg::Float32_<std::allocator<void> > >; _Args = {}; _Tp = Interest<std_msgs::msg::Float32_<std::allocator<void> > >][m[Kâ€™
[2.468s] [01m[K/usr/include/c++/7/bits/alloc_traits.h:475:4:[m[K   required from â€˜[01m[Kstatic void std::allocator_traits<std::allocator<_Tp1> >::construct(std::allocator_traits<std::allocator<_Tp1> >::allocator_type&, _Up*, _Args&& ...) [with _Up = Interest<std_msgs::msg::Float32_<std::allocator<void> > >; _Args = {}; _Tp = Interest<std_msgs::msg::Float32_<std::allocator<void> > >; std::allocator_traits<std::allocator<_Tp1> >::allocator_type = std::allocator<Interest<std_msgs::msg::Float32_<std::allocator<void> > > >][m[Kâ€™
[2.468s] [01m[K/usr/include/c++/7/bits/shared_ptr_base.h:526:39:[m[K   required from â€˜[01m[Kstd::_Sp_counted_ptr_inplace<_Tp, _Alloc, _Lp>::_Sp_counted_ptr_inplace(_Alloc, _Args&& ...) [with _Args = {}; _Tp = Interest<std_msgs::msg::Float32_<std::allocator<void> > >; _Alloc = std::allocator<Interest<std_msgs::msg::Float32_<std::allocator<void> > > >; __gnu_cxx::_Lock_policy _Lp = (__gnu_cxx::_Lock_policy)2][m[Kâ€™
[2.468s] [01m[K/usr/include/c++/7/bits/shared_ptr_base.h:637:4:[m[K   required from â€˜[01m[Kstd::__shared_count<_Lp>::__shared_count(std::_Sp_make_shared_tag, _Tp*, const _Alloc&, _Args&& ...) [with _Tp = Interest<std_msgs::msg::Float32_<std::allocator<void> > >; _Alloc = std::allocator<Interest<std_msgs::msg::Float32_<std::allocator<void> > > >; _Args = {}; __gnu_cxx::_Lock_policy _Lp = (__gnu_cxx::_Lock_policy)2][m[Kâ€™
[2.468s] [01m[K/usr/include/c++/7/bits/shared_ptr_base.h:1295:35:[m[K   required from â€˜[01m[Kstd::__shared_ptr<_Tp, _Lp>::__shared_ptr(std::_Sp_make_shared_tag, const _Alloc&, _Args&& ...) [with _Alloc = std::allocator<Interest<std_msgs::msg::Float32_<std::allocator<void> > > >; _Args = {}; _Tp = Interest<std_msgs::msg::Float32_<std::allocator<void> > >; __gnu_cxx::_Lock_policy _Lp = (__gnu_cxx::_Lock_policy)2][m[Kâ€™
[2.468s] [01m[K/usr/include/c++/7/bits/shared_ptr.h:344:64:[m[K   required from â€˜[01m[Kstd::shared_ptr<_Tp>::shared_ptr(std::_Sp_make_shared_tag, const _Alloc&, _Args&& ...) [with _Alloc = std::allocator<Interest<std_msgs::msg::Float32_<std::allocator<void> > > >; _Args = {}; _Tp = Interest<std_msgs::msg::Float32_<std::allocator<void> > >][m[Kâ€™
[2.469s] [01m[K/usr/include/c++/7/bits/shared_ptr.h:690:14:[m[K   required from â€˜[01m[Kstd::shared_ptr<_Tp> std::allocate_shared(const _Alloc&, _Args&& ...) [with _Tp = Interest<std_msgs::msg::Float32_<std::allocator<void> > >; _Alloc = std::allocator<Interest<std_msgs::msg::Float32_<std::allocator<void> > > >; _Args = {}][m[Kâ€™
[2.469s] [01m[K/usr/include/c++/7/bits/shared_ptr.h:706:39:[m[K   required from â€˜[01m[Kstd::shared_ptr<_Tp> std::make_shared(_Args&& ...) [with _Tp = Interest<std_msgs::msg::Float32_<std::allocator<void> > >; _Args = {}][m[Kâ€™
[2.469s] [01m[K/home/matheuswagner/repos/adaptive-cubesat-adcs/cubesat-simulation/src/smartdata_test/src/smartdata_test.cpp:40:69:[m[K   required from here
[2.469s] [01m[K/home/matheuswagner/repos/adaptive-cubesat-adcs/cubesat-simulation/src/smartdata_test/src/../../../include/responsiveSmartData.h:22:17:[m[K [01;35m[Kwarning: [m[Kunused variable â€˜[01m[Kperiod[m[Kâ€™ [[01;35m[K-Wunused-variable[m[K]
[2.469s]              int [01;35m[Kperiod[m[K = 1000; //period;
[2.469s]                  [01;35m[K^~~~~~[m[K
[2.853s] CMakeFiles/smartdata_test.dir/build.make:81: recipe for target 'CMakeFiles/smartdata_test.dir/src/smartdata_test.cpp.o' failed
[2.853s] make[2]: *** [CMakeFiles/smartdata_test.dir/src/smartdata_test.cpp.o] Error 1
[2.854s] CMakeFiles/Makefile2:95: recipe for target 'CMakeFiles/smartdata_test.dir/all' failed
[2.854s] make[1]: *** [CMakeFiles/smartdata_test.dir/all] Error 2
[2.854s] Makefile:159: recipe for target 'all' failed
[2.857s] make: *** [all] Error 2
[2.859s] Invoked command in '/home/matheuswagner/repos/adaptive-cubesat-adcs/cubesat-simulation/src/build/smartdata_test' returned '2': CMAKE_PREFIX_PATH=${CMAKE_PREFIX_PATH}:/opt/ros/dashing /usr/local/bin/cmake --build /home/matheuswagner/repos/adaptive-cubesat-adcs/cubesat-simulation/src/build/smartdata_test -- -j8 -l8
