[0.062s] Invoking command in '/home/matheuswagner/repos/adaptive-cubesat-adcs/cubesat-simulation/build/smartdata_test': CMAKE_PREFIX_PATH=${CMAKE_PREFIX_PATH}:/home/matheuswagner/repos/adaptive-cubesat-adcs/cubesat-simulation/install/cubesat_description:/opt/ros/dashing /usr/local/bin/cmake --build /home/matheuswagner/repos/adaptive-cubesat-adcs/cubesat-simulation/build/smartdata_test -- -j8 -l8
[0.088s] [35m[1mScanning dependencies of target smartdata_test[0m
[0.098s] [ 25%] [32mBuilding CXX object CMakeFiles/smartdata_test.dir/src/smartdata_test.cpp.o[0m
[1.199s] In file included from [01m[K/home/matheuswagner/repos/adaptive-cubesat-adcs/cubesat-simulation/src/smartdata_test/src/../../../include/responsiveSmartdata.h:5:0[m[K,
[1.199s]                  from [01m[K/home/matheuswagner/repos/adaptive-cubesat-adcs/cubesat-simulation/src/smartdata_test/src/smartdata_test.cpp:1[m[K:
[1.199s] [01m[K/home/matheuswagner/repos/adaptive-cubesat-adcs/cubesat-simulation/src/smartdata_test/src/../../../include/transformerSmartdata.h:20:29:[m[K [01;31m[Kerror: [m[Kâ€˜[01m[KTransducer[m[Kâ€™ was not declared in this scope
[1.199s]          std::list<SmartData<[01;31m[KTransducer[m[K,Value>>* inputSmartData;
[1.199s]                              [01;31m[K^~~~~~~~~~[m[K
[1.201s] [01m[K/home/matheuswagner/repos/adaptive-cubesat-adcs/cubesat-simulation/src/smartdata_test/src/../../../include/transformerSmartdata.h:20:29:[m[K [01;36m[Knote: [m[Ksuggested alternative: â€˜[01m[Ksrand48_r[m[Kâ€™
[1.202s]          std::list<SmartData<[01;36m[KTransducer[m[K,Value>>* inputSmartData;
[1.202s]                              [01;36m[K^~~~~~~~~~[m[K
[1.202s]                              [32m[Ksrand48_r[m[K
[1.202s] [01m[K/home/matheuswagner/repos/adaptive-cubesat-adcs/cubesat-simulation/src/smartdata_test/src/../../../include/transformerSmartdata.h:20:40:[m[K [01;31m[Kerror: [m[Ktemplate argument 1 is invalid
[1.202s]          std::list<SmartData<Transducer,[01;31m[KValue[m[K>>* inputSmartData;
[1.202s]                                         [01;31m[K^~~~~[m[K
[1.202s] [01m[K/home/matheuswagner/repos/adaptive-cubesat-adcs/cubesat-simulation/src/smartdata_test/src/../../../include/transformerSmartdata.h:20:45:[m[K [01;31m[Kerror: [m[Ktemplate argument 1 is invalid
[1.203s]          std::list<SmartData<Transducer,Value[01;31m[K>>[m[K* inputSmartData;
[1.203s]                                              [01;31m[K^~[m[K
[1.203s] [01m[K/home/matheuswagner/repos/adaptive-cubesat-adcs/cubesat-simulation/src/smartdata_test/src/../../../include/transformerSmartdata.h:20:45:[m[K [01;31m[Kerror: [m[Ktemplate argument 2 is invalid
[1.203s] [01m[K/home/matheuswagner/repos/adaptive-cubesat-adcs/cubesat-simulation/src/smartdata_test/src/../../../include/transformerSmartdata.h:21:29:[m[K [01;31m[Kerror: [m[Kâ€˜[01m[KTransducer[m[Kâ€™ was not declared in this scope
[1.203s]          std::list<SmartData<[01;31m[KTransducer[m[K,Value>>* outputSmartData;
[1.203s]                              [01;31m[K^~~~~~~~~~[m[K
[1.204s] [01m[K/home/matheuswagner/repos/adaptive-cubesat-adcs/cubesat-simulation/src/smartdata_test/src/../../../include/transformerSmartdata.h:21:29:[m[K [01;36m[Knote: [m[Ksuggested alternative: â€˜[01m[Ksrand48_r[m[Kâ€™
[1.204s]          std::list<SmartData<[01;36m[KTransducer[m[K,Value>>* outputSmartData;
[1.204s]                              [01;36m[K^~~~~~~~~~[m[K
[1.204s]                              [32m[Ksrand48_r[m[K
[1.204s] [01m[K/home/matheuswagner/repos/adaptive-cubesat-adcs/cubesat-simulation/src/smartdata_test/src/../../../include/transformerSmartdata.h:21:40:[m[K [01;31m[Kerror: [m[Ktemplate argument 1 is invalid
[1.204s]          std::list<SmartData<Transducer,[01;31m[KValue[m[K>>* outputSmartData;
[1.205s]                                         [01;31m[K^~~~~[m[K
[1.205s] [01m[K/home/matheuswagner/repos/adaptive-cubesat-adcs/cubesat-simulation/src/smartdata_test/src/../../../include/transformerSmartdata.h:21:45:[m[K [01;31m[Kerror: [m[Ktemplate argument 1 is invalid
[1.205s]          std::list<SmartData<Transducer,Value[01;31m[K>>[m[K* outputSmartData;
[1.205s]                                              [01;31m[K^~[m[K
[1.205s] [01m[K/home/matheuswagner/repos/adaptive-cubesat-adcs/cubesat-simulation/src/smartdata_test/src/../../../include/transformerSmartdata.h:21:45:[m[K [01;31m[Kerror: [m[Ktemplate argument 2 is invalid
[1.643s] In file included from [01m[K/home/matheuswagner/repos/adaptive-cubesat-adcs/cubesat-simulation/src/smartdata_test/src/smartdata_test.cpp:2:0[m[K:
[1.644s] /home/matheuswagner/repos/adaptive-cubesat-adcs/cubesat-simulation/src/smartdata_test/src/../../../include/transducer.h: In instantiation of â€˜[01m[Kvoid Transducer<_UNIT, Value>::actuate(const Value&) [with long unsigned int _UNIT = 1; Value = float][m[Kâ€™:
[1.644s] [01m[K/home/matheuswagner/repos/adaptive-cubesat-adcs/cubesat-simulation/src/smartdata_test/src/smartdata_test.cpp:37:1:[m[K   required from here
[1.644s] [01m[K/home/matheuswagner/repos/adaptive-cubesat-adcs/cubesat-simulation/src/smartdata_test/src/../../../include/transducer.h:18:43:[m[K [01;35m[Kwarning: [m[Kunused parameter â€˜[01m[Kvalue[m[Kâ€™ [[01;35m[K-Wunused-parameter[m[K]
[1.644s]          virtual void actuate(const Value &[01;35m[Kvalue[m[K){}
[1.644s]                                            [01;35m[K^~~~~[m[K
[1.758s] make[2]: *** [CMakeFiles/smartdata_test.dir/src/smartdata_test.cpp.o] Error 1
[1.758s] CMakeFiles/smartdata_test.dir/build.make:81: recipe for target 'CMakeFiles/smartdata_test.dir/src/smartdata_test.cpp.o' failed
[1.758s] CMakeFiles/Makefile2:97: recipe for target 'CMakeFiles/smartdata_test.dir/all' failed
[1.759s] make[1]: *** [CMakeFiles/smartdata_test.dir/all] Error 2
[1.759s] Makefile:159: recipe for target 'all' failed
[1.759s] make: *** [all] Error 2
[1.760s] Invoked command in '/home/matheuswagner/repos/adaptive-cubesat-adcs/cubesat-simulation/build/smartdata_test' returned '2': CMAKE_PREFIX_PATH=${CMAKE_PREFIX_PATH}:/home/matheuswagner/repos/adaptive-cubesat-adcs/cubesat-simulation/install/cubesat_description:/opt/ros/dashing /usr/local/bin/cmake --build /home/matheuswagner/repos/adaptive-cubesat-adcs/cubesat-simulation/build/smartdata_test -- -j8 -l8
