[0.082s] Invoking command in '/home/matheuswagner/repos/adaptive-cubesat-adcs/cubesat-simulation/build/concept': CMAKE_PREFIX_PATH=${CMAKE_PREFIX_PATH}:/home/matheuswagner/repos/adaptive-cubesat-adcs/cubesat-simulation/install/cubesat_description:/opt/ros/dashing /usr/local/bin/cmake --build /home/matheuswagner/repos/adaptive-cubesat-adcs/cubesat-simulation/build/concept -- -j8 -l8
[0.138s] [35m[1mScanning dependencies of target concept[0m
[0.153s] [ 50%] [32mBuilding CXX object CMakeFiles/concept.dir/src/concept.cpp.o[0m
[0.318s] In file included from [01m[K/home/matheuswagner/repos/adaptive-cubesat-adcs/cubesat-simulation/src/concept/src/../include/smartdata.h:5:0[m[K,
[0.318s]                  from [01m[K/home/matheuswagner/repos/adaptive-cubesat-adcs/cubesat-simulation/src/concept/src/../include/local_smartdata.h:4[m[K,
[0.318s]                  from [01m[K/home/matheuswagner/repos/adaptive-cubesat-adcs/cubesat-simulation/src/concept/src/concept.cpp:1[m[K:
[0.318s] [01m[K/home/matheuswagner/repos/adaptive-cubesat-adcs/cubesat-simulation/src/concept/src/../include/observer.h:[m[K In member function â€˜[01m[Kvirtual void Observer::notify(int)[m[Kâ€™:
[0.319s] [01m[K/home/matheuswagner/repos/adaptive-cubesat-adcs/cubesat-simulation/src/concept/src/../include/observer.h:8:33:[m[K [01;35m[Kwarning: [m[Kunused parameter â€˜[01m[Kid[m[Kâ€™ [[01;35m[K-Wunused-parameter[m[K]
[0.319s]          virtual void notify(int [01;35m[Kid[m[K){};
[0.319s]                                  [01;35m[K^~[m[K
[0.319s] In file included from [01m[K/home/matheuswagner/repos/adaptive-cubesat-adcs/cubesat-simulation/src/concept/src/../include/local_smartdata.h:4:0[m[K,
[0.320s]                  from [01m[K/home/matheuswagner/repos/adaptive-cubesat-adcs/cubesat-simulation/src/concept/src/concept.cpp:1[m[K:
[0.320s] [01m[K/home/matheuswagner/repos/adaptive-cubesat-adcs/cubesat-simulation/src/concept/src/../include/smartdata.h:[m[K In member function â€˜[01m[Kfloat SmartData::value()[m[Kâ€™:
[0.320s] [01m[K/home/matheuswagner/repos/adaptive-cubesat-adcs/cubesat-simulation/src/concept/src/../include/smartdata.h:34:23:[m[K [01;35m[Kwarning: [m[Kno return statement in function returning non-void [[01;35m[K-Wreturn-type[m[K]
[0.320s]          float value(){[01;35m[K}[m[K
[0.320s]                        [01;35m[K^[m[K
[0.321s] [01m[K/home/matheuswagner/repos/adaptive-cubesat-adcs/cubesat-simulation/src/concept/src/../include/smartdata.h:[m[K In member function â€˜[01m[Kfloat SmartData::update()[m[Kâ€™:
[0.321s] [01m[K/home/matheuswagner/repos/adaptive-cubesat-adcs/cubesat-simulation/src/concept/src/../include/smartdata.h:36:24:[m[K [01;35m[Kwarning: [m[Kno return statement in function returning non-void [[01;35m[K-Wreturn-type[m[K]
[0.321s]          float update(){[01;35m[K}[m[K
[0.321s]                         [01;35m[K^[m[K
[0.321s] [01m[K/home/matheuswagner/repos/adaptive-cubesat-adcs/cubesat-simulation/src/concept/src/../include/smartdata.h:[m[K In member function â€˜[01m[Kvoid SmartData::setValue(float)[m[Kâ€™:
[0.321s] [01m[K/home/matheuswagner/repos/adaptive-cubesat-adcs/cubesat-simulation/src/concept/src/../include/smartdata.h:38:29:[m[K [01;35m[Kwarning: [m[Kunused parameter â€˜[01m[Kvalue[m[Kâ€™ [[01;35m[K-Wunused-parameter[m[K]
[0.321s]          void setValue(float [01;35m[Kvalue[m[K){}
[0.322s]                              [01;35m[K^~~~~[m[K
[1.367s] In file included from [01m[K/home/matheuswagner/repos/adaptive-cubesat-adcs/cubesat-simulation/src/concept/src/concept.cpp:5:0[m[K:
[1.367s] [01m[K/home/matheuswagner/repos/adaptive-cubesat-adcs/cubesat-simulation/src/concept/src/../include/plugin_motor_driver.h:[m[K In member function â€˜[01m[Kvoid PluginMotorDriver::handleValueUpdate()[m[Kâ€™:
[1.367s] [01m[K/home/matheuswagner/repos/adaptive-cubesat-adcs/cubesat-simulation/src/concept/src/../include/plugin_motor_driver.h:45:51:[m[K [01;31m[Kerror: [m[Kexpected primary-expression before â€˜[01m[Kfloat[m[Kâ€™
[1.367s]              message.data = this->smartdata->value<[01;31m[Kfloat[m[K>();
[1.367s]                                                    [01;31m[K^~~~~[m[K
[1.376s] [01m[K/home/matheuswagner/repos/adaptive-cubesat-adcs/cubesat-simulation/src/concept/src/concept.cpp:[m[K In function â€˜[01m[Kint main(int, char**)[m[Kâ€™:
[1.376s] [01m[K/home/matheuswagner/repos/adaptive-cubesat-adcs/cubesat-simulation/src/concept/src/concept.cpp:15:42:[m[K [01;31m[Kerror: [m[Ktype/value mismatch at argument 2 in template parameter list for â€˜[01m[Ktemplate<class Value, class Transducer> class LocalSmartData[m[Kâ€™
[1.376s]      std::shared_ptr<LocalSmartData<float,[01;31m[KPluginAmperimeter[m[K>> amperimeterX = std::make_shared<LocalSmartData<float,PluginAmperimeter>>(1, 100, 10, 0);
[1.376s]                                           [01;31m[K^~~~~~~~~~~~~~~~~[m[K
[1.377s] [01m[K/home/matheuswagner/repos/adaptive-cubesat-adcs/cubesat-simulation/src/concept/src/concept.cpp:15:42:[m[K [01;36m[Knote: [m[K  expected a type, got â€˜[01m[KPluginAmperimeter[m[Kâ€™
[1.377s] [01m[K/home/matheuswagner/repos/adaptive-cubesat-adcs/cubesat-simulation/src/concept/src/concept.cpp:15:59:[m[K [01;31m[Kerror: [m[Ktemplate argument 1 is invalid
[1.377s]      std::shared_ptr<LocalSmartData<float,PluginAmperimeter[01;31m[K>>[m[K amperimeterX = std::make_shared<LocalSmartData<float,PluginAmperimeter>>(1, 100, 10, 0);
[1.377s]                                                            [01;31m[K^~[m[K
[1.377s] [01m[K/home/matheuswagner/repos/adaptive-cubesat-adcs/cubesat-simulation/src/concept/src/concept.cpp:15:115:[m[K [01;31m[Kerror: [m[Ktype/value mismatch at argument 2 in template parameter list for â€˜[01m[Ktemplate<class Value, class Transducer> class LocalSmartData[m[Kâ€™
[1.377s]      std::shared_ptr<LocalSmartData<float,PluginAmperimeter>> amperimeterX = std::make_shared<LocalSmartData<float,[01;31m[KPluginAmperimeter[m[K>>(1, 100, 10, 0);
[1.377s]                                                                                                                    [01;31m[K^~~~~~~~~~~~~~~~~[m[K
[1.377s] [01m[K/home/matheuswagner/repos/adaptive-cubesat-adcs/cubesat-simulation/src/concept/src/concept.cpp:15:115:[m[K [01;36m[Knote: [m[K  expected a type, got â€˜[01m[KPluginAmperimeter[m[Kâ€™
[1.377s] [01m[K/home/matheuswagner/repos/adaptive-cubesat-adcs/cubesat-simulation/src/concept/src/concept.cpp:15:148:[m[K [01;31m[Kerror: [m[Kno matching function for call to â€˜[01m[Kmake_shared<<expression error> >(int, int, int, int)[m[Kâ€™
[1.377s]      std::shared_ptr<LocalSmartData<float,PluginAmperimeter>> amperimeterX = std::make_shared<LocalSmartData<float,PluginAmperimeter>>(1, 100, 10, 0[01;31m[K)[m[K;
[1.378s]                                                                                                                                                     [01;31m[K^[m[K
[1.378s] In file included from [01m[K/usr/include/c++/7/memory:81:0[m[K,
[1.378s]                  from [01m[K/home/matheuswagner/ros2_dashing/ros2-linux/include/rclcpp/rclcpp.hpp:142[m[K,
[1.378s]                  from [01m[K/home/matheuswagner/repos/adaptive-cubesat-adcs/cubesat-simulation/src/concept/src/../include/local_smartdata.h:7[m[K,
[1.378s]                  from [01m[K/home/matheuswagner/repos/adaptive-cubesat-adcs/cubesat-simulation/src/concept/src/concept.cpp:1[m[K:
[1.378s] [01m[K/usr/include/c++/7/bits/shared_ptr.h:703:5:[m[K [01;36m[Knote: [m[Kcandidate: template<class _Tp, class ... _Args> std::shared_ptr<_Tp> std::make_shared(_Args&& ...)
[1.378s]      [01;36m[Kmake_shared[m[K(_Args&&... __args)
[1.378s]      [01;36m[K^~~~~~~~~~~[m[K
[1.378s] [01m[K/usr/include/c++/7/bits/shared_ptr.h:703:5:[m[K [01;36m[Knote: [m[K  template argument deduction/substitution failed:
[1.378s] [01m[K/home/matheuswagner/repos/adaptive-cubesat-adcs/cubesat-simulation/src/concept/src/concept.cpp:15:148:[m[K [01;31m[Kerror: [m[Ktemplate argument 1 is invalid
[1.378s]      std::shared_ptr<LocalSmartData<float,PluginAmperimeter>> amperimeterX = std::make_shared<LocalSmartData<float,PluginAmperimeter>>(1, 100, 10, 0[01;31m[K)[m[K;
[1.379s]                                                                                                                                                     [01;31m[K^[m[K
[1.379s] [01m[K/home/matheuswagner/repos/adaptive-cubesat-adcs/cubesat-simulation/src/concept/src/concept.cpp:16:42:[m[K [01;31m[Kerror: [m[Ktype/value mismatch at argument 2 in template parameter list for â€˜[01m[Ktemplate<class Value, class Transducer> class LocalSmartData[m[Kâ€™
[1.379s]      std::shared_ptr<LocalSmartData<float,[01;31m[KPluginAmperimeter[m[K>> amperimeterY = std::make_shared<LocalSmartData<float,PluginAmperimeter>>(2, 100, 10, 0);
[1.379s]                                           [01;31m[K^~~~~~~~~~~~~~~~~[m[K
[1.379s] [01m[K/home/matheuswagner/repos/adaptive-cubesat-adcs/cubesat-simulation/src/concept/src/concept.cpp:16:42:[m[K [01;36m[Knote: [m[K  expected a type, got â€˜[01m[KPluginAmperimeter[m[Kâ€™
[1.379s] [01m[K/home/matheuswagner/repos/adaptive-cubesat-adcs/cubesat-simulation/src/concept/src/concept.cpp:16:59:[m[K [01;31m[Kerror: [m[Ktemplate argument 1 is invalid
[1.379s]      std::shared_ptr<LocalSmartData<float,PluginAmperimeter[01;31m[K>>[m[K amperimeterY = std::make_shared<LocalSmartData<float,PluginAmperimeter>>(2, 100, 10, 0);
[1.379s]                                                            [01;31m[K^~[m[K
[1.379s] [01m[K/home/matheuswagner/repos/adaptive-cubesat-adcs/cubesat-simulation/src/concept/src/concept.cpp:16:115:[m[K [01;31m[Kerror: [m[Ktype/value mismatch at argument 2 in template parameter list for â€˜[01m[Ktemplate<class Value, class Transducer> class LocalSmartData[m[Kâ€™
[1.379s]      std::shared_ptr<LocalSmartData<float,PluginAmperimeter>> amperimeterY = std::make_shared<LocalSmartData<float,[01;31m[KPluginAmperimeter[m[K>>(2, 100, 10, 0);
[1.379s]                                                                                                                    [01;31m[K^~~~~~~~~~~~~~~~~[m[K
[1.379s] [01m[K/home/matheuswagner/repos/adaptive-cubesat-adcs/cubesat-simulation/src/concept/src/concept.cpp:16:115:[m[K [01;36m[Knote: [m[K  expected a type, got â€˜[01m[KPluginAmperimeter[m[Kâ€™
[1.380s] [01m[K/home/matheuswagner/repos/adaptive-cubesat-adcs/cubesat-simulation/src/concept/src/concept.cpp:16:148:[m[K [01;31m[Kerror: [m[Kno matching function for call to â€˜[01m[Kmake_shared<<expression error> >(int, int, int, int)[m[Kâ€™
[1.380s]      std::shared_ptr<LocalSmartData<float,PluginAmperimeter>> amperimeterY = std::make_shared<LocalSmartData<float,PluginAmperimeter>>(2, 100, 10, 0[01;31m[K)[m[K;
[1.380s]                                                                                                                                                     [01;31m[K^[m[K
[1.380s] In file included from [01m[K/usr/include/c++/7/memory:81:0[m[K,
[1.380s]                  from [01m[K/home/matheuswagner/ros2_dashing/ros2-linux/include/rclcpp/rclcpp.hpp:142[m[K,
[1.380s]                  from [01m[K/home/matheuswagner/repos/adaptive-cubesat-adcs/cubesat-simulation/src/concept/src/../include/local_smartdata.h:7[m[K,
[1.380s]                  from [01m[K/home/matheuswagner/repos/adaptive-cubesat-adcs/cubesat-simulation/src/concept/src/concept.cpp:1[m[K:
[1.380s] [01m[K/usr/include/c++/7/bits/shared_ptr.h:703:5:[m[K [01;36m[Knote: [m[Kcandidate: template<class _Tp, class ... _Args> std::shared_ptr<_Tp> std::make_shared(_Args&& ...)
[1.380s]      [01;36m[Kmake_shared[m[K(_Args&&... __args)
[1.380s]      [01;36m[K^~~~~~~~~~~[m[K
[1.380s] [01m[K/usr/include/c++/7/bits/shared_ptr.h:703:5:[m[K [01;36m[Knote: [m[K  template argument deduction/substitution failed:
[1.380s] [01m[K/home/matheuswagner/repos/adaptive-cubesat-adcs/cubesat-simulation/src/concept/src/concept.cpp:16:148:[m[K [01;31m[Kerror: [m[Ktemplate argument 1 is invalid
[1.381s]      std::shared_ptr<LocalSmartData<float,PluginAmperimeter>> amperimeterY = std::make_shared<LocalSmartData<float,PluginAmperimeter>>(2, 100, 10, 0[01;31m[K)[m[K;
[1.381s]                                                                                                                                                     [01;31m[K^[m[K
[1.381s] [01m[K/home/matheuswagner/repos/adaptive-cubesat-adcs/cubesat-simulation/src/concept/src/concept.cpp:18:52:[m[K [01;31m[Kerror: [m[Ktype/value mismatch at argument 2 in template parameter list for â€˜[01m[Ktemplate<class Value, class Transducer> class LocalSmartData[m[Kâ€™
[1.381s]      std::list<std::shared_ptr<LocalSmartData<float,[01;31m[KPluginAmperimeter[m[K>>> inputs;
[1.381s]                                                     [01;31m[K^~~~~~~~~~~~~~~~~[m[K
[1.381s] [01m[K/home/matheuswagner/repos/adaptive-cubesat-adcs/cubesat-simulation/src/concept/src/concept.cpp:18:52:[m[K [01;36m[Knote: [m[K  expected a type, got â€˜[01m[KPluginAmperimeter[m[Kâ€™
[1.381s] [01m[K/home/matheuswagner/repos/adaptive-cubesat-adcs/cubesat-simulation/src/concept/src/concept.cpp:18:69:[m[K [01;31m[Kerror: [m[Ktemplate argument 1 is invalid
[1.381s]      std::list<std::shared_ptr<LocalSmartData<float,PluginAmperimeter[01;31m[K>>[m[K> inputs;
[1.381s]                                                                      [01;31m[K^~[m[K
[1.381s] [01m[K/home/matheuswagner/repos/adaptive-cubesat-adcs/cubesat-simulation/src/concept/src/concept.cpp:18:71:[m[K [01;31m[Kerror: [m[Ktemplate argument 1 is invalid
[1.382s]      std::list<std::shared_ptr<LocalSmartData<float,PluginAmperimeter>>[01;31m[K>[m[K inputs;
[1.382s]                                                                        [01;31m[K^[m[K
[1.382s] [01m[K/home/matheuswagner/repos/adaptive-cubesat-adcs/cubesat-simulation/src/concept/src/concept.cpp:18:71:[m[K [01;31m[Kerror: [m[Ktemplate argument 2 is invalid
[1.382s] [01m[K/home/matheuswagner/repos/adaptive-cubesat-adcs/cubesat-simulation/src/concept/src/concept.cpp:19:12:[m[K [01;31m[Kerror: [m[Krequest for member â€˜[01m[Kpush_back[m[Kâ€™ in â€˜[01m[Kinputs[m[Kâ€™, which is of non-class type â€˜[01m[Kint[m[Kâ€™
[1.382s]      inputs.[01;31m[Kpush_back[m[K(amperimeterX);
[1.382s]             [01;31m[K^~~~~~~~~[m[K
[1.382s] [01m[K/home/matheuswagner/repos/adaptive-cubesat-adcs/cubesat-simulation/src/concept/src/concept.cpp:20:12:[m[K [01;31m[Kerror: [m[Krequest for member â€˜[01m[Kpush_back[m[Kâ€™ in â€˜[01m[Kinputs[m[Kâ€™, which is of non-class type â€˜[01m[Kint[m[Kâ€™
[1.382s]      inputs.[01;31m[Kpush_back[m[K(amperimeterY);
[1.382s]             [01;31m[K^~~~~~~~~[m[K
[1.385s] [01m[K/home/matheuswagner/repos/adaptive-cubesat-adcs/cubesat-simulation/src/concept/src/concept.cpp:31:87:[m[K [01;31m[Kerror: [m[Ktype/value mismatch at argument 2 in template parameter list for â€˜[01m[Ktemplate<class Value, class Transducer> class LocalSmartData[m[Kâ€™
[1.385s]      ControllerSmartData<ProportionalController<LocalSmartData<float, PluginAmperimeter[01;31m[K>[m[K, LocalSmartData<float,PluginMotorDriver>>
[1.385s]                                                                                        [01;31m[K^[m[K
[1.385s] [01m[K/home/matheuswagner/repos/adaptive-cubesat-adcs/cubesat-simulation/src/concept/src/concept.cpp:31:87:[m[K [01;36m[Knote: [m[K  expected a type, got â€˜[01m[KPluginAmperimeter[m[Kâ€™
[1.385s] [01m[K/home/matheuswagner/repos/adaptive-cubesat-adcs/cubesat-simulation/src/concept/src/concept.cpp:31:128:[m[K [01;31m[Kerror: [m[Ktemplate argument 1 is invalid
[1.385s]      ControllerSmartData<ProportionalController<LocalSmartData<float, PluginAmperimeter>, LocalSmartData<float,PluginMotorDriver[01;31m[K>>[m[K
[1.386s]                                                                                                                                 [01;31m[K^~[m[K
[1.386s] [01m[K/home/matheuswagner/repos/adaptive-cubesat-adcs/cubesat-simulation/src/concept/src/concept.cpp:32:65:[m[K [01;31m[Kerror: [m[Ktype/value mismatch at argument 2 in template parameter list for â€˜[01m[Ktemplate<class Value, class Transducer> class LocalSmartData[m[Kâ€™
[1.386s]                          ,LocalSmartData<float, PluginAmperimeter[01;31m[K>[m[K,LocalSmartData<float, PluginMotorDriver>> controller(inputs, outputs);
[1.386s]                                                                  [01;31m[K^[m[K
[1.386s] [01m[K/home/matheuswagner/repos/adaptive-cubesat-adcs/cubesat-simulation/src/concept/src/concept.cpp:32:65:[m[K [01;36m[Knote: [m[K  expected a type, got â€˜[01m[KPluginAmperimeter[m[Kâ€™
[1.386s] [01m[K/home/matheuswagner/repos/adaptive-cubesat-adcs/cubesat-simulation/src/concept/src/concept.cpp:32:106:[m[K [01;31m[Kerror: [m[Ktemplate argument 1 is invalid
[1.387s]                          ,LocalSmartData<float, PluginAmperimeter>,LocalSmartData<float, PluginMotorDriver[01;31m[K>>[m[K controller(inputs, outputs);
[1.387s]                                                                                                           [01;31m[K^~[m[K
[1.387s] [01m[K/home/matheuswagner/repos/adaptive-cubesat-adcs/cubesat-simulation/src/concept/src/concept.cpp:32:106:[m[K [01;31m[Kerror: [m[Ktemplate argument 2 is invalid
[1.387s] [01m[K/home/matheuswagner/repos/adaptive-cubesat-adcs/cubesat-simulation/src/concept/src/concept.cpp:32:135:[m[K [01;31m[Kerror: [m[Kexpression list treated as compound expression in initializer [[01;31m[K-fpermissive[m[K]
[1.387s]                          ,LocalSmartData<float, PluginAmperimeter>,LocalSmartData<float, PluginMotorDriver>> controller(inputs, outputs[01;31m[K)[m[K;
[1.387s]                                                                                                                                        [01;31m[K^[m[K
[1.390s] [01m[K/home/matheuswagner/repos/adaptive-cubesat-adcs/cubesat-simulation/src/concept/src/concept.cpp:32:135:[m[K [01;35m[Kwarning: [m[Kleft operand of comma operator has no effect [[01;35m[K-Wunused-value[m[K]
[1.390s] [01m[K/home/matheuswagner/repos/adaptive-cubesat-adcs/cubesat-simulation/src/concept/src/concept.cpp:32:135:[m[K [01;31m[Kerror: [m[Kcannot convert â€˜[01m[Kstd::__cxx11::list<std::shared_ptr<LocalSmartData<float, PluginMotorDriver> > >[m[Kâ€™ to â€˜[01m[Kint[m[Kâ€™ in initialization
[1.390s] [01m[K/home/matheuswagner/repos/adaptive-cubesat-adcs/cubesat-simulation/src/concept/src/concept.cpp:39:21:[m[K [01;31m[Kerror: [m[Kbase operand of â€˜[01m[K->[m[Kâ€™ is not a pointer
[1.390s]          amperimeterX[01;31m[K->[m[KspinIt();
[1.390s]                      [01;31m[K^~[m[K
[1.391s] [01m[K/home/matheuswagner/repos/adaptive-cubesat-adcs/cubesat-simulation/src/concept/src/concept.cpp:40:21:[m[K [01;31m[Kerror: [m[Kbase operand of â€˜[01m[K->[m[Kâ€™ is not a pointer
[1.391s]          amperimeterY[01;31m[K->[m[KspinIt();
[1.391s]                      [01;31m[K^~[m[K
[1.391s] [01m[K/home/matheuswagner/repos/adaptive-cubesat-adcs/cubesat-simulation/src/concept/src/concept.cpp:32:109:[m[K [01;35m[Kwarning: [m[Kunused variable â€˜[01m[Kcontroller[m[Kâ€™ [[01;35m[K-Wunused-variable[m[K]
[1.391s]                          ,LocalSmartData<float, PluginAmperimeter>,LocalSmartData<float, PluginMotorDriver>> [01;35m[Kcontroller[m[K(inputs, outputs);
[1.391s]                                                                                                              [01;35m[K^~~~~~~~~~[m[K
[1.727s] In file included from [01m[K/home/matheuswagner/repos/adaptive-cubesat-adcs/cubesat-simulation/src/concept/src/../include/smartdata.h:7:0[m[K,
[1.727s]                  from [01m[K/home/matheuswagner/repos/adaptive-cubesat-adcs/cubesat-simulation/src/concept/src/../include/local_smartdata.h:4[m[K,
[1.727s]                  from [01m[K/home/matheuswagner/repos/adaptive-cubesat-adcs/cubesat-simulation/src/concept/src/concept.cpp:1[m[K:
[1.727s] /home/matheuswagner/repos/adaptive-cubesat-adcs/cubesat-simulation/src/concept/src/../include/transducer.h: In instantiation of â€˜[01m[Kvoid Transducer<UNIT, Value>::actuate(const Value&) [with long unsigned int UNIT = 2; Value = float][m[Kâ€™:
[1.728s] [01m[K/home/matheuswagner/repos/adaptive-cubesat-adcs/cubesat-simulation/src/concept/src/concept.cpp:47:1:[m[K   required from here
[1.728s] [01m[K/home/matheuswagner/repos/adaptive-cubesat-adcs/cubesat-simulation/src/concept/src/../include/transducer.h:17:43:[m[K [01;35m[Kwarning: [m[Kunused parameter â€˜[01m[Kvalue[m[Kâ€™ [[01;35m[K-Wunused-parameter[m[K]
[1.728s]          virtual void actuate(const Value &[01;35m[Kvalue[m[K){}
[1.728s]                                            [01;35m[K^~~~~[m[K
[1.728s] /home/matheuswagner/repos/adaptive-cubesat-adcs/cubesat-simulation/src/concept/src/../include/transducer.h: In instantiation of â€˜[01m[KValue Transducer<UNIT, Value>::sense() [with long unsigned int UNIT = 2; Value = float][m[Kâ€™:
[1.729s] [01m[K/home/matheuswagner/repos/adaptive-cubesat-adcs/cubesat-simulation/src/concept/src/concept.cpp:47:1:[m[K   required from here
[1.729s] [01m[K/home/matheuswagner/repos/adaptive-cubesat-adcs/cubesat-simulation/src/concept/src/../include/transducer.h:16:31:[m[K [01;35m[Kwarning: [m[Kno return statement in function returning non-void [[01;35m[K-Wreturn-type[m[K]
[1.729s]          virtual Value sense(){[01;35m[K}[m[K
[1.729s]                                [01;35m[K^[m[K
[1.827s] CMakeFiles/concept.dir/build.make:81: recipe for target 'CMakeFiles/concept.dir/src/concept.cpp.o' failed
[1.828s] make[2]: *** [CMakeFiles/concept.dir/src/concept.cpp.o] Error 1
[1.828s] CMakeFiles/Makefile2:122: recipe for target 'CMakeFiles/concept.dir/all' failed
[1.828s] make[1]: *** [CMakeFiles/concept.dir/all] Error 2
[1.828s] Makefile:159: recipe for target 'all' failed
[1.829s] make: *** [all] Error 2
[1.829s] Invoked command in '/home/matheuswagner/repos/adaptive-cubesat-adcs/cubesat-simulation/build/concept' returned '2': CMAKE_PREFIX_PATH=${CMAKE_PREFIX_PATH}:/home/matheuswagner/repos/adaptive-cubesat-adcs/cubesat-simulation/install/cubesat_description:/opt/ros/dashing /usr/local/bin/cmake --build /home/matheuswagner/repos/adaptive-cubesat-adcs/cubesat-simulation/build/concept -- -j8 -l8
