[0.060s] Invoking command in '/home/matheuswagner/repos/adaptive-cubesat-adcs/cubesat-simulation/build/smartdata_test': CMAKE_PREFIX_PATH=${CMAKE_PREFIX_PATH}:/home/matheuswagner/repos/adaptive-cubesat-adcs/cubesat-simulation/install/cubesat_description:/opt/ros/dashing /usr/local/bin/cmake --build /home/matheuswagner/repos/adaptive-cubesat-adcs/cubesat-simulation/build/smartdata_test -- -j8 -l8
[0.086s] [35m[1mScanning dependencies of target smartdata_test[0m
[0.095s] [ 50%] [32mBuilding CXX object CMakeFiles/smartdata_test.dir/src/smartdata_test.cpp.o[0m
[0.265s] In file included from [01m[K/home/matheuswagner/repos/adaptive-cubesat-adcs/cubesat-simulation/src/smartdata_test/src/../../../include/responsiveSmartdata.h:4:0[m[K,
[0.266s]                  from [01m[K/home/matheuswagner/repos/adaptive-cubesat-adcs/cubesat-simulation/src/smartdata_test/src/smartdata_test.cpp:1[m[K:
[0.266s] [01m[K/home/matheuswagner/repos/adaptive-cubesat-adcs/cubesat-simulation/src/smartdata_test/src/../../../include/smartdata.h:47:18:[m[K [01;31m[Kerror: [m[Kusing template type parameter â€˜[01m[KTransducer[m[Kâ€™ after â€˜[01m[Kclass[m[Kâ€™
[0.266s]      friend class [01;31m[KTransducer[m[K;
[0.266s]                   [01;31m[K^~~~~~~~~~[m[K
[0.266s] [01m[K/home/matheuswagner/repos/adaptive-cubesat-adcs/cubesat-simulation/src/smartdata_test/src/../../../include/smartdata.h:47:5:[m[K [01;31m[Kerror: [m[Kfriend declaration does not name a class or function
[0.266s]      [01;31m[Kfriend[m[K class Transducer;
[0.266s]      [01;31m[K^~~~~~[m[K
[1.102s] In file included from [01m[K/home/matheuswagner/repos/adaptive-cubesat-adcs/cubesat-simulation/src/smartdata_test/src/smartdata_test.cpp:1:0[m[K:
[1.102s] [01m[K/home/matheuswagner/repos/adaptive-cubesat-adcs/cubesat-simulation/src/smartdata_test/src/../../../include/responsiveSmartdata.h:12:18:[m[K [01;31m[Kerror: [m[Kusing template type parameter â€˜[01m[KTransducer[m[Kâ€™ after â€˜[01m[Kclass[m[Kâ€™
[1.102s]      friend class [01;31m[KTransducer[m[K;
[1.102s]                   [01;31m[K^~~~~~~~~~[m[K
[1.103s] [01m[K/home/matheuswagner/repos/adaptive-cubesat-adcs/cubesat-simulation/src/smartdata_test/src/../../../include/responsiveSmartdata.h:12:5:[m[K [01;31m[Kerror: [m[Kfriend declaration does not name a class or function
[1.103s]      [01;31m[Kfriend[m[K class Transducer;
[1.103s]      [01;31m[K^~~~~~[m[K
[1.127s] In file included from [01m[K/home/matheuswagner/repos/adaptive-cubesat-adcs/cubesat-simulation/src/smartdata_test/src/smartdata_test.cpp:2:0[m[K:
[1.127s] [01m[K/home/matheuswagner/repos/adaptive-cubesat-adcs/cubesat-simulation/src/smartdata_test/src/../../../include/remoteSmartdata.h:12:18:[m[K [01;31m[Kerror: [m[Kusing template type parameter â€˜[01m[KTransducer[m[Kâ€™ after â€˜[01m[Kclass[m[Kâ€™
[1.127s]      friend class [01;31m[KTransducer[m[K;
[1.128s]                   [01;31m[K^~~~~~~~~~[m[K
[1.128s] [01m[K/home/matheuswagner/repos/adaptive-cubesat-adcs/cubesat-simulation/src/smartdata_test/src/../../../include/remoteSmartdata.h:12:5:[m[K [01;31m[Kerror: [m[Kfriend declaration does not name a class or function
[1.128s]      [01;31m[Kfriend[m[K class Transducer;
[1.128s]      [01;31m[K^~~~~~[m[K
[1.139s] In file included from [01m[K/home/matheuswagner/repos/adaptive-cubesat-adcs/cubesat-simulation/src/smartdata_test/src/smartdata_test.cpp:2:0[m[K:
[1.139s] [01m[K/home/matheuswagner/repos/adaptive-cubesat-adcs/cubesat-simulation/src/smartdata_test/src/../../../include/remoteSmartdata.h:30:147:[m[K [01;31m[Kerror: [m[Kâ€˜[01m[Kstring[m[Kâ€™ has not been declared
[1.140s]  martData(Region *interestRegion, int expiry, int period, std::string nodeName, Coordinates* location, std::string topicRegistered, [01;31m[Kstring[m[K::string type) : Node(nodeName)
[1.140s]                                                                                                                                     [01;31m[K^~~~~~[m[K
[1.140s] [01m[K/home/matheuswagner/repos/adaptive-cubesat-adcs/cubesat-simulation/src/smartdata_test/src/../../../include/remoteSmartdata.h:30:162:[m[K [01;31m[Kerror: [m[Kexpected â€˜[01m[K,[m[Kâ€™ or â€˜[01m[K...[m[Kâ€™ before â€˜[01m[Ktype[m[Kâ€™
[1.140s]   *interestRegion, int expiry, int period, std::string nodeName, Coordinates* location, std::string topicRegistered, string::string [01;31m[Ktype[m[K) : Node(nodeName)
[1.140s]                                                                                                                                     [01;31m[K^~~~[m[K
[1.140s] [01m[K/home/matheuswagner/repos/adaptive-cubesat-adcs/cubesat-simulation/src/smartdata_test/src/../../../include/remoteSmartdata.h:93:48:[m[K [01;31m[Kerror: [m[Kâ€˜[01m[KInt32[m[Kâ€™ in namespace â€˜[01m[Kstd_msgs::msg[m[Kâ€™ does not name a type
[1.140s]          void decodePacket(const std_msgs::msg::[01;31m[KInt32[m[K::Float32MultiArray msg)
[1.140s]                                                 [01;31m[K^~~~~[m[K
[1.140s] [01m[K/home/matheuswagner/repos/adaptive-cubesat-adcs/cubesat-simulation/src/smartdata_test/src/../../../include/remoteSmartdata.h:93:73:[m[K [01;31m[Kerror: [m[Kexpected unqualified-id before â€˜[01m[Kmsg[m[Kâ€™
[1.141s]          void decodePacket(const std_msgs::msg::Int32::Float32MultiArray [01;31m[Kmsg[m[K)
[1.141s]                                                                          [01;31m[K^~~[m[K
[1.141s] [01m[K/home/matheuswagner/repos/adaptive-cubesat-adcs/cubesat-simulation/src/smartdata_test/src/../../../include/remoteSmartdata.h:93:73:[m[K [01;31m[Kerror: [m[Kexpected â€˜[01m[K)[m[Kâ€™ before â€˜[01m[Kmsg[m[Kâ€™
[1.141s] [01m[K/home/matheuswagner/repos/adaptive-cubesat-adcs/cubesat-simulation/src/smartdata_test/src/../../../include/remoteSmartdata.h:93:55:[m[K [01;31m[Kerror: [m[Kexpected â€˜[01m[K;[m[Kâ€™ at end of member declaration
[1.141s]          void decodePacket(const std_msgs::msg::Int32::[01;31m[KFloat32MultiArray[m[K msg)
[1.141s]                                                        [01;31m[K^~~~~~~~~~~~~~~~~[m[K
[1.141s] [01m[K/home/matheuswagner/repos/adaptive-cubesat-adcs/cubesat-simulation/src/smartdata_test/src/../../../include/remoteSmartdata.h:93:73:[m[K [01;31m[Kerror: [m[Kâ€˜[01m[Kmsg[m[Kâ€™ does not name a type
[1.141s]          void decodePacket(const std_msgs::msg::Int32::Float32MultiArray [01;31m[Kmsg[m[K)
[1.141s]                                                                          [01;31m[K^~~[m[K
[1.142s] [01m[K/home/matheuswagner/repos/adaptive-cubesat-adcs/cubesat-simulation/src/smartdata_test/src/../../../include/remoteSmartdata.h:99:54:[m[K [01;31m[Kerror: [m[Kâ€˜[01m[KInt32[m[Kâ€™ in namespace â€˜[01m[Kstd_msgs::msg[m[Kâ€™ does not name a type
[1.142s]          void handleRemoteUpdate(const std_msgs::msg::[01;31m[KInt32[m[K::Float32MultiArray msg)
[1.142s]                                                       [01;31m[K^~~~~[m[K
[1.142s] [01m[K/home/matheuswagner/repos/adaptive-cubesat-adcs/cubesat-simulation/src/smartdata_test/src/../../../include/remoteSmartdata.h:99:79:[m[K [01;31m[Kerror: [m[Kexpected unqualified-id before â€˜[01m[Kmsg[m[Kâ€™
[1.142s]          void handleRemoteUpdate(const std_msgs::msg::Int32::Float32MultiArray [01;31m[Kmsg[m[K)
[1.142s]                                                                                [01;31m[K^~~[m[K
[1.142s] [01m[K/home/matheuswagner/repos/adaptive-cubesat-adcs/cubesat-simulation/src/smartdata_test/src/../../../include/remoteSmartdata.h:99:79:[m[K [01;31m[Kerror: [m[Kexpected â€˜[01m[K)[m[Kâ€™ before â€˜[01m[Kmsg[m[Kâ€™
[1.142s] [01m[K/home/matheuswagner/repos/adaptive-cubesat-adcs/cubesat-simulation/src/smartdata_test/src/../../../include/remoteSmartdata.h:99:61:[m[K [01;31m[Kerror: [m[Kexpected â€˜[01m[K;[m[Kâ€™ at end of member declaration
[1.142s]          void handleRemoteUpdate(const std_msgs::msg::Int32::[01;31m[KFloat32MultiArray[m[K msg)
[1.142s]                                                              [01;31m[K^~~~~~~~~~~~~~~~~[m[K
[1.142s] [01m[K/home/matheuswagner/repos/adaptive-cubesat-adcs/cubesat-simulation/src/smartdata_test/src/../../../include/remoteSmartdata.h:99:79:[m[K [01;31m[Kerror: [m[Kâ€˜[01m[Kmsg[m[Kâ€™ does not name a type
[1.143s]          void handleRemoteUpdate(const std_msgs::msg::Int32::Float32MultiArray [01;31m[Kmsg[m[K)
[1.143s]                                                                                [01;31m[K^~~[m[K
[1.143s] [01m[K/home/matheuswagner/repos/adaptive-cubesat-adcs/cubesat-simulation/src/smartdata_test/src/../../../include/remoteSmartdata.h:[m[K In constructor â€˜[01m[KRemoteSmartData<Transducer, Value>::RemoteSmartData(Region*, int, int, std::__cxx11::string, Coordinates*, std::__cxx11::string, int)[m[Kâ€™:
[1.143s] [01m[K/home/matheuswagner/repos/adaptive-cubesat-adcs/cubesat-simulation/src/smartdata_test/src/../../../include/remoteSmartdata.h:39:16:[m[K [01;31m[Kerror: [m[Kexpected â€˜[01m[K([m[Kâ€™ before â€˜[01m[Ktype[m[Kâ€™
[1.143s]              if [01;31m[Ktype[m[K == "sensor"
[1.143s]                 [01;31m[K^~~~[m[K
[1.143s] [01m[K/home/matheuswagner/repos/adaptive-cubesat-adcs/cubesat-simulation/src/smartdata_test/src/../../../include/remoteSmartdata.h:43:13:[m[K [01;31m[Kerror: [m[Kâ€˜[01m[Kelse[m[Kâ€™ without a previous â€˜[01m[Kif[m[Kâ€™
[1.143s]              [01;31m[Kelse[m[K if (type == "actuator")
[1.143s]              [01;31m[K^~~~[m[K
[1.143s] [01m[K/home/matheuswagner/repos/adaptive-cubesat-adcs/cubesat-simulation/src/smartdata_test/src/../../../include/remoteSmartdata.h:43:22:[m[K [01;31m[Kerror: [m[Kâ€˜[01m[Ktype[m[Kâ€™ was not declared in this scope
[1.144s]              else if ([01;31m[Ktype[m[K == "actuator")
[1.144s]                       [01;31m[K^~~~[m[K
[1.144s] [01m[K/home/matheuswagner/repos/adaptive-cubesat-adcs/cubesat-simulation/src/smartdata_test/src/../../../include/remoteSmartdata.h:43:22:[m[K [01;36m[Knote: [m[Ksuggested alternative: â€˜[01m[Kwctype[m[Kâ€™
[1.144s]              else if ([01;36m[Ktype[m[K == "actuator")
[1.144s]                       [01;36m[K^~~~[m[K
[1.144s]                       [32m[Kwctype[m[K
[1.152s] [01m[K/home/matheuswagner/repos/adaptive-cubesat-adcs/cubesat-simulation/src/smartdata_test/src/smartdata_test.cpp:[m[K In function â€˜[01m[Kint main(int, char**)[m[Kâ€™:
[1.152s] [01m[K/home/matheuswagner/repos/adaptive-cubesat-adcs/cubesat-simulation/src/smartdata_test/src/smartdata_test.cpp:36:109:[m[K [01;31m[Kerror: [m[Kno matching function for call to â€˜[01m[KRegion::Region(int, int, int, int, int, int, int)[m[Kâ€™
[1.152s]      rclcpp::spin(std::make_shared<RemoteSmartData<Dummy_Transducer<1,float>,float>>(new Region(0,0,0,0,0,0,0[01;31m[K)[m[K,1,1000,"testing2",new Coordinates(0,0,0),"testing","sensor"));
[1.152s]                                                                                                              [01;31m[K^[m[K
[1.152s] In file included from [01m[K/home/matheuswagner/repos/adaptive-cubesat-adcs/cubesat-simulation/src/smartdata_test/src/../../../include/responsiveSmartdata.h:4:0[m[K,
[1.152s]                  from [01m[K/home/matheuswagner/repos/adaptive-cubesat-adcs/cubesat-simulation/src/smartdata_test/src/smartdata_test.cpp:1[m[K:
[1.152s] [01m[K/home/matheuswagner/repos/adaptive-cubesat-adcs/cubesat-simulation/src/smartdata_test/src/../../../include/smartdata.h:33:9:[m[K [01;36m[Knote: [m[Kcandidate: Region::Region(float, float, float, float, long unsigned int, long unsigned int)
[1.152s]          [01;36m[KRegion[m[K(float x, float y, float z, float radius, unsigned long initialTime, unsigned long finalTime)
[1.152s]          [01;36m[K^~~~~~[m[K
[1.152s] [01m[K/home/matheuswagner/repos/adaptive-cubesat-adcs/cubesat-simulation/src/smartdata_test/src/../../../include/smartdata.h:33:9:[m[K [01;36m[Knote: [m[K  candidate expects 6 arguments, 7 provided
[1.152s] [01m[K/home/matheuswagner/repos/adaptive-cubesat-adcs/cubesat-simulation/src/smartdata_test/src/../../../include/smartdata.h:23:7:[m[K [01;36m[Knote: [m[Kcandidate: constexpr Region::Region(const Region&)
[1.153s]  class [01;36m[KRegion[m[K
[1.153s]        [01;36m[K^~~~~~[m[K
[1.153s] [01m[K/home/matheuswagner/repos/adaptive-cubesat-adcs/cubesat-simulation/src/smartdata_test/src/../../../include/smartdata.h:23:7:[m[K [01;36m[Knote: [m[K  candidate expects 1 argument, 7 provided
[1.153s] [01m[K/home/matheuswagner/repos/adaptive-cubesat-adcs/cubesat-simulation/src/smartdata_test/src/../../../include/smartdata.h:23:7:[m[K [01;36m[Knote: [m[Kcandidate: constexpr Region::Region(Region&&)
[1.153s] [01m[K/home/matheuswagner/repos/adaptive-cubesat-adcs/cubesat-simulation/src/smartdata_test/src/../../../include/smartdata.h:23:7:[m[K [01;36m[Knote: [m[K  candidate expects 1 argument, 7 provided
[1.515s] In file included from [01m[K/home/matheuswagner/repos/adaptive-cubesat-adcs/cubesat-simulation/src/smartdata_test/src/smartdata_test.cpp:3:0[m[K:
[1.515s] /home/matheuswagner/repos/adaptive-cubesat-adcs/cubesat-simulation/src/smartdata_test/src/../../../include/transducer.h: In instantiation of â€˜[01m[Kvoid Transducer<_UNIT, Value>::actuate(const Value&) [with long unsigned int _UNIT = 1; Value = float][m[Kâ€™:
[1.515s] [01m[K/home/matheuswagner/repos/adaptive-cubesat-adcs/cubesat-simulation/src/smartdata_test/src/smartdata_test.cpp:39:1:[m[K   required from here
[1.515s] [01m[K/home/matheuswagner/repos/adaptive-cubesat-adcs/cubesat-simulation/src/smartdata_test/src/../../../include/transducer.h:18:43:[m[K [01;35m[Kwarning: [m[Kunused parameter â€˜[01m[Kvalue[m[Kâ€™ [[01;35m[K-Wunused-parameter[m[K]
[1.515s]          virtual void actuate(const Value &[01;35m[Kvalue[m[K){}
[1.515s]                                            [01;35m[K^~~~~[m[K
[1.623s] make[2]: *** [CMakeFiles/smartdata_test.dir/src/smartdata_test.cpp.o] Error 1
[1.623s] CMakeFiles/smartdata_test.dir/build.make:81: recipe for target 'CMakeFiles/smartdata_test.dir/src/smartdata_test.cpp.o' failed
[1.623s] make[1]: *** [CMakeFiles/smartdata_test.dir/all] Error 2
[1.623s] CMakeFiles/Makefile2:95: recipe for target 'CMakeFiles/smartdata_test.dir/all' failed
[1.624s] Makefile:159: recipe for target 'all' failed
[1.624s] make: *** [all] Error 2
[1.625s] Invoked command in '/home/matheuswagner/repos/adaptive-cubesat-adcs/cubesat-simulation/build/smartdata_test' returned '2': CMAKE_PREFIX_PATH=${CMAKE_PREFIX_PATH}:/home/matheuswagner/repos/adaptive-cubesat-adcs/cubesat-simulation/install/cubesat_description:/opt/ros/dashing /usr/local/bin/cmake --build /home/matheuswagner/repos/adaptive-cubesat-adcs/cubesat-simulation/build/smartdata_test -- -j8 -l8
