[0.069s] Invoking command in '/home/matheuswagner/repos/adaptive-cubesat-adcs/cubesat-simulation/build/smartdata_test': CMAKE_PREFIX_PATH=${CMAKE_PREFIX_PATH}:/home/matheuswagner/repos/adaptive-cubesat-adcs/cubesat-simulation/install/cubesat_description:/opt/ros/dashing /usr/local/bin/cmake --build /home/matheuswagner/repos/adaptive-cubesat-adcs/cubesat-simulation/build/smartdata_test -- -j8 -l8
[0.092s] [35m[1mScanning dependencies of target smartdata_test[0m
[0.103s] [ 50%] [32mBuilding CXX object CMakeFiles/smartdata_test.dir/src/smartdata_test.cpp.o[0m
[1.048s] In file included from [01m[K/home/matheuswagner/repos/adaptive-cubesat-adcs/cubesat-simulation/src/smartdata_test/src/smartdata_test.cpp:1:0[m[K:
[1.048s] [01m[K/home/matheuswagner/repos/adaptive-cubesat-adcs/cubesat-simulation/src/smartdata_test/src/../../../include/responsiveSmartdata.h:61:26:[m[K [01;35m[Kwarning: [m[KISO C++ forbids use of â€˜[01m[Kauto[m[Kâ€™ in parameter declaration [[01;35m[K-Wpedantic[m[K]
[1.048s]          void buildPacket([01;35m[Kauto[m[K &message)
[1.048s]                           [01;35m[K^~~~[m[K
[1.049s] [01m[K/home/matheuswagner/repos/adaptive-cubesat-adcs/cubesat-simulation/src/smartdata_test/src/../../../include/responsiveSmartdata.h:[m[K In member function â€˜[01m[KValue ResponsiveSmartData<Transducer, Value>::update()[m[Kâ€™:
[1.049s] [01m[K/home/matheuswagner/repos/adaptive-cubesat-adcs/cubesat-simulation/src/smartdata_test/src/../../../include/responsiveSmartdata.h:48:31:[m[K [01;31m[Kerror: [m[Kâ€˜[01m[Kmesssage[m[Kâ€™ was not declared in this scope
[1.049s]              this->buildPacket([01;31m[Kmesssage[m[K);
[1.049s]                                [01;31m[K^~~~~~~~[m[K
[1.049s] [01m[K/home/matheuswagner/repos/adaptive-cubesat-adcs/cubesat-simulation/src/smartdata_test/src/../../../include/responsiveSmartdata.h:48:31:[m[K [01;36m[Knote: [m[Ksuggested alternative: â€˜[01m[Kmessage[m[Kâ€™
[1.049s]              this->buildPacket([01;36m[Kmesssage[m[K);
[1.049s]                                [01;36m[K^~~~~~~~[m[K
[1.050s]                                [32m[Kmessage[m[K
[1.399s] In file included from [01m[K/home/matheuswagner/repos/adaptive-cubesat-adcs/cubesat-simulation/src/smartdata_test/src/smartdata_test.cpp:2:0[m[K:
[1.399s] /home/matheuswagner/repos/adaptive-cubesat-adcs/cubesat-simulation/src/smartdata_test/src/../../../include/transducer.h: In instantiation of â€˜[01m[Kvoid Transducer<_UNIT, Value>::actuate(const Value&) [with long unsigned int _UNIT = 1; Value = float][m[Kâ€™:
[1.399s] [01m[K/home/matheuswagner/repos/adaptive-cubesat-adcs/cubesat-simulation/src/smartdata_test/src/smartdata_test.cpp:37:1:[m[K   required from here
[1.399s] [01m[K/home/matheuswagner/repos/adaptive-cubesat-adcs/cubesat-simulation/src/smartdata_test/src/../../../include/transducer.h:18:43:[m[K [01;35m[Kwarning: [m[Kunused parameter â€˜[01m[Kvalue[m[Kâ€™ [[01;35m[K-Wunused-parameter[m[K]
[1.399s]          virtual void actuate(const Value &[01;35m[Kvalue[m[K){}
[1.399s]                                            [01;35m[K^~~~~[m[K
[1.489s] make[2]: *** [CMakeFiles/smartdata_test.dir/src/smartdata_test.cpp.o] Error 1
[1.490s] CMakeFiles/smartdata_test.dir/build.make:81: recipe for target 'CMakeFiles/smartdata_test.dir/src/smartdata_test.cpp.o' failed
[1.490s] CMakeFiles/Makefile2:95: recipe for target 'CMakeFiles/smartdata_test.dir/all' failed
[1.490s] make[1]: *** [CMakeFiles/smartdata_test.dir/all] Error 2
[1.490s] Makefile:159: recipe for target 'all' failed
[1.490s] make: *** [all] Error 2
[1.491s] Invoked command in '/home/matheuswagner/repos/adaptive-cubesat-adcs/cubesat-simulation/build/smartdata_test' returned '2': CMAKE_PREFIX_PATH=${CMAKE_PREFIX_PATH}:/home/matheuswagner/repos/adaptive-cubesat-adcs/cubesat-simulation/install/cubesat_description:/opt/ros/dashing /usr/local/bin/cmake --build /home/matheuswagner/repos/adaptive-cubesat-adcs/cubesat-simulation/build/smartdata_test -- -j8 -l8
