[ 50%] Built target smartdata_test
[35m[1mScanning dependencies of target remote_smartdata_test[0m
[ 75%] [32mBuilding CXX object CMakeFiles/remote_smartdata_test.dir/src/remote_smartdata_test.cpp.o[0m
[01m[K/home/matheuswagner/repos/adaptive-cubesat-adcs/cubesat-simulation/src/smartdata_test/src/remote_smartdata_test.cpp:[m[K In function â€˜[01m[Kint main(int, char**)[m[Kâ€™:
[01m[K/home/matheuswagner/repos/adaptive-cubesat-adcs/cubesat-simulation/src/smartdata_test/src/remote_smartdata_test.cpp:65:13:[m[K [01;31m[Kerror: [m[Kâ€˜[01m[Krclcpp::node[m[Kâ€™ has not been declared
     rclcpp::[01;31m[Knode[m[K::Node::SharedPtr sensor = std::make_shared<RemoteSmartData<Dummy_Transducer<1,float>,float>>(new Region(0.0,0.0,0.0,0.0,0,0),1,1000,"testing_sensor",new Coordinates(0,0,0),"testing_sensor","sensor");
             [01;31m[K^~~~[m[K
[01m[K/home/matheuswagner/repos/adaptive-cubesat-adcs/cubesat-simulation/src/smartdata_test/src/remote_smartdata_test.cpp:66:13:[m[K [01;31m[Kerror: [m[Kâ€˜[01m[Krclcpp::node[m[Kâ€™ has not been declared
     rclcpp::[01;31m[Knode[m[K::Node::SharedPtr actuator = std::make_shared<RemoteSmartData<Dummy_Transducer<1,float>,float>>(new Region(0.0,0.0,0.0,0.0,0,0),1,1000,"testing_actuator",new Coordinates(0,0,0),"testing_actuator","actuator");
             [01;31m[K^~~~[m[K
[01m[K/home/matheuswagner/repos/adaptive-cubesat-adcs/cubesat-simulation/src/smartdata_test/src/remote_smartdata_test.cpp:68:27:[m[K [01;31m[Kerror: [m[Kâ€˜[01m[Ksensor[m[Kâ€™ was not declared in this scope
     inputData.push_front(*[01;31m[Ksensor[m[K);
                           [01;31m[K^~~~~~[m[K
[01m[K/home/matheuswagner/repos/adaptive-cubesat-adcs/cubesat-simulation/src/smartdata_test/src/remote_smartdata_test.cpp:68:27:[m[K [01;36m[Knote: [m[Ksuggested alternative: â€˜[01m[Kstrstr[m[Kâ€™
     inputData.push_front(*[01;36m[Ksensor[m[K);
                           [01;36m[K^~~~~~[m[K
                           [32m[Kstrstr[m[K
In file included from [01m[K/home/matheuswagner/repos/adaptive-cubesat-adcs/cubesat-simulation/src/smartdata_test/src/../../../include/responsiveSmartdata.h:4:0[m[K,
                 from [01m[K/home/matheuswagner/repos/adaptive-cubesat-adcs/cubesat-simulation/src/smartdata_test/src/remote_smartdata_test.cpp:1[m[K:
/home/matheuswagner/repos/adaptive-cubesat-adcs/cubesat-simulation/src/smartdata_test/src/../../../include/smartdata.h: In instantiation of â€˜[01m[Kclass SmartData<Dummy_Transducer<1, float>, float>[m[Kâ€™:
[01m[K/home/matheuswagner/repos/adaptive-cubesat-adcs/cubesat-simulation/src/smartdata_test/src/remote_smartdata_test.cpp:69:28:[m[K   required from here
[01m[K/home/matheuswagner/repos/adaptive-cubesat-adcs/cubesat-simulation/src/smartdata_test/src/../../../include/smartdata.h:46:1:[m[K [01;31m[Kerror: [m[Ktemplate argument required for â€˜[01m[Kclass TransformerSmartData[m[Kâ€™
 [01;31m[K{[m[K
 [01;31m[K^[m[K
[01m[K/home/matheuswagner/repos/adaptive-cubesat-adcs/cubesat-simulation/src/smartdata_test/src/remote_smartdata_test.cpp:69:27:[m[K [01;31m[Kerror: [m[Kno match for â€˜[01m[Koperator*[m[Kâ€™ (operand type is â€˜[01m[Kstd::__cxx11::list<SmartData<Dummy_Transducer<1, float>, float> >[m[Kâ€™)
     outputData.push_front([01;31m[K*outputData[m[K);
                           [01;31m[K^~~~~~~~~~~[m[K
[01m[K/home/matheuswagner/repos/adaptive-cubesat-adcs/cubesat-simulation/src/smartdata_test/src/remote_smartdata_test.cpp:72:13:[m[K [01;31m[Kerror: [m[Kâ€˜[01m[Krclcpp::node[m[Kâ€™ has not been declared
     rclcpp::[01;31m[Knode[m[K::Node::SharedPtr transformation = std::make_shared<TransformerSmartData<Dummy_Transformation<1,float>,float>>(500,"testing_transform",&inputData,&outputData );
             [01;31m[K^~~~[m[K
[01m[K/home/matheuswagner/repos/adaptive-cubesat-adcs/cubesat-simulation/src/smartdata_test/src/remote_smartdata_test.cpp:81:27:[m[K [01;31m[Kerror: [m[Kâ€˜[01m[Ktransformation[m[Kâ€™ was not declared in this scope
         rclcpp::spin_some([01;31m[Ktransformation[m[K);
                           [01;31m[K^~~~~~~~~~~~~~[m[K
[01m[K/home/matheuswagner/repos/adaptive-cubesat-adcs/cubesat-simulation/src/smartdata_test/src/remote_smartdata_test.cpp:81:27:[m[K [01;36m[Knote: [m[Ksuggested alternative: â€˜[01m[KDummy_Transformation[m[Kâ€™
         rclcpp::spin_some([01;36m[Ktransformation[m[K);
                           [01;36m[K^~~~~~~~~~~~~~[m[K
                           [32m[KDummy_Transformation[m[K
[01m[K/home/matheuswagner/repos/adaptive-cubesat-adcs/cubesat-simulation/src/smartdata_test/src/remote_smartdata_test.cpp:82:27:[m[K [01;31m[Kerror: [m[Kâ€˜[01m[Kactuator[m[Kâ€™ was not declared in this scope
         rclcpp::spin_some([01;31m[Kactuator[m[K);
                           [01;31m[K^~~~~~~~[m[K
[01m[K/home/matheuswagner/repos/adaptive-cubesat-adcs/cubesat-simulation/src/smartdata_test/src/remote_smartdata_test.cpp:82:27:[m[K [01;36m[Knote: [m[Ksuggested alternative: â€˜[01m[Kauto[m[Kâ€™
         rclcpp::spin_some([01;36m[Kactuator[m[K);
                           [01;36m[K^~~~~~~~[m[K
                           [32m[Kauto[m[K
In file included from [01m[K/usr/include/c++/7/bits/stl_list.h:64:0[m[K,
                 from [01m[K/usr/include/c++/7/list:63[m[K,
                 from [01m[K/home/matheuswagner/repos/adaptive-cubesat-adcs/cubesat-simulation/src/smartdata_test/src/../../../include/smartdata.h:4[m[K,
                 from [01m[K/home/matheuswagner/repos/adaptive-cubesat-adcs/cubesat-simulation/src/smartdata_test/src/../../../include/responsiveSmartdata.h:4[m[K,
                 from [01m[K/home/matheuswagner/repos/adaptive-cubesat-adcs/cubesat-simulation/src/smartdata_test/src/remote_smartdata_test.cpp:1[m[K:
/usr/include/c++/7/ext/aligned_buffer.h: In instantiation of â€˜[01m[Kstruct __gnu_cxx::__aligned_membuf<SmartData<Dummy_Transducer<1, float>, float> >::_Tp2[m[Kâ€™:
[01m[K/usr/include/c++/7/ext/aligned_buffer.h:54:27:[m[K   required from â€˜[01m[Kstruct __gnu_cxx::__aligned_membuf<SmartData<Dummy_Transducer<1, float>, float> >[m[Kâ€™
[01m[K/usr/include/c++/7/bits/stl_list.h:112:40:[m[K   required from â€˜[01m[Kstruct std::_List_node<SmartData<Dummy_Transducer<1, float>, float> >[m[Kâ€™
[01m[K/usr/include/c++/7/bits/list.tcc:72:19:[m[K   required from â€˜[01m[Kvoid std::__cxx11::_List_base<_Tp, _Alloc>::_M_clear() [with _Tp = SmartData<Dummy_Transducer<1, float>, float>; _Alloc = std::allocator<SmartData<Dummy_Transducer<1, float>, float> >][m[Kâ€™
[01m[K/usr/include/c++/7/bits/stl_list.h:442:17:[m[K   required from â€˜[01m[Kstd::__cxx11::_List_base<_Tp, _Alloc>::~_List_base() [with _Tp = SmartData<Dummy_Transducer<1, float>, float>; _Alloc = std::allocator<SmartData<Dummy_Transducer<1, float>, float> >][m[Kâ€™
[01m[K/usr/include/c++/7/bits/stl_list.h:733:7:[m[K   required from here
[01m[K/usr/include/c++/7/ext/aligned_buffer.h:52:25:[m[K [01;31m[Kerror: [m[Kcannot declare field â€˜[01m[K__gnu_cxx::__aligned_membuf<SmartData<Dummy_Transducer<1, float>, float> >::_Tp2::_M_t[m[Kâ€™ to be of abstract type â€˜[01m[KSmartData<Dummy_Transducer<1, float>, float>[m[Kâ€™
       struct _Tp2 { _Tp [01;31m[K_M_t[m[K; };
                         [01;31m[K^~~~[m[K
In file included from [01m[K/home/matheuswagner/repos/adaptive-cubesat-adcs/cubesat-simulation/src/smartdata_test/src/../../../include/responsiveSmartdata.h:4:0[m[K,
                 from [01m[K/home/matheuswagner/repos/adaptive-cubesat-adcs/cubesat-simulation/src/smartdata_test/src/remote_smartdata_test.cpp:1[m[K:
[01m[K/home/matheuswagner/repos/adaptive-cubesat-adcs/cubesat-simulation/src/smartdata_test/src/../../../include/smartdata.h:45:7:[m[K [01;36m[Knote: [m[K  because the following virtual functions are pure within â€˜[01m[KSmartData<Dummy_Transducer<1, float>, float>[m[Kâ€™:
 class [01;36m[KSmartData[m[K
       [01;36m[K^~~~~~~~~[m[K
[01m[K/home/matheuswagner/repos/adaptive-cubesat-adcs/cubesat-simulation/src/smartdata_test/src/../../../include/smartdata.h:60:23:[m[K [01;36m[Knote: [m[K	Value SmartData<Transducer, Value>::value() [with Transducer = Dummy_Transducer<1, float>; Value = float]
         virtual Value [01;36m[Kvalue[m[K() = 0;
                       [01;36m[K^~~~~[m[K
[01m[K/home/matheuswagner/repos/adaptive-cubesat-adcs/cubesat-simulation/src/smartdata_test/src/../../../include/smartdata.h:61:23:[m[K [01;36m[Knote: [m[K	Value SmartData<Transducer, Value>::update() [with Transducer = Dummy_Transducer<1, float>; Value = float]
         virtual Value [01;36m[Kupdate[m[K() = 0;
                       [01;36m[K^~~~~~[m[K
[01m[K/home/matheuswagner/repos/adaptive-cubesat-adcs/cubesat-simulation/src/smartdata_test/src/../../../include/smartdata.h:62:22:[m[K [01;36m[Knote: [m[K	void SmartData<Transducer, Value>::wait() [with Transducer = Dummy_Transducer<1, float>; Value = float]
         virtual void [01;36m[Kwait[m[K() =0;
                      [01;36m[K^~~~[m[K
CMakeFiles/remote_smartdata_test.dir/build.make:81: recipe for target 'CMakeFiles/remote_smartdata_test.dir/src/remote_smartdata_test.cpp.o' failed
make[2]: *** [CMakeFiles/remote_smartdata_test.dir/src/remote_smartdata_test.cpp.o] Error 1
CMakeFiles/Makefile2:151: recipe for target 'CMakeFiles/remote_smartdata_test.dir/all' failed
make[1]: *** [CMakeFiles/remote_smartdata_test.dir/all] Error 2
make: *** [all] Error 2
Makefile:159: recipe for target 'all' failed
