[0.064s] Invoking command in '/home/matheuswagner/repos/adaptive-cubesat-adcs/cubesat-simulation/build/smartdata_test': CMAKE_PREFIX_PATH=${CMAKE_PREFIX_PATH}:/home/matheuswagner/repos/adaptive-cubesat-adcs/cubesat-simulation/install/cubesat_description:/opt/ros/dashing /usr/local/bin/cmake --build /home/matheuswagner/repos/adaptive-cubesat-adcs/cubesat-simulation/build/smartdata_test -- -j8 -l8
[0.095s] [ 50%] Built target smartdata_test
[0.102s] [35m[1mScanning dependencies of target remote_smartdata_test[0m
[0.114s] [ 75%] [32mBuilding CXX object CMakeFiles/remote_smartdata_test.dir/src/remote_smartdata_test.cpp.o[0m
[1.196s] [01m[K/home/matheuswagner/repos/adaptive-cubesat-adcs/cubesat-simulation/src/smartdata_test/src/remote_smartdata_test.cpp:[m[K In function â€˜[01m[Kint main(int, char**)[m[Kâ€™:
[1.196s] [01m[K/home/matheuswagner/repos/adaptive-cubesat-adcs/cubesat-simulation/src/smartdata_test/src/remote_smartdata_test.cpp:65:13:[m[K [01;31m[Kerror: [m[Kâ€˜[01m[Krclcpp::node[m[Kâ€™ has not been declared
[1.197s]      rclcpp::[01;31m[Knode[m[K::Node::SharedPtr sensor = std::make_shared<RemoteSmartData<Dummy_Transducer<1,float>,float>>(new Region(0.0,0.0,0.0,0.0,0,0),1,1000,"testing_sensor",new Coordinates(0,0,0),"testing_sensor","sensor");
[1.197s]              [01;31m[K^~~~[m[K
[1.197s] [01m[K/home/matheuswagner/repos/adaptive-cubesat-adcs/cubesat-simulation/src/smartdata_test/src/remote_smartdata_test.cpp:66:13:[m[K [01;31m[Kerror: [m[Kâ€˜[01m[Krclcpp::node[m[Kâ€™ has not been declared
[1.197s]      rclcpp::[01;31m[Knode[m[K::Node::SharedPtr actuator = std::make_shared<RemoteSmartData<Dummy_Transducer<1,float>,float>>(new Region(0.0,0.0,0.0,0.0,0,0),1,1000,"testing_actuator",new Coordinates(0,0,0),"testing_actuator","actuator");
[1.197s]              [01;31m[K^~~~[m[K
[1.197s] [01m[K/home/matheuswagner/repos/adaptive-cubesat-adcs/cubesat-simulation/src/smartdata_test/src/remote_smartdata_test.cpp:68:27:[m[K [01;31m[Kerror: [m[Kâ€˜[01m[Ksensor[m[Kâ€™ was not declared in this scope
[1.197s]      inputData.push_front(*[01;31m[Ksensor[m[K);
[1.198s]                            [01;31m[K^~~~~~[m[K
[1.198s] [01m[K/home/matheuswagner/repos/adaptive-cubesat-adcs/cubesat-simulation/src/smartdata_test/src/remote_smartdata_test.cpp:68:27:[m[K [01;36m[Knote: [m[Ksuggested alternative: â€˜[01m[Kstrstr[m[Kâ€™
[1.198s]      inputData.push_front(*[01;36m[Ksensor[m[K);
[1.198s]                            [01;36m[K^~~~~~[m[K
[1.198s]                            [32m[Kstrstr[m[K
[1.198s] In file included from [01m[K/home/matheuswagner/repos/adaptive-cubesat-adcs/cubesat-simulation/src/smartdata_test/src/../../../include/responsiveSmartdata.h:4:0[m[K,
[1.198s]                  from [01m[K/home/matheuswagner/repos/adaptive-cubesat-adcs/cubesat-simulation/src/smartdata_test/src/remote_smartdata_test.cpp:1[m[K:
[1.198s] /home/matheuswagner/repos/adaptive-cubesat-adcs/cubesat-simulation/src/smartdata_test/src/../../../include/smartdata.h: In instantiation of â€˜[01m[Kclass SmartData<Dummy_Transducer<1, float>, float>[m[Kâ€™:
[1.198s] [01m[K/home/matheuswagner/repos/adaptive-cubesat-adcs/cubesat-simulation/src/smartdata_test/src/remote_smartdata_test.cpp:69:28:[m[K   required from here
[1.199s] [01m[K/home/matheuswagner/repos/adaptive-cubesat-adcs/cubesat-simulation/src/smartdata_test/src/../../../include/smartdata.h:46:1:[m[K [01;31m[Kerror: [m[Ktemplate argument required for â€˜[01m[Kclass TransformerSmartData[m[Kâ€™
[1.199s]  [01;31m[K{[m[K
[1.199s]  [01;31m[K^[m[K
[1.199s] [01m[K/home/matheuswagner/repos/adaptive-cubesat-adcs/cubesat-simulation/src/smartdata_test/src/remote_smartdata_test.cpp:69:27:[m[K [01;31m[Kerror: [m[Kno match for â€˜[01m[Koperator*[m[Kâ€™ (operand type is â€˜[01m[Kstd::__cxx11::list<SmartData<Dummy_Transducer<1, float>, float> >[m[Kâ€™)
[1.199s]      outputData.push_front([01;31m[K*outputData[m[K);
[1.199s]                            [01;31m[K^~~~~~~~~~~[m[K
[1.199s] [01m[K/home/matheuswagner/repos/adaptive-cubesat-adcs/cubesat-simulation/src/smartdata_test/src/remote_smartdata_test.cpp:72:13:[m[K [01;31m[Kerror: [m[Kâ€˜[01m[Krclcpp::node[m[Kâ€™ has not been declared
[1.199s]      rclcpp::[01;31m[Knode[m[K::Node::SharedPtr transformation = std::make_shared<TransformerSmartData<Dummy_Transformation<1,float>,float>>(500,"testing_transform",&inputData,&outputData );
[1.199s]              [01;31m[K^~~~[m[K
[1.199s] [01m[K/home/matheuswagner/repos/adaptive-cubesat-adcs/cubesat-simulation/src/smartdata_test/src/remote_smartdata_test.cpp:81:27:[m[K [01;31m[Kerror: [m[Kâ€˜[01m[Ktransformation[m[Kâ€™ was not declared in this scope
[1.199s]          rclcpp::spin_some([01;31m[Ktransformation[m[K);
[1.199s]                            [01;31m[K^~~~~~~~~~~~~~[m[K
[1.200s] [01m[K/home/matheuswagner/repos/adaptive-cubesat-adcs/cubesat-simulation/src/smartdata_test/src/remote_smartdata_test.cpp:81:27:[m[K [01;36m[Knote: [m[Ksuggested alternative: â€˜[01m[KDummy_Transformation[m[Kâ€™
[1.200s]          rclcpp::spin_some([01;36m[Ktransformation[m[K);
[1.201s]                            [01;36m[K^~~~~~~~~~~~~~[m[K
[1.201s]                            [32m[KDummy_Transformation[m[K
[1.201s] [01m[K/home/matheuswagner/repos/adaptive-cubesat-adcs/cubesat-simulation/src/smartdata_test/src/remote_smartdata_test.cpp:82:27:[m[K [01;31m[Kerror: [m[Kâ€˜[01m[Kactuator[m[Kâ€™ was not declared in this scope
[1.201s]          rclcpp::spin_some([01;31m[Kactuator[m[K);
[1.201s]                            [01;31m[K^~~~~~~~[m[K
[1.201s] [01m[K/home/matheuswagner/repos/adaptive-cubesat-adcs/cubesat-simulation/src/smartdata_test/src/remote_smartdata_test.cpp:82:27:[m[K [01;36m[Knote: [m[Ksuggested alternative: â€˜[01m[Kauto[m[Kâ€™
[1.201s]          rclcpp::spin_some([01;36m[Kactuator[m[K);
[1.201s]                            [01;36m[K^~~~~~~~[m[K
[1.201s]                            [32m[Kauto[m[K
[1.295s] In file included from [01m[K/usr/include/c++/7/bits/stl_list.h:64:0[m[K,
[1.295s]                  from [01m[K/usr/include/c++/7/list:63[m[K,
[1.295s]                  from [01m[K/home/matheuswagner/repos/adaptive-cubesat-adcs/cubesat-simulation/src/smartdata_test/src/../../../include/smartdata.h:4[m[K,
[1.295s]                  from [01m[K/home/matheuswagner/repos/adaptive-cubesat-adcs/cubesat-simulation/src/smartdata_test/src/../../../include/responsiveSmartdata.h:4[m[K,
[1.295s]                  from [01m[K/home/matheuswagner/repos/adaptive-cubesat-adcs/cubesat-simulation/src/smartdata_test/src/remote_smartdata_test.cpp:1[m[K:
[1.295s] /usr/include/c++/7/ext/aligned_buffer.h: In instantiation of â€˜[01m[Kstruct __gnu_cxx::__aligned_membuf<SmartData<Dummy_Transducer<1, float>, float> >::_Tp2[m[Kâ€™:
[1.295s] [01m[K/usr/include/c++/7/ext/aligned_buffer.h:54:27:[m[K   required from â€˜[01m[Kstruct __gnu_cxx::__aligned_membuf<SmartData<Dummy_Transducer<1, float>, float> >[m[Kâ€™
[1.295s] [01m[K/usr/include/c++/7/bits/stl_list.h:112:40:[m[K   required from â€˜[01m[Kstruct std::_List_node<SmartData<Dummy_Transducer<1, float>, float> >[m[Kâ€™
[1.295s] [01m[K/usr/include/c++/7/bits/list.tcc:72:19:[m[K   required from â€˜[01m[Kvoid std::__cxx11::_List_base<_Tp, _Alloc>::_M_clear() [with _Tp = SmartData<Dummy_Transducer<1, float>, float>; _Alloc = std::allocator<SmartData<Dummy_Transducer<1, float>, float> >][m[Kâ€™
[1.295s] [01m[K/usr/include/c++/7/bits/stl_list.h:442:17:[m[K   required from â€˜[01m[Kstd::__cxx11::_List_base<_Tp, _Alloc>::~_List_base() [with _Tp = SmartData<Dummy_Transducer<1, float>, float>; _Alloc = std::allocator<SmartData<Dummy_Transducer<1, float>, float> >][m[Kâ€™
[1.296s] [01m[K/usr/include/c++/7/bits/stl_list.h:733:7:[m[K   required from here
[1.296s] [01m[K/usr/include/c++/7/ext/aligned_buffer.h:52:25:[m[K [01;31m[Kerror: [m[Kcannot declare field â€˜[01m[K__gnu_cxx::__aligned_membuf<SmartData<Dummy_Transducer<1, float>, float> >::_Tp2::_M_t[m[Kâ€™ to be of abstract type â€˜[01m[KSmartData<Dummy_Transducer<1, float>, float>[m[Kâ€™
[1.296s]        struct _Tp2 { _Tp [01;31m[K_M_t[m[K; };
[1.296s]                          [01;31m[K^~~~[m[K
[1.296s] In file included from [01m[K/home/matheuswagner/repos/adaptive-cubesat-adcs/cubesat-simulation/src/smartdata_test/src/../../../include/responsiveSmartdata.h:4:0[m[K,
[1.296s]                  from [01m[K/home/matheuswagner/repos/adaptive-cubesat-adcs/cubesat-simulation/src/smartdata_test/src/remote_smartdata_test.cpp:1[m[K:
[1.296s] [01m[K/home/matheuswagner/repos/adaptive-cubesat-adcs/cubesat-simulation/src/smartdata_test/src/../../../include/smartdata.h:45:7:[m[K [01;36m[Knote: [m[K  because the following virtual functions are pure within â€˜[01m[KSmartData<Dummy_Transducer<1, float>, float>[m[Kâ€™:
[1.296s]  class [01;36m[KSmartData[m[K
[1.296s]        [01;36m[K^~~~~~~~~[m[K
[1.296s] [01m[K/home/matheuswagner/repos/adaptive-cubesat-adcs/cubesat-simulation/src/smartdata_test/src/../../../include/smartdata.h:60:23:[m[K [01;36m[Knote: [m[K	Value SmartData<Transducer, Value>::value() [with Transducer = Dummy_Transducer<1, float>; Value = float]
[1.296s]          virtual Value [01;36m[Kvalue[m[K() = 0;
[1.297s]                        [01;36m[K^~~~~[m[K
[1.297s] [01m[K/home/matheuswagner/repos/adaptive-cubesat-adcs/cubesat-simulation/src/smartdata_test/src/../../../include/smartdata.h:61:23:[m[K [01;36m[Knote: [m[K	Value SmartData<Transducer, Value>::update() [with Transducer = Dummy_Transducer<1, float>; Value = float]
[1.297s]          virtual Value [01;36m[Kupdate[m[K() = 0;
[1.297s]                        [01;36m[K^~~~~~[m[K
[1.297s] [01m[K/home/matheuswagner/repos/adaptive-cubesat-adcs/cubesat-simulation/src/smartdata_test/src/../../../include/smartdata.h:62:22:[m[K [01;36m[Knote: [m[K	void SmartData<Transducer, Value>::wait() [with Transducer = Dummy_Transducer<1, float>; Value = float]
[1.297s]          virtual void [01;36m[Kwait[m[K() =0;
[1.297s]                       [01;36m[K^~~~[m[K
[1.377s] CMakeFiles/remote_smartdata_test.dir/build.make:81: recipe for target 'CMakeFiles/remote_smartdata_test.dir/src/remote_smartdata_test.cpp.o' failed
[1.377s] make[2]: *** [CMakeFiles/remote_smartdata_test.dir/src/remote_smartdata_test.cpp.o] Error 1
[1.377s] CMakeFiles/Makefile2:151: recipe for target 'CMakeFiles/remote_smartdata_test.dir/all' failed
[1.377s] make[1]: *** [CMakeFiles/remote_smartdata_test.dir/all] Error 2
[1.377s] make: *** [all] Error 2
[1.378s] Makefile:159: recipe for target 'all' failed
[1.379s] Invoked command in '/home/matheuswagner/repos/adaptive-cubesat-adcs/cubesat-simulation/build/smartdata_test' returned '2': CMAKE_PREFIX_PATH=${CMAKE_PREFIX_PATH}:/home/matheuswagner/repos/adaptive-cubesat-adcs/cubesat-simulation/install/cubesat_description:/opt/ros/dashing /usr/local/bin/cmake --build /home/matheuswagner/repos/adaptive-cubesat-adcs/cubesat-simulation/build/smartdata_test -- -j8 -l8
