[0.068s] Invoking command in '/home/matheuswagner/repos/adaptive-cubesat-adcs/cubesat-simulation/src/build/smartdata_test': CMAKE_PREFIX_PATH=${CMAKE_PREFIX_PATH}:/home/matheuswagner/repos/adaptive-cubesat-adcs/cubesat-simulation/src/install/cubesat_description:/opt/ros/dashing /usr/local/bin/cmake --build /home/matheuswagner/repos/adaptive-cubesat-adcs/cubesat-simulation/src/build/smartdata_test -- -j8 -l8
[0.089s] [35m[1mScanning dependencies of target smartdata_test[0m
[0.099s] [ 50%] [32mBuilding CXX object CMakeFiles/smartdata_test.dir/src/smartdata_test.cpp.o[0m
[1.180s] In file included from [01m[K/home/matheuswagner/repos/adaptive-cubesat-adcs/cubesat-simulation/src/smartdata_test/src/smartdata_test.cpp:1:0[m[K:
[1.181s] [01m[K/home/matheuswagner/repos/adaptive-cubesat-adcs/cubesat-simulation/src/smartdata_test/src/../../../include/responsiveSmartData.h:[m[K In constructor â€˜[01m[KInterest<Message>::Interest(int, std::__cxx11::string)[m[Kâ€™:
[1.181s] [01m[K/home/matheuswagner/repos/adaptive-cubesat-adcs/cubesat-simulation/src/smartdata_test/src/../../../include/responsiveSmartData.h:25:55:[m[K [01;31m[Kerror: [m[Kexpected primary-expression before â€˜[01m[K>[m[Kâ€™ token
[1.181s]              publisher = this->create_publisher<Message[01;31m[K>[m[K(topicIdentifier, queue_size);
[1.181s]                                                        [01;31m[K^[m[K
[1.271s] /home/matheuswagner/repos/adaptive-cubesat-adcs/cubesat-simulation/src/smartdata_test/src/../../../include/responsiveSmartData.h: In instantiation of â€˜[01m[KInterest<Message>::Interest(int, std::__cxx11::string) [with Message = std_msgs::msg::Float32_<std::allocator<void> >; std::__cxx11::string = std::__cxx11::basic_string<char>][m[Kâ€™:
[1.271s] [01m[K/home/matheuswagner/repos/adaptive-cubesat-adcs/cubesat-simulation/src/smartdata_test/src/smartdata_test.cpp:35:58:[m[K   required from here
[1.271s] [01m[K/home/matheuswagner/repos/adaptive-cubesat-adcs/cubesat-simulation/src/smartdata_test/src/../../../include/responsiveSmartData.h:25:31:[m[K [01;31m[Kerror: [m[Kâ€˜[01m[Kclass Interest<std_msgs::msg::Float32_<std::allocator<void> > >[m[Kâ€™ has no member named â€˜[01m[Kcreate_publisher[m[Kâ€™; did you mean â€˜[01m[Kpublisher[m[Kâ€™?
[1.271s]              publisher = [01;31m[Kthis->create_publisher[m[K<Message>(topicIdentifier, queue_size);
[1.271s]                          [01;31m[K~~~~~~^~~~~~~~~~~~~~~~[m[K
[1.271s]                          [32m[Kpublisher[m[K
[1.272s] [01m[K/home/matheuswagner/repos/adaptive-cubesat-adcs/cubesat-simulation/src/smartdata_test/src/../../../include/responsiveSmartData.h:25:72:[m[K [01;35m[Kwarning: [m[Kleft operand of comma operator has no effect [[01;35m[K-Wunused-value[m[K]
[1.272s]              publisher = this->create_publisher<Message>[01;35m[K(topicIdentifier, queue_size)[m[K;
[1.272s]                                                         [01;35m[K~~~~~~~~~~~~~~~~^~~~~~~~~~~~~[m[K
[1.272s] [01m[K/home/matheuswagner/repos/adaptive-cubesat-adcs/cubesat-simulation/src/smartdata_test/src/../../../include/responsiveSmartData.h:26:27:[m[K [01;31m[Kerror: [m[Kâ€˜[01m[Kclass Interest<std_msgs::msg::Float32_<std::allocator<void> > >[m[Kâ€™ has no member named â€˜[01m[Kcreate_wall_timer[m[Kâ€™
[1.272s]              timer = [01;31m[Kthis->create_wall_timer[m[K(std::chrono::milliseconds(period), std::bind(&Interest::publish, this));
[1.272s]                      [01;31m[K~~~~~~^~~~~~~~~~~~~~~~~[m[K
[1.416s] In file included from [01m[K/home/matheuswagner/repos/adaptive-cubesat-adcs/cubesat-simulation/src/smartdata_test/src/smartdata_test.cpp:2:0[m[K:
[1.416s] /home/matheuswagner/repos/adaptive-cubesat-adcs/cubesat-simulation/src/smartdata_test/src/../../../include/transducer.h: In instantiation of â€˜[01m[Kvoid Transducer<_UNIT, Value>::actuate(const Value&) [with long unsigned int _UNIT = 1; Value = float][m[Kâ€™:
[1.416s] [01m[K/home/matheuswagner/repos/adaptive-cubesat-adcs/cubesat-simulation/src/smartdata_test/src/smartdata_test.cpp:44:1:[m[K   required from here
[1.417s] [01m[K/home/matheuswagner/repos/adaptive-cubesat-adcs/cubesat-simulation/src/smartdata_test/src/../../../include/transducer.h:18:43:[m[K [01;35m[Kwarning: [m[Kunused parameter â€˜[01m[Kvalue[m[Kâ€™ [[01;35m[K-Wunused-parameter[m[K]
[1.417s]          virtual void actuate(const Value &[01;35m[Kvalue[m[K){}
[1.417s]                                            [01;35m[K^~~~~[m[K
[1.466s] CMakeFiles/smartdata_test.dir/build.make:81: recipe for target 'CMakeFiles/smartdata_test.dir/src/smartdata_test.cpp.o' failed
[1.466s] make[2]: *** [CMakeFiles/smartdata_test.dir/src/smartdata_test.cpp.o] Error 1
[1.466s] make[1]: *** [CMakeFiles/smartdata_test.dir/all] Error 2
[1.466s] CMakeFiles/Makefile2:95: recipe for target 'CMakeFiles/smartdata_test.dir/all' failed
[1.467s] make: *** [all] Error 2
[1.467s] Makefile:159: recipe for target 'all' failed
[1.468s] Invoked command in '/home/matheuswagner/repos/adaptive-cubesat-adcs/cubesat-simulation/src/build/smartdata_test' returned '2': CMAKE_PREFIX_PATH=${CMAKE_PREFIX_PATH}:/home/matheuswagner/repos/adaptive-cubesat-adcs/cubesat-simulation/src/install/cubesat_description:/opt/ros/dashing /usr/local/bin/cmake --build /home/matheuswagner/repos/adaptive-cubesat-adcs/cubesat-simulation/src/build/smartdata_test -- -j8 -l8
