[0.058s] Invoking command in '/home/matheuswagner/repos/adaptive-cubesat-adcs/cubesat-simulation/build/smartdata_test': CMAKE_PREFIX_PATH=${CMAKE_PREFIX_PATH}:/home/matheuswagner/repos/adaptive-cubesat-adcs/cubesat-simulation/install/cubesat_description:/opt/ros/dashing /usr/local/bin/cmake --build /home/matheuswagner/repos/adaptive-cubesat-adcs/cubesat-simulation/build/smartdata_test -- -j8 -l8
[0.088s] [ 50%] Built target smartdata_test
[0.102s] [ 75%] [32mBuilding CXX object CMakeFiles/remote_smartdata_test.dir/src/remote_smartdata_test.cpp.o[0m
[1.133s] In file included from [01m[K/home/matheuswagner/repos/adaptive-cubesat-adcs/cubesat-simulation/src/smartdata_test/src/remote_smartdata_test.cpp:3:0[m[K:
[1.134s] [01m[K/home/matheuswagner/repos/adaptive-cubesat-adcs/cubesat-simulation/src/smartdata_test/src/../../../include/transformerSmartdata.h:[m[K In constructor â€˜[01m[KTransformerSmartData<Transformation, Value>::TransformerSmartData(int, std::__cxx11::string, Coordinates*, std::__cxx11::list<SmartData<Transducer, Value> >*, std::__cxx11::list<SmartData<Transducer, Value> >*)[m[Kâ€™:
[1.134s] [01m[K/home/matheuswagner/repos/adaptive-cubesat-adcs/cubesat-simulation/src/smartdata_test/src/../../../include/transformerSmartdata.h:28:36:[m[K [01;31m[Kerror: [m[Kexpected type-specifier before â€˜[01m[KTransducer[m[Kâ€™
[1.134s]              this->transducer = new [01;31m[KTransducer[m[K();
[1.134s]                                     [01;31m[K^~~~~~~~~~[m[K
[1.134s] [01m[K/home/matheuswagner/repos/adaptive-cubesat-adcs/cubesat-simulation/src/smartdata_test/src/../../../include/transformerSmartdata.h:28:36:[m[K [01;31m[Kerror: [m[Kexpected â€˜[01m[K;[m[Kâ€™ before â€˜[01m[KTransducer[m[Kâ€™
[1.134s] [01m[K/home/matheuswagner/repos/adaptive-cubesat-adcs/cubesat-simulation/src/smartdata_test/src/../../../include/transformerSmartdata.h:29:36:[m[K [01;31m[Kerror: [m[Kâ€˜[01m[Ktransducer[m[Kâ€™ was not declared in this scope
[1.134s]              this->smartdataValue = [01;31m[Ktransducer[m[K->sense();
[1.134s]                                     [01;31m[K^~~~~~~~~~[m[K
[1.135s] [01m[K/home/matheuswagner/repos/adaptive-cubesat-adcs/cubesat-simulation/src/smartdata_test/src/../../../include/transformerSmartdata.h:29:36:[m[K [01;36m[Knote: [m[Ksuggested alternative: â€˜[01m[K__transducer_h[m[Kâ€™
[1.135s]              this->smartdataValue = [01;36m[Ktransducer[m[K->sense();
[1.135s]                                     [01;36m[K^~~~~~~~~~[m[K
[1.136s]                                     [32m[K__transducer_h[m[K
[1.136s] [01m[K/home/matheuswagner/repos/adaptive-cubesat-adcs/cubesat-simulation/src/smartdata_test/src/remote_smartdata_test.cpp:[m[K At global scope:
[1.136s] [01m[K/home/matheuswagner/repos/adaptive-cubesat-adcs/cubesat-simulation/src/smartdata_test/src/remote_smartdata_test.cpp:43:39:[m[K [01;31m[Kerror: [m[Ktype/value mismatch at argument 1 in template parameter list for â€˜[01m[Ktemplate<class _Tp, class _Alloc> class std::__cxx11::list[m[Kâ€™
[1.136s]      void transform(std::list<SmartData[01;31m[K>[m[K* inputData, std::list<SmartData>* outputData)
[1.136s]                                        [01;31m[K^[m[K
[1.136s] [01m[K/home/matheuswagner/repos/adaptive-cubesat-adcs/cubesat-simulation/src/smartdata_test/src/remote_smartdata_test.cpp:43:39:[m[K [01;36m[Knote: [m[K  expected a type, got â€˜[01m[KSmartData[m[Kâ€™
[1.136s] [01m[K/home/matheuswagner/repos/adaptive-cubesat-adcs/cubesat-simulation/src/smartdata_test/src/remote_smartdata_test.cpp:43:39:[m[K [01;31m[Kerror: [m[Ktemplate argument 2 is invalid
[1.136s] [01m[K/home/matheuswagner/repos/adaptive-cubesat-adcs/cubesat-simulation/src/smartdata_test/src/remote_smartdata_test.cpp:43:72:[m[K [01;31m[Kerror: [m[Ktype/value mismatch at argument 1 in template parameter list for â€˜[01m[Ktemplate<class _Tp, class _Alloc> class std::__cxx11::list[m[Kâ€™
[1.136s]      void transform(std::list<SmartData>* inputData, std::list<SmartData[01;31m[K>[m[K* outputData)
[1.137s]                                                                         [01;31m[K^[m[K
[1.137s] [01m[K/home/matheuswagner/repos/adaptive-cubesat-adcs/cubesat-simulation/src/smartdata_test/src/remote_smartdata_test.cpp:43:72:[m[K [01;36m[Knote: [m[K  expected a type, got â€˜[01m[KSmartData[m[Kâ€™
[1.137s] [01m[K/home/matheuswagner/repos/adaptive-cubesat-adcs/cubesat-simulation/src/smartdata_test/src/remote_smartdata_test.cpp:43:72:[m[K [01;31m[Kerror: [m[Ktemplate argument 2 is invalid
[1.137s] [01m[K/home/matheuswagner/repos/adaptive-cubesat-adcs/cubesat-simulation/src/smartdata_test/src/remote_smartdata_test.cpp:[m[K In member function â€˜[01m[Kvoid Dummy_Transformation<UNIT, Value>::transform(int*, int*)[m[Kâ€™:
[1.137s] [01m[K/home/matheuswagner/repos/adaptive-cubesat-adcs/cubesat-simulation/src/smartdata_test/src/remote_smartdata_test.cpp:46:32:[m[K [01;31m[Kerror: [m[Ktype/value mismatch at argument 1 in template parameter list for â€˜[01m[Ktemplate<class _Tp, class _Alloc> class std::__cxx11::list[m[Kâ€™
[1.137s]          for(std::list<SmartData[01;31m[K>[m[K::iterator it=inputData->beign(); it != inputData->end(); ++it)
[1.137s]                                 [01;31m[K^[m[K
[1.137s] [01m[K/home/matheuswagner/repos/adaptive-cubesat-adcs/cubesat-simulation/src/smartdata_test/src/remote_smartdata_test.cpp:46:32:[m[K [01;36m[Knote: [m[K  expected a type, got â€˜[01m[KSmartData[m[Kâ€™
[1.137s] [01m[K/home/matheuswagner/repos/adaptive-cubesat-adcs/cubesat-simulation/src/smartdata_test/src/remote_smartdata_test.cpp:46:32:[m[K [01;31m[Kerror: [m[Ktemplate argument 2 is invalid
[1.137s] [01m[K/home/matheuswagner/repos/adaptive-cubesat-adcs/cubesat-simulation/src/smartdata_test/src/remote_smartdata_test.cpp:46:44:[m[K [01;31m[Kerror: [m[Kexpected â€˜[01m[K;[m[Kâ€™ before â€˜[01m[Kit[m[Kâ€™
[1.138s]          for(std::list<SmartData>::iterator [01;31m[Kit[m[K=inputData->beign(); it != inputData->end(); ++it)
[1.138s]                                             [01;31m[K^~[m[K
[1.138s] [01m[K/home/matheuswagner/repos/adaptive-cubesat-adcs/cubesat-simulation/src/smartdata_test/src/remote_smartdata_test.cpp:46:44:[m[K [01;31m[Kerror: [m[Kâ€˜[01m[Kit[m[Kâ€™ was not declared in this scope
[1.138s] [01m[K/home/matheuswagner/repos/adaptive-cubesat-adcs/cubesat-simulation/src/smartdata_test/src/remote_smartdata_test.cpp:46:44:[m[K [01;36m[Knote: [m[Ksuggested alternative: â€˜[01m[Kint[m[Kâ€™
[1.138s]          for(std::list<SmartData>::iterator [01;36m[Kit[m[K=inputData->beign(); it != inputData->end(); ++it)
[1.138s]                                             [01;36m[K^~[m[K
[1.138s]                                             [32m[Kint[m[K
[1.138s] [01m[K/home/matheuswagner/repos/adaptive-cubesat-adcs/cubesat-simulation/src/smartdata_test/src/remote_smartdata_test.cpp:46:58:[m[K [01;31m[Kerror: [m[Krequest for member â€˜[01m[Kbeign[m[Kâ€™ in â€˜[01m[KinputData->[m[Kâ€™, which is of non-class type â€˜[01m[Kint[m[Kâ€™
[1.138s]          for(std::list<SmartData>::iterator it=inputData->[01;31m[Kbeign[m[K(); it != inputData->end(); ++it)
[1.138s]                                                           [01;31m[K^~~~~[m[K
[1.138s] [01m[K/home/matheuswagner/repos/adaptive-cubesat-adcs/cubesat-simulation/src/smartdata_test/src/remote_smartdata_test.cpp:46:84:[m[K [01;31m[Kerror: [m[Krequest for member â€˜[01m[Kend[m[Kâ€™ in â€˜[01m[KinputData->[m[Kâ€™, which is of non-class type â€˜[01m[Kint[m[Kâ€™
[1.139s]          for(std::list<SmartData>::iterator it=inputData->beign(); it != inputData->[01;31m[Kend[m[K(); ++it)
[1.139s]                                                                                     [01;31m[K^~~[m[K
[1.139s] [01m[K/home/matheuswagner/repos/adaptive-cubesat-adcs/cubesat-simulation/src/smartdata_test/src/remote_smartdata_test.cpp:46:89:[m[K [01;31m[Kerror: [m[Kexpected â€˜[01m[K)[m[Kâ€™ before â€˜[01m[K;[m[Kâ€™ token
[1.139s]          for(std::list<SmartData>::iterator it=inputData->beign(); it != inputData->end()[01;31m[K;[m[K ++it)
[1.139s]                                                                                          [01;31m[K^[m[K
[1.139s] [01m[K/home/matheuswagner/repos/adaptive-cubesat-adcs/cubesat-simulation/src/smartdata_test/src/remote_smartdata_test.cpp:46:9:[m[K [01;35m[Kwarning: [m[Kthis â€˜[01m[Kfor[m[Kâ€™ clause does not guard... [[01;35m[K-Wmisleading-indentation[m[K]
[1.139s]          [01;35m[Kfor[m[K(std::list<SmartData>::iterator it=inputData->beign(); it != inputData->end(); ++it)
[1.139s]          [01;35m[K^~~[m[K
[1.139s] [01m[K/home/matheuswagner/repos/adaptive-cubesat-adcs/cubesat-simulation/src/smartdata_test/src/remote_smartdata_test.cpp:46:91:[m[K [01;36m[Knote: [m[K...this statement, but the latter is misleadingly indented as if it were guarded by the â€˜[01m[Kfor[m[Kâ€™
[1.140s]          for(std::list<SmartData>::iterator it=inputData->beign(); it != inputData->end(); [01;36m[K++[m[Kit)
[1.140s]                                                                                            [01;36m[K^~[m[K
[1.140s] [01m[K/home/matheuswagner/repos/adaptive-cubesat-adcs/cubesat-simulation/src/smartdata_test/src/remote_smartdata_test.cpp:46:93:[m[K [01;31m[Kerror: [m[Kâ€˜[01m[Kit[m[Kâ€™ was not declared in this scope
[1.140s]          for(std::list<SmartData>::iterator it=inputData->beign(); it != inputData->end(); ++[01;31m[Kit[m[K)
[1.140s]                                                                                              [01;31m[K^~[m[K
[1.140s] [01m[K/home/matheuswagner/repos/adaptive-cubesat-adcs/cubesat-simulation/src/smartdata_test/src/remote_smartdata_test.cpp:46:93:[m[K [01;36m[Knote: [m[Ksuggested alternative: â€˜[01m[Kint[m[Kâ€™
[1.140s]          for(std::list<SmartData>::iterator it=inputData->beign(); it != inputData->end(); ++[01;36m[Kit[m[K)
[1.140s]                                                                                              [01;36m[K^~[m[K
[1.140s]                                                                                              [32m[Kint[m[K
[1.140s] [01m[K/home/matheuswagner/repos/adaptive-cubesat-adcs/cubesat-simulation/src/smartdata_test/src/remote_smartdata_test.cpp:52:32:[m[K [01;31m[Kerror: [m[Ktype/value mismatch at argument 1 in template parameter list for â€˜[01m[Ktemplate<class _Tp, class _Alloc> class std::__cxx11::list[m[Kâ€™
[1.141s]          for(std::list<SmartData[01;31m[K>[m[K::iterator it=outputData->beign(); it != outputData->end(); ++it)
[1.141s]                                 [01;31m[K^[m[K
[1.141s] [01m[K/home/matheuswagner/repos/adaptive-cubesat-adcs/cubesat-simulation/src/smartdata_test/src/remote_smartdata_test.cpp:52:32:[m[K [01;36m[Knote: [m[K  expected a type, got â€˜[01m[KSmartData[m[Kâ€™
[1.141s] [01m[K/home/matheuswagner/repos/adaptive-cubesat-adcs/cubesat-simulation/src/smartdata_test/src/remote_smartdata_test.cpp:52:32:[m[K [01;31m[Kerror: [m[Ktemplate argument 2 is invalid
[1.141s] [01m[K/home/matheuswagner/repos/adaptive-cubesat-adcs/cubesat-simulation/src/smartdata_test/src/remote_smartdata_test.cpp:52:44:[m[K [01;31m[Kerror: [m[Kexpected â€˜[01m[K;[m[Kâ€™ before â€˜[01m[Kit[m[Kâ€™
[1.141s]          for(std::list<SmartData>::iterator [01;31m[Kit[m[K=outputData->beign(); it != outputData->end(); ++it)
[1.141s]                                             [01;31m[K^~[m[K
[1.141s] [01m[K/home/matheuswagner/repos/adaptive-cubesat-adcs/cubesat-simulation/src/smartdata_test/src/remote_smartdata_test.cpp:52:59:[m[K [01;31m[Kerror: [m[Krequest for member â€˜[01m[Kbeign[m[Kâ€™ in â€˜[01m[KoutputData->[m[Kâ€™, which is of non-class type â€˜[01m[Kint[m[Kâ€™
[1.141s]          for(std::list<SmartData>::iterator it=outputData->[01;31m[Kbeign[m[K(); it != outputData->end(); ++it)
[1.142s]                                                            [01;31m[K^~~~~[m[K
[1.142s] [01m[K/home/matheuswagner/repos/adaptive-cubesat-adcs/cubesat-simulation/src/smartdata_test/src/remote_smartdata_test.cpp:52:86:[m[K [01;31m[Kerror: [m[Krequest for member â€˜[01m[Kend[m[Kâ€™ in â€˜[01m[KoutputData->[m[Kâ€™, which is of non-class type â€˜[01m[Kint[m[Kâ€™
[1.142s]          for(std::list<SmartData>::iterator it=outputData->beign(); it != outputData->[01;31m[Kend[m[K(); ++it)
[1.142s]                                                                                       [01;31m[K^~~[m[K
[1.142s] [01m[K/home/matheuswagner/repos/adaptive-cubesat-adcs/cubesat-simulation/src/smartdata_test/src/remote_smartdata_test.cpp:52:91:[m[K [01;31m[Kerror: [m[Kexpected â€˜[01m[K)[m[Kâ€™ before â€˜[01m[K;[m[Kâ€™ token
[1.142s]          for(std::list<SmartData>::iterator it=outputData->beign(); it != outputData->end()[01;31m[K;[m[K ++it)
[1.142s]                                                                                            [01;31m[K^[m[K
[1.142s] [01m[K/home/matheuswagner/repos/adaptive-cubesat-adcs/cubesat-simulation/src/smartdata_test/src/remote_smartdata_test.cpp:52:9:[m[K [01;35m[Kwarning: [m[Kthis â€˜[01m[Kfor[m[Kâ€™ clause does not guard... [[01;35m[K-Wmisleading-indentation[m[K]
[1.142s]          [01;35m[Kfor[m[K(std::list<SmartData>::iterator it=outputData->beign(); it != outputData->end(); ++it)
[1.142s]          [01;35m[K^~~[m[K
[1.143s] [01m[K/home/matheuswagner/repos/adaptive-cubesat-adcs/cubesat-simulation/src/smartdata_test/src/remote_smartdata_test.cpp:52:93:[m[K [01;36m[Knote: [m[K...this statement, but the latter is misleadingly indented as if it were guarded by the â€˜[01m[Kfor[m[Kâ€™
[1.143s]          for(std::list<SmartData>::iterator it=outputData->beign(); it != outputData->end(); [01;36m[K++[m[Kit)
[1.143s]                                                                                              [01;36m[K^~[m[K
[1.143s] [01m[K/home/matheuswagner/repos/adaptive-cubesat-adcs/cubesat-simulation/src/smartdata_test/src/remote_smartdata_test.cpp:[m[K In function â€˜[01m[Kint main(int, char**)[m[Kâ€™:
[1.143s] [01m[K/home/matheuswagner/repos/adaptive-cubesat-adcs/cubesat-simulation/src/smartdata_test/src/remote_smartdata_test.cpp:65:13:[m[K [01;31m[Kerror: [m[Kâ€˜[01m[Krclcpp::node[m[Kâ€™ has not been declared
[1.143s]      rclcpp::[01;31m[Knode[m[K::Node::SharedPtr sensor = std::make_shared<RemoteSmartData<Dummy_Transducer<1,float>,float>>(new Region(0.0,0.0,0.0,0.0,0,0),1,1000,"testing_sensor",new Coordinates(0,0,0),"testing_sensor","sensor");
[1.143s]              [01;31m[K^~~~[m[K
[1.143s] [01m[K/home/matheuswagner/repos/adaptive-cubesat-adcs/cubesat-simulation/src/smartdata_test/src/remote_smartdata_test.cpp:66:13:[m[K [01;31m[Kerror: [m[Kâ€˜[01m[Krclcpp::node[m[Kâ€™ has not been declared
[1.143s]      rclcpp::[01;31m[Knode[m[K::Node::SharedPtr actuator = std::make_shared<RemoteSmartData<Dummy_Transducer<1,float>,float>>(new Region(0.0,0.0,0.0,0.0,0,0),1,1000,"testing_actuator",new Coordinates(0,0,0),"testing_actuator","actuator");
[1.143s]              [01;31m[K^~~~[m[K
[1.143s] [01m[K/home/matheuswagner/repos/adaptive-cubesat-adcs/cubesat-simulation/src/smartdata_test/src/remote_smartdata_test.cpp:68:27:[m[K [01;31m[Kerror: [m[Kâ€˜[01m[Ksensor[m[Kâ€™ was not declared in this scope
[1.144s]      inputData.push_front(*[01;31m[Ksensor[m[K);
[1.144s]                            [01;31m[K^~~~~~[m[K
[1.144s] [01m[K/home/matheuswagner/repos/adaptive-cubesat-adcs/cubesat-simulation/src/smartdata_test/src/remote_smartdata_test.cpp:68:27:[m[K [01;36m[Knote: [m[Ksuggested alternative: â€˜[01m[Kstrstr[m[Kâ€™
[1.144s]      inputData.push_front(*[01;36m[Ksensor[m[K);
[1.144s]                            [01;36m[K^~~~~~[m[K
[1.144s]                            [32m[Kstrstr[m[K
[1.144s] In file included from [01m[K/home/matheuswagner/repos/adaptive-cubesat-adcs/cubesat-simulation/src/smartdata_test/src/../../../include/responsiveSmartdata.h:4:0[m[K,
[1.144s]                  from [01m[K/home/matheuswagner/repos/adaptive-cubesat-adcs/cubesat-simulation/src/smartdata_test/src/remote_smartdata_test.cpp:1[m[K:
[1.144s] /home/matheuswagner/repos/adaptive-cubesat-adcs/cubesat-simulation/src/smartdata_test/src/../../../include/smartdata.h: In instantiation of â€˜[01m[Kclass SmartData<Dummy_Transducer<1, float>, float>[m[Kâ€™:
[1.144s] [01m[K/home/matheuswagner/repos/adaptive-cubesat-adcs/cubesat-simulation/src/smartdata_test/src/remote_smartdata_test.cpp:69:28:[m[K   required from here
[1.144s] [01m[K/home/matheuswagner/repos/adaptive-cubesat-adcs/cubesat-simulation/src/smartdata_test/src/../../../include/smartdata.h:46:1:[m[K [01;31m[Kerror: [m[Ktemplate argument required for â€˜[01m[Kclass TransformerSmartData[m[Kâ€™
[1.145s]  [01;31m[K{[m[K
[1.145s]  [01;31m[K^[m[K
[1.145s] [01m[K/home/matheuswagner/repos/adaptive-cubesat-adcs/cubesat-simulation/src/smartdata_test/src/remote_smartdata_test.cpp:69:27:[m[K [01;31m[Kerror: [m[Kno match for â€˜[01m[Koperator*[m[Kâ€™ (operand type is â€˜[01m[Kstd::__cxx11::list<SmartData<Dummy_Transducer<1, float>, float> >[m[Kâ€™)
[1.145s]      outputData.push_front([01;31m[K*outputData[m[K);
[1.145s]                            [01;31m[K^~~~~~~~~~~[m[K
[1.145s] [01m[K/home/matheuswagner/repos/adaptive-cubesat-adcs/cubesat-simulation/src/smartdata_test/src/remote_smartdata_test.cpp:72:13:[m[K [01;31m[Kerror: [m[Kâ€˜[01m[Krclcpp::node[m[Kâ€™ has not been declared
[1.145s]      rclcpp::[01;31m[Knode[m[K::Node::SharedPtr transformation = std::make_shared<TransformerSmartData<Dummy_Transformation<1,float>,float>>(500,"testing_transform",&inputData,&outputData );
[1.145s]              [01;31m[K^~~~[m[K
[1.145s] [01m[K/home/matheuswagner/repos/adaptive-cubesat-adcs/cubesat-simulation/src/smartdata_test/src/remote_smartdata_test.cpp:81:27:[m[K [01;31m[Kerror: [m[Kâ€˜[01m[Ktransformation[m[Kâ€™ was not declared in this scope
[1.145s]          rclcpp::spin_some([01;31m[Ktransformation[m[K);
[1.146s]                            [01;31m[K^~~~~~~~~~~~~~[m[K
[1.146s] [01m[K/home/matheuswagner/repos/adaptive-cubesat-adcs/cubesat-simulation/src/smartdata_test/src/remote_smartdata_test.cpp:81:27:[m[K [01;36m[Knote: [m[Ksuggested alternative: â€˜[01m[KDummy_Transformation[m[Kâ€™
[1.146s]          rclcpp::spin_some([01;36m[Ktransformation[m[K);
[1.146s]                            [01;36m[K^~~~~~~~~~~~~~[m[K
[1.146s]                            [32m[KDummy_Transformation[m[K
[1.146s] [01m[K/home/matheuswagner/repos/adaptive-cubesat-adcs/cubesat-simulation/src/smartdata_test/src/remote_smartdata_test.cpp:82:27:[m[K [01;31m[Kerror: [m[Kâ€˜[01m[Kactuator[m[Kâ€™ was not declared in this scope
[1.146s]          rclcpp::spin_some([01;31m[Kactuator[m[K);
[1.146s]                            [01;31m[K^~~~~~~~[m[K
[1.146s] [01m[K/home/matheuswagner/repos/adaptive-cubesat-adcs/cubesat-simulation/src/smartdata_test/src/remote_smartdata_test.cpp:82:27:[m[K [01;36m[Knote: [m[Ksuggested alternative: â€˜[01m[Kauto[m[Kâ€™
[1.146s]          rclcpp::spin_some([01;36m[Kactuator[m[K);
[1.146s]                            [01;36m[K^~~~~~~~[m[K
[1.147s]                            [32m[Kauto[m[K
[1.231s] In file included from [01m[K/usr/include/c++/7/bits/stl_list.h:64:0[m[K,
[1.231s]                  from [01m[K/usr/include/c++/7/list:63[m[K,
[1.231s]                  from [01m[K/home/matheuswagner/repos/adaptive-cubesat-adcs/cubesat-simulation/src/smartdata_test/src/../../../include/smartdata.h:4[m[K,
[1.231s]                  from [01m[K/home/matheuswagner/repos/adaptive-cubesat-adcs/cubesat-simulation/src/smartdata_test/src/../../../include/responsiveSmartdata.h:4[m[K,
[1.231s]                  from [01m[K/home/matheuswagner/repos/adaptive-cubesat-adcs/cubesat-simulation/src/smartdata_test/src/remote_smartdata_test.cpp:1[m[K:
[1.231s] /usr/include/c++/7/ext/aligned_buffer.h: In instantiation of â€˜[01m[Kstruct __gnu_cxx::__aligned_membuf<SmartData<Dummy_Transducer<1, float>, float> >::_Tp2[m[Kâ€™:
[1.232s] [01m[K/usr/include/c++/7/ext/aligned_buffer.h:54:27:[m[K   required from â€˜[01m[Kstruct __gnu_cxx::__aligned_membuf<SmartData<Dummy_Transducer<1, float>, float> >[m[Kâ€™
[1.232s] [01m[K/usr/include/c++/7/bits/stl_list.h:112:40:[m[K   required from â€˜[01m[Kstruct std::_List_node<SmartData<Dummy_Transducer<1, float>, float> >[m[Kâ€™
[1.232s] [01m[K/usr/include/c++/7/bits/list.tcc:72:19:[m[K   required from â€˜[01m[Kvoid std::__cxx11::_List_base<_Tp, _Alloc>::_M_clear() [with _Tp = SmartData<Dummy_Transducer<1, float>, float>; _Alloc = std::allocator<SmartData<Dummy_Transducer<1, float>, float> >][m[Kâ€™
[1.232s] [01m[K/usr/include/c++/7/bits/stl_list.h:442:17:[m[K   required from â€˜[01m[Kstd::__cxx11::_List_base<_Tp, _Alloc>::~_List_base() [with _Tp = SmartData<Dummy_Transducer<1, float>, float>; _Alloc = std::allocator<SmartData<Dummy_Transducer<1, float>, float> >][m[Kâ€™
[1.232s] [01m[K/usr/include/c++/7/bits/stl_list.h:733:7:[m[K   required from here
[1.232s] [01m[K/usr/include/c++/7/ext/aligned_buffer.h:52:25:[m[K [01;31m[Kerror: [m[Kcannot declare field â€˜[01m[K__gnu_cxx::__aligned_membuf<SmartData<Dummy_Transducer<1, float>, float> >::_Tp2::_M_t[m[Kâ€™ to be of abstract type â€˜[01m[KSmartData<Dummy_Transducer<1, float>, float>[m[Kâ€™
[1.232s]        struct _Tp2 { _Tp [01;31m[K_M_t[m[K; };
[1.232s]                          [01;31m[K^~~~[m[K
[1.232s] In file included from [01m[K/home/matheuswagner/repos/adaptive-cubesat-adcs/cubesat-simulation/src/smartdata_test/src/../../../include/responsiveSmartdata.h:4:0[m[K,
[1.232s]                  from [01m[K/home/matheuswagner/repos/adaptive-cubesat-adcs/cubesat-simulation/src/smartdata_test/src/remote_smartdata_test.cpp:1[m[K:
[1.232s] [01m[K/home/matheuswagner/repos/adaptive-cubesat-adcs/cubesat-simulation/src/smartdata_test/src/../../../include/smartdata.h:45:7:[m[K [01;36m[Knote: [m[K  because the following virtual functions are pure within â€˜[01m[KSmartData<Dummy_Transducer<1, float>, float>[m[Kâ€™:
[1.233s]  class [01;36m[KSmartData[m[K
[1.233s]        [01;36m[K^~~~~~~~~[m[K
[1.233s] [01m[K/home/matheuswagner/repos/adaptive-cubesat-adcs/cubesat-simulation/src/smartdata_test/src/../../../include/smartdata.h:60:23:[m[K [01;36m[Knote: [m[K	Value SmartData<Transducer, Value>::value() [with Transducer = Dummy_Transducer<1, float>; Value = float]
[1.233s]          virtual Value [01;36m[Kvalue[m[K() = 0;
[1.233s]                        [01;36m[K^~~~~[m[K
[1.233s] [01m[K/home/matheuswagner/repos/adaptive-cubesat-adcs/cubesat-simulation/src/smartdata_test/src/../../../include/smartdata.h:61:23:[m[K [01;36m[Knote: [m[K	Value SmartData<Transducer, Value>::update() [with Transducer = Dummy_Transducer<1, float>; Value = float]
[1.233s]          virtual Value [01;36m[Kupdate[m[K() = 0;
[1.233s]                        [01;36m[K^~~~~~[m[K
[1.233s] [01m[K/home/matheuswagner/repos/adaptive-cubesat-adcs/cubesat-simulation/src/smartdata_test/src/../../../include/smartdata.h:62:22:[m[K [01;36m[Knote: [m[K	void SmartData<Transducer, Value>::wait() [with Transducer = Dummy_Transducer<1, float>; Value = float]
[1.233s]          virtual void [01;36m[Kwait[m[K() =0;
[1.233s]                       [01;36m[K^~~~[m[K
[1.304s] CMakeFiles/remote_smartdata_test.dir/build.make:81: recipe for target 'CMakeFiles/remote_smartdata_test.dir/src/remote_smartdata_test.cpp.o' failed
[1.305s] make[2]: *** [CMakeFiles/remote_smartdata_test.dir/src/remote_smartdata_test.cpp.o] Error 1
[1.305s] make[1]: *** [CMakeFiles/remote_smartdata_test.dir/all] Error 2
[1.305s] CMakeFiles/Makefile2:151: recipe for target 'CMakeFiles/remote_smartdata_test.dir/all' failed
[1.305s] Makefile:159: recipe for target 'all' failed
[1.306s] make: *** [all] Error 2
[1.309s] Invoked command in '/home/matheuswagner/repos/adaptive-cubesat-adcs/cubesat-simulation/build/smartdata_test' returned '2': CMAKE_PREFIX_PATH=${CMAKE_PREFIX_PATH}:/home/matheuswagner/repos/adaptive-cubesat-adcs/cubesat-simulation/install/cubesat_description:/opt/ros/dashing /usr/local/bin/cmake --build /home/matheuswagner/repos/adaptive-cubesat-adcs/cubesat-simulation/build/smartdata_test -- -j8 -l8
