[35m[1mScanning dependencies of target smartdata_test[0m
[ 50%] [32mBuilding CXX object CMakeFiles/smartdata_test.dir/src/smartdata_test.cpp.o[0m
In file included from [01m[K/home/matheuswagner/ros2_dashing/ros2-linux/include/rclcpp/client.hpp:31:0[m[K,
                 from [01m[K/home/matheuswagner/ros2_dashing/ros2-linux/include/rclcpp/callback_group.hpp:23[m[K,
                 from [01m[K/home/matheuswagner/ros2_dashing/ros2-linux/include/rclcpp/any_executable.hpp:20[m[K,
                 from [01m[K/home/matheuswagner/ros2_dashing/ros2-linux/include/rclcpp/memory_strategy.hpp:24[m[K,
                 from [01m[K/home/matheuswagner/ros2_dashing/ros2-linux/include/rclcpp/memory_strategies.hpp:18[m[K,
                 from [01m[K/home/matheuswagner/ros2_dashing/ros2-linux/include/rclcpp/executor.hpp:33[m[K,
                 from [01m[K/home/matheuswagner/ros2_dashing/ros2-linux/include/rclcpp/executors/multi_threaded_executor.hpp:24[m[K,
                 from [01m[K/home/matheuswagner/ros2_dashing/ros2-linux/include/rclcpp/executors.hpp:21[m[K,
                 from [01m[K/home/matheuswagner/ros2_dashing/ros2-linux/include/rclcpp/rclcpp.hpp:144[m[K,
                 from [01m[K/home/matheuswagner/repos/adaptive-cubesat-adcs/cubesat-simulation/src/smartdata_test/src/../../../include/responsiveSmartData.h:8[m[K,
                 from [01m[K/home/matheuswagner/repos/adaptive-cubesat-adcs/cubesat-simulation/src/smartdata_test/src/smartdata_test.cpp:1[m[K:
/home/matheuswagner/ros2_dashing/ros2-linux/include/rclcpp/function_traits.hpp: In instantiation of â€˜[01m[Kstruct rclcpp::function_traits::function_traits<std::nullptr_t>[m[Kâ€™:
[01m[K/home/matheuswagner/ros2_dashing/ros2-linux/include/rclcpp/function_traits.hpp:159:8:[m[K   required from â€˜[01m[Kstruct rclcpp::function_traits::same_arguments<std::nullptr_t, std::function<void()> >[m[Kâ€™
[01m[K/home/matheuswagner/ros2_dashing/ros2-linux/include/rclcpp/timer.hpp:115:80:[m[K   required by substitution of â€˜[01m[Ktemplate<class DurationRepT, class DurationT, class CallbackT> typename rclcpp::WallTimer<CallbackT>::SharedPtr rclcpp::Node::create_wall_timer(std::chrono::duration<_Rep1, _Period1>, CallbackT, rclcpp::callback_group::CallbackGroup::SharedPtr) [with DurationRepT = long int; DurationT = std::ratio<1, 1000>; CallbackT = std::nullptr_t][m[Kâ€™
[01m[K/home/matheuswagner/repos/adaptive-cubesat-adcs/cubesat-simulation/src/smartdata_test/src/../../../include/responsiveSmartData.h:65:101:[m[K   required from here
[01m[K/home/matheuswagner/ros2_dashing/ros2-linux/include/rclcpp/function_traits.hpp:52:40:[m[K [01;31m[Kerror: [m[Kâ€˜[01m[Koperator()[m[Kâ€™ is not a member of â€˜[01m[Kstd::nullptr_t[m[Kâ€™
     typename function_traits<decltype( [01;31m[K&FunctionT[m[K::operator())>::arguments>::type;
                                        [01;31m[K^~~~~~~~~~[m[K
[01m[K/home/matheuswagner/ros2_dashing/ros2-linux/include/rclcpp/function_traits.hpp:52:40:[m[K [01;31m[Kerror: [m[Kâ€˜[01m[Koperator()[m[Kâ€™ is not a member of â€˜[01m[Kstd::nullptr_t[m[Kâ€™
[01m[K/home/matheuswagner/ros2_dashing/ros2-linux/include/rclcpp/function_traits.hpp:52:40:[m[K [01;31m[Kerror: [m[Kâ€˜[01m[Koperator()[m[Kâ€™ is not a member of â€˜[01m[Kstd::nullptr_t[m[Kâ€™
In file included from [01m[K/home/matheuswagner/repos/adaptive-cubesat-adcs/cubesat-simulation/src/smartdata_test/src/smartdata_test.cpp:1:0[m[K:
[01m[K/home/matheuswagner/repos/adaptive-cubesat-adcs/cubesat-simulation/src/smartdata_test/src/../../../include/responsiveSmartData.h:[m[K In constructor â€˜[01m[KResponsiveSmartData<Transducer, Value, Message>::ResponsiveSmartData(unsigned int, int, int, int, Interest<Message>*)[m[Kâ€™:
[01m[K/home/matheuswagner/repos/adaptive-cubesat-adcs/cubesat-simulation/src/smartdata_test/src/../../../include/responsiveSmartData.h:65:101:[m[K [01;31m[Kerror: [m[Kno matching function for call to â€˜[01m[KResponsiveSmartData<Transducer, Value, Message>::create_wall_timer(std::chrono::milliseconds, std::nullptr_t)[m[Kâ€™
             testTimer = this->create_wall_timer(std::chrono::milliseconds(refreshPeriod*10), nullptr[01;31m[K)[m[K;
                                                                                                     [01;31m[K^[m[K
In file included from [01m[K/home/matheuswagner/ros2_dashing/ros2-linux/include/rclcpp/executors/single_threaded_executor.hpp:28:0[m[K,
                 from [01m[K/home/matheuswagner/ros2_dashing/ros2-linux/include/rclcpp/executors.hpp:22[m[K,
                 from [01m[K/home/matheuswagner/ros2_dashing/ros2-linux/include/rclcpp/rclcpp.hpp:144[m[K,
                 from [01m[K/home/matheuswagner/repos/adaptive-cubesat-adcs/cubesat-simulation/src/smartdata_test/src/../../../include/responsiveSmartData.h:8[m[K,
                 from [01m[K/home/matheuswagner/repos/adaptive-cubesat-adcs/cubesat-simulation/src/smartdata_test/src/smartdata_test.cpp:1[m[K:
[01m[K/home/matheuswagner/ros2_dashing/ros2-linux/include/rclcpp/node.hpp:335:3:[m[K [01;36m[Knote: [m[Kcandidate: template<class DurationRepT, class DurationT, class CallbackT> typename rclcpp::WallTimer<CallbackT>::SharedPtr rclcpp::Node::create_wall_timer(std::chrono::duration<_Rep1, _Period1>, CallbackT, rclcpp::callback_group::CallbackGroup::SharedPtr)
   [01;36m[Kcreate_wall_timer[m[K(
   [01;36m[K^~~~~~~~~~~~~~~~~[m[K
[01m[K/home/matheuswagner/ros2_dashing/ros2-linux/include/rclcpp/node.hpp:335:3:[m[K [01;36m[Knote: [m[K  substitution of deduced template arguments resulted in errors seen above
In file included from [01m[K/home/matheuswagner/repos/adaptive-cubesat-adcs/cubesat-simulation/src/smartdata_test/src/smartdata_test.cpp:1:0[m[K:
/home/matheuswagner/repos/adaptive-cubesat-adcs/cubesat-simulation/src/smartdata_test/src/../../../include/responsiveSmartData.h: In instantiation of â€˜[01m[KInterest<Message>::Interest(int, std::__cxx11::string) [with Message = std_msgs::msg::Float32_<std::allocator<void> >; std::__cxx11::string = std::__cxx11::basic_string<char>][m[Kâ€™:
[01m[K/home/matheuswagner/repos/adaptive-cubesat-adcs/cubesat-simulation/src/smartdata_test/src/smartdata_test.cpp:35:58:[m[K   required from here
[01m[K/home/matheuswagner/repos/adaptive-cubesat-adcs/cubesat-simulation/src/smartdata_test/src/../../../include/responsiveSmartData.h:23:17:[m[K [01;35m[Kwarning: [m[Kunused variable â€˜[01m[Kqueue_size[m[Kâ€™ [[01;35m[K-Wunused-variable[m[K]
             int [01;35m[Kqueue_size[m[K = 10;
                 [01;35m[K^~~~~~~~~~[m[K
In file included from [01m[K/home/matheuswagner/repos/adaptive-cubesat-adcs/cubesat-simulation/src/smartdata_test/src/smartdata_test.cpp:2:0[m[K:
/home/matheuswagner/repos/adaptive-cubesat-adcs/cubesat-simulation/src/smartdata_test/src/../../../include/transducer.h: In instantiation of â€˜[01m[Kvoid Transducer<_UNIT, Value>::actuate(const Value&) [with long unsigned int _UNIT = 1; Value = float][m[Kâ€™:
[01m[K/home/matheuswagner/repos/adaptive-cubesat-adcs/cubesat-simulation/src/smartdata_test/src/smartdata_test.cpp:44:1:[m[K   required from here
[01m[K/home/matheuswagner/repos/adaptive-cubesat-adcs/cubesat-simulation/src/smartdata_test/src/../../../include/transducer.h:18:43:[m[K [01;35m[Kwarning: [m[Kunused parameter â€˜[01m[Kvalue[m[Kâ€™ [[01;35m[K-Wunused-parameter[m[K]
         virtual void actuate(const Value &[01;35m[Kvalue[m[K){}
                                           [01;35m[K^~~~~[m[K
make[2]: *** [CMakeFiles/smartdata_test.dir/src/smartdata_test.cpp.o] Error 1
CMakeFiles/smartdata_test.dir/build.make:81: recipe for target 'CMakeFiles/smartdata_test.dir/src/smartdata_test.cpp.o' failed
CMakeFiles/Makefile2:95: recipe for target 'CMakeFiles/smartdata_test.dir/all' failed
make[1]: *** [CMakeFiles/smartdata_test.dir/all] Error 2
Makefile:159: recipe for target 'all' failed
make: *** [all] Error 2
