[01m[K/home/matheuswagner/repos/adaptive-cubesat-adcs/cubesat-simulation/src/smartdata_test/src/remote_smartdata_test.cpp:[m[K In function â€˜[01m[Kint main(int, char**)[m[Kâ€™:
[01m[K/home/matheuswagner/repos/adaptive-cubesat-adcs/cubesat-simulation/src/smartdata_test/src/remote_smartdata_test.cpp:65:13:[m[K [01;31m[Kerror: [m[Kâ€˜[01m[Krclcpp::node[m[Kâ€™ has not been declared
     rclcpp::[01;31m[Knode[m[K::Node::SharedPtr  sensor = std::make_shared<RemoteSmartData<Dummy_Transducer<1,float>,float>>(new Region(0.0,0.0,0.0,0.0,0,0),1,1000,"testing_sensor_remote",new Coordinates(0,0,0),"testing_sensor","sensor");
             [01;31m[K^~~~[m[K
[01m[K/home/matheuswagner/repos/adaptive-cubesat-adcs/cubesat-simulation/src/smartdata_test/src/remote_smartdata_test.cpp:74:18:[m[K [01;31m[Kerror: [m[Kâ€˜[01m[Ksensor[m[Kâ€™ was not declared in this scope
     rclcpp::spin([01;31m[Ksensor[m[K);
                  [01;31m[K^~~~~~[m[K
[01m[K/home/matheuswagner/repos/adaptive-cubesat-adcs/cubesat-simulation/src/smartdata_test/src/remote_smartdata_test.cpp:74:18:[m[K [01;36m[Knote: [m[Ksuggested alternative: â€˜[01m[Kstrstr[m[Kâ€™
     rclcpp::spin([01;36m[Ksensor[m[K);
                  [01;36m[K^~~~~~[m[K
                  [32m[Kstrstr[m[K
make[2]: *** [CMakeFiles/remote_smartdata_test.dir/src/remote_smartdata_test.cpp.o] Error 1
make[1]: *** [CMakeFiles/remote_smartdata_test.dir/all] Error 2
make: *** [all] Error 2
