[35m[1mScanning dependencies of target smartdata_test[0m
[ 25%] [32mBuilding CXX object CMakeFiles/smartdata_test.dir/src/smartdata_test.cpp.o[0m
In file included from [01m[K/home/matheuswagner/repos/adaptive-cubesat-adcs/cubesat-simulation/src/smartdata_test/src/../../../include/responsiveSmartdata.h:4:0[m[K,
                 from [01m[K/home/matheuswagner/repos/adaptive-cubesat-adcs/cubesat-simulation/src/smartdata_test/src/smartdata_test.cpp:1[m[K:
[01m[K/home/matheuswagner/repos/adaptive-cubesat-adcs/cubesat-simulation/src/smartdata_test/src/../../../include/smartdata.h:50:9:[m[K [01;31m[Kerror: [m[Knon-static data member declared with placeholder â€˜[01m[Kauto[m[Kâ€™
         [01;31m[Kauto[m[K smartdataValue;
         [01;31m[K^~~~[m[K
In file included from [01m[K/home/matheuswagner/repos/adaptive-cubesat-adcs/cubesat-simulation/src/smartdata_test/src/smartdata_test.cpp:2:0[m[K:
/home/matheuswagner/repos/adaptive-cubesat-adcs/cubesat-simulation/src/smartdata_test/src/../../../include/transducer.h: In instantiation of â€˜[01m[Kvoid Transducer<_UNIT, Value>::actuate(const Value&) [with long unsigned int _UNIT = 1; Value = float][m[Kâ€™:
[01m[K/home/matheuswagner/repos/adaptive-cubesat-adcs/cubesat-simulation/src/smartdata_test/src/smartdata_test.cpp:37:1:[m[K   required from here
[01m[K/home/matheuswagner/repos/adaptive-cubesat-adcs/cubesat-simulation/src/smartdata_test/src/../../../include/transducer.h:18:43:[m[K [01;35m[Kwarning: [m[Kunused parameter â€˜[01m[Kvalue[m[Kâ€™ [[01;35m[K-Wunused-parameter[m[K]
         virtual void actuate(const Value &[01;35m[Kvalue[m[K){}
                                           [01;35m[K^~~~~[m[K
CMakeFiles/smartdata_test.dir/build.make:81: recipe for target 'CMakeFiles/smartdata_test.dir/src/smartdata_test.cpp.o' failed
make[2]: *** [CMakeFiles/smartdata_test.dir/src/smartdata_test.cpp.o] Error 1
make[1]: *** [CMakeFiles/smartdata_test.dir/all] Error 2
CMakeFiles/Makefile2:97: recipe for target 'CMakeFiles/smartdata_test.dir/all' failed
make: *** [all] Error 2
Makefile:159: recipe for target 'all' failed
