[0.047s] Invoking command in '/home/matheuswagner/repos/adaptive-cubesat-adcs/cubesat-simulation/build/concept': CMAKE_PREFIX_PATH=${CMAKE_PREFIX_PATH}:/home/matheuswagner/repos/adaptive-cubesat-adcs/cubesat-simulation/install/cubesat_description:/opt/ros/foxy /usr/bin/cmake --build /home/matheuswagner/repos/adaptive-cubesat-adcs/cubesat-simulation/build/concept -- -j8 -l8
[0.380s] [35m[1mScanning dependencies of target concept[0m
[0.380s] [ 50%] [32mBuilding CXX object CMakeFiles/concept.dir/src/concept.cpp.o[0m
[0.381s] In file included from [01m[K/home/matheuswagner/repos/adaptive-cubesat-adcs/cubesat-simulation/src/concept/src/concept.cpp:4[m[K:
[0.381s] [01m[K/home/matheuswagner/repos/adaptive-cubesat-adcs/cubesat-simulation/src/concept/src/../include/plugin_amperimeter.h:6:10:[m[K [01;31m[Kfatal error: [m[K../../../include/units.h: No such file or directory
[0.381s]     6 | #include [01;31m[K"../../../include/units.h"[m[K
[0.381s]       |          [01;31m[K^~~~~~~~~~~~~~~~~~~~~~~~~~[m[K
[0.382s] compilation terminated.
[0.382s] make[2]: *** [CMakeFiles/concept.dir/build.make:63: CMakeFiles/concept.dir/src/concept.cpp.o] Error 1
[0.382s] make[1]: *** [CMakeFiles/Makefile2:78: CMakeFiles/concept.dir/all] Error 2
[0.383s] make: *** [Makefile:141: all] Error 2
[0.384s] Invoked command in '/home/matheuswagner/repos/adaptive-cubesat-adcs/cubesat-simulation/build/concept' returned '2': CMAKE_PREFIX_PATH=${CMAKE_PREFIX_PATH}:/home/matheuswagner/repos/adaptive-cubesat-adcs/cubesat-simulation/install/cubesat_description:/opt/ros/foxy /usr/bin/cmake --build /home/matheuswagner/repos/adaptive-cubesat-adcs/cubesat-simulation/build/concept -- -j8 -l8
