[0.051s] Invoking command in '/home/matheuswagner/repos/adaptive-cubesat-adcs/cubesat-simulation/src/build/smartdata_test': CMAKE_PREFIX_PATH=${CMAKE_PREFIX_PATH}:/opt/ros/dashing /usr/local/bin/cmake --build /home/matheuswagner/repos/adaptive-cubesat-adcs/cubesat-simulation/src/build/smartdata_test -- -j8 -l8
[0.081s] [35m[1mScanning dependencies of target smartdata_test[0m
[0.092s] [ 50%] [32mBuilding CXX object CMakeFiles/smartdata_test.dir/src/smartdata_test.cpp.o[0m
[1.209s] In file included from [01m[K/home/matheuswagner/repos/adaptive-cubesat-adcs/cubesat-simulation/src/smartdata_test/src/smartdata_test.cpp:1:0[m[K:
[1.209s] [01m[K/home/matheuswagner/repos/adaptive-cubesat-adcs/cubesat-simulation/src/smartdata_test/src/../../../include/responsiveSmartData.h:9:22:[m[K [01;31m[Kerror: [m[Kâ€˜[01m[Kclass std::__cxx11::basic_string<char>[m[Kâ€™ is not a valid type for a template non-type parameter
[1.209s]  template<std::string [01;31m[KMessage[m[K>
[1.209s]                       [01;31m[K^~~~~~~[m[K
[1.217s] [01m[K/home/matheuswagner/repos/adaptive-cubesat-adcs/cubesat-simulation/src/smartdata_test/src/../../../include/responsiveSmartData.h:12:12:[m[K [01;31m[Kerror: [m[Kâ€˜[01m[KResponsiveSmartData[m[Kâ€™ does not name a type; did you mean â€˜[01m[K__responsive_smartdata_h[m[Kâ€™?
[1.217s]      friend [01;31m[KResponsiveSmartData[m[K;
[1.217s]             [01;31m[K^~~~~~~~~~~~~~~~~~~[m[K
[1.217s]             [32m[K__responsive_smartdata_h[m[K
[1.218s] [01m[K/home/matheuswagner/repos/adaptive-cubesat-adcs/cubesat-simulation/src/smartdata_test/src/../../../include/responsiveSmartData.h:17:34:[m[K [01;31m[Kerror: [m[Ktype/value mismatch at argument 1 in template parameter list for â€˜[01m[Ktemplate<class MessageT, class Alloc> class rclcpp::Publisher[m[Kâ€™
[1.218s]          rclcpp::Publisher<Message[01;31m[K>[m[K::SharedPtr* publisher;
[1.218s]                                   [01;31m[K^[m[K
[1.218s] [01m[K/home/matheuswagner/repos/adaptive-cubesat-adcs/cubesat-simulation/src/smartdata_test/src/../../../include/responsiveSmartData.h:17:34:[m[K [01;36m[Knote: [m[K  expected a type, got â€˜[01m[KMessage[m[Kâ€™
[1.218s] [01m[K/home/matheuswagner/repos/adaptive-cubesat-adcs/cubesat-simulation/src/smartdata_test/src/../../../include/responsiveSmartData.h:17:37:[m[K [01;31m[Kerror: [m[Kexpected â€˜[01m[K;[m[Kâ€™ at end of member declaration
[1.218s]          rclcpp::Publisher<Message>::[01;31m[KSharedPtr[m[K* publisher;
[1.219s]                                      [01;31m[K^~~~~~~~~[m[K
[1.219s] [01m[K/home/matheuswagner/repos/adaptive-cubesat-adcs/cubesat-simulation/src/smartdata_test/src/../../../include/responsiveSmartData.h:17:48:[m[K [01;31m[Kerror: [m[KISO C++ forbids declaration of â€˜[01m[Kpublisher[m[Kâ€™ with no type [[01;31m[K-fpermissive[m[K]
[1.219s]          rclcpp::Publisher<Message>::SharedPtr* [01;31m[Kpublisher[m[K;
[1.219s]                                                 [01;31m[K^~~~~~~~~[m[K
[1.219s] [01m[K/home/matheuswagner/repos/adaptive-cubesat-adcs/cubesat-simulation/src/smartdata_test/src/../../../include/responsiveSmartData.h:[m[K In constructor â€˜[01m[KInterest<Message>::Interest(int, std::__cxx11::string)[m[Kâ€™:
[1.219s] [01m[K/home/matheuswagner/repos/adaptive-cubesat-adcs/cubesat-simulation/src/smartdata_test/src/../../../include/responsiveSmartData.h:24:48:[m[K [01;31m[Kerror: [m[Kâ€˜[01m[KMESSAGE[m[Kâ€™ was not declared in this scope
[1.220s]              publisher = this->create_publisher<[01;31m[KMESSAGE[m[K>(interest->topicIdentifier, queue_size);
[1.220s]                                                 [01;31m[K^~~~~~~[m[K
[1.220s] [01m[K/home/matheuswagner/repos/adaptive-cubesat-adcs/cubesat-simulation/src/smartdata_test/src/../../../include/responsiveSmartData.h:24:48:[m[K [01;36m[Knote: [m[Ksuggested alternative: â€˜[01m[KESTALE[m[Kâ€™
[1.220s]              publisher = this->create_publisher<[01;36m[KMESSAGE[m[K>(interest->topicIdentifier, queue_size);
[1.220s]                                                 [01;36m[K^~~~~~~[m[K
[1.220s]                                                 [32m[KESTALE[m[K
[1.220s] [01m[K/home/matheuswagner/repos/adaptive-cubesat-adcs/cubesat-simulation/src/smartdata_test/src/../../../include/responsiveSmartData.h:24:57:[m[K [01;31m[Kerror: [m[Kâ€˜[01m[Kinterest[m[Kâ€™ was not declared in this scope
[1.220s]              publisher = this->create_publisher<MESSAGE>([01;31m[Kinterest[m[K->topicIdentifier, queue_size);
[1.221s]                                                          [01;31m[K^~~~~~~~[m[K
[1.221s] [01m[K/home/matheuswagner/repos/adaptive-cubesat-adcs/cubesat-simulation/src/smartdata_test/src/../../../include/responsiveSmartData.h:24:57:[m[K [01;36m[Knote: [m[Ksuggested alternative: â€˜[01m[KInterest[m[Kâ€™
[1.221s]              publisher = this->create_publisher<MESSAGE>([01;36m[Kinterest[m[K->topicIdentifier, queue_size);
[1.221s]                                                          [01;36m[K^~~~~~~~[m[K
[1.222s]                                                          [32m[KInterest[m[K
[1.222s] [01m[K/home/matheuswagner/repos/adaptive-cubesat-adcs/cubesat-simulation/src/smartdata_test/src/../../../include/responsiveSmartData.h:24:84:[m[K [01;31m[Kerror: [m[Kâ€˜[01m[Kqueue_size[m[Kâ€™ was not declared in this scope
[1.222s]              publisher = this->create_publisher<MESSAGE>(interest->topicIdentifier, [01;31m[Kqueue_size[m[K);
[1.222s]                                                                                     [01;31m[K^~~~~~~~~~[m[K
[1.222s] [01m[K/home/matheuswagner/repos/adaptive-cubesat-adcs/cubesat-simulation/src/smartdata_test/src/../../../include/responsiveSmartData.h:[m[K In member function â€˜[01m[Kvoid Interest<Message>::publish()[m[Kâ€™:
[1.222s] [01m[K/home/matheuswagner/repos/adaptive-cubesat-adcs/cubesat-simulation/src/smartdata_test/src/../../../include/responsiveSmartData.h:31:24:[m[K [01;31m[Kerror: [m[Krequest for member â€˜[01m[Kpublish[m[Kâ€™ in â€˜[01m[K((Interest<Message>*)this)->Interest<Message>::publisher->[m[Kâ€™, which is of non-class type â€˜[01m[Kint[m[Kâ€™
[1.223s]              publisher->[01;31m[Kpublish[m[K(message);
[1.223s]                         [01;31m[K^~~~~~~[m[K
[1.223s] [01m[K/home/matheuswagner/repos/adaptive-cubesat-adcs/cubesat-simulation/src/smartdata_test/src/../../../include/responsiveSmartData.h:[m[K At global scope:
[1.223s] [01m[K/home/matheuswagner/repos/adaptive-cubesat-adcs/cubesat-simulation/src/smartdata_test/src/../../../include/responsiveSmartData.h:51:27:[m[K [01;31m[Kerror: [m[Ktype/value mismatch at argument 1 in template parameter list for â€˜[01m[Ktemplate<class _Tp, class _Alloc> class std::__cxx11::list[m[Kâ€™
[1.223s]          std::list<Interest[01;31m[K>[m[K* interests;
[1.223s]                            [01;31m[K^[m[K
[1.223s] [01m[K/home/matheuswagner/repos/adaptive-cubesat-adcs/cubesat-simulation/src/smartdata_test/src/../../../include/responsiveSmartData.h:51:27:[m[K [01;36m[Knote: [m[K  expected a type, got â€˜[01m[KInterest[m[Kâ€™
[1.223s] [01m[K/home/matheuswagner/repos/adaptive-cubesat-adcs/cubesat-simulation/src/smartdata_test/src/../../../include/responsiveSmartData.h:51:27:[m[K [01;31m[Kerror: [m[Ktemplate argument 2 is invalid
[1.224s] [01m[K/home/matheuswagner/repos/adaptive-cubesat-adcs/cubesat-simulation/src/smartdata_test/src/../../../include/responsiveSmartData.h:53:56:[m[K [01;31m[Kerror: [m[Ktype/value mismatch at argument 1 in template parameter list for â€˜[01m[Ktemplate<class _Tp, class _Alloc> class std::__cxx11::list[m[Kâ€™
[1.224s]          std::list<rclcpp::Publisher<Message>::SharedPtr[01;31m[K>[m[K* interestPublishers;
[1.224s]                                                         [01;31m[K^[m[K
[1.225s] [01m[K/home/matheuswagner/repos/adaptive-cubesat-adcs/cubesat-simulation/src/smartdata_test/src/../../../include/responsiveSmartData.h:53:56:[m[K [01;36m[Knote: [m[K  expected a type, got â€˜[01m[Krclcpp::Publisher<Message>::SharedPtr[m[Kâ€™
[1.225s] [01m[K/home/matheuswagner/repos/adaptive-cubesat-adcs/cubesat-simulation/src/smartdata_test/src/../../../include/responsiveSmartData.h:53:56:[m[K [01;31m[Kerror: [m[Ktemplate argument 2 is invalid
[1.225s] [01m[K/home/matheuswagner/repos/adaptive-cubesat-adcs/cubesat-simulation/src/smartdata_test/src/../../../include/responsiveSmartData.h:59:99:[m[K [01;31m[Kerror: [m[Ktype/value mismatch at argument 1 in template parameter list for â€˜[01m[Ktemplate<class _Tp, class _Alloc> class std::__cxx11::list[m[Kâ€™
[1.225s]          ResponsiveSmartData(unsigned int dev, int expiry, int mode, int period, std::list<Interest[01;31m[K>[m[K* interests)
[1.226s]                                                                                                    [01;31m[K^[m[K
[1.226s] [01m[K/home/matheuswagner/repos/adaptive-cubesat-adcs/cubesat-simulation/src/smartdata_test/src/../../../include/responsiveSmartData.h:59:99:[m[K [01;36m[Knote: [m[K  expected a type, got â€˜[01m[KInterest[m[Kâ€™
[1.226s] [01m[K/home/matheuswagner/repos/adaptive-cubesat-adcs/cubesat-simulation/src/smartdata_test/src/../../../include/responsiveSmartData.h:59:99:[m[K [01;31m[Kerror: [m[Ktemplate argument 2 is invalid
[1.226s] In file included from [01m[K/home/matheuswagner/repos/adaptive-cubesat-adcs/cubesat-simulation/src/smartdata_test/src/smartdata_test.cpp:1:0[m[K:
[1.227s] [01m[K/home/matheuswagner/repos/adaptive-cubesat-adcs/cubesat-simulation/src/smartdata_test/src/../../../include/responsiveSmartData.h:90:30:[m[K [01;31m[Kerror: [m[Kâ€˜[01m[KInterest[m[Kâ€™ is not a type
[1.227s]          void bindNewInterest([01;31m[KInterest[m[K* interest)
[1.228s]                               [01;31m[K^~~~~~~~[m[K
[1.228s] [01m[K/home/matheuswagner/repos/adaptive-cubesat-adcs/cubesat-simulation/src/smartdata_test/src/../../../include/responsiveSmartData.h:[m[K In constructor â€˜[01m[KResponsiveSmartData<Transducer, Value, Message>::ResponsiveSmartData(unsigned int, int, int, int, int*)[m[Kâ€™:
[1.228s] [01m[K/home/matheuswagner/repos/adaptive-cubesat-adcs/cubesat-simulation/src/smartdata_test/src/../../../include/responsiveSmartData.h:70:85:[m[K [01;31m[Kerror: [m[Ktype/value mismatch at argument 1 in template parameter list for â€˜[01m[Ktemplate<class _Tp, class _Alloc> class std::__cxx11::list[m[Kâ€™
[1.228s]              interestPublishers = new std::list<rclcpp::Publisher<Message>::SharedPtr[01;31m[K>[m[K;
[1.228s]                                                                                      [01;31m[K^[m[K
[1.228s] [01m[K/home/matheuswagner/repos/adaptive-cubesat-adcs/cubesat-simulation/src/smartdata_test/src/../../../include/responsiveSmartData.h:70:85:[m[K [01;36m[Knote: [m[K  expected a type, got â€˜[01m[Krclcpp::Publisher<Message>::SharedPtr[m[Kâ€™
[1.228s] [01m[K/home/matheuswagner/repos/adaptive-cubesat-adcs/cubesat-simulation/src/smartdata_test/src/../../../include/responsiveSmartData.h:70:85:[m[K [01;31m[Kerror: [m[Ktemplate argument 2 is invalid
[1.228s] [01m[K/home/matheuswagner/repos/adaptive-cubesat-adcs/cubesat-simulation/src/smartdata_test/src/../../../include/responsiveSmartData.h:72:13:[m[K [01;31m[Kerror: [m[Kâ€˜[01m[Klist[m[Kâ€™ was not declared in this scope
[1.229s]              [01;31m[Klist[m[K<Interest>::iterator it;
[1.229s]              [01;31m[K^~~~[m[K
[1.229s] [01m[K/home/matheuswagner/repos/adaptive-cubesat-adcs/cubesat-simulation/src/smartdata_test/src/../../../include/responsiveSmartData.h:72:13:[m[K [01;36m[Knote: [m[Ksuggested alternatives:
[1.229s] In file included from [01m[K/usr/include/c++/7/list:63:0[m[K,
[1.229s]                  from [01m[K/home/matheuswagner/repos/adaptive-cubesat-adcs/cubesat-simulation/src/smartdata_test/src/../../../include/responsiveSmartData.h:4[m[K,
[1.229s]                  from [01m[K/home/matheuswagner/repos/adaptive-cubesat-adcs/cubesat-simulation/src/smartdata_test/src/smartdata_test.cpp:1[m[K:
[1.229s] [01m[K/usr/include/c++/7/bits/stl_list.h:503:11:[m[K [01;36m[Knote: [m[K  â€˜[01m[Kstd::__cxx11::list[m[Kâ€™
[1.230s]      class [01;36m[Klist[m[K : protected _List_base<_Tp, _Alloc>
[1.230s]            [01;36m[K^~~~[m[K
[1.230s] [01m[K/usr/include/c++/7/bits/stl_list.h:503:11:[m[K [01;36m[Knote: [m[K  â€˜[01m[Kstd::__cxx11::list[m[Kâ€™
[1.230s] In file included from [01m[K/home/matheuswagner/repos/adaptive-cubesat-adcs/cubesat-simulation/src/smartdata_test/src/smartdata_test.cpp:1:0[m[K:
[1.230s] [01m[K/home/matheuswagner/repos/adaptive-cubesat-adcs/cubesat-simulation/src/smartdata_test/src/../../../include/responsiveSmartData.h:72:26:[m[K [01;31m[Kerror: [m[Kmissing template arguments before â€˜[01m[K>[m[Kâ€™ token
[1.230s]              list<Interest[01;31m[K>[m[K::iterator it;
[1.231s]                           [01;31m[K^[m[K
[1.231s] [01m[K/home/matheuswagner/repos/adaptive-cubesat-adcs/cubesat-simulation/src/smartdata_test/src/../../../include/responsiveSmartData.h:72:29:[m[K [01;31m[Kerror: [m[Kâ€˜[01m[K::iterator[m[Kâ€™ has not been declared
[1.231s]              list<Interest>::[01;31m[Kiterator[m[K it;
[1.231s]                              [01;31m[K^~~~~~~~[m[K
[1.231s] [01m[K/home/matheuswagner/repos/adaptive-cubesat-adcs/cubesat-simulation/src/smartdata_test/src/../../../include/responsiveSmartData.h:72:29:[m[K [01;36m[Knote: [m[Ksuggested alternatives:
[1.232s] In file included from [01m[K/usr/include/c++/7/bits/stl_algobase.h:65:0[m[K,
[1.232s]                  from [01m[K/usr/include/c++/7/list:60[m[K,
[1.232s]                  from [01m[K/home/matheuswagner/repos/adaptive-cubesat-adcs/cubesat-simulation/src/smartdata_test/src/../../../include/responsiveSmartData.h:4[m[K,
[1.232s]                  from [01m[K/home/matheuswagner/repos/adaptive-cubesat-adcs/cubesat-simulation/src/smartdata_test/src/smartdata_test.cpp:1[m[K:
[1.233s] [01m[K/usr/include/c++/7/bits/stl_iterator_base_types.h:118:12:[m[K [01;36m[Knote: [m[K  â€˜[01m[Kstd::iterator[m[Kâ€™
[1.233s]      struct [01;36m[Kiterator[m[K
[1.233s]             [01;36m[K^~~~~~~~[m[K
[1.233s] [01m[K/usr/include/c++/7/bits/stl_iterator_base_types.h:118:12:[m[K [01;36m[Knote: [m[K  â€˜[01m[Kstd::iterator[m[Kâ€™
[1.233s] In file included from [01m[K/home/matheuswagner/repos/adaptive-cubesat-adcs/cubesat-simulation/src/smartdata_test/src/smartdata_test.cpp:1:0[m[K:
[1.234s] [01m[K/home/matheuswagner/repos/adaptive-cubesat-adcs/cubesat-simulation/src/smartdata_test/src/../../../include/responsiveSmartData.h:73:18:[m[K [01;31m[Kerror: [m[Kâ€˜[01m[Kit[m[Kâ€™ was not declared in this scope
[1.234s]              for ([01;31m[Kit[m[K = interests.begin(); it != interests.end(); ++it)
[1.234s]                   [01;31m[K^~[m[K
[1.234s] [01m[K/home/matheuswagner/repos/adaptive-cubesat-adcs/cubesat-simulation/src/smartdata_test/src/../../../include/responsiveSmartData.h:73:18:[m[K [01;36m[Knote: [m[Ksuggested alternative: â€˜[01m[Kint[m[Kâ€™
[1.234s]              for ([01;36m[Kit[m[K = interests.begin(); it != interests.end(); ++it)
[1.234s]                   [01;36m[K^~[m[K
[1.234s]                   [32m[Kint[m[K
[1.235s] [01m[K/home/matheuswagner/repos/adaptive-cubesat-adcs/cubesat-simulation/src/smartdata_test/src/../../../include/responsiveSmartData.h:73:33:[m[K [01;31m[Kerror: [m[Krequest for member â€˜[01m[Kbegin[m[Kâ€™ in â€˜[01m[Kinterests[m[Kâ€™, which is of non-class type â€˜[01m[Kint*[m[Kâ€™
[1.235s]              for (it = interests.[01;31m[Kbegin[m[K(); it != interests.end(); ++it)
[1.235s]                                  [01;31m[K^~~~~[m[K
[1.235s] [01m[K/home/matheuswagner/repos/adaptive-cubesat-adcs/cubesat-simulation/src/smartdata_test/src/../../../include/responsiveSmartData.h:73:58:[m[K [01;31m[Kerror: [m[Krequest for member â€˜[01m[Kend[m[Kâ€™ in â€˜[01m[Kinterests[m[Kâ€™, which is of non-class type â€˜[01m[Kint*[m[Kâ€™
[1.235s]              for (it = interests.begin(); it != interests.[01;31m[Kend[m[K(); ++it)
[1.235s]                                                           [01;31m[K^~~[m[K
[1.236s] [01m[K/home/matheuswagner/repos/adaptive-cubesat-adcs/cubesat-simulation/src/smartdata_test/src/../../../include/responsiveSmartData.h:[m[K In member function â€˜[01m[Kvoid ResponsiveSmartData<Transducer, Value, Message>::bindNewInterest(int*)[m[Kâ€™:
[1.236s] [01m[K/home/matheuswagner/repos/adaptive-cubesat-adcs/cubesat-simulation/src/smartdata_test/src/../../../include/responsiveSmartData.h:93:33:[m[K [01;31m[Kerror: [m[Krequest for member â€˜[01m[Kpush_front[m[Kâ€™ in â€˜[01m[K((ResponsiveSmartData<Transducer, Value, Message>*)this)->ResponsiveSmartData<Transducer, Value, Message>::interestPublishers->[m[Kâ€™, which is of non-class type â€˜[01m[Kint[m[Kâ€™
[1.236s]              interestPublishers->[01;31m[Kpush_front[m[K(interest->publisher);
[1.236s]                                  [01;31m[K^~~~~~~~~~[m[K
[1.236s] [01m[K/home/matheuswagner/repos/adaptive-cubesat-adcs/cubesat-simulation/src/smartdata_test/src/../../../include/responsiveSmartData.h:93:54:[m[K [01;31m[Kerror: [m[Krequest for member â€˜[01m[Kpublisher[m[Kâ€™ in â€˜[01m[Kinterest->[m[Kâ€™, which is of non-class type â€˜[01m[Kint[m[Kâ€™
[1.236s]              interestPublishers->push_front(interest->[01;31m[Kpublisher[m[K);
[1.237s]                                                       [01;31m[K^~~~~~~~~[m[K
[1.237s] [01m[K/home/matheuswagner/repos/adaptive-cubesat-adcs/cubesat-simulation/src/smartdata_test/src/../../../include/responsiveSmartData.h:94:100:[m[K [01;31m[Kerror: [m[Krequest for member â€˜[01m[Kperiod[m[Kâ€™ in â€˜[01m[Kinterest->[m[Kâ€™, which is of non-class type â€˜[01m[Kint[m[Kâ€™
[1.237s]              interestTimers->push_front(this->create_wall_timer(std::chrono::milliseconds(interest->[01;31m[Kperiod[m[K), std::bind(interest->publish, this)));
[1.237s]                                                                                                     [01;31m[K^~~~~~[m[K
[1.237s] [01m[K/home/matheuswagner/repos/adaptive-cubesat-adcs/cubesat-simulation/src/smartdata_test/src/../../../include/responsiveSmartData.h:94:129:[m[K [01;31m[Kerror: [m[Krequest for member â€˜[01m[Kpublish[m[Kâ€™ in â€˜[01m[Kinterest->[m[Kâ€™, which is of non-class type â€˜[01m[Kint[m[Kâ€™
[1.237s]              interestTimers->push_front(this->create_wall_timer(std::chrono::milliseconds(interest->period), std::bind(interest->[01;31m[Kpublish[m[K, this)));
[1.237s]                                                                                                                                  [01;31m[K^~~~~~~[m[K
[1.238s] [01m[K/home/matheuswagner/repos/adaptive-cubesat-adcs/cubesat-simulation/src/smartdata_test/src/smartdata_test.cpp:[m[K At global scope:
[1.238s] [01m[K/home/matheuswagner/repos/adaptive-cubesat-adcs/cubesat-simulation/src/smartdata_test/src/smartdata_test.cpp:7:42:[m[K [01;31m[Kerror: [m[Kexpected template-name before â€˜[01m[K<[m[Kâ€™ token
[1.238s]  class Dummy_Transducer: public Transducer[01;31m[K<[m[KUNIT,Value>
[1.238s]                                           [01;31m[K^[m[K
[1.238s] [01m[K/home/matheuswagner/repos/adaptive-cubesat-adcs/cubesat-simulation/src/smartdata_test/src/smartdata_test.cpp:7:42:[m[K [01;31m[Kerror: [m[Kexpected â€˜[01m[K{[m[Kâ€™ before â€˜[01m[K<[m[Kâ€™ token
[1.238s] [01m[K/home/matheuswagner/repos/adaptive-cubesat-adcs/cubesat-simulation/src/smartdata_test/src/smartdata_test.cpp:30:2:[m[K [01;35m[Kwarning: [m[Kextra â€˜[01m[K;[m[Kâ€™ [[01;35m[K-Wpedantic[m[K]
[1.238s]  }[01;35m[K;[m[K
[1.238s]   [01;35m[K^[m[K
[1.239s] [01m[K/home/matheuswagner/repos/adaptive-cubesat-adcs/cubesat-simulation/src/smartdata_test/src/smartdata_test.cpp:[m[K In function â€˜[01m[Kint main(int, char**)[m[Kâ€™:
[1.239s] [01m[K/home/matheuswagner/repos/adaptive-cubesat-adcs/cubesat-simulation/src/smartdata_test/src/smartdata_test.cpp:34:44:[m[K [01;31m[Kerror: [m[Kinvalid use of incomplete type â€˜[01m[Kclass Dummy_Transducer<1, float>[m[Kâ€™
[1.239s]      Dummy_Transducer<1,float>* dummy = new [01;31m[KDummy_Transducer<1,float>[m[K;
[1.239s]                                             [01;31m[K^~~~~~~~~~~~~~~~~~~~~~~~~[m[K
[1.239s] [01m[K/home/matheuswagner/repos/adaptive-cubesat-adcs/cubesat-simulation/src/smartdata_test/src/smartdata_test.cpp:7:7:[m[K [01;36m[Knote: [m[Kdeclaration of â€˜[01m[Kclass Dummy_Transducer<1, float>[m[Kâ€™
[1.239s]  class [01;36m[KDummy_Transducer[m[K: public Transducer<UNIT,Value>
[1.240s]        [01;36m[K^~~~~~~~~~~~~~~~[m[K
[1.240s] [01m[K/home/matheuswagner/repos/adaptive-cubesat-adcs/cubesat-simulation/src/smartdata_test/src/smartdata_test.cpp:35:36:[m[K [01;31m[Kerror: [m[Ktype/value mismatch at argument 1 in template parameter list for â€˜[01m[Ktemplate<<typeprefixerror>Message> class Interest[m[Kâ€™
[1.240s]      Interest<std_msgs::msg::Float32[01;31m[K>[m[K interest(100,"test");
[1.240s]                                     [01;31m[K^[m[K
[1.240s] [01m[K/home/matheuswagner/repos/adaptive-cubesat-adcs/cubesat-simulation/src/smartdata_test/src/smartdata_test.cpp:35:36:[m[K [01;36m[Knote: [m[K  expected a constant of type â€˜[01m[K<type error>[m[Kâ€™, got â€˜[01m[Kstd_msgs::msg::Float32 {aka std_msgs::msg::Float32_<std::allocator<void> >}[m[Kâ€™
[1.240s] [01m[K/home/matheuswagner/repos/adaptive-cubesat-adcs/cubesat-simulation/src/smartdata_test/src/smartdata_test.cpp:35:57:[m[K [01;31m[Kerror: [m[Kexpression list treated as compound expression in initializer [[01;31m[K-fpermissive[m[K]
[1.240s]      Interest<std_msgs::msg::Float32> interest(100,"test"[01;31m[K)[m[K;
[1.240s]                                                          [01;31m[K^[m[K
[1.241s] [01m[K/home/matheuswagner/repos/adaptive-cubesat-adcs/cubesat-simulation/src/smartdata_test/src/smartdata_test.cpp:35:57:[m[K [01;35m[Kwarning: [m[Kleft operand of comma operator has no effect [[01;35m[K-Wunused-value[m[K]
[1.241s] [01m[K/home/matheuswagner/repos/adaptive-cubesat-adcs/cubesat-simulation/src/smartdata_test/src/smartdata_test.cpp:35:57:[m[K [01;31m[Kerror: [m[Kinvalid conversion from â€˜[01m[Kconst char*[m[Kâ€™ to â€˜[01m[Kint[m[Kâ€™ [[01;31m[K-fpermissive[m[K]
[1.241s] [01m[K/home/matheuswagner/repos/adaptive-cubesat-adcs/cubesat-simulation/src/smartdata_test/src/smartdata_test.cpp:36:39:[m[K [01;31m[Kerror: [m[Ktype/value mismatch at argument 1 in template parameter list for â€˜[01m[Ktemplate<<typeprefixerror>Message> class Interest[m[Kâ€™
[1.241s]      std::list<Interest<std_msgs::msg::[01;31m[KFloat32[m[K>> interestList;
[1.241s]                                        [01;31m[K^~~~~~~[m[K
[1.241s] [01m[K/home/matheuswagner/repos/adaptive-cubesat-adcs/cubesat-simulation/src/smartdata_test/src/smartdata_test.cpp:36:39:[m[K [01;36m[Knote: [m[K  expected a constant of type â€˜[01m[K<type error>[m[Kâ€™, got â€˜[01m[Kstd_msgs::msg::Float32 {aka std_msgs::msg::Float32_<std::allocator<void> >}[m[Kâ€™
[1.241s] [01m[K/home/matheuswagner/repos/adaptive-cubesat-adcs/cubesat-simulation/src/smartdata_test/src/smartdata_test.cpp:36:46:[m[K [01;31m[Kerror: [m[Ktemplate argument 1 is invalid
[1.241s]      std::list<Interest<std_msgs::msg::Float32[01;31m[K>>[m[K interestList;
[1.241s]                                               [01;31m[K^~[m[K
[1.241s] [01m[K/home/matheuswagner/repos/adaptive-cubesat-adcs/cubesat-simulation/src/smartdata_test/src/smartdata_test.cpp:36:46:[m[K [01;31m[Kerror: [m[Ktemplate argument 2 is invalid
[1.241s] [01m[K/home/matheuswagner/repos/adaptive-cubesat-adcs/cubesat-simulation/src/smartdata_test/src/smartdata_test.cpp:37:18:[m[K [01;31m[Kerror: [m[Krequest for member â€˜[01m[Kpush_front[m[Kâ€™ in â€˜[01m[KinterestList[m[Kâ€™, which is of non-class type â€˜[01m[Kint[m[Kâ€™
[1.241s]      interestList.[01;31m[Kpush_front[m[K(interest);
[1.242s]                   [01;31m[K^~~~~~~~~~[m[K
[1.242s] [01m[K/home/matheuswagner/repos/adaptive-cubesat-adcs/cubesat-simulation/src/smartdata_test/src/smartdata_test.cpp:39:78:[m[K [01;31m[Kerror: [m[Kno matching function for call to â€˜[01m[Kmake_shared<template<class Transducer, class Value, class Message> class ResponsiveSmartData>(int, int, int, int, int*)[m[Kâ€™
[1.242s]      rclcpp::spin(std::make_shared<ResponsiveSmartData>(1,1,1,10,&interestList[01;31m[K)[m[K);
[1.242s]                                                                               [01;31m[K^[m[K
[1.242s] In file included from [01m[K/usr/include/c++/7/memory:81:0[m[K,
[1.242s]                  from [01m[K/home/matheuswagner/ros2_dashing/ros2-linux/include/rclcpp/rclcpp.hpp:142[m[K,
[1.242s]                  from [01m[K/home/matheuswagner/repos/adaptive-cubesat-adcs/cubesat-simulation/src/smartdata_test/src/../../../include/responsiveSmartData.h:7[m[K,
[1.242s]                  from [01m[K/home/matheuswagner/repos/adaptive-cubesat-adcs/cubesat-simulation/src/smartdata_test/src/smartdata_test.cpp:1[m[K:
[1.242s] [01m[K/usr/include/c++/7/bits/shared_ptr.h:703:5:[m[K [01;36m[Knote: [m[Kcandidate: template<class _Tp, class ... _Args> std::shared_ptr<_Tp> std::make_shared(_Args&& ...)
[1.242s]      [01;36m[Kmake_shared[m[K(_Args&&... __args)
[1.242s]      [01;36m[K^~~~~~~~~~~[m[K
[1.242s] [01m[K/usr/include/c++/7/bits/shared_ptr.h:703:5:[m[K [01;36m[Knote: [m[K  template argument deduction/substitution failed:
[1.243s] [01m[K/home/matheuswagner/repos/adaptive-cubesat-adcs/cubesat-simulation/src/smartdata_test/src/smartdata_test.cpp:34:32:[m[K [01;35m[Kwarning: [m[Kunused variable â€˜[01m[Kdummy[m[Kâ€™ [[01;35m[K-Wunused-variable[m[K]
[1.243s]      Dummy_Transducer<1,float>* [01;35m[Kdummy[m[K = new Dummy_Transducer<1,float>;
[1.243s]                                 [01;35m[K^~~~~[m[K
[1.399s] make[2]: *** [CMakeFiles/smartdata_test.dir/src/smartdata_test.cpp.o] Error 1
[1.400s] CMakeFiles/smartdata_test.dir/build.make:81: recipe for target 'CMakeFiles/smartdata_test.dir/src/smartdata_test.cpp.o' failed
[1.400s] make[1]: *** [CMakeFiles/smartdata_test.dir/all] Error 2
[1.400s] CMakeFiles/Makefile2:95: recipe for target 'CMakeFiles/smartdata_test.dir/all' failed
[1.400s] make: *** [all] Error 2
[1.401s] Makefile:159: recipe for target 'all' failed
[1.402s] Invoked command in '/home/matheuswagner/repos/adaptive-cubesat-adcs/cubesat-simulation/src/build/smartdata_test' returned '2': CMAKE_PREFIX_PATH=${CMAKE_PREFIX_PATH}:/opt/ros/dashing /usr/local/bin/cmake --build /home/matheuswagner/repos/adaptive-cubesat-adcs/cubesat-simulation/src/build/smartdata_test -- -j8 -l8
