[0.069s] Invoking command in '/home/matheuswagner/repos/adaptive-cubesat-adcs/cubesat-simulation/build/smartdata_test': CMAKE_PREFIX_PATH=${CMAKE_PREFIX_PATH}:/home/matheuswagner/repos/adaptive-cubesat-adcs/cubesat-simulation/install/cubesat_description:/opt/ros/dashing /usr/local/bin/cmake --build /home/matheuswagner/repos/adaptive-cubesat-adcs/cubesat-simulation/build/smartdata_test -- -j8 -l8
[0.095s] [35m[1mScanning dependencies of target smartdata_test[0m
[0.108s] [ 25%] [32mBuilding CXX object CMakeFiles/smartdata_test.dir/src/smartdata_test.cpp.o[0m
[1.221s] In file included from [01m[K/home/matheuswagner/repos/adaptive-cubesat-adcs/cubesat-simulation/src/smartdata_test/src/smartdata_test.cpp:1:0[m[K:
[1.221s] [01m[K/home/matheuswagner/repos/adaptive-cubesat-adcs/cubesat-simulation/src/smartdata_test/src/../../../include/responsiveSmartdata.h:15:14:[m[K [01;31m[Kerror: [m[Kdeclaration of template parameter â€˜[01m[KTransducer[m[Kâ€™ shadows template parameter
[1.222s]      template<[01;31m[Ktypename[m[K Transducer, typename ValueList>
[1.222s]               [01;31m[K^~~~~~~~[m[K
[1.222s] [01m[K/home/matheuswagner/repos/adaptive-cubesat-adcs/cubesat-simulation/src/smartdata_test/src/../../../include/responsiveSmartdata.h:10:10:[m[K [01;36m[Knote: [m[Ktemplate parameter â€˜[01m[KTransducer[m[Kâ€™ declared here
[1.222s]  template<[01;36m[Ktypename[m[K Transducer, typename Value>
[1.222s]           [01;36m[K^~~~~~~~[m[K
[1.222s] [01m[K/home/matheuswagner/repos/adaptive-cubesat-adcs/cubesat-simulation/src/smartdata_test/src/../../../include/responsiveSmartdata.h:16:39:[m[K [01;31m[Kerror: [m[Kâ€˜[01m[KTransformer[m[Kâ€™ was not declared in this scope
[1.222s]      friend class TransformerSmartData<[01;31m[KTransformer[m[K,ValueList>;
[1.222s]                                        [01;31m[K^~~~~~~~~~~[m[K
[1.223s] [01m[K/home/matheuswagner/repos/adaptive-cubesat-adcs/cubesat-simulation/src/smartdata_test/src/../../../include/responsiveSmartdata.h:16:39:[m[K [01;36m[Knote: [m[Ksuggested alternative: â€˜[01m[KTransducer[m[Kâ€™
[1.223s]      friend class TransformerSmartData<[01;36m[KTransformer[m[K,ValueList>;
[1.223s]                                        [01;36m[K^~~~~~~~~~~[m[K
[1.223s]                                        [32m[KTransducer[m[K
[1.224s] [01m[K/home/matheuswagner/repos/adaptive-cubesat-adcs/cubesat-simulation/src/smartdata_test/src/../../../include/responsiveSmartdata.h:16:60:[m[K [01;31m[Kerror: [m[Ktemplate argument 1 is invalid
[1.224s]      friend class TransformerSmartData<Transformer,ValueList[01;31m[K>[m[K;
[1.224s]                                                             [01;31m[K^[m[K
[1.256s] In file included from [01m[K/home/matheuswagner/repos/adaptive-cubesat-adcs/cubesat-simulation/src/smartdata_test/src/../../../include/responsiveSmartdata.h:4:0[m[K,
[1.256s]                  from [01m[K/home/matheuswagner/repos/adaptive-cubesat-adcs/cubesat-simulation/src/smartdata_test/src/smartdata_test.cpp:1[m[K:
[1.257s] /home/matheuswagner/repos/adaptive-cubesat-adcs/cubesat-simulation/src/smartdata_test/src/../../../include/smartdata.h: In instantiation of â€˜[01m[Kclass SmartData<Dummy_Transducer<1, float>, float>[m[Kâ€™:
[1.257s] [01m[K/home/matheuswagner/repos/adaptive-cubesat-adcs/cubesat-simulation/src/smartdata_test/src/../../../include/responsiveSmartdata.h:11:7:[m[K   required from â€˜[01m[Kclass ResponsiveSmartData<Dummy_Transducer<1, float>, float>[m[Kâ€™
[1.257s] [01m[K/usr/include/c++/7/type_traits:1529:45:[m[K   required by substitution of â€˜[01m[Ktemplate<class _From1, class _To1, class> static std::true_type std::__is_convertible_helper<ResponsiveSmartData<Dummy_Transducer<1, float>, float>*, rclcpp::Node*, false>::__test<_From1, _To1, <template-parameter-1-3> >(int) [with _From1 = ResponsiveSmartData<Dummy_Transducer<1, float>, float>*; _To1 = rclcpp::Node*; <template-parameter-1-3> = <missing>][m[Kâ€™
[1.257s] [01m[K/usr/include/c++/7/type_traits:1538:42:[m[K   required from â€˜[01m[Kstruct std::__is_convertible_helper<ResponsiveSmartData<Dummy_Transducer<1, float>, float>*, rclcpp::Node*, false>[m[Kâ€™
[1.257s] [01m[K/usr/include/c++/7/type_traits:1544:12:[m[K   required from â€˜[01m[Kstruct std::is_convertible<ResponsiveSmartData<Dummy_Transducer<1, float>, float>*, rclcpp::Node*>[m[Kâ€™
[1.257s] [01m[K/usr/include/c++/7/bits/shared_ptr_base.h:881:12:[m[K   [ skipping 7 instantiation contexts, use -ftemplate-backtrace-limit=0 to disable ]
[1.258s] [01m[K/usr/include/c++/7/type_traits:1070:12:[m[K   required from â€˜[01m[Kstruct std::__is_direct_constructible_new<std::__shared_ptr<rclcpp::Node, (__gnu_cxx::_Lock_policy)2>, const std::shared_ptr<ResponsiveSmartData<Dummy_Transducer<1, float>, float> >&>[m[Kâ€™
[1.258s] [01m[K/usr/include/c++/7/type_traits:1078:12:[m[K   required from â€˜[01m[Kstruct std::__is_direct_constructible<std::__shared_ptr<rclcpp::Node, (__gnu_cxx::_Lock_policy)2>, const std::shared_ptr<ResponsiveSmartData<Dummy_Transducer<1, float>, float> >&>[m[Kâ€™
[1.258s] [01m[K/usr/include/c++/7/type_traits:1118:12:[m[K   required from â€˜[01m[Kstruct std::__is_constructible_impl<std::__shared_ptr<rclcpp::Node, (__gnu_cxx::_Lock_policy)2>, const std::shared_ptr<ResponsiveSmartData<Dummy_Transducer<1, float>, float> >&>[m[Kâ€™
[1.258s] [01m[K/usr/include/c++/7/type_traits:1129:12:[m[K   required from â€˜[01m[Kstruct std::is_constructible<std::__shared_ptr<rclcpp::Node, (__gnu_cxx::_Lock_policy)2>, const std::shared_ptr<ResponsiveSmartData<Dummy_Transducer<1, float>, float> >&>[m[Kâ€™
[1.258s] [01m[K/usr/include/c++/7/bits/shared_ptr.h:98:9:[m[K   required by substitution of â€˜[01m[Ktemplate<class _Tp> template<class ... _Args> using _Constructible = typename std::enable_if<std::is_constructible<std::__shared_ptr<_Tp>, _Args ...>::value>::type [with _Args = {const std::shared_ptr<ResponsiveSmartData<Dummy_Transducer<1, float>, float> >&}; _Tp = rclcpp::Node][m[Kâ€™
[1.258s] [01m[K/usr/include/c++/7/bits/shared_ptr.h:235:9:[m[K   required by substitution of â€˜[01m[Ktemplate<class _Yp, class> std::shared_ptr<rclcpp::Node>::shared_ptr(const std::shared_ptr<_Tp>&) [with _Yp = ResponsiveSmartData<Dummy_Transducer<1, float>, float>; <template-parameter-1-2> = <missing>][m[Kâ€™
[1.258s] [01m[K/home/matheuswagner/repos/adaptive-cubesat-adcs/cubesat-simulation/src/smartdata_test/src/smartdata_test.cpp:34:140:[m[K   required from here
[1.258s] [01m[K/home/matheuswagner/repos/adaptive-cubesat-adcs/cubesat-simulation/src/smartdata_test/src/../../../include/smartdata.h:46:1:[m[K [01;31m[Kerror: [m[Ktemplate argument required for â€˜[01m[Kclass TransformerSmartData[m[Kâ€™
[1.259s]  [01;31m[K{[m[K
[1.259s]  [01;31m[K^[m[K
[1.676s] In file included from [01m[K/home/matheuswagner/repos/adaptive-cubesat-adcs/cubesat-simulation/src/smartdata_test/src/smartdata_test.cpp:2:0[m[K:
[1.676s] /home/matheuswagner/repos/adaptive-cubesat-adcs/cubesat-simulation/src/smartdata_test/src/../../../include/transducer.h: In instantiation of â€˜[01m[Kvoid Transducer<_UNIT, Value>::actuate(const Value&) [with long unsigned int _UNIT = 1; Value = float][m[Kâ€™:
[1.676s] [01m[K/home/matheuswagner/repos/adaptive-cubesat-adcs/cubesat-simulation/src/smartdata_test/src/smartdata_test.cpp:37:1:[m[K   required from here
[1.676s] [01m[K/home/matheuswagner/repos/adaptive-cubesat-adcs/cubesat-simulation/src/smartdata_test/src/../../../include/transducer.h:18:43:[m[K [01;35m[Kwarning: [m[Kunused parameter â€˜[01m[Kvalue[m[Kâ€™ [[01;35m[K-Wunused-parameter[m[K]
[1.676s]          virtual void actuate(const Value &[01;35m[Kvalue[m[K){}
[1.676s]                                            [01;35m[K^~~~~[m[K
[1.793s] make[2]: *** [CMakeFiles/smartdata_test.dir/src/smartdata_test.cpp.o] Error 1
[1.793s] CMakeFiles/smartdata_test.dir/build.make:81: recipe for target 'CMakeFiles/smartdata_test.dir/src/smartdata_test.cpp.o' failed
[1.793s] CMakeFiles/Makefile2:97: recipe for target 'CMakeFiles/smartdata_test.dir/all' failed
[1.793s] make[1]: *** [CMakeFiles/smartdata_test.dir/all] Error 2
[1.794s] Makefile:159: recipe for target 'all' failed
[1.794s] make: *** [all] Error 2
[1.795s] Invoked command in '/home/matheuswagner/repos/adaptive-cubesat-adcs/cubesat-simulation/build/smartdata_test' returned '2': CMAKE_PREFIX_PATH=${CMAKE_PREFIX_PATH}:/home/matheuswagner/repos/adaptive-cubesat-adcs/cubesat-simulation/install/cubesat_description:/opt/ros/dashing /usr/local/bin/cmake --build /home/matheuswagner/repos/adaptive-cubesat-adcs/cubesat-simulation/build/smartdata_test -- -j8 -l8
