[0.070s] Invoking command in '/home/matheuswagner/repos/adaptive-cubesat-adcs/cubesat-simulation/build/concept': CMAKE_PREFIX_PATH=${CMAKE_PREFIX_PATH}:/home/matheuswagner/repos/adaptive-cubesat-adcs/cubesat-simulation/install/cubesat_description:/opt/ros/dashing /usr/local/bin/cmake --build /home/matheuswagner/repos/adaptive-cubesat-adcs/cubesat-simulation/build/concept -- -j8 -l8
[0.096s] [35m[1mScanning dependencies of target concept[0m
[0.108s] [ 50%] [32mBuilding CXX object CMakeFiles/concept.dir/src/concept.cpp.o[0m
[1.214s] [01m[K/home/matheuswagner/repos/adaptive-cubesat-adcs/cubesat-simulation/src/concept/src/concept.cpp:[m[K In member function â€˜[01m[KValue LocalSensorSmartData<Value, Transducer>::update()[m[Kâ€™:
[1.214s] [01m[K/home/matheuswagner/repos/adaptive-cubesat-adcs/cubesat-simulation/src/concept/src/concept.cpp:143:81:[m[K [01;31m[Kerror: [m[Kâ€˜[01m[Kperiod[m[Kâ€™ was not declared in this scope
[1.214s]              this->expiry = this->transducer->get_clock()->now().nanoseconds() + [01;31m[Kperiod[m[K*1000000;
[1.214s]                                                                                  [01;31m[K^~~~~~[m[K
[1.215s] [01m[K/home/matheuswagner/repos/adaptive-cubesat-adcs/cubesat-simulation/src/concept/src/concept.cpp:143:81:[m[K [01;36m[Knote: [m[Ksuggested alternative: â€˜[01m[Kperror[m[Kâ€™
[1.215s]              this->expiry = this->transducer->get_clock()->now().nanoseconds() + [01;36m[Kperiod[m[K*1000000;
[1.215s]                                                                                  [01;36m[K^~~~~~[m[K
[1.215s]                                                                                  [32m[Kperror[m[K
[1.543s] /home/matheuswagner/repos/adaptive-cubesat-adcs/cubesat-simulation/src/concept/src/concept.cpp: In instantiation of â€˜[01m[Kvoid Transducer<UNIT, Value>::actuate(const Value&) [with long unsigned int UNIT = 1; Value = float][m[Kâ€™:
[1.543s] [01m[K/home/matheuswagner/repos/adaptive-cubesat-adcs/cubesat-simulation/src/concept/src/concept.cpp:157:1:[m[K   required from here
[1.543s] [01m[K/home/matheuswagner/repos/adaptive-cubesat-adcs/cubesat-simulation/src/concept/src/concept.cpp:22:43:[m[K [01;35m[Kwarning: [m[Kunused parameter â€˜[01m[Kvalue[m[Kâ€™ [[01;35m[K-Wunused-parameter[m[K]
[1.543s]          virtual void actuate(const Value &[01;35m[Kvalue[m[K){}
[1.543s]                                            [01;35m[K^~~~~[m[K
[1.566s] /home/matheuswagner/repos/adaptive-cubesat-adcs/cubesat-simulation/src/concept/src/concept.cpp: In instantiation of â€˜[01m[KValue Transducer<UNIT, Value>::sense() [with long unsigned int UNIT = 1; Value = float][m[Kâ€™:
[1.566s] [01m[K/home/matheuswagner/repos/adaptive-cubesat-adcs/cubesat-simulation/src/concept/src/concept.cpp:157:1:[m[K   required from here
[1.566s] [01m[K/home/matheuswagner/repos/adaptive-cubesat-adcs/cubesat-simulation/src/concept/src/concept.cpp:21:31:[m[K [01;35m[Kwarning: [m[Kno return statement in function returning non-void [[01;35m[K-Wreturn-type[m[K]
[1.566s]          virtual Value sense(){[01;35m[K}[m[K
[1.566s]                                [01;35m[K^[m[K
[1.903s] CMakeFiles/concept.dir/build.make:81: recipe for target 'CMakeFiles/concept.dir/src/concept.cpp.o' failed
[1.904s] make[2]: *** [CMakeFiles/concept.dir/src/concept.cpp.o] Error 1
[1.904s] CMakeFiles/Makefile2:122: recipe for target 'CMakeFiles/concept.dir/all' failed
[1.904s] make[1]: *** [CMakeFiles/concept.dir/all] Error 2
[1.904s] Makefile:159: recipe for target 'all' failed
[1.905s] make: *** [all] Error 2
[1.906s] Invoked command in '/home/matheuswagner/repos/adaptive-cubesat-adcs/cubesat-simulation/build/concept' returned '2': CMAKE_PREFIX_PATH=${CMAKE_PREFIX_PATH}:/home/matheuswagner/repos/adaptive-cubesat-adcs/cubesat-simulation/install/cubesat_description:/opt/ros/dashing /usr/local/bin/cmake --build /home/matheuswagner/repos/adaptive-cubesat-adcs/cubesat-simulation/build/concept -- -j8 -l8
