[0.061s] Invoking command in '/home/matheuswagner/repos/adaptive-cubesat-adcs/cubesat-simulation/build/smartdata_test': CMAKE_PREFIX_PATH=${CMAKE_PREFIX_PATH}:/home/matheuswagner/repos/adaptive-cubesat-adcs/cubesat-simulation/install/cubesat_description:/opt/ros/dashing /usr/local/bin/cmake --build /home/matheuswagner/repos/adaptive-cubesat-adcs/cubesat-simulation/build/smartdata_test -- -j8 -l8
[0.093s] [ 50%] Built target smartdata_test
[0.101s] [35m[1mScanning dependencies of target remote_smartdata_test[0m
[0.112s] [ 75%] [32mBuilding CXX object CMakeFiles/remote_smartdata_test.dir/src/remote_smartdata_test.cpp.o[0m
[1.251s] [01m[K/home/matheuswagner/repos/adaptive-cubesat-adcs/cubesat-simulation/src/smartdata_test/src/remote_smartdata_test.cpp:[m[K In function â€˜[01m[Kint main(int, char**)[m[Kâ€™:
[1.251s] [01m[K/home/matheuswagner/repos/adaptive-cubesat-adcs/cubesat-simulation/src/smartdata_test/src/remote_smartdata_test.cpp:69:27:[m[K [01;31m[Kerror: [m[Kâ€˜[01m[Kactuator[m[Kâ€™ was not declared in this scope
[1.251s]      outputData.push_front([01;31m[Kactuator[m[K);
[1.251s]                            [01;31m[K^~~~~~~~[m[K
[1.252s] [01m[K/home/matheuswagner/repos/adaptive-cubesat-adcs/cubesat-simulation/src/smartdata_test/src/remote_smartdata_test.cpp:69:27:[m[K [01;36m[Knote: [m[Ksuggested alternative: â€˜[01m[Kauto[m[Kâ€™
[1.252s]      outputData.push_front([01;36m[Kactuator[m[K);
[1.252s]                            [01;36m[K^~~~~~~~[m[K
[1.252s]                            [32m[Kauto[m[K
[1.998s] In file included from [01m[K/home/matheuswagner/repos/adaptive-cubesat-adcs/cubesat-simulation/src/smartdata_test/src/remote_smartdata_test.cpp:4:0[m[K:
[1.998s] /home/matheuswagner/repos/adaptive-cubesat-adcs/cubesat-simulation/src/smartdata_test/src/../../../include/transducer.h: In instantiation of â€˜[01m[Kvoid Transducer<_UNIT, Value>::actuate(const Value&) [with long unsigned int _UNIT = 1; Value = float][m[Kâ€™:
[1.998s] [01m[K/home/matheuswagner/repos/adaptive-cubesat-adcs/cubesat-simulation/src/smartdata_test/src/remote_smartdata_test.cpp:86:1:[m[K   required from here
[1.998s] [01m[K/home/matheuswagner/repos/adaptive-cubesat-adcs/cubesat-simulation/src/smartdata_test/src/../../../include/transducer.h:18:43:[m[K [01;35m[Kwarning: [m[Kunused parameter â€˜[01m[Kvalue[m[Kâ€™ [[01;35m[K-Wunused-parameter[m[K]
[1.998s]          virtual void actuate(const Value &[01;35m[Kvalue[m[K){}
[1.998s]                                            [01;35m[K^~~~~[m[K
[2.167s] make[2]: *** [CMakeFiles/remote_smartdata_test.dir/src/remote_smartdata_test.cpp.o] Error 1
[2.168s] CMakeFiles/remote_smartdata_test.dir/build.make:81: recipe for target 'CMakeFiles/remote_smartdata_test.dir/src/remote_smartdata_test.cpp.o' failed
[2.168s] CMakeFiles/Makefile2:151: recipe for target 'CMakeFiles/remote_smartdata_test.dir/all' failed
[2.168s] make[1]: *** [CMakeFiles/remote_smartdata_test.dir/all] Error 2
[2.168s] Makefile:159: recipe for target 'all' failed
[2.168s] make: *** [all] Error 2
[2.169s] Invoked command in '/home/matheuswagner/repos/adaptive-cubesat-adcs/cubesat-simulation/build/smartdata_test' returned '2': CMAKE_PREFIX_PATH=${CMAKE_PREFIX_PATH}:/home/matheuswagner/repos/adaptive-cubesat-adcs/cubesat-simulation/install/cubesat_description:/opt/ros/dashing /usr/local/bin/cmake --build /home/matheuswagner/repos/adaptive-cubesat-adcs/cubesat-simulation/build/smartdata_test -- -j8 -l8
