[35m[1mScanning dependencies of target smartdata_test[0m
[ 50%] [32mBuilding CXX object CMakeFiles/smartdata_test.dir/src/smartdata_test.cpp.o[0m
[01m[K/home/matheuswagner/repos/adaptive-cubesat-adcs/cubesat-simulation/src/smartdata_test/src/smartdata_test.cpp:35:51:[m[K [01;35m[Kwarning: [m[Kmulti-character character constant [[01;35m[K-Wmultichar[m[K]
     Interest<std_msgs::msg::Float32> interest(100,[01;35m[K'test'[m[K);
                                                   [01;35m[K^~~~~~[m[K
In file included from [01m[K/home/matheuswagner/repos/adaptive-cubesat-adcs/cubesat-simulation/src/smartdata_test/src/../../../include/responsiveSmartData.h:7:0[m[K,
                 from [01m[K/home/matheuswagner/repos/adaptive-cubesat-adcs/cubesat-simulation/src/smartdata_test/src/smartdata_test.cpp:1[m[K:
[01m[K/home/matheuswagner/repos/adaptive-cubesat-adcs/cubesat-simulation/src/smartdata_test/src/../../../include/publisher.h:15:5:[m[K [01;31m[Kerror: [m[Kneed â€˜[01m[Ktypename[m[Kâ€™ before â€˜[01m[Krclcpp::Publisher<MESSAGE>::SharedPtr[m[Kâ€™ because â€˜[01m[Krclcpp::Publisher<MESSAGE>[m[Kâ€™ is a dependent scope
     [01;31m[Krclcpp[m[K::Publisher<MESSAGE>::SharedPtr publisher;
     [01;31m[K^~~~~~[m[K
[01m[K/home/matheuswagner/repos/adaptive-cubesat-adcs/cubesat-simulation/src/smartdata_test/src/../../../include/publisher.h:18:31:[m[K [01;31m[Kerror: [m[Kâ€˜[01m[Kstring[m[Kâ€™ has not been declared
         Publisher(int period, [01;31m[Kstring[m[K topicName, void(*callback)(void)) : count_(0)
                               [01;31m[K^~~~~~[m[K
[01m[K/home/matheuswagner/repos/adaptive-cubesat-adcs/cubesat-simulation/src/smartdata_test/src/../../../include/publisher.h:[m[K In constructor â€˜[01m[KPublisher<MESSAGE>::Publisher(int, int, void (*)())[m[Kâ€™:
[01m[K/home/matheuswagner/repos/adaptive-cubesat-adcs/cubesat-simulation/src/smartdata_test/src/../../../include/publisher.h:18:74:[m[K [01;31m[Kerror: [m[Kclass â€˜[01m[KPublisher<MESSAGE>[m[Kâ€™ does not have any field named â€˜[01m[Kcount_[m[Kâ€™
         Publisher(int period, string topicName, void(*callback)(void)) : [01;31m[Kcount_[m[K(0)
                                                                          [01;31m[K^~~~~~[m[K
[01m[K/home/matheuswagner/repos/adaptive-cubesat-adcs/cubesat-simulation/src/smartdata_test/src/../../../include/publisher.h:21:13:[m[K [01;31m[Kerror: [m[Kâ€˜[01m[Kpublisher[m[Kâ€™ was not declared in this scope
             [01;31m[Kpublisher[m[K = this->create_publisher<MESSAGE>(topicName, queue_size);
             [01;31m[K^~~~~~~~~[m[K
[01m[K/home/matheuswagner/repos/adaptive-cubesat-adcs/cubesat-simulation/src/smartdata_test/src/../../../include/publisher.h:21:13:[m[K [01;36m[Knote: [m[Ksuggested alternative: â€˜[01m[KPublisher[m[Kâ€™
             [01;36m[Kpublisher[m[K = this->create_publisher<MESSAGE>(topicName, queue_size);
             [01;36m[K^~~~~~~~~[m[K
             [32m[KPublisher[m[K
In file included from [01m[K/home/matheuswagner/repos/adaptive-cubesat-adcs/cubesat-simulation/src/smartdata_test/src/smartdata_test.cpp:1:0[m[K:
[01m[K/home/matheuswagner/repos/adaptive-cubesat-adcs/cubesat-simulation/src/smartdata_test/src/../../../include/responsiveSmartData.h:[m[K At global scope:
[01m[K/home/matheuswagner/repos/adaptive-cubesat-adcs/cubesat-simulation/src/smartdata_test/src/../../../include/responsiveSmartData.h:13:12:[m[K [01;31m[Kerror: [m[Kâ€˜[01m[KResponsiveSmartData[m[Kâ€™ does not name a type; did you mean â€˜[01m[K__responsive_smartdata_h[m[Kâ€™?
     friend [01;31m[KResponsiveSmartData[m[K;
            [01;31m[K^~~~~~~~~~~~~~~~~~~[m[K
            [32m[K__responsive_smartdata_h[m[K
[01m[K/home/matheuswagner/repos/adaptive-cubesat-adcs/cubesat-simulation/src/smartdata_test/src/../../../include/responsiveSmartData.h:32:2:[m[K [01;31m[Kerror: [m[Kexpected â€˜[01m[K;[m[Kâ€™ after class definition
 }
  [01;31m[K^[m[K
  [32m[K;[m[K
[01m[K/home/matheuswagner/repos/adaptive-cubesat-adcs/cubesat-simulation/src/smartdata_test/src/../../../include/responsiveSmartData.h:[m[K In member function â€˜[01m[Kvoid Interest<Message>::publish()[m[Kâ€™:
[01m[K/home/matheuswagner/repos/adaptive-cubesat-adcs/cubesat-simulation/src/smartdata_test/src/../../../include/responsiveSmartData.h:30:13:[m[K [01;31m[Kerror: [m[Kâ€˜[01m[Kpublisher_[m[Kâ€™ was not declared in this scope
             [01;31m[Kpublisher_[m[K->publish(message);
             [01;31m[K^~~~~~~~~~[m[K
[01m[K/home/matheuswagner/repos/adaptive-cubesat-adcs/cubesat-simulation/src/smartdata_test/src/../../../include/responsiveSmartData.h:30:13:[m[K [01;36m[Knote: [m[Ksuggested alternative: â€˜[01m[KPublisher[m[Kâ€™
             [01;36m[Kpublisher_[m[K->publish(message);
             [01;36m[K^~~~~~~~~~[m[K
             [32m[KPublisher[m[K
[01m[K/home/matheuswagner/repos/adaptive-cubesat-adcs/cubesat-simulation/src/smartdata_test/src/../../../include/responsiveSmartData.h:[m[K At global scope:
[01m[K/home/matheuswagner/repos/adaptive-cubesat-adcs/cubesat-simulation/src/smartdata_test/src/../../../include/responsiveSmartData.h:50:27:[m[K [01;31m[Kerror: [m[Ktype/value mismatch at argument 1 in template parameter list for â€˜[01m[Ktemplate<class _Tp, class _Alloc> class std::__cxx11::list[m[Kâ€™
         std::list<Interest[01;31m[K>[m[K* interests;
                           [01;31m[K^[m[K
[01m[K/home/matheuswagner/repos/adaptive-cubesat-adcs/cubesat-simulation/src/smartdata_test/src/../../../include/responsiveSmartData.h:50:27:[m[K [01;36m[Knote: [m[K  expected a type, got â€˜[01m[KInterest[m[Kâ€™
[01m[K/home/matheuswagner/repos/adaptive-cubesat-adcs/cubesat-simulation/src/smartdata_test/src/../../../include/responsiveSmartData.h:50:27:[m[K [01;31m[Kerror: [m[Ktemplate argument 2 is invalid
[01m[K/home/matheuswagner/repos/adaptive-cubesat-adcs/cubesat-simulation/src/smartdata_test/src/../../../include/responsiveSmartData.h:52:56:[m[K [01;31m[Kerror: [m[Ktype/value mismatch at argument 1 in template parameter list for â€˜[01m[Ktemplate<class _Tp, class _Alloc> class std::__cxx11::list[m[Kâ€™
         std::list<rclcpp::Publisher<Message>::SharedPtr[01;31m[K>[m[K* interestPublishers;
                                                        [01;31m[K^[m[K
[01m[K/home/matheuswagner/repos/adaptive-cubesat-adcs/cubesat-simulation/src/smartdata_test/src/../../../include/responsiveSmartData.h:52:56:[m[K [01;36m[Knote: [m[K  expected a type, got â€˜[01m[Krclcpp::Publisher<Message>::SharedPtr[m[Kâ€™
[01m[K/home/matheuswagner/repos/adaptive-cubesat-adcs/cubesat-simulation/src/smartdata_test/src/../../../include/responsiveSmartData.h:52:56:[m[K [01;31m[Kerror: [m[Ktemplate argument 2 is invalid
[01m[K/home/matheuswagner/repos/adaptive-cubesat-adcs/cubesat-simulation/src/smartdata_test/src/../../../include/responsiveSmartData.h:58:99:[m[K [01;31m[Kerror: [m[Ktype/value mismatch at argument 1 in template parameter list for â€˜[01m[Ktemplate<class _Tp, class _Alloc> class std::__cxx11::list[m[Kâ€™
         ResponsiveSmartData(unsigned int dev, int expiry, int mode, int period, std::list<Interest[01;31m[K>[m[K* interests)
                                                                                                   [01;31m[K^[m[K
[01m[K/home/matheuswagner/repos/adaptive-cubesat-adcs/cubesat-simulation/src/smartdata_test/src/../../../include/responsiveSmartData.h:58:99:[m[K [01;36m[Knote: [m[K  expected a type, got â€˜[01m[KInterest[m[Kâ€™
[01m[K/home/matheuswagner/repos/adaptive-cubesat-adcs/cubesat-simulation/src/smartdata_test/src/../../../include/responsiveSmartData.h:58:99:[m[K [01;31m[Kerror: [m[Ktemplate argument 2 is invalid
In file included from [01m[K/home/matheuswagner/repos/adaptive-cubesat-adcs/cubesat-simulation/src/smartdata_test/src/smartdata_test.cpp:1:0[m[K:
[01m[K/home/matheuswagner/repos/adaptive-cubesat-adcs/cubesat-simulation/src/smartdata_test/src/../../../include/responsiveSmartData.h:89:30:[m[K [01;31m[Kerror: [m[Kâ€˜[01m[KInterest[m[Kâ€™ is not a type
         void bindNewInterest([01;31m[KInterest[m[K* interest)
                              [01;31m[K^~~~~~~~[m[K
[01m[K/home/matheuswagner/repos/adaptive-cubesat-adcs/cubesat-simulation/src/smartdata_test/src/../../../include/responsiveSmartData.h:[m[K In constructor â€˜[01m[KResponsiveSmartData<Transducer, Value, Message>::ResponsiveSmartData(unsigned int, int, int, int, int*)[m[Kâ€™:
[01m[K/home/matheuswagner/repos/adaptive-cubesat-adcs/cubesat-simulation/src/smartdata_test/src/../../../include/responsiveSmartData.h:69:85:[m[K [01;31m[Kerror: [m[Ktype/value mismatch at argument 1 in template parameter list for â€˜[01m[Ktemplate<class _Tp, class _Alloc> class std::__cxx11::list[m[Kâ€™
             interestPublishers = new std::list<rclcpp::Publisher<Message>::SharedPtr[01;31m[K>[m[K;
                                                                                     [01;31m[K^[m[K
[01m[K/home/matheuswagner/repos/adaptive-cubesat-adcs/cubesat-simulation/src/smartdata_test/src/../../../include/responsiveSmartData.h:69:85:[m[K [01;36m[Knote: [m[K  expected a type, got â€˜[01m[Krclcpp::Publisher<Message>::SharedPtr[m[Kâ€™
[01m[K/home/matheuswagner/repos/adaptive-cubesat-adcs/cubesat-simulation/src/smartdata_test/src/../../../include/responsiveSmartData.h:69:85:[m[K [01;31m[Kerror: [m[Ktemplate argument 2 is invalid
[01m[K/home/matheuswagner/repos/adaptive-cubesat-adcs/cubesat-simulation/src/smartdata_test/src/../../../include/responsiveSmartData.h:71:13:[m[K [01;31m[Kerror: [m[Kâ€˜[01m[Klist[m[Kâ€™ was not declared in this scope
             [01;31m[Klist[m[K<Interest>::iterator it;
             [01;31m[K^~~~[m[K
[01m[K/home/matheuswagner/repos/adaptive-cubesat-adcs/cubesat-simulation/src/smartdata_test/src/../../../include/responsiveSmartData.h:71:13:[m[K [01;36m[Knote: [m[Ksuggested alternatives:
In file included from [01m[K/usr/include/c++/7/list:63:0[m[K,
                 from [01m[K/home/matheuswagner/repos/adaptive-cubesat-adcs/cubesat-simulation/src/smartdata_test/src/../../../include/responsiveSmartData.h:4[m[K,
                 from [01m[K/home/matheuswagner/repos/adaptive-cubesat-adcs/cubesat-simulation/src/smartdata_test/src/smartdata_test.cpp:1[m[K:
[01m[K/usr/include/c++/7/bits/stl_list.h:503:11:[m[K [01;36m[Knote: [m[K  â€˜[01m[Kstd::__cxx11::list[m[Kâ€™
     class [01;36m[Klist[m[K : protected _List_base<_Tp, _Alloc>
           [01;36m[K^~~~[m[K
[01m[K/usr/include/c++/7/bits/stl_list.h:503:11:[m[K [01;36m[Knote: [m[K  â€˜[01m[Kstd::__cxx11::list[m[Kâ€™
In file included from [01m[K/home/matheuswagner/repos/adaptive-cubesat-adcs/cubesat-simulation/src/smartdata_test/src/smartdata_test.cpp:1:0[m[K:
[01m[K/home/matheuswagner/repos/adaptive-cubesat-adcs/cubesat-simulation/src/smartdata_test/src/../../../include/responsiveSmartData.h:71:26:[m[K [01;31m[Kerror: [m[Kmissing template arguments before â€˜[01m[K>[m[Kâ€™ token
             list<Interest[01;31m[K>[m[K::iterator it;
                          [01;31m[K^[m[K
[01m[K/home/matheuswagner/repos/adaptive-cubesat-adcs/cubesat-simulation/src/smartdata_test/src/../../../include/responsiveSmartData.h:71:29:[m[K [01;31m[Kerror: [m[Kâ€˜[01m[K::iterator[m[Kâ€™ has not been declared
             list<Interest>::[01;31m[Kiterator[m[K it;
                             [01;31m[K^~~~~~~~[m[K
[01m[K/home/matheuswagner/repos/adaptive-cubesat-adcs/cubesat-simulation/src/smartdata_test/src/../../../include/responsiveSmartData.h:71:29:[m[K [01;36m[Knote: [m[Ksuggested alternatives:
In file included from [01m[K/usr/include/c++/7/bits/stl_algobase.h:65:0[m[K,
                 from [01m[K/usr/include/c++/7/list:60[m[K,
                 from [01m[K/home/matheuswagner/repos/adaptive-cubesat-adcs/cubesat-simulation/src/smartdata_test/src/../../../include/responsiveSmartData.h:4[m[K,
                 from [01m[K/home/matheuswagner/repos/adaptive-cubesat-adcs/cubesat-simulation/src/smartdata_test/src/smartdata_test.cpp:1[m[K:
[01m[K/usr/include/c++/7/bits/stl_iterator_base_types.h:118:12:[m[K [01;36m[Knote: [m[K  â€˜[01m[Kstd::iterator[m[Kâ€™
     struct [01;36m[Kiterator[m[K
            [01;36m[K^~~~~~~~[m[K
[01m[K/usr/include/c++/7/bits/stl_iterator_base_types.h:118:12:[m[K [01;36m[Knote: [m[K  â€˜[01m[Kstd::iterator[m[Kâ€™
In file included from [01m[K/home/matheuswagner/repos/adaptive-cubesat-adcs/cubesat-simulation/src/smartdata_test/src/smartdata_test.cpp:1:0[m[K:
[01m[K/home/matheuswagner/repos/adaptive-cubesat-adcs/cubesat-simulation/src/smartdata_test/src/../../../include/responsiveSmartData.h:72:18:[m[K [01;31m[Kerror: [m[Kâ€˜[01m[Kit[m[Kâ€™ was not declared in this scope
             for ([01;31m[Kit[m[K = interests.begin(); it != interests.end(); ++it)
                  [01;31m[K^~[m[K
[01m[K/home/matheuswagner/repos/adaptive-cubesat-adcs/cubesat-simulation/src/smartdata_test/src/../../../include/responsiveSmartData.h:72:18:[m[K [01;36m[Knote: [m[Ksuggested alternative: â€˜[01m[Kint[m[Kâ€™
             for ([01;36m[Kit[m[K = interests.begin(); it != interests.end(); ++it)
                  [01;36m[K^~[m[K
                  [32m[Kint[m[K
[01m[K/home/matheuswagner/repos/adaptive-cubesat-adcs/cubesat-simulation/src/smartdata_test/src/../../../include/responsiveSmartData.h:72:33:[m[K [01;31m[Kerror: [m[Krequest for member â€˜[01m[Kbegin[m[Kâ€™ in â€˜[01m[Kinterests[m[Kâ€™, which is of non-class type â€˜[01m[Kint*[m[Kâ€™
             for (it = interests.[01;31m[Kbegin[m[K(); it != interests.end(); ++it)
                                 [01;31m[K^~~~~[m[K
[01m[K/home/matheuswagner/repos/adaptive-cubesat-adcs/cubesat-simulation/src/smartdata_test/src/../../../include/responsiveSmartData.h:72:58:[m[K [01;31m[Kerror: [m[Krequest for member â€˜[01m[Kend[m[Kâ€™ in â€˜[01m[Kinterests[m[Kâ€™, which is of non-class type â€˜[01m[Kint*[m[Kâ€™
             for (it = interests.begin(); it != interests.[01;31m[Kend[m[K(); ++it)
                                                          [01;31m[K^~~[m[K
[01m[K/home/matheuswagner/repos/adaptive-cubesat-adcs/cubesat-simulation/src/smartdata_test/src/../../../include/responsiveSmartData.h:[m[K In member function â€˜[01m[Kvoid ResponsiveSmartData<Transducer, Value, Message>::bindNewInterest(int*)[m[Kâ€™:
[01m[K/home/matheuswagner/repos/adaptive-cubesat-adcs/cubesat-simulation/src/smartdata_test/src/../../../include/responsiveSmartData.h:92:33:[m[K [01;31m[Kerror: [m[Krequest for member â€˜[01m[Kpush_front[m[Kâ€™ in â€˜[01m[K((ResponsiveSmartData<Transducer, Value, Message>*)this)->ResponsiveSmartData<Transducer, Value, Message>::interestPublishers->[m[Kâ€™, which is of non-class type â€˜[01m[Kint[m[Kâ€™
             interestPublishers->[01;31m[Kpush_front[m[K(this->create_publisher<MESSAGE>(interest->topicIdentifier, queue_size));
                                 [01;31m[K^~~~~~~~~~[m[K
[01m[K/home/matheuswagner/repos/adaptive-cubesat-adcs/cubesat-simulation/src/smartdata_test/src/../../../include/responsiveSmartData.h:92:67:[m[K [01;31m[Kerror: [m[Kâ€˜[01m[KMESSAGE[m[Kâ€™ was not declared in this scope
             interestPublishers->push_front(this->create_publisher<[01;31m[KMESSAGE[m[K>(interest->topicIdentifier, queue_size));
                                                                   [01;31m[K^~~~~~~[m[K
[01m[K/home/matheuswagner/repos/adaptive-cubesat-adcs/cubesat-simulation/src/smartdata_test/src/../../../include/responsiveSmartData.h:92:67:[m[K [01;36m[Knote: [m[Ksuggested alternative: â€˜[01m[KESTALE[m[Kâ€™
             interestPublishers->push_front(this->create_publisher<[01;36m[KMESSAGE[m[K>(interest->topicIdentifier, queue_size));
                                                                   [01;36m[K^~~~~~~[m[K
                                                                   [32m[KESTALE[m[K
[01m[K/home/matheuswagner/repos/adaptive-cubesat-adcs/cubesat-simulation/src/smartdata_test/src/../../../include/responsiveSmartData.h:92:86:[m[K [01;31m[Kerror: [m[Krequest for member â€˜[01m[KtopicIdentifier[m[Kâ€™ in â€˜[01m[Kinterest->[m[Kâ€™, which is of non-class type â€˜[01m[Kint[m[Kâ€™
             interestPublishers->push_front(this->create_publisher<MESSAGE>(interest->[01;31m[KtopicIdentifier[m[K, queue_size));
                                                                                      [01;31m[K^~~~~~~~~~~~~~~[m[K
[01m[K/home/matheuswagner/repos/adaptive-cubesat-adcs/cubesat-simulation/src/smartdata_test/src/../../../include/responsiveSmartData.h:93:100:[m[K [01;31m[Kerror: [m[Krequest for member â€˜[01m[Kperiod[m[Kâ€™ in â€˜[01m[Kinterest->[m[Kâ€™, which is of non-class type â€˜[01m[Kint[m[Kâ€™
             interestTimers->push_front(this->create_wall_timer(std::chrono::milliseconds(interest->[01;31m[Kperiod[m[K), std::bind(interest->publish, this)));
                                                                                                    [01;31m[K^~~~~~[m[K
[01m[K/home/matheuswagner/repos/adaptive-cubesat-adcs/cubesat-simulation/src/smartdata_test/src/../../../include/responsiveSmartData.h:93:129:[m[K [01;31m[Kerror: [m[Krequest for member â€˜[01m[Kpublish[m[Kâ€™ in â€˜[01m[Kinterest->[m[Kâ€™, which is of non-class type â€˜[01m[Kint[m[Kâ€™
             interestTimers->push_front(this->create_wall_timer(std::chrono::milliseconds(interest->period), std::bind(interest->[01;31m[Kpublish[m[K, this)));
                                                                                                                                 [01;31m[K^~~~~~~[m[K
[01m[K/home/matheuswagner/repos/adaptive-cubesat-adcs/cubesat-simulation/src/smartdata_test/src/smartdata_test.cpp:[m[K At global scope:
[01m[K/home/matheuswagner/repos/adaptive-cubesat-adcs/cubesat-simulation/src/smartdata_test/src/smartdata_test.cpp:7:42:[m[K [01;31m[Kerror: [m[Kexpected template-name before â€˜[01m[K<[m[Kâ€™ token
 class Dummy_Transducer: public Transducer[01;31m[K<[m[KUNIT,Value>
                                          [01;31m[K^[m[K
[01m[K/home/matheuswagner/repos/adaptive-cubesat-adcs/cubesat-simulation/src/smartdata_test/src/smartdata_test.cpp:7:42:[m[K [01;31m[Kerror: [m[Kexpected â€˜[01m[K{[m[Kâ€™ before â€˜[01m[K<[m[Kâ€™ token
[01m[K/home/matheuswagner/repos/adaptive-cubesat-adcs/cubesat-simulation/src/smartdata_test/src/smartdata_test.cpp:30:2:[m[K [01;35m[Kwarning: [m[Kextra â€˜[01m[K;[m[Kâ€™ [[01;35m[K-Wpedantic[m[K]
 }[01;35m[K;[m[K
  [01;35m[K^[m[K
[01m[K/home/matheuswagner/repos/adaptive-cubesat-adcs/cubesat-simulation/src/smartdata_test/src/smartdata_test.cpp:[m[K In function â€˜[01m[Kint main(int, char**)[m[Kâ€™:
[01m[K/home/matheuswagner/repos/adaptive-cubesat-adcs/cubesat-simulation/src/smartdata_test/src/smartdata_test.cpp:34:44:[m[K [01;31m[Kerror: [m[Kinvalid use of incomplete type â€˜[01m[Kclass Dummy_Transducer<1, float>[m[Kâ€™
     Dummy_Transducer<1,float>* dummy = new [01;31m[KDummy_Transducer<1,float>[m[K;
                                            [01;31m[K^~~~~~~~~~~~~~~~~~~~~~~~~[m[K
[01m[K/home/matheuswagner/repos/adaptive-cubesat-adcs/cubesat-simulation/src/smartdata_test/src/smartdata_test.cpp:7:7:[m[K [01;36m[Knote: [m[Kdeclaration of â€˜[01m[Kclass Dummy_Transducer<1, float>[m[Kâ€™
 class [01;36m[KDummy_Transducer[m[K: public Transducer<UNIT,Value>
       [01;36m[K^~~~~~~~~~~~~~~~[m[K
[01m[K/home/matheuswagner/repos/adaptive-cubesat-adcs/cubesat-simulation/src/smartdata_test/src/smartdata_test.cpp:35:57:[m[K [01;31m[Kerror: [m[Kno matching function for call to â€˜[01m[KInterest<std_msgs::msg::Float32_<std::allocator<void> > >::Interest(int, int)[m[Kâ€™
     Interest<std_msgs::msg::Float32> interest(100,'test'[01;31m[K)[m[K;
                                                         [01;31m[K^[m[K
In file included from [01m[K/home/matheuswagner/repos/adaptive-cubesat-adcs/cubesat-simulation/src/smartdata_test/src/smartdata_test.cpp:1:0[m[K:
[01m[K/home/matheuswagner/repos/adaptive-cubesat-adcs/cubesat-simulation/src/smartdata_test/src/../../../include/responsiveSmartData.h:20:9:[m[K [01;36m[Knote: [m[Kcandidate: Interest<Message>::Interest(int, std::__cxx11::string) [with Message = std_msgs::msg::Float32_<std::allocator<void> >; std::__cxx11::string = std::__cxx11::basic_string<char>]
         [01;36m[KInterest[m[K(int period, std::string topicIdentifier)
         [01;36m[K^~~~~~~~[m[K
[01m[K/home/matheuswagner/repos/adaptive-cubesat-adcs/cubesat-simulation/src/smartdata_test/src/../../../include/responsiveSmartData.h:20:9:[m[K [01;36m[Knote: [m[K  no known conversion for argument 2 from â€˜[01m[Kint[m[Kâ€™ to â€˜[01m[Kstd::__cxx11::string {aka std::__cxx11::basic_string<char>}[m[Kâ€™
[01m[K/home/matheuswagner/repos/adaptive-cubesat-adcs/cubesat-simulation/src/smartdata_test/src/../../../include/responsiveSmartData.h:11:7:[m[K [01;36m[Knote: [m[Kcandidate: Interest<std_msgs::msg::Float32_<std::allocator<void> > >::Interest(const Interest<std_msgs::msg::Float32_<std::allocator<void> > >&)
 class [01;36m[KInterest[m[K
       [01;36m[K^~~~~~~~[m[K
[01m[K/home/matheuswagner/repos/adaptive-cubesat-adcs/cubesat-simulation/src/smartdata_test/src/../../../include/responsiveSmartData.h:11:7:[m[K [01;36m[Knote: [m[K  candidate expects 1 argument, 2 provided
[01m[K/home/matheuswagner/repos/adaptive-cubesat-adcs/cubesat-simulation/src/smartdata_test/src/../../../include/responsiveSmartData.h:11:7:[m[K [01;36m[Knote: [m[Kcandidate: Interest<std_msgs::msg::Float32_<std::allocator<void> > >::Interest(Interest<std_msgs::msg::Float32_<std::allocator<void> > >&&)
[01m[K/home/matheuswagner/repos/adaptive-cubesat-adcs/cubesat-simulation/src/smartdata_test/src/../../../include/responsiveSmartData.h:11:7:[m[K [01;36m[Knote: [m[K  candidate expects 1 argument, 2 provided
[01m[K/home/matheuswagner/repos/adaptive-cubesat-adcs/cubesat-simulation/src/smartdata_test/src/smartdata_test.cpp:39:78:[m[K [01;31m[Kerror: [m[Kno matching function for call to â€˜[01m[Kmake_shared<template<class Transducer, class Value, class Message> class ResponsiveSmartData>(int, int, int, int, std::__cxx11::list<Interest<std_msgs::msg::Float32_<std::allocator<void> > > >*)[m[Kâ€™
     rclcpp::spin(std::make_shared<ResponsiveSmartData>(1,1,1,10,&interestList[01;31m[K)[m[K);
                                                                              [01;31m[K^[m[K
In file included from [01m[K/usr/include/c++/7/memory:81:0[m[K,
                 from [01m[K/home/matheuswagner/repos/adaptive-cubesat-adcs/cubesat-simulation/src/smartdata_test/src/../../../include/publisher.h:6[m[K,
                 from [01m[K/home/matheuswagner/repos/adaptive-cubesat-adcs/cubesat-simulation/src/smartdata_test/src/../../../include/responsiveSmartData.h:7[m[K,
                 from [01m[K/home/matheuswagner/repos/adaptive-cubesat-adcs/cubesat-simulation/src/smartdata_test/src/smartdata_test.cpp:1[m[K:
[01m[K/usr/include/c++/7/bits/shared_ptr.h:703:5:[m[K [01;36m[Knote: [m[Kcandidate: template<class _Tp, class ... _Args> std::shared_ptr<_Tp> std::make_shared(_Args&& ...)
     [01;36m[Kmake_shared[m[K(_Args&&... __args)
     [01;36m[K^~~~~~~~~~~[m[K
[01m[K/usr/include/c++/7/bits/shared_ptr.h:703:5:[m[K [01;36m[Knote: [m[K  template argument deduction/substitution failed:
[01m[K/home/matheuswagner/repos/adaptive-cubesat-adcs/cubesat-simulation/src/smartdata_test/src/smartdata_test.cpp:34:32:[m[K [01;35m[Kwarning: [m[Kunused variable â€˜[01m[Kdummy[m[Kâ€™ [[01;35m[K-Wunused-variable[m[K]
     Dummy_Transducer<1,float>* [01;35m[Kdummy[m[K = new Dummy_Transducer<1,float>;
                                [01;35m[K^~~~~[m[K
make[2]: *** [CMakeFiles/smartdata_test.dir/src/smartdata_test.cpp.o] Error 1
CMakeFiles/smartdata_test.dir/build.make:81: recipe for target 'CMakeFiles/smartdata_test.dir/src/smartdata_test.cpp.o' failed
make[1]: *** [CMakeFiles/smartdata_test.dir/all] Error 2
CMakeFiles/Makefile2:95: recipe for target 'CMakeFiles/smartdata_test.dir/all' failed
Makefile:159: recipe for target 'all' failed
make: *** [all] Error 2
