[0.068s] Invoking command in '/home/matheuswagner/repos/adaptive-cubesat-adcs/cubesat-simulation/build/smartdata_test': CMAKE_PREFIX_PATH=${CMAKE_PREFIX_PATH}:/home/matheuswagner/repos/adaptive-cubesat-adcs/cubesat-simulation/install/cubesat_description:/opt/ros/dashing /usr/local/bin/cmake --build /home/matheuswagner/repos/adaptive-cubesat-adcs/cubesat-simulation/build/smartdata_test -- -j8 -l8
[0.090s] -- Found ament_cmake: 0.7.6 (/home/matheuswagner/ros2_dashing/ros2-linux/share/ament_cmake/cmake)
[0.122s] -- Using PYTHON_EXECUTABLE: /usr/bin/python3
[0.412s] -- Found rclcpp: 0.7.16 (/home/matheuswagner/ros2_dashing/ros2-linux/share/rclcpp/cmake)
[0.428s] -- Found rosidl_adapter: 0.7.10 (/home/matheuswagner/ros2_dashing/ros2-linux/share/rosidl_adapter/cmake)
[0.466s] -- Found rmw_implementation_cmake: 0.7.2 (/home/matheuswagner/ros2_dashing/ros2-linux/share/rmw_implementation_cmake/cmake)
[0.468s] -- Using RMW implementation 'rmw_fastrtps_cpp' as default
[0.492s] -- Found std_msgs: 0.7.1 (/home/matheuswagner/ros2_dashing/ros2-linux/share/std_msgs/cmake)
[0.538s] -- Found ament_lint_auto: 0.7.12 (/home/matheuswagner/ros2_dashing/ros2-linux/share/ament_lint_auto/cmake)
[0.694s] -- Added test 'copyright' to check for copyright in CMake / C / C++ / Python code
[0.695s] -- Added test 'cppcheck' to perform static code analysis on C / C++ code
[0.695s] -- Configured cppcheck include dirs: 
[0.696s] -- Added test 'cpplint' to check C / C++ code against the Google style
[0.697s] -- Added test 'lint_cmake' to check CMake code style
[0.697s] -- Added test 'uncrustify' to check C / C++ code style
[0.698s] -- Added test 'xmllint' to check XML markup files
[0.698s] -- Configuring done
[0.735s] -- Generating done
[0.737s] -- Build files have been written to: /home/matheuswagner/repos/adaptive-cubesat-adcs/cubesat-simulation/build/smartdata_test
[0.749s] [35m[1mScanning dependencies of target smartdata_test[0m
[0.759s] [ 16%] [32mBuilding CXX object CMakeFiles/smartdata_test.dir/src/smartdata_test.cpp.o[0m
[1.764s] In file included from [01m[K/home/matheuswagner/repos/adaptive-cubesat-adcs/cubesat-simulation/src/smartdata_test/src/smartdata_test.cpp:1:0[m[K:
[1.764s] [01m[K/home/matheuswagner/repos/adaptive-cubesat-adcs/cubesat-simulation/src/smartdata_test/src/../../../include/responsiveSmartdata.h:[m[K In constructor â€˜[01m[KResponsiveSmartData<Transducer, Value>::ResponsiveSmartData(unsigned int, int, int, int, std::__cxx11::string, Coordinates*, std::__cxx11::string)[m[Kâ€™:
[1.764s] [01m[K/home/matheuswagner/repos/adaptive-cubesat-adcs/cubesat-simulation/src/smartdata_test/src/../../../include/responsiveSmartdata.h:56:127:[m[K [01;31m[Kerror: [m[Kâ€˜[01m[KRemoteSmartData[m[Kâ€™ was not declared in this scope
[1.764s]                  this->subscription = this->create_subscription<std_msgs::msg::Float32MultiArray>(commandsTopic, 10,std::bind(&[01;31m[KRemoteSmartData[m[K<Transducer, Value>::handleRemoteUpdate, this, std::placeholders::_1));
[1.765s]                                                                                                                                [01;31m[K^~~~~~~~~~~~~~~[m[K
[1.767s] [01m[K/home/matheuswagner/repos/adaptive-cubesat-adcs/cubesat-simulation/src/smartdata_test/src/../../../include/responsiveSmartdata.h:56:127:[m[K [01;36m[Knote: [m[Ksuggested alternative: â€˜[01m[KResponsiveSmartData[m[Kâ€™
[1.767s]                  this->subscription = this->create_subscription<std_msgs::msg::Float32MultiArray>(commandsTopic, 10,std::bind(&[01;36m[KRemoteSmartData[m[K<Transducer, Value>::handleRemoteUpdate, this, std::placeholders::_1));
[1.767s]                                                                                                                                [01;36m[K^~~~~~~~~~~~~~~[m[K
[1.767s]                                                                                                                                [32m[KResponsiveSmartData[m[K
[1.767s] [01m[K/home/matheuswagner/repos/adaptive-cubesat-adcs/cubesat-simulation/src/smartdata_test/src/../../../include/responsiveSmartdata.h:56:153:[m[K [01;31m[Kerror: [m[Kexpected primary-expression before â€˜[01m[K,[m[Kâ€™ token
[1.767s]                  this->subscription = this->create_subscription<std_msgs::msg::Float32MultiArray>(commandsTopic, 10,std::bind(&RemoteSmartData<Transducer[01;31m[K,[m[K Value>::handleRemoteUpdate, this, std::placeholders::_1));
[1.768s]                                                                                                                                                          [01;31m[K^[m[K
[1.768s] [01m[K/home/matheuswagner/repos/adaptive-cubesat-adcs/cubesat-simulation/src/smartdata_test/src/../../../include/responsiveSmartdata.h:56:160:[m[K [01;31m[Kerror: [m[Kexpected primary-expression before â€˜[01m[K>[m[Kâ€™ token
[1.768s]                  this->subscription = this->create_subscription<std_msgs::msg::Float32MultiArray>(commandsTopic, 10,std::bind(&RemoteSmartData<Transducer, Value[01;31m[K>[m[K::handleRemoteUpdate, this, std::placeholders::_1));
[1.768s]                                                                                                                                                                 [01;31m[K^[m[K
[1.768s] [01m[K/home/matheuswagner/repos/adaptive-cubesat-adcs/cubesat-simulation/src/smartdata_test/src/../../../include/responsiveSmartdata.h:56:163:[m[K [01;31m[Kerror: [m[Kâ€˜[01m[K::handleRemoteUpdate[m[Kâ€™ has not been declared
[1.768s]                  this->subscription = this->create_subscription<std_msgs::msg::Float32MultiArray>(commandsTopic, 10,std::bind(&RemoteSmartData<Transducer, Value>::[01;31m[KhandleRemoteUpdate[m[K, this, std::placeholders::_1));
[1.768s]                                                                                                                                                                    [01;31m[K^~~~~~~~~~~~~~~~~~[m[K
[1.773s] [01m[K/home/matheuswagner/repos/adaptive-cubesat-adcs/cubesat-simulation/src/smartdata_test/src/../../../include/responsiveSmartdata.h:[m[K In member function â€˜[01m[KValue ResponsiveSmartData<Transducer, Value>::update()[m[Kâ€™:
[1.773s] [01m[K/home/matheuswagner/repos/adaptive-cubesat-adcs/cubesat-simulation/src/smartdata_test/src/../../../include/responsiveSmartdata.h:76:47:[m[K [01;31m[Kerror: [m[Kâ€˜[01m[Kths[m[Kâ€™ was not declared in this scope
[1.773s]                      this->transducer->actuate([01;31m[Kths[m[K->smartdataValue);
[1.773s]                                                [01;31m[K^~~[m[K
[1.773s] [01m[K/home/matheuswagner/repos/adaptive-cubesat-adcs/cubesat-simulation/src/smartdata_test/src/../../../include/responsiveSmartdata.h:76:47:[m[K [01;36m[Knote: [m[Ksuggested alternative: â€˜[01m[Kthis[m[Kâ€™
[1.773s]                      this->transducer->actuate([01;36m[Kths[m[K->smartdataValue);
[1.774s]                                                [01;36m[K^~~[m[K
[1.774s]                                                [32m[Kthis[m[K
[2.104s] In file included from [01m[K/home/matheuswagner/repos/adaptive-cubesat-adcs/cubesat-simulation/src/smartdata_test/src/smartdata_test.cpp:2:0[m[K:
[2.104s] /home/matheuswagner/repos/adaptive-cubesat-adcs/cubesat-simulation/src/smartdata_test/src/../../../include/transducer.h: In instantiation of â€˜[01m[Kvoid Transducer<_UNIT, Value>::actuate(const Value&) [with long unsigned int _UNIT = 1; Value = float][m[Kâ€™:
[2.104s] [01m[K/home/matheuswagner/repos/adaptive-cubesat-adcs/cubesat-simulation/src/smartdata_test/src/smartdata_test.cpp:36:1:[m[K   required from here
[2.104s] [01m[K/home/matheuswagner/repos/adaptive-cubesat-adcs/cubesat-simulation/src/smartdata_test/src/../../../include/transducer.h:18:43:[m[K [01;35m[Kwarning: [m[Kunused parameter â€˜[01m[Kvalue[m[Kâ€™ [[01;35m[K-Wunused-parameter[m[K]
[2.104s]          virtual void actuate(const Value &[01;35m[Kvalue[m[K){}
[2.105s]                                            [01;35m[K^~~~~[m[K
[2.192s] make[2]: *** [CMakeFiles/smartdata_test.dir/src/smartdata_test.cpp.o] Error 1
[2.193s] CMakeFiles/smartdata_test.dir/build.make:81: recipe for target 'CMakeFiles/smartdata_test.dir/src/smartdata_test.cpp.o' failed
[2.193s] make[1]: *** [CMakeFiles/smartdata_test.dir/all] Error 2
[2.193s] CMakeFiles/Makefile2:99: recipe for target 'CMakeFiles/smartdata_test.dir/all' failed
[2.193s] Makefile:159: recipe for target 'all' failed
[2.193s] make: *** [all] Error 2
[2.194s] Invoked command in '/home/matheuswagner/repos/adaptive-cubesat-adcs/cubesat-simulation/build/smartdata_test' returned '2': CMAKE_PREFIX_PATH=${CMAKE_PREFIX_PATH}:/home/matheuswagner/repos/adaptive-cubesat-adcs/cubesat-simulation/install/cubesat_description:/opt/ros/dashing /usr/local/bin/cmake --build /home/matheuswagner/repos/adaptive-cubesat-adcs/cubesat-simulation/build/smartdata_test -- -j8 -l8
